#
# A fatal error has been detected by the Java Runtime Environment:
#
#  EXCEPTION_ACCESS_VIOLATION (0xc0000005) at pc=0x00007ffa4db06cd0, pid=22032, tid=20808
#
# JRE version: Java(TM) SE Runtime Environment 18.9 (11.0.7+8) (build 11.0.7+8-LTS)
# Java VM: Java HotSpot(TM) 64-Bit Server VM 18.9 (11.0.7+8-LTS, mixed mode, tiered, compressed oops, g1 gc, windows-amd64)
# Problematic frame:
# V  [jvm.dll+0x2c6cd0]
#
# No core dump will be written. Minidumps are not enabled by default on client versions of Windows
#
# If you would like to submit a bug report, please visit:
#   https://bugreport.java.com/bugreport/crash.jsp
#

---------------  S U M M A R Y ------------

Command Line: -Dcom.sun.management.jmxremote -Dcom.sun.management.jmxremote.port=53585 -Dcom.sun.management.jmxremote.authenticate=false -Dcom.sun.management.jmxremote.ssl=false -Djava.rmi.server.hostname=localhost -Dspring.jmx.enabled=true -Dspring.application.admin.enabled=true -Xverify:none -XX:TieredStopAtLevel=1 -Dspring.boot.project.name=cursomc1 -Dfile.encoding=UTF-8 com.nelioalves.cursomc.CursomcApplication --spring.profiles.active=test --spring.output.ansi.enabled=always

Host: Intel(R) Core(TM) i5-8265U CPU @ 1.60GHz, 8 cores, 7G,  Windows 10 , 64 bit Build 18362 (10.0.18362.1350)
Time: Tue Apr 27 20:57:31 2021 Hora oficial do Brasil elapsed time: 4 seconds (0d 0h 0m 4s)

---------------  T H R E A D  ---------------

Current thread (0x0000015c1ba1e000):  VMThread "VM Thread" [stack: 0x00000032beb00000,0x00000032bec00000] [id=20808]

Stack: [0x00000032beb00000,0x00000032bec00000],  sp=0x00000032bebfe510,  free space=1017k
Native frames: (J=compiled Java code, j=interpreted, Vv=VM code, C=native code)
V  [jvm.dll+0x2c6cd0]
V  [jvm.dll+0x1e7174]
V  [jvm.dll+0x736fe0]
V  [jvm.dll+0x2ff999]
V  [jvm.dll+0x2fe5cc]
V  [jvm.dll+0x7aa5c8]
V  [jvm.dll+0x7a9d5c]
V  [jvm.dll+0x7a80e7]
V  [jvm.dll+0x7a8910]
V  [jvm.dll+0x7a8c17]
V  [jvm.dll+0x75e875]
V  [jvm.dll+0x660b26]
C  [ucrtbase.dll+0x210b2]
C  [KERNEL32.DLL+0x17c24]
C  [ntdll.dll+0x6d721]


siginfo: EXCEPTION_ACCESS_VIOLATION (0xc0000005), reading address 0x0000001000000027


Register to memory mapping:

RIP=0x00007ffa4db06cd0 jvm.dll
RAX=0x0000015c1d504d60 points into unknown readable memory: 0f 00 00 00 10 00 00 00
RBX=0x0000015c7cdfeeb0 points into unknown readable memory: 00 00 00 00 00 00 00 00
RCX=0x0000015c1d4fbed0 points into unknown readable memory: 01 00 00 00 5c 00 57 00
RDX=0x0 is NULL
RSP=0x00000032bebfe510 points into unknown readable memory: 10 03 d5 7c 5c 01 00 00
RBP=0x0000000000000008 is an unknown value
RSI=0x000000100000000f is an unknown value
RDI=0x0000015c1b9dc888 points into unknown readable memory: b0 de 9e 1b 5c 01 00 00
R8 =0x0 is NULL
R9 =0x0000000000000008 is an unknown value
R10=0x00000000546c6148 is an unknown value
R11=0x00000032bebfe628 points into unknown readable memory: 74 71 a2 4d fa 7f 00 00
R12=0x0000015c1b9b1201 points into unknown readable memory: 00 00 00 00 00 00 00
R13=0x00000000000003d8 is an unknown value
R14=0x0000000000000564 is an unknown value
R15=0x0000000000000001 is an unknown value


Registers:
RAX=0x0000015c1d504d60, RBX=0x0000015c7cdfeeb0, RCX=0x0000015c1d4fbed0, RDX=0x0000000000000000
RSP=0x00000032bebfe510, RBP=0x0000000000000008, RSI=0x000000100000000f, RDI=0x0000015c1b9dc888
R8 =0x0000000000000000, R9 =0x0000000000000008, R10=0x00000000546c6148, R11=0x00000032bebfe628
R12=0x0000015c1b9b1201, R13=0x00000000000003d8, R14=0x0000000000000564, R15=0x0000000000000001
RIP=0x00007ffa4db06cd0, EFLAGS=0x0000000000010206

Top of Stack: (sp=0x00000032bebfe510)
0x00000032bebfe510:   0000015c7cd50310 00007ffa4de73585
0x00000032bebfe520:   0000015c7cd50310 00007ffa4de738c1
0x00000032bebfe530:   0000003200000000 0000015c1d4fbed0
0x00000032bebfe540:   0000000000000000 0000015c1b9dc888
0x00000032bebfe550:   0000015c7cd50310 00007ffa4de73585
0x00000032bebfe560:   0000015c7cd50310 0000000000000001
0x00000032bebfe570:   0000015c7cd62d70 00007ffa4de494cb
0x00000032bebfe580:   0000000000000000 00007ffa4de73635
0x00000032bebfe590:   0000000000000000 0000015c1ba1e000
0x00000032bebfe5a0:   0000015c7cdfeeb0 00007ffa4da97995
0x00000032bebfe5b0:   0000015c7cd62d70 00007ffa4de494cb
0x00000032bebfe5c0:   0000015c7cd50310 0000000000000000
0x00000032bebfe5d0:   0000000000000000 0000015c7cdfeeb0
0x00000032bebfe5e0:   0000015c7cdfeeb0 0000000000000001
0x00000032bebfe5f0:   0000f4faaf65bbf0 0000015c1b9b1201
0x00000032bebfe600:   0000000000000001 0000000000000564 

Instructions: (pc=0x00007ffa4db06cd0)
0x00007ffa4db06cb0:   48 8b 41 08 48 8b 34 02 48 85 f6 0f 84 a4 01 00
0x00007ffa4db06cc0:   00 0f 1f 40 00 66 66 66 0f 1f 84 00 00 00 00 00
0x00007ffa4db06cd0:   48 8b 5e 18 45 33 f6 48 85 db 0f 84 68 01 00 00
0x00007ffa4db06ce0:   48 8b cb e8 98 ff 3c 00 48 85 c0 0f 85 48 01 00 


Stack slot to memory mapping:
stack at sp + 0 slots: 0x0000015c7cd50310 points into unknown readable memory: 00 00 00 00 00 00 00 00
stack at sp + 1 slots: 0x00007ffa4de73585 jvm.dll
stack at sp + 2 slots: 0x0000015c7cd50310 points into unknown readable memory: 00 00 00 00 00 00 00 00
stack at sp + 3 slots: 0x00007ffa4de738c1 jvm.dll
stack at sp + 4 slots: 0x0000003200000000 is an unknown value
stack at sp + 5 slots: 0x0000015c1d4fbed0 points into unknown readable memory: 01 00 00 00 5c 00 57 00
stack at sp + 6 slots: 0x0 is NULL
stack at sp + 7 slots: 0x0000015c1b9dc888 points into unknown readable memory: b0 de 9e 1b 5c 01 00 00

VM_Operation (0x00000032be7ff570): CGC_Operation, mode: safepoint, requested by thread 0x0000015c7cd98000


---------------  P R O C E S S  ---------------

Threads class SMR info:
_java_thread_list=0x0000015c234442b0, length=28, elements={
0x0000015c7cd51000, 0x0000015c1b9f5800, 0x0000015c1b9f8800, 0x0000015c1c277800,
0x0000015c1c278800, 0x0000015c1c279800, 0x0000015c1c28a000, 0x0000015c1b9b2000,
0x0000015c1c4d6800, 0x0000015c1d54a800, 0x0000015c1d540000, 0x0000015c1d5ad800,
0x0000015c1d9d7000, 0x0000015c1d9d8000, 0x0000015c1db53800, 0x0000015c1db2f800,
0x0000015c1db5c800, 0x0000015c1dbb0800, 0x0000015c1dbb1800, 0x0000015c1dbaf000,
0x0000015c1dbb2000, 0x0000015c1dbaf800, 0x0000015c1dbb3000, 0x0000015c1dbae000,
0x0000015c1dbad000, 0x0000015c1dbb4000, 0x0000015c21a73000, 0x0000015c21a71800
}

Java Threads: ( => current thread )
  0x0000015c7cd51000 JavaThread "main" [_thread_blocked, id=22352, stack(0x00000032be500000,0x00000032be600000)]
  0x0000015c1b9f5800 JavaThread "Reference Handler" daemon [_thread_blocked, id=17376, stack(0x00000032bec00000,0x00000032bed00000)]
  0x0000015c1b9f8800 JavaThread "Finalizer" daemon [_thread_blocked, id=6652, stack(0x00000032bed00000,0x00000032bee00000)]
  0x0000015c1c277800 JavaThread "Signal Dispatcher" daemon [_thread_blocked, id=11752, stack(0x00000032bee00000,0x00000032bef00000)]
  0x0000015c1c278800 JavaThread "Attach Listener" daemon [_thread_blocked, id=21548, stack(0x00000032bef00000,0x00000032bf000000)]
  0x0000015c1c279800 JavaThread "C1 CompilerThread0" daemon [_thread_blocked, id=23580, stack(0x00000032bf000000,0x00000032bf100000)]
  0x0000015c1c28a000 JavaThread "Sweeper thread" daemon [_thread_blocked, id=5264, stack(0x00000032bf100000,0x00000032bf200000)]
  0x0000015c1b9b2000 JavaThread "Common-Cleaner" daemon [_thread_blocked, id=11520, stack(0x00000032bf200000,0x00000032bf300000)]
  0x0000015c1c4d6800 JavaThread "Service Thread" daemon [_thread_blocked, id=18968, stack(0x00000032bf300000,0x00000032bf400000)]
  0x0000015c1d54a800 JavaThread "RMI TCP Accept-0" daemon [_thread_in_native, id=12640, stack(0x00000032bf600000,0x00000032bf700000)]
  0x0000015c1d540000 JavaThread "RMI TCP Accept-53585" daemon [_thread_in_native, id=23012, stack(0x00000032bf700000,0x00000032bf800000)]
  0x0000015c1d5ad800 JavaThread "RMI TCP Accept-0" daemon [_thread_in_native, id=19944, stack(0x00000032bf800000,0x00000032bf900000)]
  0x0000015c1d9d7000 JavaThread "Thread-0" [_thread_blocked, id=11492, stack(0x00000032bfa00000,0x00000032bfb00000)]
  0x0000015c1d9d8000 JavaThread "restartedMain" [_thread_blocked, id=13536, stack(0x00000032bfb00000,0x00000032bfc00000)]
  0x0000015c1db53800 JavaThread "RMI TCP Connection(1)-127.0.0.1" daemon [_thread_in_native, id=8152, stack(0x00000032c0200000,0x00000032c0300000)]
  0x0000015c1db2f800 JavaThread "RMI Scheduler(0)" daemon [_thread_blocked, id=21636, stack(0x00000032c0300000,0x00000032c0400000)]
  0x0000015c1db5c800 JavaThread "RMI TCP Connection(2)-127.0.0.1" daemon [_thread_in_native, id=23956, stack(0x00000032c0400000,0x00000032c0500000)]
  0x0000015c1dbb0800 JavaThread "JMX server connection timeout 24" daemon [_thread_blocked, id=18652, stack(0x00000032c0500000,0x00000032c0600000)]
  0x0000015c1dbb1800 JavaThread "mysql-cj-abandoned-connection-cleanup" daemon [_thread_blocked, id=5572, stack(0x00000032bfc00000,0x00000032bfd00000)]
  0x0000015c1dbaf000 JavaThread "HikariPool-1 housekeeper" daemon [_thread_blocked, id=10264, stack(0x00000032c0700000,0x00000032c0800000)]
  0x0000015c1dbb2000 JavaThread "Catalina-utility-1" [_thread_blocked, id=23696, stack(0x00000032c0800000,0x00000032c0900000)]
  0x0000015c1dbaf800 JavaThread "Catalina-utility-2" [_thread_blocked, id=23352, stack(0x00000032c0900000,0x00000032c0a00000)]
  0x0000015c1dbb3000 JavaThread "container-0" [_thread_blocked, id=9472, stack(0x00000032c0a00000,0x00000032c0b00000)]
  0x0000015c1dbae000 JavaThread "HikariPool-1 connection adder" daemon [_thread_blocked, id=24556, stack(0x00000032c0b00000,0x00000032c0c00000)]
  0x0000015c1dbad000 JavaThread "task-1" [_thread_blocked, id=17876, stack(0x00000032c0c00000,0x00000032c0d00000)]
  0x0000015c1dbb4000 JavaThread "java-sdk-http-connection-reaper" daemon [_thread_blocked, id=20712, stack(0x00000032c0d00000,0x00000032c0e00000)]
  0x0000015c21a73000 JavaThread "task-2" [_thread_blocked, id=22940, stack(0x00000032c0e00000,0x00000032c0f00000)]
  0x0000015c21a71800 JavaThread "Live Reload Server" daemon [_thread_in_native, id=19128, stack(0x00000032c1000000,0x00000032c1100000)]

Other Threads:
=>0x0000015c1ba1e000 VMThread "VM Thread" [stack: 0x00000032beb00000,0x00000032bec00000] [id=20808]
  0x0000015c1d51c800 WatcherThread [stack: 0x00000032bf900000,0x00000032bfa00000] [id=24216]
  0x0000015c7cd66800 GCTaskThread "GC Thread#0" [stack: 0x00000032be600000,0x00000032be700000] [id=6080]
  0x0000015c1d4d6000 GCTaskThread "GC Thread#1" [stack: 0x00000032bf400000,0x00000032bf500000] [id=23540]
  0x0000015c1d4d7000 GCTaskThread "GC Thread#2" [stack: 0x00000032bf500000,0x00000032bf600000] [id=24076]
  0x0000015c1dac9000 GCTaskThread "GC Thread#3" [stack: 0x00000032bfd00000,0x00000032bfe00000] [id=22088]
  0x0000015c1da7c000 GCTaskThread "GC Thread#4" [stack: 0x00000032bfe00000,0x00000032bff00000] [id=24040]
  0x0000015c1da7c800 GCTaskThread "GC Thread#5" [stack: 0x00000032bff00000,0x00000032c0000000] [id=8576]
  0x0000015c1da9a000 GCTaskThread "GC Thread#6" [stack: 0x00000032c0000000,0x00000032c0100000] [id=9900]
  0x0000015c1da9a800 GCTaskThread "GC Thread#7" [stack: 0x00000032c0100000,0x00000032c0200000] [id=11448]
  0x0000015c7cd98000 ConcurrentGCThread "G1 Main Marker" [stack: 0x00000032be700000,0x00000032be800000] [id=11284]
  0x0000015c7cd99800 ConcurrentGCThread "G1 Conc#0" [stack: 0x00000032be800000,0x00000032be900000] [id=21148]
  0x0000015c1dc5e000 ConcurrentGCThread "G1 Conc#1" [stack: 0x00000032c0600000,0x00000032c0700000] [id=12964]
  0x0000015c1b861800 ConcurrentGCThread "G1 Refine#0" [stack: 0x00000032be900000,0x00000032bea00000] [id=792]
  0x0000015c7cdfd800 ConcurrentGCThread "G1 Young RemSet Sampling" [stack: 0x00000032bea00000,0x00000032beb00000] [id=6216]

Threads with active compile tasks:
C1 CompilerThread06288       1       org.h2.mvstore.RootReference::updateRootPage (40 bytes)

VM state:at safepoint (normal execution)

VM Mutex/Monitor currently owned by a thread:  ([mutex/lock_event])
[0x0000015c7cd4b2f0] Threads_lock - owner thread: 0x0000015c1ba1e000
[0x0000015c7cd4ba40] Heap_lock - owner thread: 0x0000015c7cd98000

Heap address: 0x0000000081e00000, size: 2018 MB, Compressed Oops mode: 32-bit
Narrow klass base: 0x0000000000000000, Narrow klass shift: 3
Compressed class space size: 1073741824 Address: 0x0000000100000000

Heap:
 garbage-first heap   total 227328K, used 48499K [0x0000000081e00000, 0x0000000100000000)
  region size 1024K, 13 young (13312K), 10 survivors (10240K)
 Metaspace       used 66217K, capacity 68012K, committed 68176K, reserved 1107968K
  class space    used 8685K, capacity 9376K, committed 9420K, reserved 1048576K
Heap Regions: E=young(eden), S=young(survivor), O=old, HS=humongous(starts), HC=humongous(continues), CS=collection set, F=free, A=archive, TAMS=top-at-mark-start (previous, next)
|   0|0x0000000081e00000, 0x0000000081f00000, 0x0000000081f00000|100%|HS|  |TAMS 0x0000000081f00000, 0x0000000081f00000| Complete 
|   1|0x0000000081f00000, 0x0000000082000000, 0x0000000082000000|100%| O|  |TAMS 0x0000000082000000, 0x0000000082000000| Untracked 
|   2|0x0000000082000000, 0x0000000082100000, 0x0000000082100000|100%| O|  |TAMS 0x0000000082100000, 0x0000000082100000| Untracked 
|   3|0x0000000082100000, 0x0000000082200000, 0x0000000082200000|100%| O|  |TAMS 0x0000000082200000, 0x0000000082200000| Untracked 
|   4|0x0000000082200000, 0x0000000082300000, 0x0000000082300000|100%| O|  |TAMS 0x0000000082300000, 0x0000000082300000| Untracked 
|   5|0x0000000082300000, 0x0000000082400000, 0x0000000082400000|100%| O|  |TAMS 0x0000000082400000, 0x0000000082400000| Untracked 
|   6|0x0000000082400000, 0x0000000082500000, 0x0000000082500000|100%| O|  |TAMS 0x0000000082500000, 0x0000000082500000| Untracked 
|   7|0x0000000082500000, 0x0000000082600000, 0x0000000082600000|100%| O|  |TAMS 0x0000000082600000, 0x0000000082600000| Untracked 
|   8|0x0000000082600000, 0x0000000082700000, 0x0000000082700000|100%| O|  |TAMS 0x0000000082700000, 0x0000000082700000| Untracked 
|   9|0x0000000082700000, 0x0000000082800000, 0x0000000082800000|100%| O|  |TAMS 0x0000000082800000, 0x0000000082800000| Untracked 
|  10|0x0000000082800000, 0x0000000082900000, 0x0000000082900000|100%| O|  |TAMS 0x0000000082900000, 0x0000000082900000| Untracked 
|  11|0x0000000082900000, 0x0000000082a00000, 0x0000000082a00000|100%| O|  |TAMS 0x0000000082a00000, 0x0000000082a00000| Untracked 
|  12|0x0000000082a00000, 0x0000000082b00000, 0x0000000082b00000|100%| O|  |TAMS 0x0000000082b00000, 0x0000000082b00000| Untracked 
|  13|0x0000000082b00000, 0x0000000082c00000, 0x0000000082c00000|100%| O|  |TAMS 0x0000000082c00000, 0x0000000082c00000| Untracked 
|  14|0x0000000082c00000, 0x0000000082d00000, 0x0000000082d00000|100%| O|  |TAMS 0x0000000082d00000, 0x0000000082d00000| Untracked 
|  15|0x0000000082d00000, 0x0000000082e00000, 0x0000000082e00000|100%| O|  |TAMS 0x0000000082e00000, 0x0000000082e00000| Untracked 
|  16|0x0000000082e00000, 0x0000000082f00000, 0x0000000082f00000|100%| O|  |TAMS 0x0000000082f00000, 0x0000000082f00000| Untracked 
|  17|0x0000000082f00000, 0x0000000083000000, 0x0000000083000000|100%| O|  |TAMS 0x0000000083000000, 0x0000000083000000| Untracked 
|  18|0x0000000083000000, 0x0000000083100000, 0x0000000083100000|100%| O|  |TAMS 0x0000000083100000, 0x0000000083100000| Untracked 
|  19|0x0000000083100000, 0x0000000083200000, 0x0000000083200000|100%| O|  |TAMS 0x0000000083200000, 0x0000000083200000| Untracked 
|  20|0x0000000083200000, 0x0000000083300000, 0x0000000083300000|100%| O|  |TAMS 0x0000000083300000, 0x0000000083300000| Untracked 
|  21|0x0000000083300000, 0x0000000083400000, 0x0000000083400000|100%| O|  |TAMS 0x0000000083400000, 0x0000000083400000| Untracked 
|  22|0x0000000083400000, 0x0000000083500000, 0x0000000083500000|100%| O|  |TAMS 0x0000000083500000, 0x0000000083500000| Untracked 
|  23|0x0000000083500000, 0x0000000083600000, 0x0000000083600000|100%| O|  |TAMS 0x0000000083600000, 0x0000000083600000| Untracked 
|  24|0x0000000083600000, 0x0000000083700000, 0x0000000083700000|100%| O|  |TAMS 0x0000000083700000, 0x0000000083700000| Untracked 
|  25|0x0000000083700000, 0x0000000083800000, 0x0000000083800000|100%| O|  |TAMS 0x0000000083800000, 0x0000000083800000| Untracked 
|  26|0x0000000083800000, 0x0000000083900000, 0x0000000083900000|100%| O|  |TAMS 0x0000000083900000, 0x0000000083900000| Untracked 
|  27|0x0000000083900000, 0x0000000083a00000, 0x0000000083a00000|100%| O|  |TAMS 0x0000000083a00000, 0x0000000083a00000| Untracked 
|  28|0x0000000083a00000, 0x0000000083b00000, 0x0000000083b00000|100%| O|  |TAMS 0x0000000083b00000, 0x0000000083b00000| Untracked 
|  29|0x0000000083b00000, 0x0000000083c00000, 0x0000000083c00000|100%| O|  |TAMS 0x0000000083c00000, 0x0000000083c00000| Untracked 
|  30|0x0000000083c00000, 0x0000000083d00000, 0x0000000083d00000|100%| O|  |TAMS 0x0000000083d00000, 0x0000000083d00000| Untracked 
|  31|0x0000000083d00000, 0x0000000083e00000, 0x0000000083e00000|100%| O|  |TAMS 0x0000000083e00000, 0x0000000083e00000| Untracked 
|  32|0x0000000083e00000, 0x0000000083f00000, 0x0000000083f00000|100%| O|  |TAMS 0x0000000083f00000, 0x0000000083f00000| Untracked 
|  33|0x0000000083f00000, 0x0000000084000000, 0x0000000084000000|100%| O|  |TAMS 0x0000000084000000, 0x0000000084000000| Untracked 
|  34|0x0000000084000000, 0x0000000084100000, 0x0000000084100000|100%| O|  |TAMS 0x0000000084100000, 0x0000000084100000| Untracked 
|  35|0x0000000084100000, 0x0000000084162600, 0x0000000084200000| 38%| O|  |TAMS 0x0000000084162600, 0x0000000084162600| Untracked 
|  36|0x0000000084200000, 0x0000000084200000, 0x0000000084300000|  0%| F|  |TAMS 0x0000000084200000, 0x0000000084200000| Untracked 
|  37|0x0000000084300000, 0x0000000084300000, 0x0000000084400000|  0%| F|  |TAMS 0x0000000084300000, 0x0000000084300000| Untracked 
|  38|0x0000000084400000, 0x0000000084400000, 0x0000000084500000|  0%| F|  |TAMS 0x0000000084400000, 0x0000000084400000| Untracked 
|  39|0x0000000084500000, 0x0000000084500000, 0x0000000084600000|  0%| F|  |TAMS 0x0000000084500000, 0x0000000084500000| Untracked 
|  40|0x0000000084600000, 0x0000000084600000, 0x0000000084700000|  0%| F|  |TAMS 0x0000000084600000, 0x0000000084600000| Untracked 
|  41|0x0000000084700000, 0x0000000084700000, 0x0000000084800000|  0%| F|  |TAMS 0x0000000084700000, 0x0000000084700000| Untracked 
|  42|0x0000000084800000, 0x0000000084800000, 0x0000000084900000|  0%| F|  |TAMS 0x0000000084800000, 0x0000000084800000| Untracked 
|  43|0x0000000084900000, 0x0000000084900000, 0x0000000084a00000|  0%| F|  |TAMS 0x0000000084900000, 0x0000000084900000| Untracked 
|  44|0x0000000084a00000, 0x0000000084a00000, 0x0000000084b00000|  0%| F|  |TAMS 0x0000000084a00000, 0x0000000084a00000| Untracked 
|  45|0x0000000084b00000, 0x0000000084b00000, 0x0000000084c00000|  0%| F|  |TAMS 0x0000000084b00000, 0x0000000084b00000| Untracked 
|  46|0x0000000084c00000, 0x0000000084c00000, 0x0000000084d00000|  0%| F|  |TAMS 0x0000000084c00000, 0x0000000084c00000| Untracked 
|  47|0x0000000084d00000, 0x0000000084d00000, 0x0000000084e00000|  0%| F|  |TAMS 0x0000000084d00000, 0x0000000084d00000| Untracked 
|  48|0x0000000084e00000, 0x0000000084e00000, 0x0000000084f00000|  0%| F|  |TAMS 0x0000000084e00000, 0x0000000084e00000| Untracked 
|  49|0x0000000084f00000, 0x0000000084f00000, 0x0000000085000000|  0%| F|  |TAMS 0x0000000084f00000, 0x0000000084f00000| Untracked 
|  50|0x0000000085000000, 0x0000000085000000, 0x0000000085100000|  0%| F|  |TAMS 0x0000000085000000, 0x0000000085000000| Untracked 
|  51|0x0000000085100000, 0x0000000085100000, 0x0000000085200000|  0%| F|  |TAMS 0x0000000085100000, 0x0000000085100000| Untracked 
|  52|0x0000000085200000, 0x0000000085200000, 0x0000000085300000|  0%| F|  |TAMS 0x0000000085200000, 0x0000000085200000| Untracked 
|  53|0x0000000085300000, 0x0000000085300000, 0x0000000085400000|  0%| F|  |TAMS 0x0000000085300000, 0x0000000085300000| Untracked 
|  54|0x0000000085400000, 0x0000000085400000, 0x0000000085500000|  0%| F|  |TAMS 0x0000000085400000, 0x0000000085400000| Untracked 
|  55|0x0000000085500000, 0x0000000085500000, 0x0000000085600000|  0%| F|  |TAMS 0x0000000085500000, 0x0000000085500000| Untracked 
|  56|0x0000000085600000, 0x0000000085600000, 0x0000000085700000|  0%| F|  |TAMS 0x0000000085600000, 0x0000000085600000| Untracked 
|  57|0x0000000085700000, 0x0000000085700000, 0x0000000085800000|  0%| F|  |TAMS 0x0000000085700000, 0x0000000085700000| Untracked 
|  58|0x0000000085800000, 0x0000000085800000, 0x0000000085900000|  0%| F|  |TAMS 0x0000000085800000, 0x0000000085800000| Untracked 
|  59|0x0000000085900000, 0x0000000085900000, 0x0000000085a00000|  0%| F|  |TAMS 0x0000000085900000, 0x0000000085900000| Untracked 
|  60|0x0000000085a00000, 0x0000000085a00000, 0x0000000085b00000|  0%| F|  |TAMS 0x0000000085a00000, 0x0000000085a00000| Untracked 
|  61|0x0000000085b00000, 0x0000000085b00000, 0x0000000085c00000|  0%| F|  |TAMS 0x0000000085b00000, 0x0000000085b00000| Untracked 
|  62|0x0000000085c00000, 0x0000000085c00000, 0x0000000085d00000|  0%| F|  |TAMS 0x0000000085c00000, 0x0000000085c00000| Untracked 
|  63|0x0000000085d00000, 0x0000000085d00000, 0x0000000085e00000|  0%| F|  |TAMS 0x0000000085d00000, 0x0000000085d00000| Untracked 
|  64|0x0000000085e00000, 0x0000000085e00000, 0x0000000085f00000|  0%| F|  |TAMS 0x0000000085e00000, 0x0000000085e00000| Untracked 
|  65|0x0000000085f00000, 0x0000000085f00000, 0x0000000086000000|  0%| F|  |TAMS 0x0000000085f00000, 0x0000000085f00000| Untracked 
|  66|0x0000000086000000, 0x0000000086000000, 0x0000000086100000|  0%| F|  |TAMS 0x0000000086000000, 0x0000000086000000| Untracked 
|  67|0x0000000086100000, 0x0000000086100000, 0x0000000086200000|  0%| F|  |TAMS 0x0000000086100000, 0x0000000086100000| Untracked 
|  68|0x0000000086200000, 0x0000000086200000, 0x0000000086300000|  0%| F|  |TAMS 0x0000000086200000, 0x0000000086200000| Untracked 
|  69|0x0000000086300000, 0x0000000086300000, 0x0000000086400000|  0%| F|  |TAMS 0x0000000086300000, 0x0000000086300000| Untracked 
|  70|0x0000000086400000, 0x0000000086400000, 0x0000000086500000|  0%| F|  |TAMS 0x0000000086400000, 0x0000000086400000| Untracked 
|  71|0x0000000086500000, 0x0000000086500000, 0x0000000086600000|  0%| F|  |TAMS 0x0000000086500000, 0x0000000086500000| Untracked 
|  72|0x0000000086600000, 0x0000000086600000, 0x0000000086700000|  0%| F|  |TAMS 0x0000000086600000, 0x0000000086600000| Untracked 
|  73|0x0000000086700000, 0x0000000086700000, 0x0000000086800000|  0%| F|  |TAMS 0x0000000086700000, 0x0000000086700000| Untracked 
|  74|0x0000000086800000, 0x0000000086800000, 0x0000000086900000|  0%| F|  |TAMS 0x0000000086800000, 0x0000000086800000| Untracked 
|  75|0x0000000086900000, 0x0000000086900000, 0x0000000086a00000|  0%| F|  |TAMS 0x0000000086900000, 0x0000000086900000| Untracked 
|  76|0x0000000086a00000, 0x0000000086a00000, 0x0000000086b00000|  0%| F|  |TAMS 0x0000000086a00000, 0x0000000086a00000| Untracked 
|  77|0x0000000086b00000, 0x0000000086b00000, 0x0000000086c00000|  0%| F|  |TAMS 0x0000000086b00000, 0x0000000086b00000| Untracked 
|  78|0x0000000086c00000, 0x0000000086c00000, 0x0000000086d00000|  0%| F|  |TAMS 0x0000000086c00000, 0x0000000086c00000| Untracked 
|  79|0x0000000086d00000, 0x0000000086d00000, 0x0000000086e00000|  0%| F|  |TAMS 0x0000000086d00000, 0x0000000086d00000| Untracked 
|  80|0x0000000086e00000, 0x0000000086e00000, 0x0000000086f00000|  0%| F|  |TAMS 0x0000000086e00000, 0x0000000086e00000| Untracked 
|  81|0x0000000086f00000, 0x0000000086f00000, 0x0000000087000000|  0%| F|  |TAMS 0x0000000086f00000, 0x0000000086f00000| Untracked 
|  82|0x0000000087000000, 0x0000000087000000, 0x0000000087100000|  0%| F|  |TAMS 0x0000000087000000, 0x0000000087000000| Untracked 
|  83|0x0000000087100000, 0x0000000087100000, 0x0000000087200000|  0%| F|  |TAMS 0x0000000087100000, 0x0000000087100000| Untracked 
|  84|0x0000000087200000, 0x0000000087200000, 0x0000000087300000|  0%| F|  |TAMS 0x0000000087200000, 0x0000000087200000| Untracked 
|  85|0x0000000087300000, 0x0000000087300000, 0x0000000087400000|  0%| F|  |TAMS 0x0000000087300000, 0x0000000087300000| Untracked 
|  86|0x0000000087400000, 0x0000000087400000, 0x0000000087500000|  0%| F|  |TAMS 0x0000000087400000, 0x0000000087400000| Untracked 
|  87|0x0000000087500000, 0x0000000087500000, 0x0000000087600000|  0%| F|  |TAMS 0x0000000087500000, 0x0000000087500000| Untracked 
|  88|0x0000000087600000, 0x0000000087600000, 0x0000000087700000|  0%| F|  |TAMS 0x0000000087600000, 0x0000000087600000| Untracked 
|  89|0x0000000087700000, 0x0000000087700000, 0x0000000087800000|  0%| F|  |TAMS 0x0000000087700000, 0x0000000087700000| Untracked 
|  90|0x0000000087800000, 0x0000000087800000, 0x0000000087900000|  0%| F|  |TAMS 0x0000000087800000, 0x0000000087800000| Untracked 
|  91|0x0000000087900000, 0x0000000087900000, 0x0000000087a00000|  0%| F|  |TAMS 0x0000000087900000, 0x0000000087900000| Untracked 
|  92|0x0000000087a00000, 0x0000000087a00000, 0x0000000087b00000|  0%| F|  |TAMS 0x0000000087a00000, 0x0000000087a00000| Untracked 
|  93|0x0000000087b00000, 0x0000000087b00000, 0x0000000087c00000|  0%| F|  |TAMS 0x0000000087b00000, 0x0000000087b00000| Untracked 
|  94|0x0000000087c00000, 0x0000000087c00000, 0x0000000087d00000|  0%| F|  |TAMS 0x0000000087c00000, 0x0000000087c00000| Untracked 
|  95|0x0000000087d00000, 0x0000000087d00000, 0x0000000087e00000|  0%| F|  |TAMS 0x0000000087d00000, 0x0000000087d00000| Untracked 
|  96|0x0000000087e00000, 0x0000000087e00000, 0x0000000087f00000|  0%| F|  |TAMS 0x0000000087e00000, 0x0000000087e00000| Untracked 
|  97|0x0000000087f00000, 0x0000000087f00000, 0x0000000088000000|  0%| F|  |TAMS 0x0000000087f00000, 0x0000000087f00000| Untracked 
|  98|0x0000000088000000, 0x0000000088000000, 0x0000000088100000|  0%| F|  |TAMS 0x0000000088000000, 0x0000000088000000| Untracked 
|  99|0x0000000088100000, 0x0000000088100000, 0x0000000088200000|  0%| F|  |TAMS 0x0000000088100000, 0x0000000088100000| Untracked 
| 100|0x0000000088200000, 0x0000000088200000, 0x0000000088300000|  0%| F|  |TAMS 0x0000000088200000, 0x0000000088200000| Untracked 
| 101|0x0000000088300000, 0x00000000883fa7d0, 0x0000000088400000| 97%| S|CS|TAMS 0x0000000088300000, 0x0000000088300000| Complete 
| 102|0x0000000088400000, 0x0000000088500000, 0x0000000088500000|100%| S|CS|TAMS 0x0000000088400000, 0x0000000088400000| Complete 
| 103|0x0000000088500000, 0x0000000088600000, 0x0000000088600000|100%| S|CS|TAMS 0x0000000088500000, 0x0000000088500000| Complete 
| 104|0x0000000088600000, 0x0000000088700000, 0x0000000088700000|100%| S|CS|TAMS 0x0000000088600000, 0x0000000088600000| Complete 
| 105|0x0000000088700000, 0x0000000088800000, 0x0000000088800000|100%| S|CS|TAMS 0x0000000088700000, 0x0000000088700000| Complete 
| 106|0x0000000088800000, 0x0000000088900000, 0x0000000088900000|100%| S|CS|TAMS 0x0000000088800000, 0x0000000088800000| Complete 
| 107|0x0000000088900000, 0x0000000088a00000, 0x0000000088a00000|100%| S|CS|TAMS 0x0000000088900000, 0x0000000088900000| Complete 
| 108|0x0000000088a00000, 0x0000000088b00000, 0x0000000088b00000|100%| S|CS|TAMS 0x0000000088a00000, 0x0000000088a00000| Complete 
| 109|0x0000000088b00000, 0x0000000088c00000, 0x0000000088c00000|100%| S|CS|TAMS 0x0000000088b00000, 0x0000000088b00000| Complete 
| 110|0x0000000088c00000, 0x0000000088d00000, 0x0000000088d00000|100%| S|CS|TAMS 0x0000000088c00000, 0x0000000088c00000| Complete 
| 111|0x0000000088d00000, 0x0000000088d00000, 0x0000000088e00000|  0%| F|  |TAMS 0x0000000088d00000, 0x0000000088d00000| Untracked 
| 112|0x0000000088e00000, 0x0000000088e00000, 0x0000000088f00000|  0%| F|  |TAMS 0x0000000088e00000, 0x0000000088e00000| Untracked 
| 113|0x0000000088f00000, 0x0000000088f00000, 0x0000000089000000|  0%| F|  |TAMS 0x0000000088f00000, 0x0000000088f00000| Untracked 
| 114|0x0000000089000000, 0x0000000089000000, 0x0000000089100000|  0%| F|  |TAMS 0x0000000089000000, 0x0000000089000000| Untracked 
| 115|0x0000000089100000, 0x0000000089100000, 0x0000000089200000|  0%| F|  |TAMS 0x0000000089100000, 0x0000000089100000| Untracked 
| 116|0x0000000089200000, 0x0000000089200000, 0x0000000089300000|  0%| F|  |TAMS 0x0000000089200000, 0x0000000089200000| Untracked 
| 117|0x0000000089300000, 0x0000000089300000, 0x0000000089400000|  0%| F|  |TAMS 0x0000000089300000, 0x0000000089300000| Untracked 
| 118|0x0000000089400000, 0x0000000089400000, 0x0000000089500000|  0%| F|  |TAMS 0x0000000089400000, 0x0000000089400000| Untracked 
| 119|0x0000000089500000, 0x0000000089500000, 0x0000000089600000|  0%| F|  |TAMS 0x0000000089500000, 0x0000000089500000| Untracked 
| 120|0x0000000089600000, 0x0000000089600000, 0x0000000089700000|  0%| F|  |TAMS 0x0000000089600000, 0x0000000089600000| Untracked 
| 121|0x0000000089700000, 0x0000000089700000, 0x0000000089800000|  0%| F|  |TAMS 0x0000000089700000, 0x0000000089700000| Untracked 
| 122|0x0000000089800000, 0x0000000089800000, 0x0000000089900000|  0%| F|  |TAMS 0x0000000089800000, 0x0000000089800000| Untracked 
| 123|0x0000000089900000, 0x0000000089900000, 0x0000000089a00000|  0%| F|  |TAMS 0x0000000089900000, 0x0000000089900000| Untracked 
| 124|0x0000000089a00000, 0x0000000089a00000, 0x0000000089b00000|  0%| F|  |TAMS 0x0000000089a00000, 0x0000000089a00000| Untracked 
| 125|0x0000000089b00000, 0x0000000089b00000, 0x0000000089c00000|  0%| F|  |TAMS 0x0000000089b00000, 0x0000000089b00000| Untracked 
| 126|0x0000000089c00000, 0x0000000089c00000, 0x0000000089d00000|  0%| F|  |TAMS 0x0000000089c00000, 0x0000000089c00000| Untracked 
| 127|0x0000000089d00000, 0x0000000089d00000, 0x0000000089e00000|  0%| F|  |TAMS 0x0000000089d00000, 0x0000000089d00000| Untracked 
| 128|0x0000000089e00000, 0x0000000089e00000, 0x0000000089f00000|  0%| F|  |TAMS 0x0000000089e00000, 0x0000000089e00000| Untracked 
| 129|0x0000000089f00000, 0x0000000089f00000, 0x000000008a000000|  0%| F|  |TAMS 0x0000000089f00000, 0x0000000089f00000| Untracked 
| 130|0x000000008a000000, 0x000000008a000000, 0x000000008a100000|  0%| F|  |TAMS 0x000000008a000000, 0x000000008a000000| Untracked 
| 131|0x000000008a100000, 0x000000008a100000, 0x000000008a200000|  0%| F|  |TAMS 0x000000008a100000, 0x000000008a100000| Untracked 
| 132|0x000000008a200000, 0x000000008a200000, 0x000000008a300000|  0%| F|  |TAMS 0x000000008a200000, 0x000000008a200000| Untracked 
| 133|0x000000008a300000, 0x000000008a300000, 0x000000008a400000|  0%| F|  |TAMS 0x000000008a300000, 0x000000008a300000| Untracked 
| 134|0x000000008a400000, 0x000000008a400000, 0x000000008a500000|  0%| F|  |TAMS 0x000000008a400000, 0x000000008a400000| Untracked 
| 135|0x000000008a500000, 0x000000008a500000, 0x000000008a600000|  0%| F|  |TAMS 0x000000008a500000, 0x000000008a500000| Untracked 
| 136|0x000000008a600000, 0x000000008a600000, 0x000000008a700000|  0%| F|  |TAMS 0x000000008a600000, 0x000000008a600000| Untracked 
| 137|0x000000008a700000, 0x000000008a700000, 0x000000008a800000|  0%| F|  |TAMS 0x000000008a700000, 0x000000008a700000| Untracked 
| 138|0x000000008a800000, 0x000000008a800000, 0x000000008a900000|  0%| F|  |TAMS 0x000000008a800000, 0x000000008a800000| Untracked 
| 139|0x000000008a900000, 0x000000008a900000, 0x000000008aa00000|  0%| F|  |TAMS 0x000000008a900000, 0x000000008a900000| Untracked 
| 140|0x000000008aa00000, 0x000000008aa00000, 0x000000008ab00000|  0%| F|  |TAMS 0x000000008aa00000, 0x000000008aa00000| Untracked 
| 141|0x000000008ab00000, 0x000000008ab00000, 0x000000008ac00000|  0%| F|  |TAMS 0x000000008ab00000, 0x000000008ab00000| Untracked 
| 142|0x000000008ac00000, 0x000000008ac00000, 0x000000008ad00000|  0%| F|  |TAMS 0x000000008ac00000, 0x000000008ac00000| Untracked 
| 143|0x000000008ad00000, 0x000000008ad00000, 0x000000008ae00000|  0%| F|  |TAMS 0x000000008ad00000, 0x000000008ad00000| Untracked 
| 144|0x000000008ae00000, 0x000000008ae00000, 0x000000008af00000|  0%| F|  |TAMS 0x000000008ae00000, 0x000000008ae00000| Untracked 
| 145|0x000000008af00000, 0x000000008af00000, 0x000000008b000000|  0%| F|  |TAMS 0x000000008af00000, 0x000000008af00000| Untracked 
| 146|0x000000008b000000, 0x000000008b000000, 0x000000008b100000|  0%| F|  |TAMS 0x000000008b000000, 0x000000008b000000| Untracked 
| 147|0x000000008b100000, 0x000000008b100000, 0x000000008b200000|  0%| F|  |TAMS 0x000000008b100000, 0x000000008b100000| Untracked 
| 148|0x000000008b200000, 0x000000008b200000, 0x000000008b300000|  0%| F|  |TAMS 0x000000008b200000, 0x000000008b200000| Untracked 
| 149|0x000000008b300000, 0x000000008b300000, 0x000000008b400000|  0%| F|  |TAMS 0x000000008b300000, 0x000000008b300000| Untracked 
| 150|0x000000008b400000, 0x000000008b400000, 0x000000008b500000|  0%| F|  |TAMS 0x000000008b400000, 0x000000008b400000| Untracked 
| 151|0x000000008b500000, 0x000000008b500000, 0x000000008b600000|  0%| F|  |TAMS 0x000000008b500000, 0x000000008b500000| Untracked 
| 152|0x000000008b600000, 0x000000008b600000, 0x000000008b700000|  0%| F|  |TAMS 0x000000008b600000, 0x000000008b600000| Untracked 
| 153|0x000000008b700000, 0x000000008b700000, 0x000000008b800000|  0%| F|  |TAMS 0x000000008b700000, 0x000000008b700000| Untracked 
| 154|0x000000008b800000, 0x000000008b800000, 0x000000008b900000|  0%| F|  |TAMS 0x000000008b800000, 0x000000008b800000| Untracked 
| 155|0x000000008b900000, 0x000000008b900000, 0x000000008ba00000|  0%| F|  |TAMS 0x000000008b900000, 0x000000008b900000| Untracked 
| 156|0x000000008ba00000, 0x000000008ba00000, 0x000000008bb00000|  0%| F|  |TAMS 0x000000008ba00000, 0x000000008ba00000| Untracked 
| 157|0x000000008bb00000, 0x000000008bb00000, 0x000000008bc00000|  0%| F|  |TAMS 0x000000008bb00000, 0x000000008bb00000| Untracked 
| 158|0x000000008bc00000, 0x000000008bc00000, 0x000000008bd00000|  0%| F|  |TAMS 0x000000008bc00000, 0x000000008bc00000| Untracked 
| 159|0x000000008bd00000, 0x000000008bd00000, 0x000000008be00000|  0%| F|  |TAMS 0x000000008bd00000, 0x000000008bd00000| Untracked 
| 160|0x000000008be00000, 0x000000008be00000, 0x000000008bf00000|  0%| F|  |TAMS 0x000000008be00000, 0x000000008be00000| Untracked 
| 161|0x000000008bf00000, 0x000000008bf00000, 0x000000008c000000|  0%| F|  |TAMS 0x000000008bf00000, 0x000000008bf00000| Untracked 
| 162|0x000000008c000000, 0x000000008c000000, 0x000000008c100000|  0%| F|  |TAMS 0x000000008c000000, 0x000000008c000000| Untracked 
| 163|0x000000008c100000, 0x000000008c100000, 0x000000008c200000|  0%| F|  |TAMS 0x000000008c100000, 0x000000008c100000| Untracked 
| 164|0x000000008c200000, 0x000000008c200000, 0x000000008c300000|  0%| F|  |TAMS 0x000000008c200000, 0x000000008c200000| Untracked 
| 165|0x000000008c300000, 0x000000008c300000, 0x000000008c400000|  0%| F|  |TAMS 0x000000008c300000, 0x000000008c300000| Untracked 
| 166|0x000000008c400000, 0x000000008c400000, 0x000000008c500000|  0%| F|  |TAMS 0x000000008c400000, 0x000000008c400000| Untracked 
| 167|0x000000008c500000, 0x000000008c500000, 0x000000008c600000|  0%| F|  |TAMS 0x000000008c500000, 0x000000008c500000| Untracked 
| 168|0x000000008c600000, 0x000000008c600000, 0x000000008c700000|  0%| F|  |TAMS 0x000000008c600000, 0x000000008c600000| Untracked 
| 169|0x000000008c700000, 0x000000008c700000, 0x000000008c800000|  0%| F|  |TAMS 0x000000008c700000, 0x000000008c700000| Untracked 
| 170|0x000000008c800000, 0x000000008c800000, 0x000000008c900000|  0%| F|  |TAMS 0x000000008c800000, 0x000000008c800000| Untracked 
| 171|0x000000008c900000, 0x000000008c900000, 0x000000008ca00000|  0%| F|  |TAMS 0x000000008c900000, 0x000000008c900000| Untracked 
| 172|0x000000008ca00000, 0x000000008ca00000, 0x000000008cb00000|  0%| F|  |TAMS 0x000000008ca00000, 0x000000008ca00000| Untracked 
| 173|0x000000008cb00000, 0x000000008cb00000, 0x000000008cc00000|  0%| F|  |TAMS 0x000000008cb00000, 0x000000008cb00000| Untracked 
| 174|0x000000008cc00000, 0x000000008cc00000, 0x000000008cd00000|  0%| F|  |TAMS 0x000000008cc00000, 0x000000008cc00000| Untracked 
| 175|0x000000008cd00000, 0x000000008cd00000, 0x000000008ce00000|  0%| F|  |TAMS 0x000000008cd00000, 0x000000008cd00000| Untracked 
| 176|0x000000008ce00000, 0x000000008ce00000, 0x000000008cf00000|  0%| F|  |TAMS 0x000000008ce00000, 0x000000008ce00000| Untracked 
| 177|0x000000008cf00000, 0x000000008cf00000, 0x000000008d000000|  0%| F|  |TAMS 0x000000008cf00000, 0x000000008cf00000| Untracked 
| 178|0x000000008d000000, 0x000000008d000000, 0x000000008d100000|  0%| F|  |TAMS 0x000000008d000000, 0x000000008d000000| Untracked 
| 179|0x000000008d100000, 0x000000008d100000, 0x000000008d200000|  0%| F|  |TAMS 0x000000008d100000, 0x000000008d100000| Untracked 
| 180|0x000000008d200000, 0x000000008d200000, 0x000000008d300000|  0%| F|  |TAMS 0x000000008d200000, 0x000000008d200000| Untracked 
| 181|0x000000008d300000, 0x000000008d300000, 0x000000008d400000|  0%| F|  |TAMS 0x000000008d300000, 0x000000008d300000| Untracked 
| 182|0x000000008d400000, 0x000000008d400000, 0x000000008d500000|  0%| F|  |TAMS 0x000000008d400000, 0x000000008d400000| Untracked 
| 183|0x000000008d500000, 0x000000008d500000, 0x000000008d600000|  0%| F|  |TAMS 0x000000008d500000, 0x000000008d500000| Untracked 
| 184|0x000000008d600000, 0x000000008d600000, 0x000000008d700000|  0%| F|  |TAMS 0x000000008d600000, 0x000000008d600000| Untracked 
| 185|0x000000008d700000, 0x000000008d700000, 0x000000008d800000|  0%| F|  |TAMS 0x000000008d700000, 0x000000008d700000| Untracked 
| 186|0x000000008d800000, 0x000000008d800000, 0x000000008d900000|  0%| F|  |TAMS 0x000000008d800000, 0x000000008d800000| Untracked 
| 187|0x000000008d900000, 0x000000008d900000, 0x000000008da00000|  0%| F|  |TAMS 0x000000008d900000, 0x000000008d900000| Untracked 
| 188|0x000000008da00000, 0x000000008da00000, 0x000000008db00000|  0%| F|  |TAMS 0x000000008da00000, 0x000000008da00000| Untracked 
| 189|0x000000008db00000, 0x000000008db00000, 0x000000008dc00000|  0%| F|  |TAMS 0x000000008db00000, 0x000000008db00000| Untracked 
| 190|0x000000008dc00000, 0x000000008dc00000, 0x000000008dd00000|  0%| F|  |TAMS 0x000000008dc00000, 0x000000008dc00000| Untracked 
| 191|0x000000008dd00000, 0x000000008dd00000, 0x000000008de00000|  0%| F|  |TAMS 0x000000008dd00000, 0x000000008dd00000| Untracked 
| 192|0x000000008de00000, 0x000000008de00000, 0x000000008df00000|  0%| F|  |TAMS 0x000000008de00000, 0x000000008de00000| Untracked 
| 193|0x000000008df00000, 0x000000008df00000, 0x000000008e000000|  0%| F|  |TAMS 0x000000008df00000, 0x000000008df00000| Untracked 
| 194|0x000000008e000000, 0x000000008e000000, 0x000000008e100000|  0%| F|  |TAMS 0x000000008e000000, 0x000000008e000000| Untracked 
| 195|0x000000008e100000, 0x000000008e100000, 0x000000008e200000|  0%| F|  |TAMS 0x000000008e100000, 0x000000008e100000| Untracked 
| 196|0x000000008e200000, 0x000000008e200000, 0x000000008e300000|  0%| F|  |TAMS 0x000000008e200000, 0x000000008e200000| Untracked 
| 197|0x000000008e300000, 0x000000008e300000, 0x000000008e400000|  0%| F|  |TAMS 0x000000008e300000, 0x000000008e300000| Untracked 
| 198|0x000000008e400000, 0x000000008e400000, 0x000000008e500000|  0%| F|  |TAMS 0x000000008e400000, 0x000000008e400000| Untracked 
| 199|0x000000008e500000, 0x000000008e500000, 0x000000008e600000|  0%| F|  |TAMS 0x000000008e500000, 0x000000008e500000| Untracked 
| 200|0x000000008e600000, 0x000000008e600000, 0x000000008e700000|  0%| F|  |TAMS 0x000000008e600000, 0x000000008e600000| Untracked 
| 201|0x000000008e700000, 0x000000008e700000, 0x000000008e800000|  0%| F|  |TAMS 0x000000008e700000, 0x000000008e700000| Untracked 
| 202|0x000000008e800000, 0x000000008e800000, 0x000000008e900000|  0%| F|  |TAMS 0x000000008e800000, 0x000000008e800000| Untracked 
| 203|0x000000008e900000, 0x000000008e900000, 0x000000008ea00000|  0%| F|  |TAMS 0x000000008e900000, 0x000000008e900000| Untracked 
| 204|0x000000008ea00000, 0x000000008ea00000, 0x000000008eb00000|  0%| F|  |TAMS 0x000000008ea00000, 0x000000008ea00000| Untracked 
| 205|0x000000008eb00000, 0x000000008eb00000, 0x000000008ec00000|  0%| F|  |TAMS 0x000000008eb00000, 0x000000008eb00000| Untracked 
| 206|0x000000008ec00000, 0x000000008ec00000, 0x000000008ed00000|  0%| F|  |TAMS 0x000000008ec00000, 0x000000008ec00000| Untracked 
| 207|0x000000008ed00000, 0x000000008ed00000, 0x000000008ee00000|  0%| F|  |TAMS 0x000000008ed00000, 0x000000008ed00000| Untracked 
| 208|0x000000008ee00000, 0x000000008ee00000, 0x000000008ef00000|  0%| F|  |TAMS 0x000000008ee00000, 0x000000008ee00000| Untracked 
| 209|0x000000008ef00000, 0x000000008ef00000, 0x000000008f000000|  0%| F|  |TAMS 0x000000008ef00000, 0x000000008ef00000| Untracked 
| 210|0x000000008f000000, 0x000000008f000000, 0x000000008f100000|  0%| F|  |TAMS 0x000000008f000000, 0x000000008f000000| Untracked 
| 211|0x000000008f100000, 0x000000008f100000, 0x000000008f200000|  0%| F|  |TAMS 0x000000008f100000, 0x000000008f100000| Untracked 
| 212|0x000000008f200000, 0x000000008f200000, 0x000000008f300000|  0%| F|  |TAMS 0x000000008f200000, 0x000000008f200000| Untracked 
| 213|0x000000008f300000, 0x000000008f300000, 0x000000008f400000|  0%| F|  |TAMS 0x000000008f300000, 0x000000008f300000| Untracked 
| 214|0x000000008f400000, 0x000000008f400000, 0x000000008f500000|  0%| F|  |TAMS 0x000000008f400000, 0x000000008f400000| Untracked 
| 215|0x000000008f500000, 0x000000008f500000, 0x000000008f600000|  0%| F|  |TAMS 0x000000008f500000, 0x000000008f500000| Untracked 
| 216|0x000000008f600000, 0x000000008f600000, 0x000000008f700000|  0%| F|  |TAMS 0x000000008f600000, 0x000000008f600000| Untracked 
| 217|0x000000008f700000, 0x000000008f700000, 0x000000008f800000|  0%| F|  |TAMS 0x000000008f700000, 0x000000008f700000| Untracked 
| 218|0x000000008f800000, 0x000000008f800000, 0x000000008f900000|  0%| F|  |TAMS 0x000000008f800000, 0x000000008f800000| Untracked 
| 219|0x000000008f900000, 0x000000008f980648, 0x000000008fa00000| 50%| E|  |TAMS 0x000000008f900000, 0x000000008f900000| Complete 
| 220|0x000000008fa00000, 0x000000008fb00000, 0x000000008fb00000|100%| E|CS|TAMS 0x000000008fa00000, 0x000000008fa00000| Complete 
| 221|0x000000008fb00000, 0x000000008fc00000, 0x000000008fc00000|100%| E|CS|TAMS 0x000000008fb00000, 0x000000008fb00000| Complete 

Card table byte_map: [0x0000015c7d530000,0x0000015c7d930000] _byte_map_base: 0x0000015c7d121000

Marking Bits (Prev, Next): (CMBitMap*) 0x0000015c7cd8f970, (CMBitMap*) 0x0000015c7cd8f938
 Prev Bits: [0x0000015c17330000, 0x0000015c192b8000)
 Next Bits: [0x0000015c7dd30000, 0x0000015c7fcb8000)

Polling page: 0x0000015c7ac00000

Metaspace:

Usage:
  Non-class:     57.26 MB capacity,    56.18 MB ( 98%) used,   892.94 KB (  2%) free+waste,   211.19 KB ( <1%) overhead. 
      Class:      9.16 MB capacity,     8.48 MB ( 93%) used,   588.59 KB (  6%) free+waste,   101.81 KB (  1%) overhead. 
       Both:     66.42 MB capacity,    64.67 MB ( 97%) used,     1.45 MB (  2%) free+waste,   313.00 KB ( <1%) overhead. 

Virtual space:
  Non-class space:       58.00 MB reserved,      57.38 MB ( 99%) committed 
      Class space:        1.00 GB reserved,       9.20 MB ( <1%) committed 
             Both:        1.06 GB reserved,      66.58 MB (  6%) committed 

Chunk freelists:
   Non-Class:  7.00 KB
       Class:  0 bytes
        Both:  7.00 KB

CodeHeap 'non-profiled nmethods': size=238336Kb used=10089Kb max_used=10107Kb free=228246Kb
 bounds [0x0000015c08a70000, 0x0000015c09450000, 0x0000015c17330000]
CodeHeap 'non-nmethods': size=7424Kb used=1253Kb max_used=1253Kb free=6170Kb
 bounds [0x0000015c08330000, 0x0000015c085a0000, 0x0000015c08a70000]
 total_blobs=6938 nmethods=6262 adapters=561
 compilation: enabled
              stopped_count=0, restarted_count=0
 full_count=0

Compilation events (10 events):
Event: 4.279 Thread 0x0000015c1c279800 nmethod 6283 0x0000015c08b08a90 code [0x0000015c08b08c60, 0x0000015c08b08e90]
Event: 4.293 Thread 0x0000015c1c279800 6284   !   1       java.nio.CharBuffer::wrap (20 bytes)
Event: 4.293 Thread 0x0000015c1c279800 nmethod 6284 0x0000015c08b12d90 code [0x0000015c08b12f60, 0x0000015c08b13220]
Event: 4.293 Thread 0x0000015c1c279800 6285       1       java.nio.HeapCharBuffer::<init> (21 bytes)
Event: 4.293 Thread 0x0000015c1c279800 nmethod 6285 0x0000015c08aace10 code [0x0000015c08aacfc0, 0x0000015c08aad190]
Event: 4.294 Thread 0x0000015c1c279800 6286       1       org.h2.command.Prepared::setPrepareAlways (6 bytes)
Event: 4.294 Thread 0x0000015c1c279800 nmethod 6286 0x0000015c08ab5390 code [0x0000015c08ab5520, 0x0000015c08ab5638]
Event: 4.297 Thread 0x0000015c1c279800 6287       1       org.h2.mvstore.MVMap::getId (5 bytes)
Event: 4.297 Thread 0x0000015c1c279800 nmethod 6287 0x0000015c08b12a90 code [0x0000015c08b12c20, 0x0000015c08b12d38]
Event: 4.297 Thread 0x0000015c1c279800 6288       1       org.h2.mvstore.RootReference::updateRootPage (40 bytes)

GC Heap History (10 events):
Event: 2.505 GC heap before
{Heap before GC invocations=11 (full 0):
 garbage-first heap   total 189440K, used 133856K [0x0000000081e00000, 0x0000000100000000)
  region size 1024K, 109 young (111616K), 8 survivors (8192K)
 Metaspace       used 36410K, capacity 37698K, committed 37840K, reserved 1081344K
  class space    used 4614K, capacity 5116K, committed 5196K, reserved 1048576K
}
Event: 2.511 GC heap after
{Heap after GC invocations=12 (full 0):
 garbage-first heap   total 189440K, used 33170K [0x0000000081e00000, 0x0000000100000000)
  region size 1024K, 9 young (9216K), 9 survivors (9216K)
 Metaspace       used 36410K, capacity 37698K, committed 37840K, reserved 1081344K
  class space    used 4614K, capacity 5116K, committed 5196K, reserved 1048576K
}
Event: 3.036 GC heap before
{Heap before GC invocations=12 (full 0):
 garbage-first heap   total 189440K, used 137618K [0x0000000081e00000, 0x0000000100000000)
  region size 1024K, 111 young (113664K), 9 survivors (9216K)
 Metaspace       used 45638K, capacity 46944K, committed 47056K, reserved 1089536K
  class space    used 5828K, capacity 6377K, committed 6476K, reserved 1048576K
}
Event: 3.043 GC heap after
{Heap after GC invocations=13 (full 0):
 garbage-first heap   total 189440K, used 36469K [0x0000000081e00000, 0x0000000100000000)
  region size 1024K, 10 young (10240K), 10 survivors (10240K)
 Metaspace       used 45638K, capacity 46944K, committed 47056K, reserved 1089536K
  class space    used 5828K, capacity 6377K, committed 6476K, reserved 1048576K
}
Event: 3.380 GC heap before
{Heap before GC invocations=13 (full 0):
 garbage-first heap   total 189440K, used 139893K [0x0000000081e00000, 0x0000000100000000)
  region size 1024K, 111 young (113664K), 10 survivors (10240K)
 Metaspace       used 56061K, capacity 57557K, committed 57808K, reserved 1099776K
  class space    used 7095K, capacity 7654K, committed 7756K, reserved 1048576K
}
Event: 3.388 GC heap after
{Heap after GC invocations=14 (full 0):
 garbage-first heap   total 189440K, used 41207K [0x0000000081e00000, 0x0000000100000000)
  region size 1024K, 12 young (12288K), 12 survivors (12288K)
 Metaspace       used 56061K, capacity 57557K, committed 57808K, reserved 1099776K
  class space    used 7095K, capacity 7654K, committed 7756K, reserved 1048576K
}
Event: 3.473 GC heap before
{Heap before GC invocations=14 (full 0):
 garbage-first heap   total 189440K, used 67831K [0x0000000081e00000, 0x0000000100000000)
  region size 1024K, 39 young (39936K), 12 survivors (12288K)
 Metaspace       used 58674K, capacity 60153K, committed 60240K, reserved 1101824K
  class space    used 7559K, capacity 8110K, committed 8140K, reserved 1048576K
}
Event: 3.483 GC heap after
{Heap after GC invocations=15 (full 0):
 garbage-first heap   total 227328K, used 42638K [0x0000000081e00000, 0x0000000100000000)
  region size 1024K, 7 young (7168K), 7 survivors (7168K)
 Metaspace       used 58674K, capacity 60153K, committed 60240K, reserved 1101824K
  class space    used 7559K, capacity 8110K, committed 8140K, reserved 1048576K
}
Event: 4.269 GC heap before
{Heap before GC invocations=16 (full 0):
 garbage-first heap   total 227328K, used 149134K [0x0000000081e00000, 0x0000000100000000)
  region size 1024K, 111 young (113664K), 7 survivors (7168K)
 Metaspace       used 65884K, capacity 67660K, committed 67920K, reserved 1107968K
  class space    used 8651K, capacity 9344K, committed 9420K, reserved 1048576K
}
Event: 4.277 GC heap after
{Heap after GC invocations=17 (full 0):
 garbage-first heap   total 227328K, used 46451K [0x0000000081e00000, 0x0000000100000000)
  region size 1024K, 10 young (10240K), 10 survivors (10240K)
 Metaspace       used 65884K, capacity 67660K, committed 67920K, reserved 1107968K
  class space    used 8651K, capacity 9344K, committed 9420K, reserved 1048576K
}

Deoptimization events (0 events):
No events

Classes redefined (0 events):
No events

Internal exceptions (10 events):
Event: 3.884 Thread 0x0000015c1d9d8000 Exception <a 'java/lang/ClassNotFoundException'{0x000000008ae04e88}: java/lang/ObjectCustomizer> (0x000000008ae04e88) thrown at [./open/src/hotspot/share/classfile/systemDictionary.cpp, line 228]
Event: 3.884 Thread 0x0000015c1d9d8000 Exception <a 'java/lang/ClassNotFoundException'{0x000000008ae31f28}: com/nelioalves/cursomc/domain/ItemPedidoCustomizer> (0x000000008ae31f28) thrown at [./open/src/hotspot/share/classfile/systemDictionary.cpp, line 228]
Event: 3.885 Thread 0x0000015c1d9d8000 Exception <a 'java/lang/ClassNotFoundException'{0x000000008ae4ef88}: java/lang/ObjectCustomizer> (0x000000008ae4ef88) thrown at [./open/src/hotspot/share/classfile/systemDictionary.cpp, line 228]
Event: 3.886 Thread 0x0000015c1d9d8000 Exception <a 'java/lang/ClassNotFoundException'{0x000000008ae7d658}: com/nelioalves/cursomc/domain/ItemPedidoPKCustomizer> (0x000000008ae7d658) thrown at [./open/src/hotspot/share/classfile/systemDictionary.cpp, line 228]
Event: 3.887 Thread 0x0000015c1d9d8000 Exception <a 'java/lang/ClassNotFoundException'{0x000000008ae9c240}: java/lang/ObjectCustomizer> (0x000000008ae9c240) thrown at [./open/src/hotspot/share/classfile/systemDictionary.cpp, line 228]
Event: 3.888 Thread 0x0000015c1d9d8000 Exception <a 'java/lang/ClassNotFoundException'{0x000000008aec7c30}: com/nelioalves/cursomc/domain/ProdutoCustomizer> (0x000000008aec7c30) thrown at [./open/src/hotspot/share/classfile/systemDictionary.cpp, line 228]
Event: 3.889 Thread 0x0000015c1d9d8000 Exception <a 'java/lang/ClassNotFoundException'{0x000000008ad02b38}: java/lang/ObjectCustomizer> (0x000000008ad02b38) thrown at [./open/src/hotspot/share/classfile/systemDictionary.cpp, line 228]
Event: 3.890 Thread 0x0000015c1d9d8000 Exception <a 'java/lang/ClassNotFoundException'{0x000000008ad2e5e8}: com/nelioalves/cursomc/domain/CategoriaCustomizer> (0x000000008ad2e5e8) thrown at [./open/src/hotspot/share/classfile/systemDictionary.cpp, line 228]
Event: 3.997 Thread 0x0000015c1d9d8000 Exception <a 'java/lang/IncompatibleClassChangeError'{0x0000000089f1b710}: Found class java.lang.Object, but interface was expected> (0x0000000089f1b710) thrown at [./open/src/hotspot/share/interpreter/linkResolver.cpp, line 838]
Event: 4.213 Thread 0x0000015c1d9d8000 Exception <a 'java/lang/IncompatibleClassChangeError'{0x000000008953f1e0}: Found class java.lang.Object, but interface was expected> (0x000000008953f1e0) thrown at [./open/src/hotspot/share/interpreter/linkResolver.cpp, line 838]

Events (10 events):
Event: 4.295 loading class org/hibernate/type/descriptor/ValueBinder done
Event: 4.296 loading class org/hibernate/engine/jdbc/internal/ResultSetReturnImpl
Event: 4.296 loading class org/hibernate/engine/jdbc/internal/ResultSetReturnImpl done
Event: 4.296 loading class org/hibernate/engine/jdbc/spi/ResultSetReturn
Event: 4.296 loading class org/hibernate/engine/jdbc/spi/ResultSetReturn done
Event: 4.296 loading class org/h2/command/CommandContainer$GeneratedKeysCollector
Event: 4.296 loading class org/h2/command/CommandContainer$GeneratedKeysCollector done
Event: 4.296 loading class org/h2/table/DataChangeDeltaTable$ResultOption
Event: 4.296 loading class org/h2/table/DataChangeDeltaTable$ResultOption done
Event: 4.297 Executing VM operation: CGC_Operation


Dynamic libraries:
0x00007ff61cb00000 - 0x00007ff61cb47000 	C:\Program Files\Java\jdk-11.0.7\bin\javaw.exe
0x00007ffa90280000 - 0x00007ffa90470000 	C:\Windows\SYSTEM32\ntdll.dll
0x00007ffa8ea70000 - 0x00007ffa8eb22000 	C:\Windows\System32\KERNEL32.DLL
0x00007ffa8d200000 - 0x00007ffa8d4a5000 	C:\Windows\System32\KERNELBASE.dll
0x00007ffa8ab90000 - 0x00007ffa8ac1f000 	C:\Windows\SYSTEM32\apphelp.dll
0x00007ffa8f300000 - 0x00007ffa8f3a3000 	C:\Windows\System32\ADVAPI32.dll
0x00007ffa8e4e0000 - 0x00007ffa8e57e000 	C:\Windows\System32\msvcrt.dll
0x00007ffa8e600000 - 0x00007ffa8e697000 	C:\Windows\System32\sechost.dll
0x00007ffa8f500000 - 0x00007ffa8f61f000 	C:\Windows\System32\RPCRT4.dll
0x00007ffa8fe70000 - 0x00007ffa90004000 	C:\Windows\System32\USER32.dll
0x00007ffa8e260000 - 0x00007ffa8e281000 	C:\Windows\System32\win32u.dll
0x00007ffa90010000 - 0x00007ffa90036000 	C:\Windows\System32\GDI32.dll
0x00007ffa8d8f0000 - 0x00007ffa8da88000 	C:\Windows\System32\gdi32full.dll
0x00007ffa8e290000 - 0x00007ffa8e32e000 	C:\Windows\System32\msvcp_win.dll
0x00007ffa8d7f0000 - 0x00007ffa8d8ea000 	C:\Windows\System32\ucrtbase.dll
0x00007ffa6ecb0000 - 0x00007ffa6ef34000 	C:\Windows\WinSxS\amd64_microsoft.windows.common-controls_6595b64144ccf1df_6.0.18362.1379_none_9e7ff3b3e45cc0c4\COMCTL32.dll
0x00007ffa8e730000 - 0x00007ffa8ea67000 	C:\Windows\System32\combase.dll
0x00007ffa85690000 - 0x00007ffa8569a000 	C:\Windows\SYSTEM32\VERSION.dll
0x00007ffa8d660000 - 0x00007ffa8d6e1000 	C:\Windows\System32\bcryptPrimitives.dll
0x00007ffa8e700000 - 0x00007ffa8e72e000 	C:\Windows\System32\IMM32.DLL
0x00007ffa86370000 - 0x00007ffa86386000 	C:\Program Files\Java\jdk-11.0.7\bin\vcruntime140.dll
0x00007ffa79a10000 - 0x00007ffa79aba000 	C:\Program Files\Java\jdk-11.0.7\bin\msvcp140.dll
0x00007ffa4d840000 - 0x00007ffa4e3a1000 	C:\Program Files\Java\jdk-11.0.7\bin\server\jvm.dll
0x00007ffa8f4f0000 - 0x00007ffa8f4f8000 	C:\Windows\System32\PSAPI.DLL
0x00007ffa85e10000 - 0x00007ffa85e34000 	C:\Windows\SYSTEM32\WINMM.dll
0x00007ffa82c70000 - 0x00007ffa82c79000 	C:\Windows\SYSTEM32\WSOCK32.dll
0x00007ffa8eb90000 - 0x00007ffa8ebff000 	C:\Windows\System32\WS2_32.dll
0x00007ffa85de0000 - 0x00007ffa85e0d000 	C:\Windows\SYSTEM32\winmmbase.dll
0x00007ffa8d6f0000 - 0x00007ffa8d73a000 	C:\Windows\System32\cfgmgr32.dll
0x00007ffa8d160000 - 0x00007ffa8d171000 	C:\Windows\System32\kernel.appcore.dll
0x00007ffa78bd0000 - 0x00007ffa78be1000 	C:\Program Files\Java\jdk-11.0.7\bin\verify.dll
0x00007ffa8ba30000 - 0x00007ffa8bc24000 	C:\Windows\SYSTEM32\DBGHELP.DLL
0x00007ffa86000000 - 0x00007ffa8602a000 	C:\Windows\SYSTEM32\dbgcore.DLL
0x00007ffa65160000 - 0x00007ffa65189000 	C:\Program Files\Java\jdk-11.0.7\bin\java.dll
0x00007ffa7de40000 - 0x00007ffa7de4a000 	C:\Program Files\Java\jdk-11.0.7\bin\jimage.dll
0x00007ffa788f0000 - 0x00007ffa78906000 	C:\Program Files\Java\jdk-11.0.7\bin\zip.dll
0x00007ffa8f780000 - 0x00007ffa8fe68000 	C:\Windows\System32\SHELL32.dll
0x00007ffa90040000 - 0x00007ffa900e7000 	C:\Windows\System32\shcore.dll
0x00007ffa8dae0000 - 0x00007ffa8e25b000 	C:\Windows\System32\windows.storage.dll
0x00007ffa8d1d0000 - 0x00007ffa8d1f3000 	C:\Windows\System32\profapi.dll
0x00007ffa8d180000 - 0x00007ffa8d1ca000 	C:\Windows\System32\powrprof.dll
0x00007ffa8d130000 - 0x00007ffa8d140000 	C:\Windows\System32\UMPDC.dll
0x00007ffa8ec10000 - 0x00007ffa8ec62000 	C:\Windows\System32\shlwapi.dll
0x00007ffa8da90000 - 0x00007ffa8daa7000 	C:\Windows\System32\cryptsp.dll
0x00007ffa65110000 - 0x00007ffa65129000 	C:\Program Files\Java\jdk-11.0.7\bin\net.dll
0x00007ffa83410000 - 0x00007ffa83500000 	C:\Windows\SYSTEM32\WINHTTP.dll
0x00007ffa8c910000 - 0x00007ffa8c977000 	C:\Windows\system32\mswsock.dll
0x00007ffa650f0000 - 0x00007ffa65103000 	C:\Program Files\Java\jdk-11.0.7\bin\nio.dll
0x00007ffa89540000 - 0x00007ffa89549000 	C:\Program Files\Java\jdk-11.0.7\bin\management.dll
0x00007ffa7dfa0000 - 0x00007ffa7dfac000 	C:\Program Files\Java\jdk-11.0.7\bin\management_ext.dll
0x00007ffa7f8e0000 - 0x00007ffa7f8f6000 	C:\Windows\system32\napinsp.dll
0x00007ffa7f8c0000 - 0x00007ffa7f8da000 	C:\Windows\system32\pnrpnsp.dll
0x00007ffa8c660000 - 0x00007ffa8c72b000 	C:\Windows\SYSTEM32\DNSAPI.dll
0x00007ffa8ec00000 - 0x00007ffa8ec08000 	C:\Windows\System32\NSI.dll
0x00007ffa8c620000 - 0x00007ffa8c65a000 	C:\Windows\SYSTEM32\IPHLPAPI.DLL
0x00007ffa70010000 - 0x00007ffa7001e000 	C:\Windows\System32\winrnr.dll
0x00007ffa864c0000 - 0x00007ffa864dc000 	C:\Windows\system32\NLAapi.dll
0x00007ffa6ec90000 - 0x00007ffa6eca5000 	C:\Windows\system32\wshbth.dll
0x00007ffa81c30000 - 0x00007ffa81c3a000 	C:\Windows\System32\rasadhlp.dll
0x00007ffa80ff0000 - 0x00007ffa81067000 	C:\Windows\System32\fwpuclnt.dll
0x00007ffa8dab0000 - 0x00007ffa8dad6000 	C:\Windows\System32\bcrypt.dll
0x00007ffa8c490000 - 0x00007ffa8c4c3000 	C:\Windows\system32\rsaenh.dll
0x00007ffa8d010000 - 0x00007ffa8d035000 	C:\Windows\SYSTEM32\USERENV.dll
0x00007ffa8cae0000 - 0x00007ffa8caec000 	C:\Windows\SYSTEM32\CRYPTBASE.dll
0x00007ffa82030000 - 0x00007ffa82046000 	C:\Windows\SYSTEM32\dhcpcsvc6.DLL
0x00007ffa82d50000 - 0x00007ffa82d6c000 	C:\Windows\SYSTEM32\dhcpcsvc.DLL
0x00007ffa7e7f0000 - 0x00007ffa7e816000 	C:\Program Files\Java\jdk-11.0.7\bin\sunec.dll

dbghelp: loaded successfully - version: 4.0.5 - missing functions: none
symbol engine: initialized successfully - sym options: 0x614 - pdb path: .;C:\Program Files\Java\jdk-11.0.7\bin;C:\Windows\SYSTEM32;C:\Windows\WinSxS\amd64_microsoft.windows.common-controls_6595b64144ccf1df_6.0.18362.1379_none_9e7ff3b3e45cc0c4;C:\Program Files\Java\jdk-11.0.7\bin\server

VM Arguments:
jvm_args: -Dcom.sun.management.jmxremote -Dcom.sun.management.jmxremote.port=53585 -Dcom.sun.management.jmxremote.authenticate=false -Dcom.sun.management.jmxremote.ssl=false -Djava.rmi.server.hostname=localhost -Dspring.jmx.enabled=true -Dspring.application.admin.enabled=true -Xverify:none -XX:TieredStopAtLevel=1 -Dspring.boot.project.name=cursomc1 -Dfile.encoding=UTF-8 
java_command: com.nelioalves.cursomc.CursomcApplication --spring.profiles.active=test --spring.output.ansi.enabled=always
java_class_path (initial): C:\Users\josea\Documents\workspace-spring-tool-suite-4-4.6.1.RELEASE\cursomc1\target\classes;C:\Users\josea\.m2\repository\org\springframework\boot\spring-boot-starter-web\2.3.0.RELEASE\spring-boot-starter-web-2.3.0.RELEASE.jar;C:\Users\josea\.m2\repository\org\springframework\boot\spring-boot-starter\2.3.0.RELEASE\spring-boot-starter-2.3.0.RELEASE.jar;C:\Users\josea\.m2\repository\org\springframework\boot\spring-boot-starter-logging\2.3.0.RELEASE\spring-boot-starter-logging-2.3.0.RELEASE.jar;C:\Users\josea\.m2\repository\ch\qos\logback\logback-classic\1.2.3\logback-classic-1.2.3.jar;C:\Users\josea\.m2\repository\ch\qos\logback\logback-core\1.2.3\logback-core-1.2.3.jar;C:\Users\josea\.m2\repository\org\apache\logging\log4j\log4j-to-slf4j\2.13.2\log4j-to-slf4j-2.13.2.jar;C:\Users\josea\.m2\repository\org\apache\logging\log4j\log4j-api\2.13.2\log4j-api-2.13.2.jar;C:\Users\josea\.m2\repository\org\slf4j\jul-to-slf4j\1.7.30\jul-to-slf4j-1.7.30.jar;C:\Users\josea\.m2\repository\jakarta\annotation\jakarta.annotation-api\1.3.5\jakarta.annotation-api-1.3.5.jar;C:\Users\josea\.m2\repository\org\yaml\snakeyaml\1.26\snakeyaml-1.26.jar;C:\Users\josea\.m2\repository\org\springframework\boot\spring-boot-starter-json\2.3.0.RELEASE\spring-boot-starter-json-2.3.0.RELEASE.jar;C:\Users\josea\.m2\repository\com\fasterxml\jackson\datatype\jackson-datatype-jdk8\2.11.0\jackson-datatype-jdk8-2.11.0.jar;C:\Users\josea\.m2\repository\com\fasterxml\jackson\datatype\jackson-datatype-jsr310\2.11.0\jackson-datatype-jsr310-2.11.0.jar;C:\Users\josea\.m2\repository\com\fasterxml\jackson\module\jackson-module-parameter-names\2.11.0\jackson-module-parameter-names-2.11.0.jar;C:\Users\josea\.m2\repository\org\springframework\boot\spring-boot-starter-tomcat\2.3.0.RELEASE\spring-boot-starter-tomcat-2.3.0.RELEASE.jar;C:\Users\josea\.m2\repository\org\apache\tomcat\embed\tomcat-embed-core\9.0.35\tomcat-embed-core-9.0.35.jar;C:\Users\josea\.m2\repository\org\glassfish\jakarta.el
Launcher Type: SUN_STANDARD

[Global flags]
     bool BytecodeVerificationLocal                = false                                     {product} {command line}
     bool BytecodeVerificationRemote               = false                                     {product} {command line}
     intx CICompilerCount                          = 4                                         {product} {ergonomic}
     uint ConcGCThreads                            = 2                                         {product} {ergonomic}
     uint G1ConcRefinementThreads                  = 8                                         {product} {ergonomic}
   size_t G1HeapRegionSize                         = 1048576                                   {product} {ergonomic}
    uintx GCDrainStackTargetSize                   = 64                                        {product} {ergonomic}
   size_t InitialHeapSize                          = 134217728                                 {product} {ergonomic}
     bool ManagementServer                         = true                                      {product} {command line}
   size_t MarkStackSize                            = 4194304                                   {product} {ergonomic}
   size_t MaxHeapSize                              = 2116026368                                {product} {ergonomic}
   size_t MaxNewSize                               = 1268776960                                {product} {ergonomic}
   size_t MinHeapDeltaBytes                        = 1048576                                   {product} {ergonomic}
    uintx NonNMethodCodeHeapSize                   = 7549744                                {pd product} {ergonomic}
    uintx NonProfiledCodeHeapSize                  = 244108496                              {pd product} {ergonomic}
    uintx ProfiledCodeHeapSize                     = 0                                      {pd product} {ergonomic}
    uintx ReservedCodeCacheSize                    = 251658240                              {pd product} {ergonomic}
     bool SegmentedCodeCache                       = true                                      {product} {ergonomic}
     intx TieredStopAtLevel                        = 1                                         {product} {command line}
     bool UseCompressedClassPointers               = true                                 {lp64_product} {ergonomic}
     bool UseCompressedOops                        = true                                 {lp64_product} {ergonomic}
     bool UseG1GC                                  = true                                      {product} {ergonomic}
     bool UseLargePagesIndividualAllocation        = false                                  {pd product} {ergonomic}

Logging:
Log output configuration:
 #0: stdout all=warning uptime,level,tags
 #1: stderr all=off uptime,level,tags

Environment Variables:
JAVA_HOME=C:\Program Files\Java\jdk-11.0.7
PATH=C:/Program Files/Java/jdk-11.0.7/bin/server;C:/Program Files/Java/jdk-11.0.7/bin;C:\Windows\system32;C:\Windows;C:\Windows\System32\Wbem;C:\Windows\System32\WindowsPowerShell\v1.0\;C:\Windows\System32\OpenSSH\;C:\Program Files\Intel\WiFi\bin\;C:\Program Files\Common Files\Intel\WirelessCommon\;C:\Program Files (x86)\Intel\Intel(R) Management Engine Components\DAL;C:\Program Files\Intel\Intel(R) Management Engine Components\DAL;C:\Program Files (x86)\Microsoft SQL Server\100\Tools\Binn\;C:\Program Files\Microsoft SQL Server\100\Tools\Binn\;C:\Program Files\Microsoft SQL Server\100\DTS\Binn\;C:\Program Files (x86)\Microsoft SQL Server\100\Tools\Binn\VSShell\Common7\IDE\;C:\Program Files (x86)\Microsoft Visual Studio 9.0\Common7\IDE\PrivateAssemblies\;C:\Program Files (x86)\Microsoft SQL Server\100\DTS\Binn\;C:\Program Files\Java\jdk-11.0.7\bin;C:\Android\SDK\tools;C:\Android\SDK\platform-tools;C:\Program Files\nodejs\;C:\Program Files (x86)\gradle-6.2.2\bin;C:\apache-ant-1.10.7\bin;C:\xampp\mysql\bin;C:\maven\bin;C:\Users\josea\AppData\Local\Microsoft\WindowsApps;C:\Users\josea\AppData\Roaming\npm;C:\Users\josea\AppData\Local\Programs\Microsoft VS Code\bin;C:\Program Files\heroku\bin;C:\sts-4.6.1.RELEASE;
USERNAME=josea
OS=Windows_NT
PROCESSOR_IDENTIFIER=Intel64 Family 6 Model 142 Stepping 11, GenuineIntel



---------------  S Y S T E M  ---------------

OS: Windows 10 , 64 bit Build 18362 (10.0.18362.1350)

CPU:total 8 (initial active 8) (4 cores per cpu, 2 threads per core) family 6 model 142 stepping 11, cmov, cx8, fxsr, mmx, sse, sse2, sse3, ssse3, sse4.1, sse4.2, popcnt, avx, avx2, aes, clmul, erms, 3dnowpref, lzcnt, ht, tsc, tscinvbit, bmi1, bmi2, adx, fma

Memory: 4k page, system-wide physical 8068M (1888M free)
TotalPageFile size 11140M (AvailPageFile size 2910M)
current process WorkingSet (physical memory assigned to process): 351M, peak: 351M
current process commit charge ("private bytes"): 429M, peak: 429M

vm_info: Java HotSpot(TM) 64-Bit Server VM (11.0.7+8-LTS) for windows-amd64 JRE (11.0.7+8-LTS), built on Mar 12 2020 02:04:32 by "mach5one" with MS VC++ 15.5 (VS2017)

END.
