#
# A fatal error has been detected by the Java Runtime Environment:
#
#  EXCEPTION_ACCESS_VIOLATION (0xc0000005) at pc=0x00007ff988bd3936, pid=16192, tid=7880
#
# JRE version: Java(TM) SE Runtime Environment 18.9 (11.0.7+8) (build 11.0.7+8-LTS)
# Java VM: Java HotSpot(TM) 64-Bit Server VM 18.9 (11.0.7+8-LTS, mixed mode, tiered, compressed oops, g1 gc, windows-amd64)
# Problematic frame:
# V  [jvm.dll+0x6f3936]
#
# No core dump will be written. Minidumps are not enabled by default on client versions of Windows
#
# If you would like to submit a bug report, please visit:
#   https://bugreport.java.com/bugreport/crash.jsp
#

---------------  S U M M A R Y ------------

Command Line: -Dcom.sun.management.jmxremote -Dcom.sun.management.jmxremote.port=52775 -Dcom.sun.management.jmxremote.authenticate=false -Dcom.sun.management.jmxremote.ssl=false -Djava.rmi.server.hostname=localhost -Dspring.jmx.enabled=true -Dspring.application.admin.enabled=true -Xverify:none -XX:TieredStopAtLevel=1 -Dspring.boot.project.name=cursomc1 -Dfile.encoding=UTF-8 com.nelioalves.cursomc.CursomcApplication --spring.profiles.active=dev --spring.output.ansi.enabled=always

Host: Intel(R) Core(TM) i5-8265U CPU @ 1.60GHz, 8 cores, 7G,  Windows 10 , 64 bit Build 18362 (10.0.18362.1110)
Time: Sun Jan  3 21:45:54 2021 Hora oficial do Brasil elapsed time: 0 seconds (0d 0h 0m 0s)

---------------  T H R E A D  ---------------

Current thread (0x0000029533953800):  WatcherThread [stack: 0x000000ad12100000,0x000000ad12200000] [id=7880]

Stack: [0x000000ad12100000,0x000000ad12200000],  sp=0x000000ad121ff4d0,  free space=1021k
Native frames: (J=compiled Java code, j=interpreted, Vv=VM code, C=native code)
V  [jvm.dll+0x6f3936]
V  [jvm.dll+0x73fc7d]
V  [jvm.dll+0x765fe9]
V  [jvm.dll+0x75e875]
V  [jvm.dll+0x660b26]
C  [ucrtbase.dll+0x210b2]
C  [KERNEL32.DLL+0x17c24]
C  [ntdll.dll+0x6d4d1]


siginfo: EXCEPTION_ACCESS_VIOLATION (0xc0000005), reading address 0x0000000400000003


Register to memory mapping:

RIP=0x00007ff988bd3936 jvm.dll
RAX=0x0000000400000003 is an unknown value
RBX=0x0 is NULL
RCX=0x000002953393d000 points into unknown readable memory: e8 4a de 88 f9 7f 00 00
RDX=0x0000000000000032 is an unknown value
RSP=0x000000ad121ff4d0 points into unknown readable memory: 00 38 95 33 95 02 00 00
RBP=0x0000000000000002 is an unknown value
RSI=0x00000295338e6a10 points into unknown readable memory: 03 00 00 00 04 00 00 00
RDI=0x0000000000000001 is an unknown value
R8 =0x0 is NULL
R9 =0x000002951b520b80 is at begin+0 in a stub
StubRoutines::atomic_cmpxchg_long [0x000002951b520b80, 0x000002951b520b89[ (9 bytes)
R10=0x00000000546c6148 is an unknown value
R11=0x000008ab48347c01 is an unknown value
R12=0x0 is NULL
R13=0x0000029533953800 points into unknown readable memory: 18 92 de 88 f9 7f 00 00
R14=0x0000000000000032 is an unknown value
R15=0x000002953376ad40 points into unknown readable memory: 00 00 00 00 00 00 00 00


Registers:
RAX=0x0000000400000003, RBX=0x0000000000000000, RCX=0x000002953393d000, RDX=0x0000000000000032
RSP=0x000000ad121ff4d0, RBP=0x0000000000000002, RSI=0x00000295338e6a10, RDI=0x0000000000000001
R8 =0x0000000000000000, R9 =0x000002951b520b80, R10=0x00000000546c6148, R11=0x000008ab48347c01
R12=0x0000000000000000, R13=0x0000029533953800, R14=0x0000000000000032, R15=0x000002953376ad40
RIP=0x00007ff988bd3936, EFLAGS=0x0000000000010246

Top of Stack: (sp=0x000000ad121ff4d0)
0x000000ad121ff4d0:   0000029533953800 0000029533953800
0x000000ad121ff4e0:   0003b6cdec0bd1f4 00007ff988b142d9
0x000000ad121ff4f0:   00007ff988f8abc8 00007ff988c1fc7d
0x000000ad121ff500:   000002951313a8f0 000002951313a8f0
0x000000ad121ff510:   000002951313a8f0 431bde82d7b634db
0x000000ad121ff520:   000002953376ad40 0003b6cdec0bd1f4
0x000000ad121ff530:   000002951313a8f0 00007ff988c45fe9
0x000000ad121ff540:   0000000000000001 0000000000000032
0x000000ad121ff550:   0000000000000032 0000000000000002
0x000000ad121ff560:   0000000000000000 0000000000000000
0x000000ad121ff570:   0000000000000000 0000000000000000
0x000000ad121ff580:   0000000000000000 0000000000000000
0x000000ad121ff590:   0000000000000000 0000000000000000
0x000000ad121ff5a0:   0000029533953800 0000000000000000
0x000000ad121ff5b0:   0000000000100000 000000ad121ff800
0x000000ad121ff5c0:   000000ad12100000 00007ff988c3e875 

Instructions: (pc=0x00007ff988bd3936)
0x00007ff988bd3916:   cc cc cc cc cc cc cc cc cc cc 48 89 5c 24 10 56
0x00007ff988bd3926:   48 83 ec 20 48 8b 35 67 23 3b 00 33 db 48 8b 06
0x00007ff988bd3936:   39 18 7e 27 48 89 7c 24 30 8b fb 48 8b 40 18 48
0x00007ff988bd3946:   8b 0c 07 48 8b 01 ff 50 08 48 8b 06 48 8d 7f 08 


Stack slot to memory mapping:
stack at sp + 0 slots: 0x0000029533953800 points into unknown readable memory: 18 92 de 88 f9 7f 00 00
stack at sp + 1 slots: 0x0000029533953800 points into unknown readable memory: 18 92 de 88 f9 7f 00 00
stack at sp + 2 slots: 0x0003b6cdec0bd1f4 is an unknown value
stack at sp + 3 slots: 0x00007ff988b142d9 jvm.dll
stack at sp + 4 slots: 0x00007ff988f8abc8 jvm.dll
stack at sp + 5 slots: 0x00007ff988c1fc7d jvm.dll
stack at sp + 6 slots: 0x000002951313a8f0 points into unknown readable memory: 01 00 00 00 00 00 00 00
stack at sp + 7 slots: 0x000002951313a8f0 points into unknown readable memory: 01 00 00 00 00 00 00 00


---------------  P R O C E S S  ---------------

Threads class SMR info:
_java_thread_list=0x0000029533935a50, length=12, elements={
0x0000029513140000, 0x00000295325f1800, 0x00000295325fc000, 0x0000029532647000,
0x0000029532648000, 0x0000029532649000, 0x000002953264f000, 0x0000029531d9d000,
0x00000295328b2800, 0x00000295338f8800, 0x0000029533911000, 0x0000029533911800
}

Java Threads: ( => current thread )
  0x0000029513140000 JavaThread "main" [_thread_blocked, id=11644, stack(0x000000ad10d00000,0x000000ad10e00000)]
  0x00000295325f1800 JavaThread "Reference Handler" daemon [_thread_blocked, id=15332, stack(0x000000ad11400000,0x000000ad11500000)]
  0x00000295325fc000 JavaThread "Finalizer" daemon [_thread_blocked, id=17312, stack(0x000000ad11500000,0x000000ad11600000)]
  0x0000029532647000 JavaThread "Signal Dispatcher" daemon [_thread_blocked, id=6580, stack(0x000000ad11600000,0x000000ad11700000)]
  0x0000029532648000 JavaThread "Attach Listener" daemon [_thread_blocked, id=4688, stack(0x000000ad11700000,0x000000ad11800000)]
  0x0000029532649000 JavaThread "C1 CompilerThread0" daemon [_thread_in_vm, id=8448, stack(0x000000ad11800000,0x000000ad11900000)]
  0x000002953264f000 JavaThread "Sweeper thread" daemon [_thread_blocked, id=17728, stack(0x000000ad11900000,0x000000ad11a00000)]
  0x0000029531d9d000 JavaThread "Common-Cleaner" daemon [_thread_blocked, id=19068, stack(0x000000ad11a00000,0x000000ad11b00000)]
  0x00000295328b2800 JavaThread "Service Thread" daemon [_thread_blocked, id=6856, stack(0x000000ad11b00000,0x000000ad11c00000)]
  0x00000295338f8800 JavaThread "RMI TCP Accept-0" daemon [_thread_in_native, id=17196, stack(0x000000ad11e00000,0x000000ad11f00000)]
  0x0000029533911000 JavaThread "RMI TCP Accept-52775" daemon [_thread_in_native, id=12192, stack(0x000000ad11f00000,0x000000ad12000000)]
  0x0000029533911800 JavaThread "RMI TCP Accept-0" daemon [_thread_in_native, id=4564, stack(0x000000ad12000000,0x000000ad12100000)]

Other Threads:
  0x0000029531ddf000 VMThread "VM Thread" [stack: 0x000000ad11300000,0x000000ad11400000] [id=19016]
=>0x0000029533953800 WatcherThread [stack: 0x000000ad12100000,0x000000ad12200000] [id=7880]
  0x0000029513156800 GCTaskThread "GC Thread#0" [stack: 0x000000ad10e00000,0x000000ad10f00000] [id=21564]
  0x0000029533868800 GCTaskThread "GC Thread#1" [stack: 0x000000ad11c00000,0x000000ad11d00000] [id=19916]
  0x0000029533869800 GCTaskThread "GC Thread#2" [stack: 0x000000ad11d00000,0x000000ad11e00000] [id=14536]
  0x0000029513186800 ConcurrentGCThread "G1 Main Marker" [stack: 0x000000ad10f00000,0x000000ad11000000] [id=19308]
  0x0000029513189000 ConcurrentGCThread "G1 Conc#0" [stack: 0x000000ad11000000,0x000000ad11100000] [id=9480]
  0x00000295131ed800 ConcurrentGCThread "G1 Refine#0" [stack: 0x000000ad11100000,0x000000ad11200000] [id=18664]
  0x0000029531c2d800 ConcurrentGCThread "G1 Young RemSet Sampling" [stack: 0x000000ad11200000,0x000000ad11300000] [id=4520]

Threads with active compile tasks:
C1 CompilerThread01041       1       jdk.internal.ref.PhantomCleanable::clean (16 bytes)

VM state:synchronizing (normal execution)

VM Mutex/Monitor currently owned by a thread:  ([mutex/lock_event])
[0x0000029513139b70] Threads_lock - owner thread: 0x0000029531ddf000
[0x0000029513139780] Compile_lock - owner thread: 0x0000029513140000
[0x000002951313a8f0] PeriodicTask_lock - owner thread: 0x0000029533953800

Heap address: 0x0000000081e00000, size: 2018 MB, Compressed Oops mode: 32-bit
Narrow klass base: 0x0000000000000000, Narrow klass shift: 3
Compressed class space size: 1073741824 Address: 0x0000000100000000

Heap:
 garbage-first heap   total 131072K, used 23413K [0x0000000081e00000, 0x0000000100000000)
  region size 1024K, 9 young (9216K), 3 survivors (3072K)
 Metaspace       used 12388K, capacity 12751K, committed 12928K, reserved 1060864K
  class space    used 1301K, capacity 1404K, committed 1408K, reserved 1048576K
Heap Regions: E=young(eden), S=young(survivor), O=old, HS=humongous(starts), HC=humongous(continues), CS=collection set, F=free, A=archive, TAMS=top-at-mark-start (previous, next)
|   0|0x0000000081e00000, 0x0000000081f00000, 0x0000000081f00000|100%| O|  |TAMS 0x0000000081e00000, 0x0000000081e00000| Untracked 
|   1|0x0000000081f00000, 0x0000000082000000, 0x0000000082000000|100%| O|  |TAMS 0x0000000081f00000, 0x0000000081f00000| Untracked 
|   2|0x0000000082000000, 0x0000000082100000, 0x0000000082100000|100%| O|  |TAMS 0x0000000082000000, 0x0000000082000000| Untracked 
|   3|0x0000000082100000, 0x0000000082200000, 0x0000000082200000|100%| O|  |TAMS 0x0000000082100000, 0x0000000082100000| Untracked 
|   4|0x0000000082200000, 0x0000000082300000, 0x0000000082300000|100%| O|  |TAMS 0x0000000082200000, 0x0000000082200000| Untracked 
|   5|0x0000000082300000, 0x0000000082400000, 0x0000000082400000|100%| O|  |TAMS 0x0000000082300000, 0x0000000082300000| Untracked 
|   6|0x0000000082400000, 0x0000000082500000, 0x0000000082500000|100%| O|  |TAMS 0x0000000082400000, 0x0000000082400000| Untracked 
|   7|0x0000000082500000, 0x0000000082600000, 0x0000000082600000|100%| O|  |TAMS 0x0000000082500000, 0x0000000082500000| Untracked 
|   8|0x0000000082600000, 0x0000000082700000, 0x0000000082700000|100%| O|  |TAMS 0x0000000082600000, 0x0000000082600000| Untracked 
|   9|0x0000000082700000, 0x0000000082800000, 0x0000000082800000|100%| O|  |TAMS 0x0000000082700000, 0x0000000082700000| Untracked 
|  10|0x0000000082800000, 0x0000000082900000, 0x0000000082900000|100%| O|  |TAMS 0x0000000082800000, 0x0000000082800000| Untracked 
|  11|0x0000000082900000, 0x0000000082a00000, 0x0000000082a00000|100%| O|  |TAMS 0x0000000082900000, 0x0000000082900000| Untracked 
|  12|0x0000000082a00000, 0x0000000082b00000, 0x0000000082b00000|100%| O|  |TAMS 0x0000000082a00000, 0x0000000082a00000| Untracked 
|  13|0x0000000082b00000, 0x0000000082c00000, 0x0000000082c00000|100%| O|  |TAMS 0x0000000082b00000, 0x0000000082b00000| Untracked 
|  14|0x0000000082c00000, 0x0000000082d00000, 0x0000000082d00000|100%| O|  |TAMS 0x0000000082c00000, 0x0000000082c00000| Untracked 
|  15|0x0000000082d00000, 0x0000000082ddd600, 0x0000000082e00000| 86%| O|  |TAMS 0x0000000082d00000, 0x0000000082d00000| Untracked 
|  16|0x0000000082e00000, 0x0000000082e00000, 0x0000000082f00000|  0%| F|  |TAMS 0x0000000082e00000, 0x0000000082e00000| Untracked 
|  17|0x0000000082f00000, 0x0000000082f00000, 0x0000000083000000|  0%| F|  |TAMS 0x0000000082f00000, 0x0000000082f00000| Untracked 
|  18|0x0000000083000000, 0x0000000083000000, 0x0000000083100000|  0%| F|  |TAMS 0x0000000083000000, 0x0000000083000000| Untracked 
|  19|0x0000000083100000, 0x0000000083100000, 0x0000000083200000|  0%| F|  |TAMS 0x0000000083100000, 0x0000000083100000| Untracked 
|  20|0x0000000083200000, 0x0000000083200000, 0x0000000083300000|  0%| F|  |TAMS 0x0000000083200000, 0x0000000083200000| Untracked 
|  21|0x0000000083300000, 0x0000000083300000, 0x0000000083400000|  0%| F|  |TAMS 0x0000000083300000, 0x0000000083300000| Untracked 
|  22|0x0000000083400000, 0x0000000083400000, 0x0000000083500000|  0%| F|  |TAMS 0x0000000083400000, 0x0000000083400000| Untracked 
|  23|0x0000000083500000, 0x0000000083500000, 0x0000000083600000|  0%| F|  |TAMS 0x0000000083500000, 0x0000000083500000| Untracked 
|  24|0x0000000083600000, 0x0000000083600000, 0x0000000083700000|  0%| F|  |TAMS 0x0000000083600000, 0x0000000083600000| Untracked 
|  25|0x0000000083700000, 0x0000000083700000, 0x0000000083800000|  0%| F|  |TAMS 0x0000000083700000, 0x0000000083700000| Untracked 
|  26|0x0000000083800000, 0x0000000083800000, 0x0000000083900000|  0%| F|  |TAMS 0x0000000083800000, 0x0000000083800000| Untracked 
|  27|0x0000000083900000, 0x0000000083900000, 0x0000000083a00000|  0%| F|  |TAMS 0x0000000083900000, 0x0000000083900000| Untracked 
|  28|0x0000000083a00000, 0x0000000083a00000, 0x0000000083b00000|  0%| F|  |TAMS 0x0000000083a00000, 0x0000000083a00000| Untracked 
|  29|0x0000000083b00000, 0x0000000083b00000, 0x0000000083c00000|  0%| F|  |TAMS 0x0000000083b00000, 0x0000000083b00000| Untracked 
|  30|0x0000000083c00000, 0x0000000083c00000, 0x0000000083d00000|  0%| F|  |TAMS 0x0000000083c00000, 0x0000000083c00000| Untracked 
|  31|0x0000000083d00000, 0x0000000083d00000, 0x0000000083e00000|  0%| F|  |TAMS 0x0000000083d00000, 0x0000000083d00000| Untracked 
|  32|0x0000000083e00000, 0x0000000083e00000, 0x0000000083f00000|  0%| F|  |TAMS 0x0000000083e00000, 0x0000000083e00000| Untracked 
|  33|0x0000000083f00000, 0x0000000083f00000, 0x0000000084000000|  0%| F|  |TAMS 0x0000000083f00000, 0x0000000083f00000| Untracked 
|  34|0x0000000084000000, 0x0000000084000000, 0x0000000084100000|  0%| F|  |TAMS 0x0000000084000000, 0x0000000084000000| Untracked 
|  35|0x0000000084100000, 0x0000000084100000, 0x0000000084200000|  0%| F|  |TAMS 0x0000000084100000, 0x0000000084100000| Untracked 
|  36|0x0000000084200000, 0x0000000084200000, 0x0000000084300000|  0%| F|  |TAMS 0x0000000084200000, 0x0000000084200000| Untracked 
|  37|0x0000000084300000, 0x0000000084300000, 0x0000000084400000|  0%| F|  |TAMS 0x0000000084300000, 0x0000000084300000| Untracked 
|  38|0x0000000084400000, 0x0000000084400000, 0x0000000084500000|  0%| F|  |TAMS 0x0000000084400000, 0x0000000084400000| Untracked 
|  39|0x0000000084500000, 0x0000000084500000, 0x0000000084600000|  0%| F|  |TAMS 0x0000000084500000, 0x0000000084500000| Untracked 
|  40|0x0000000084600000, 0x0000000084600000, 0x0000000084700000|  0%| F|  |TAMS 0x0000000084600000, 0x0000000084600000| Untracked 
|  41|0x0000000084700000, 0x0000000084700000, 0x0000000084800000|  0%| F|  |TAMS 0x0000000084700000, 0x0000000084700000| Untracked 
|  42|0x0000000084800000, 0x0000000084800000, 0x0000000084900000|  0%| F|  |TAMS 0x0000000084800000, 0x0000000084800000| Untracked 
|  43|0x0000000084900000, 0x0000000084900000, 0x0000000084a00000|  0%| F|  |TAMS 0x0000000084900000, 0x0000000084900000| Untracked 
|  44|0x0000000084a00000, 0x0000000084a00000, 0x0000000084b00000|  0%| F|  |TAMS 0x0000000084a00000, 0x0000000084a00000| Untracked 
|  45|0x0000000084b00000, 0x0000000084b00000, 0x0000000084c00000|  0%| F|  |TAMS 0x0000000084b00000, 0x0000000084b00000| Untracked 
|  46|0x0000000084c00000, 0x0000000084c00000, 0x0000000084d00000|  0%| F|  |TAMS 0x0000000084c00000, 0x0000000084c00000| Untracked 
|  47|0x0000000084d00000, 0x0000000084d00000, 0x0000000084e00000|  0%| F|  |TAMS 0x0000000084d00000, 0x0000000084d00000| Untracked 
|  48|0x0000000084e00000, 0x0000000084e00000, 0x0000000084f00000|  0%| F|  |TAMS 0x0000000084e00000, 0x0000000084e00000| Untracked 
|  49|0x0000000084f00000, 0x0000000084f00000, 0x0000000085000000|  0%| F|  |TAMS 0x0000000084f00000, 0x0000000084f00000| Untracked 
|  50|0x0000000085000000, 0x0000000085000000, 0x0000000085100000|  0%| F|  |TAMS 0x0000000085000000, 0x0000000085000000| Untracked 
|  51|0x0000000085100000, 0x0000000085100000, 0x0000000085200000|  0%| F|  |TAMS 0x0000000085100000, 0x0000000085100000| Untracked 
|  52|0x0000000085200000, 0x0000000085200000, 0x0000000085300000|  0%| F|  |TAMS 0x0000000085200000, 0x0000000085200000| Untracked 
|  53|0x0000000085300000, 0x0000000085300000, 0x0000000085400000|  0%| F|  |TAMS 0x0000000085300000, 0x0000000085300000| Untracked 
|  54|0x0000000085400000, 0x0000000085400000, 0x0000000085500000|  0%| F|  |TAMS 0x0000000085400000, 0x0000000085400000| Untracked 
|  55|0x0000000085500000, 0x0000000085500000, 0x0000000085600000|  0%| F|  |TAMS 0x0000000085500000, 0x0000000085500000| Untracked 
|  56|0x0000000085600000, 0x0000000085600000, 0x0000000085700000|  0%| F|  |TAMS 0x0000000085600000, 0x0000000085600000| Untracked 
|  57|0x0000000085700000, 0x0000000085700000, 0x0000000085800000|  0%| F|  |TAMS 0x0000000085700000, 0x0000000085700000| Untracked 
|  58|0x0000000085800000, 0x0000000085800000, 0x0000000085900000|  0%| F|  |TAMS 0x0000000085800000, 0x0000000085800000| Untracked 
|  59|0x0000000085900000, 0x0000000085900000, 0x0000000085a00000|  0%| F|  |TAMS 0x0000000085900000, 0x0000000085900000| Untracked 
|  60|0x0000000085a00000, 0x0000000085a00000, 0x0000000085b00000|  0%| F|  |TAMS 0x0000000085a00000, 0x0000000085a00000| Untracked 
|  61|0x0000000085b00000, 0x0000000085b00000, 0x0000000085c00000|  0%| F|  |TAMS 0x0000000085b00000, 0x0000000085b00000| Untracked 
|  62|0x0000000085c00000, 0x0000000085c00000, 0x0000000085d00000|  0%| F|  |TAMS 0x0000000085c00000, 0x0000000085c00000| Untracked 
|  63|0x0000000085d00000, 0x0000000085d00000, 0x0000000085e00000|  0%| F|  |TAMS 0x0000000085d00000, 0x0000000085d00000| Untracked 
|  64|0x0000000085e00000, 0x0000000085e00000, 0x0000000085f00000|  0%| F|  |TAMS 0x0000000085e00000, 0x0000000085e00000| Untracked 
|  65|0x0000000085f00000, 0x0000000085f00000, 0x0000000086000000|  0%| F|  |TAMS 0x0000000085f00000, 0x0000000085f00000| Untracked 
|  66|0x0000000086000000, 0x0000000086000000, 0x0000000086100000|  0%| F|  |TAMS 0x0000000086000000, 0x0000000086000000| Untracked 
|  67|0x0000000086100000, 0x0000000086100000, 0x0000000086200000|  0%| F|  |TAMS 0x0000000086100000, 0x0000000086100000| Untracked 
|  68|0x0000000086200000, 0x0000000086200000, 0x0000000086300000|  0%| F|  |TAMS 0x0000000086200000, 0x0000000086200000| Untracked 
|  69|0x0000000086300000, 0x0000000086300000, 0x0000000086400000|  0%| F|  |TAMS 0x0000000086300000, 0x0000000086300000| Untracked 
|  70|0x0000000086400000, 0x0000000086400000, 0x0000000086500000|  0%| F|  |TAMS 0x0000000086400000, 0x0000000086400000| Untracked 
|  71|0x0000000086500000, 0x0000000086500000, 0x0000000086600000|  0%| F|  |TAMS 0x0000000086500000, 0x0000000086500000| Untracked 
|  72|0x0000000086600000, 0x0000000086600000, 0x0000000086700000|  0%| F|  |TAMS 0x0000000086600000, 0x0000000086600000| Untracked 
|  73|0x0000000086700000, 0x0000000086700000, 0x0000000086800000|  0%| F|  |TAMS 0x0000000086700000, 0x0000000086700000| Untracked 
|  74|0x0000000086800000, 0x0000000086800000, 0x0000000086900000|  0%| F|  |TAMS 0x0000000086800000, 0x0000000086800000| Untracked 
|  75|0x0000000086900000, 0x0000000086900000, 0x0000000086a00000|  0%| F|  |TAMS 0x0000000086900000, 0x0000000086900000| Untracked 
|  76|0x0000000086a00000, 0x0000000086a00000, 0x0000000086b00000|  0%| F|  |TAMS 0x0000000086a00000, 0x0000000086a00000| Untracked 
|  77|0x0000000086b00000, 0x0000000086b00000, 0x0000000086c00000|  0%| F|  |TAMS 0x0000000086b00000, 0x0000000086b00000| Untracked 
|  78|0x0000000086c00000, 0x0000000086c00000, 0x0000000086d00000|  0%| F|  |TAMS 0x0000000086c00000, 0x0000000086c00000| Untracked 
|  79|0x0000000086d00000, 0x0000000086d00000, 0x0000000086e00000|  0%| F|  |TAMS 0x0000000086d00000, 0x0000000086d00000| Untracked 
|  80|0x0000000086e00000, 0x0000000086e00000, 0x0000000086f00000|  0%| F|  |TAMS 0x0000000086e00000, 0x0000000086e00000| Untracked 
|  81|0x0000000086f00000, 0x0000000086f00000, 0x0000000087000000|  0%| F|  |TAMS 0x0000000086f00000, 0x0000000086f00000| Untracked 
|  82|0x0000000087000000, 0x0000000087000000, 0x0000000087100000|  0%| F|  |TAMS 0x0000000087000000, 0x0000000087000000| Untracked 
|  83|0x0000000087100000, 0x0000000087100000, 0x0000000087200000|  0%| F|  |TAMS 0x0000000087100000, 0x0000000087100000| Untracked 
|  84|0x0000000087200000, 0x0000000087200000, 0x0000000087300000|  0%| F|  |TAMS 0x0000000087200000, 0x0000000087200000| Untracked 
|  85|0x0000000087300000, 0x0000000087300000, 0x0000000087400000|  0%| F|  |TAMS 0x0000000087300000, 0x0000000087300000| Untracked 
|  86|0x0000000087400000, 0x0000000087400000, 0x0000000087500000|  0%| F|  |TAMS 0x0000000087400000, 0x0000000087400000| Untracked 
|  87|0x0000000087500000, 0x0000000087500000, 0x0000000087600000|  0%| F|  |TAMS 0x0000000087500000, 0x0000000087500000| Untracked 
|  88|0x0000000087600000, 0x0000000087600000, 0x0000000087700000|  0%| F|  |TAMS 0x0000000087600000, 0x0000000087600000| Untracked 
|  89|0x0000000087700000, 0x0000000087700000, 0x0000000087800000|  0%| F|  |TAMS 0x0000000087700000, 0x0000000087700000| Untracked 
|  90|0x0000000087800000, 0x0000000087800000, 0x0000000087900000|  0%| F|  |TAMS 0x0000000087800000, 0x0000000087800000| Untracked 
|  91|0x0000000087900000, 0x0000000087900000, 0x0000000087a00000|  0%| F|  |TAMS 0x0000000087900000, 0x0000000087900000| Untracked 
|  92|0x0000000087a00000, 0x0000000087a00000, 0x0000000087b00000|  0%| F|  |TAMS 0x0000000087a00000, 0x0000000087a00000| Untracked 
|  93|0x0000000087b00000, 0x0000000087b00000, 0x0000000087c00000|  0%| F|  |TAMS 0x0000000087b00000, 0x0000000087b00000| Untracked 
|  94|0x0000000087c00000, 0x0000000087c00000, 0x0000000087d00000|  0%| F|  |TAMS 0x0000000087c00000, 0x0000000087c00000| Untracked 
|  95|0x0000000087d00000, 0x0000000087d00000, 0x0000000087e00000|  0%| F|  |TAMS 0x0000000087d00000, 0x0000000087d00000| Untracked 
|  96|0x0000000087e00000, 0x0000000087e00000, 0x0000000087f00000|  0%| F|  |TAMS 0x0000000087e00000, 0x0000000087e00000| Untracked 
|  97|0x0000000087f00000, 0x0000000087f00000, 0x0000000088000000|  0%| F|  |TAMS 0x0000000087f00000, 0x0000000087f00000| Untracked 
|  98|0x0000000088000000, 0x0000000088000000, 0x0000000088100000|  0%| F|  |TAMS 0x0000000088000000, 0x0000000088000000| Untracked 
|  99|0x0000000088100000, 0x0000000088100000, 0x0000000088200000|  0%| F|  |TAMS 0x0000000088100000, 0x0000000088100000| Untracked 
| 100|0x0000000088200000, 0x0000000088200000, 0x0000000088300000|  0%| F|  |TAMS 0x0000000088200000, 0x0000000088200000| Untracked 
| 101|0x0000000088300000, 0x0000000088400000, 0x0000000088400000|100%| S|CS|TAMS 0x0000000088300000, 0x0000000088300000| Complete 
| 102|0x0000000088400000, 0x0000000088500000, 0x0000000088500000|100%| S|CS|TAMS 0x0000000088400000, 0x0000000088400000| Complete 
| 103|0x0000000088500000, 0x0000000088600000, 0x0000000088600000|100%| S|CS|TAMS 0x0000000088500000, 0x0000000088500000| Complete 
| 104|0x0000000088600000, 0x0000000088600000, 0x0000000088700000|  0%| F|  |TAMS 0x0000000088600000, 0x0000000088600000| Untracked 
| 105|0x0000000088700000, 0x0000000088700000, 0x0000000088800000|  0%| F|  |TAMS 0x0000000088700000, 0x0000000088700000| Untracked 
| 106|0x0000000088800000, 0x0000000088800000, 0x0000000088900000|  0%| F|  |TAMS 0x0000000088800000, 0x0000000088800000| Untracked 
| 107|0x0000000088900000, 0x0000000088900000, 0x0000000088a00000|  0%| F|  |TAMS 0x0000000088900000, 0x0000000088900000| Untracked 
| 108|0x0000000088a00000, 0x0000000088a00000, 0x0000000088b00000|  0%| F|  |TAMS 0x0000000088a00000, 0x0000000088a00000| Untracked 
| 109|0x0000000088b00000, 0x0000000088b00000, 0x0000000088c00000|  0%| F|  |TAMS 0x0000000088b00000, 0x0000000088b00000| Untracked 
| 110|0x0000000088c00000, 0x0000000088c00000, 0x0000000088d00000|  0%| F|  |TAMS 0x0000000088c00000, 0x0000000088c00000| Untracked 
| 111|0x0000000088d00000, 0x0000000088d00000, 0x0000000088e00000|  0%| F|  |TAMS 0x0000000088d00000, 0x0000000088d00000| Untracked 
| 112|0x0000000088e00000, 0x0000000088e00000, 0x0000000088f00000|  0%| F|  |TAMS 0x0000000088e00000, 0x0000000088e00000| Untracked 
| 113|0x0000000088f00000, 0x0000000088f00000, 0x0000000089000000|  0%| F|  |TAMS 0x0000000088f00000, 0x0000000088f00000| Untracked 
| 114|0x0000000089000000, 0x0000000089000000, 0x0000000089100000|  0%| F|  |TAMS 0x0000000089000000, 0x0000000089000000| Untracked 
| 115|0x0000000089100000, 0x0000000089100000, 0x0000000089200000|  0%| F|  |TAMS 0x0000000089100000, 0x0000000089100000| Untracked 
| 116|0x0000000089200000, 0x0000000089200000, 0x0000000089300000|  0%| F|  |TAMS 0x0000000089200000, 0x0000000089200000| Untracked 
| 117|0x0000000089300000, 0x0000000089300000, 0x0000000089400000|  0%| F|  |TAMS 0x0000000089300000, 0x0000000089300000| Untracked 
| 118|0x0000000089400000, 0x0000000089400000, 0x0000000089500000|  0%| F|  |TAMS 0x0000000089400000, 0x0000000089400000| Untracked 
| 119|0x0000000089500000, 0x0000000089500000, 0x0000000089600000|  0%| F|  |TAMS 0x0000000089500000, 0x0000000089500000| Untracked 
| 120|0x0000000089600000, 0x0000000089600000, 0x0000000089700000|  0%| F|  |TAMS 0x0000000089600000, 0x0000000089600000| Untracked 
| 121|0x0000000089700000, 0x0000000089700000, 0x0000000089800000|  0%| F|  |TAMS 0x0000000089700000, 0x0000000089700000| Untracked 
| 122|0x0000000089800000, 0x0000000089846958, 0x0000000089900000| 27%| E|  |TAMS 0x0000000089800000, 0x0000000089800000| Complete 
| 123|0x0000000089900000, 0x0000000089a00000, 0x0000000089a00000|100%| E|CS|TAMS 0x0000000089900000, 0x0000000089900000| Complete 
| 124|0x0000000089a00000, 0x0000000089b00000, 0x0000000089b00000|100%| E|  |TAMS 0x0000000089a00000, 0x0000000089a00000| Complete 
| 125|0x0000000089b00000, 0x0000000089c00000, 0x0000000089c00000|100%| E|CS|TAMS 0x0000000089b00000, 0x0000000089b00000| Complete 
| 126|0x0000000089c00000, 0x0000000089d00000, 0x0000000089d00000|100%| E|CS|TAMS 0x0000000089c00000, 0x0000000089c00000| Complete 
| 127|0x0000000089d00000, 0x0000000089e00000, 0x0000000089e00000|100%| E|CS|TAMS 0x0000000089d00000, 0x0000000089d00000| Complete 

Card table byte_map: [0x000002952ac50000,0x000002952b050000] _byte_map_base: 0x000002952a841000

Marking Bits (Prev, Next): (CMBitMap*) 0x000002951317dcd8, (CMBitMap*) 0x000002951317dd10
 Prev Bits: [0x000002952b450000, 0x000002952d3d8000)
 Next Bits: [0x000002952d3e0000, 0x000002952f368000)

Polling page: 0x0000029510f70000

Metaspace:

Usage:
  Non-class:     11.08 MB capacity,    10.83 MB ( 98%) used,   229.62 KB (  2%) free+waste,    29.88 KB ( <1%) overhead. 
      Class:      1.37 MB capacity,     1.27 MB ( 93%) used,    88.02 KB (  6%) free+waste,    14.81 KB (  1%) overhead. 
       Both:     12.45 MB capacity,    12.10 MB ( 97%) used,   317.64 KB (  2%) free+waste,    44.69 KB ( <1%) overhead. 

Virtual space:
  Non-class space:       12.00 MB reserved,      11.25 MB ( 94%) committed 
      Class space:        1.00 GB reserved,       1.38 MB ( <1%) committed 
             Both:        1.01 GB reserved,      12.63 MB (  1%) committed 

Chunk freelists:
   Non-Class:  5.63 KB
       Class:  512 bytes
        Both:  6.13 KB

CodeHeap 'non-profiled nmethods': size=238336Kb used=1405Kb max_used=1405Kb free=236930Kb
 bounds [0x000002951bc60000, 0x000002951bed0000, 0x000002952a520000]
CodeHeap 'non-nmethods': size=7424Kb used=1096Kb max_used=1096Kb free=6327Kb
 bounds [0x000002951b520000, 0x000002951b790000, 0x000002951bc60000]
 total_blobs=1455 nmethods=1040 adapters=326
 compilation: enabled
              stopped_count=0, restarted_count=0
 full_count=0

Compilation events (10 events):
Event: 0.654 Thread 0x0000029532649000 1033       1       java.lang.invoke.MethodHandles$Lookup::checkField (56 bytes)
Event: 0.655 Thread 0x0000029532649000 nmethod 1033 0x000002951bdbb390 code [0x000002951bdbb540, 0x000002951bdbb720]
Event: 0.655 Thread 0x0000029532649000 1037   !   1       java.util.concurrent.ConcurrentHashMap::computeIfAbsent (576 bytes)
Event: 0.656 Thread 0x0000029532649000 nmethod 1037 0x000002951bdbb810 code [0x000002951bdbbb20, 0x000002951bdbd0f0]
Event: 0.662 Thread 0x0000029532649000 1039       1       java.util.WeakHashMap::put (162 bytes)
Event: 0.663 Thread 0x0000029532649000 nmethod 1039 0x000002951bdbdd90 code [0x000002951bdbdfa0, 0x000002951bdbe680]
Event: 0.663 Thread 0x0000029532649000 1038       1       java.util.jar.Manifest$FastInputStream::readLine (296 bytes)
Event: 0.663 Thread 0x0000029532649000 nmethod 1038 0x000002951bdbe910 code [0x000002951bdbeb00, 0x000002951bdbeff0]
Event: 0.663 Thread 0x0000029532649000 1040       1       java.lang.ref.Reference::clear (6 bytes)
Event: 0.663 Thread 0x0000029532649000 nmethod 1040 0x000002951bdbf310 code [0x000002951bdbf4a0, 0x000002951bdbf5d8]

GC Heap History (2 events):
Event: 0.413 GC heap before
{Heap before GC invocations=0 (full 0):
 garbage-first heap   total 131072K, used 23552K [0x0000000081e00000, 0x0000000100000000)
  region size 1024K, 24 young (24576K), 0 survivors (0K)
 Metaspace       used 8338K, capacity 8484K, committed 8576K, reserved 1056768K
  class space    used 824K, capacity 875K, committed 896K, reserved 1048576K
}
Event: 0.420 GC heap after
{Heap after GC invocations=1 (full 0):
 garbage-first heap   total 131072K, used 19317K [0x0000000081e00000, 0x0000000100000000)
  region size 1024K, 3 young (3072K), 3 survivors (3072K)
 Metaspace       used 8338K, capacity 8484K, committed 8576K, reserved 1056768K
  class space    used 824K, capacity 875K, committed 896K, reserved 1048576K
}

Deoptimization events (0 events):
No events

Classes redefined (0 events):
No events

Internal exceptions (10 events):
Event: 0.464 Thread 0x0000029513140000 Exception <a 'java/lang/NoSuchMethodError'{0x0000000089c86e20}: java.lang.invoke.DirectMethodHandle$Holder.invokeSpecialIFC(Ljava/lang/Object;Ljava/lang/Object;Ljava/lang/Object;)I> (0x0000000089c86e20) thrown at [./open/src/hotspot/share/interpreter/link
Event: 0.477 Thread 0x0000029513140000 Exception <a 'java/lang/NoSuchMethodError'{0x0000000089cef5e8}: java.lang.invoke.DirectMethodHandle$Holder.invokeStatic(Ljava/lang/Object;IIII)Ljava/lang/Object;> (0x0000000089cef5e8) thrown at [./open/src/hotspot/share/interpreter/linkResolver.cpp, line 
Event: 0.477 Thread 0x0000029513140000 Exception <a 'java/lang/NoSuchMethodError'{0x0000000089cf2700}: java.lang.invoke.DirectMethodHandle$Holder.invokeStaticInit(Ljava/lang/Object;IIII)Ljava/lang/Object;> (0x0000000089cf2700) thrown at [./open/src/hotspot/share/interpreter/linkResolver.cpp, l
Event: 0.619 Thread 0x0000029513140000 Exception <a 'java/lang/NoSuchMethodError'{0x0000000089b2ffe8}: java.lang.invoke.DirectMethodHandle$Holder.invokeStatic(Ljava/lang/Object;Ljava/lang/Object;IIII)Ljava/lang/Object;> (0x0000000089b2ffe8) thrown at [./open/src/hotspot/share/interpreter/linkR
Event: 0.619 Thread 0x0000029513140000 Exception <a 'java/lang/NoSuchMethodError'{0x0000000089b33330}: java.lang.invoke.DirectMethodHandle$Holder.invokeStaticInit(Ljava/lang/Object;Ljava/lang/Object;IIII)Ljava/lang/Object;> (0x0000000089b33330) thrown at [./open/src/hotspot/share/interpreter/l
Event: 0.625 Thread 0x0000029513140000 Exception <a 'java/lang/ClassNotFoundException'{0x0000000089b50ad0}: javax/management/remote/rmi/RMIServerImpl_Skel> (0x0000000089b50ad0) thrown at [./open/src/hotspot/share/classfile/systemDictionary.cpp, line 228]
Event: 0.648 Thread 0x0000029513140000 Exception <a 'java/lang/ClassNotFoundException'{0x0000000089a210e8}: jdk/internal/agent/resources/spi/agentProvider> (0x0000000089a210e8) thrown at [./open/src/hotspot/share/classfile/systemDictionary.cpp, line 228]
Event: 0.653 Thread 0x0000029513140000 Exception <a 'java/lang/NoSuchMethodError'{0x0000000089a769f0}: java.lang.invoke.DirectMethodHandle$Holder.invokeStatic(Ljava/lang/Object;Ljava/lang/Object;Ljava/lang/Object;Ljava/lang/Object;Ljava/lang/Object;Ljava/lang/Object;Ljava/lang/Object;Ljava/lan
Event: 0.653 Thread 0x0000029513140000 Exception <a 'java/lang/NoSuchMethodError'{0x0000000089a83210}: java.lang.invoke.DirectMethodHandle$Holder.invokeStatic(Ljava/lang/Object;Ljava/lang/Object;Ljava/lang/Object;Ljava/lang/Object;Ljava/lang/Object;Ljava/lang/Object;Ljava/lang/Object;Ljava/lan
Event: 0.654 Thread 0x0000029513140000 Exception <a 'java/lang/NoSuchMethodError'{0x0000000089a9cf28}: java.lang.invoke.DelegatingMethodHandle$Holder.reinvoke_L(Ljava/lang/Object;ILjava/lang/Object;)Ljava/lang/Object;> (0x0000000089a9cf28) thrown at [./open/src/hotspot/share/interpreter/linkRe

Events (10 events):
Event: 0.672 loading class sun/net/www/protocol/jar/JarFileFactory done
Event: 0.672 loading class sun/net/www/protocol/file/FileURLConnection
Event: 0.673 loading class sun/net/www/URLConnection
Event: 0.673 loading class sun/net/www/URLConnection done
Event: 0.673 loading class sun/net/www/protocol/file/FileURLConnection done
Event: 0.673 loading class sun/net/www/MessageHeader
Event: 0.673 loading class sun/net/www/MessageHeader done
Event: 0.673 loading class sun/net/www/protocol/jar/URLJarFile
Event: 0.673 loading class sun/net/www/protocol/jar/URLJarFile done
Event: 0.673 Executing VM operation: Deoptimize


Dynamic libraries:
0x00007ff619310000 - 0x00007ff619357000 	C:\Program Files\Java\jdk-11.0.7\bin\javaw.exe
0x00007ff9ccd60000 - 0x00007ff9ccf50000 	C:\Windows\SYSTEM32\ntdll.dll
0x00007ff9cbe00000 - 0x00007ff9cbeb2000 	C:\Windows\System32\KERNEL32.DLL
0x00007ff9ca7d0000 - 0x00007ff9caa75000 	C:\Windows\System32\KERNELBASE.dll
0x00007ff9c46c0000 - 0x00007ff9c474f000 	C:\Windows\SYSTEM32\apphelp.dll
0x00007ff9cb830000 - 0x00007ff9cb8d3000 	C:\Windows\System32\ADVAPI32.dll
0x00007ff9cbec0000 - 0x00007ff9cbf5e000 	C:\Windows\System32\msvcrt.dll
0x00007ff9ccc80000 - 0x00007ff9ccd17000 	C:\Windows\System32\sechost.dll
0x00007ff9cc350000 - 0x00007ff9cc470000 	C:\Windows\System32\RPCRT4.dll
0x00007ff9cc9b0000 - 0x00007ff9ccb44000 	C:\Windows\System32\USER32.dll
0x00007ff9c9e10000 - 0x00007ff9c9e31000 	C:\Windows\System32\win32u.dll
0x00007ff9cc2a0000 - 0x00007ff9cc2c6000 	C:\Windows\System32\GDI32.dll
0x00007ff9caa80000 - 0x00007ff9cac16000 	C:\Windows\System32\gdi32full.dll
0x00007ff9cad70000 - 0x00007ff9cae0e000 	C:\Windows\System32\msvcp_win.dll
0x00007ff9cac50000 - 0x00007ff9cad4a000 	C:\Windows\System32\ucrtbase.dll
0x00007ff9c02e0000 - 0x00007ff9c02ea000 	C:\Windows\SYSTEM32\VERSION.dll
0x00007ff9adf40000 - 0x00007ff9ae1c4000 	C:\Windows\WinSxS\amd64_microsoft.windows.common-controls_6595b64144ccf1df_6.0.18362.1198_none_9e820b57e45ad92f\COMCTL32.dll
0x00007ff9cc610000 - 0x00007ff9cc945000 	C:\Windows\System32\combase.dll
0x00007ff9c9d90000 - 0x00007ff9c9e10000 	C:\Windows\System32\bcryptPrimitives.dll
0x00007ff9caf50000 - 0x00007ff9caf7e000 	C:\Windows\System32\IMM32.DLL
0x00007ff9c1ce0000 - 0x00007ff9c1cf6000 	C:\Program Files\Java\jdk-11.0.7\bin\vcruntime140.dll
0x00007ff9ae790000 - 0x00007ff9ae83a000 	C:\Program Files\Java\jdk-11.0.7\bin\msvcp140.dll
0x00007ff9884e0000 - 0x00007ff989041000 	C:\Program Files\Java\jdk-11.0.7\bin\server\jvm.dll
0x00007ff9cc4e0000 - 0x00007ff9cc4e8000 	C:\Windows\System32\PSAPI.DLL
0x00007ff9c1fd0000 - 0x00007ff9c1fd9000 	C:\Windows\SYSTEM32\WSOCK32.dll
0x00007ff9c45a0000 - 0x00007ff9c45c4000 	C:\Windows\SYSTEM32\WINMM.dll
0x00007ff9cc470000 - 0x00007ff9cc4df000 	C:\Windows\System32\WS2_32.dll
0x00007ff9c44c0000 - 0x00007ff9c44ed000 	C:\Windows\SYSTEM32\winmmbase.dll
0x00007ff9c9ff0000 - 0x00007ff9ca03a000 	C:\Windows\System32\cfgmgr32.dll
0x00007ff9c9c20000 - 0x00007ff9c9c31000 	C:\Windows\System32\kernel.appcore.dll
0x00007ff98d5c0000 - 0x00007ff98d5d1000 	C:\Program Files\Java\jdk-11.0.7\bin\verify.dll
0x00007ff9c8550000 - 0x00007ff9c8744000 	C:\Windows\SYSTEM32\DBGHELP.DLL
0x00007ff9bf920000 - 0x00007ff9bf94a000 	C:\Windows\SYSTEM32\dbgcore.DLL
0x00007ff98d590000 - 0x00007ff98d5b9000 	C:\Program Files\Java\jdk-11.0.7\bin\java.dll
0x00007ff9af1e0000 - 0x00007ff9af1ea000 	C:\Program Files\Java\jdk-11.0.7\bin\jimage.dll
0x00007ff98d570000 - 0x00007ff98d586000 	C:\Program Files\Java\jdk-11.0.7\bin\zip.dll
0x00007ff9cb140000 - 0x00007ff9cb827000 	C:\Windows\System32\SHELL32.dll
0x00007ff9cc560000 - 0x00007ff9cc609000 	C:\Windows\System32\shcore.dll
0x00007ff9ca040000 - 0x00007ff9ca7c1000 	C:\Windows\System32\windows.storage.dll
0x00007ff9c9cb0000 - 0x00007ff9c9cd3000 	C:\Windows\System32\profapi.dll
0x00007ff9c9c40000 - 0x00007ff9c9c8a000 	C:\Windows\System32\powrprof.dll
0x00007ff9c9c10000 - 0x00007ff9c9c20000 	C:\Windows\System32\UMPDC.dll
0x00007ff9ccc20000 - 0x00007ff9ccc72000 	C:\Windows\System32\shlwapi.dll
0x00007ff9cad50000 - 0x00007ff9cad67000 	C:\Windows\System32\cryptsp.dll
0x00007ff98d550000 - 0x00007ff98d569000 	C:\Program Files\Java\jdk-11.0.7\bin\net.dll
0x00007ff9bda00000 - 0x00007ff9bdaf0000 	C:\Windows\SYSTEM32\WINHTTP.dll
0x00007ff9c9400000 - 0x00007ff9c9467000 	C:\Windows\system32\mswsock.dll
0x00007ff98d530000 - 0x00007ff98d543000 	C:\Program Files\Java\jdk-11.0.7\bin\nio.dll
0x00007ff9a43a0000 - 0x00007ff9a43a9000 	C:\Program Files\Java\jdk-11.0.7\bin\management.dll
0x00007ff9a0360000 - 0x00007ff9a036c000 	C:\Program Files\Java\jdk-11.0.7\bin\management_ext.dll
0x00007ff9a81a0000 - 0x00007ff9a81b6000 	C:\Windows\system32\napinsp.dll
0x00007ff9a80a0000 - 0x00007ff9a80ba000 	C:\Windows\system32\pnrpnsp.dll
0x00007ff9c9150000 - 0x00007ff9c921b000 	C:\Windows\SYSTEM32\DNSAPI.dll
0x00007ff9cc4f0000 - 0x00007ff9cc4f8000 	C:\Windows\System32\NSI.dll
0x00007ff9c9110000 - 0x00007ff9c914a000 	C:\Windows\SYSTEM32\IPHLPAPI.DLL
0x00007ff9a8090000 - 0x00007ff9a809e000 	C:\Windows\System32\winrnr.dll
0x00007ff9c0ae0000 - 0x00007ff9c0afc000 	C:\Windows\system32\NLAapi.dll
0x00007ff9a8070000 - 0x00007ff9a8085000 	C:\Windows\system32\wshbth.dll
0x00007ff9bd360000 - 0x00007ff9bd36a000 	C:\Windows\System32\rasadhlp.dll
0x00007ff9c0000000 - 0x00007ff9c0077000 	C:\Windows\System32\fwpuclnt.dll
0x00007ff9cac20000 - 0x00007ff9cac46000 	C:\Windows\System32\bcrypt.dll
0x00007ff9c8f70000 - 0x00007ff9c8fa3000 	C:\Windows\system32\rsaenh.dll
0x00007ff9c9af0000 - 0x00007ff9c9b15000 	C:\Windows\SYSTEM32\USERENV.dll
0x00007ff9c95d0000 - 0x00007ff9c95dc000 	C:\Windows\SYSTEM32\CRYPTBASE.dll
0x00007ff9c0910000 - 0x00007ff9c0926000 	C:\Windows\SYSTEM32\dhcpcsvc6.DLL
0x00007ff9c0f00000 - 0x00007ff9c0f1c000 	C:\Windows\SYSTEM32\dhcpcsvc.DLL

dbghelp: loaded successfully - version: 4.0.5 - missing functions: none
symbol engine: initialized successfully - sym options: 0x614 - pdb path: .;C:\Program Files\Java\jdk-11.0.7\bin;C:\Windows\SYSTEM32;C:\Windows\WinSxS\amd64_microsoft.windows.common-controls_6595b64144ccf1df_6.0.18362.1198_none_9e820b57e45ad92f;C:\Program Files\Java\jdk-11.0.7\bin\server

VM Arguments:
jvm_args: -Dcom.sun.management.jmxremote -Dcom.sun.management.jmxremote.port=52775 -Dcom.sun.management.jmxremote.authenticate=false -Dcom.sun.management.jmxremote.ssl=false -Djava.rmi.server.hostname=localhost -Dspring.jmx.enabled=true -Dspring.application.admin.enabled=true -Xverify:none -XX:TieredStopAtLevel=1 -Dspring.boot.project.name=cursomc1 -Dfile.encoding=UTF-8 
java_command: com.nelioalves.cursomc.CursomcApplication --spring.profiles.active=dev --spring.output.ansi.enabled=always
java_class_path (initial): C:\Users\josea\Documents\workspace-spring-tool-suite-4-4.6.1.RELEASE\cursomc1\target\classes;C:\Users\josea\.m2\repository\org\springframework\boot\spring-boot-starter-web\2.0.0.RELEASE\spring-boot-starter-web-2.0.0.RELEASE.jar;C:\Users\josea\.m2\repository\org\springframework\boot\spring-boot-starter\2.0.0.RELEASE\spring-boot-starter-2.0.0.RELEASE.jar;C:\Users\josea\.m2\repository\org\springframework\boot\spring-boot-starter-logging\2.0.0.RELEASE\spring-boot-starter-logging-2.0.0.RELEASE.jar;C:\Users\josea\.m2\repository\ch\qos\logback\logback-classic\1.2.3\logback-classic-1.2.3.jar;C:\Users\josea\.m2\repository\ch\qos\logback\logback-core\1.2.3\logback-core-1.2.3.jar;C:\Users\josea\.m2\repository\org\apache\logging\log4j\log4j-to-slf4j\2.10.0\log4j-to-slf4j-2.10.0.jar;C:\Users\josea\.m2\repository\org\apache\logging\log4j\log4j-api\2.10.0\log4j-api-2.10.0.jar;C:\Users\josea\.m2\repository\org\slf4j\jul-to-slf4j\1.7.25\jul-to-slf4j-1.7.25.jar;C:\Users\josea\.m2\repository\javax\annotation\javax.annotation-api\1.3.2\javax.annotation-api-1.3.2.jar;C:\Users\josea\.m2\repository\org\yaml\snakeyaml\1.19\snakeyaml-1.19.jar;C:\Users\josea\.m2\repository\org\springframework\boot\spring-boot-starter-json\2.0.0.RELEASE\spring-boot-starter-json-2.0.0.RELEASE.jar;C:\Users\josea\.m2\repository\com\fasterxml\jackson\datatype\jackson-datatype-jdk8\2.9.4\jackson-datatype-jdk8-2.9.4.jar;C:\Users\josea\.m2\repository\com\fasterxml\jackson\datatype\jackson-datatype-jsr310\2.9.4\jackson-datatype-jsr310-2.9.4.jar;C:\Users\josea\.m2\repository\com\fasterxml\jackson\module\jackson-module-parameter-names\2.9.4\jackson-module-parameter-names-2.9.4.jar;C:\Users\josea\.m2\repository\org\springframework\boot\spring-boot-starter-tomcat\2.0.0.RELEASE\spring-boot-starter-tomcat-2.0.0.RELEASE.jar;C:\Users\josea\.m2\repository\org\apache\tomcat\embed\tomcat-embed-core\8.5.28\tomcat-embed-core-8.5.28.jar;C:\Users\josea\.m2\repository\org\apache\tomcat\embed\tomcat-embed
Launcher Type: SUN_STANDARD

[Global flags]
     bool BytecodeVerificationLocal                = false                                     {product} {command line}
     bool BytecodeVerificationRemote               = false                                     {product} {command line}
     intx CICompilerCount                          = 4                                         {product} {ergonomic}
     uint ConcGCThreads                            = 2                                         {product} {ergonomic}
     uint G1ConcRefinementThreads                  = 8                                         {product} {ergonomic}
   size_t G1HeapRegionSize                         = 1048576                                   {product} {ergonomic}
    uintx GCDrainStackTargetSize                   = 64                                        {product} {ergonomic}
   size_t InitialHeapSize                          = 134217728                                 {product} {ergonomic}
     bool ManagementServer                         = true                                      {product} {command line}
   size_t MarkStackSize                            = 4194304                                   {product} {ergonomic}
   size_t MaxHeapSize                              = 2116026368                                {product} {ergonomic}
   size_t MaxNewSize                               = 1268776960                                {product} {ergonomic}
   size_t MinHeapDeltaBytes                        = 1048576                                   {product} {ergonomic}
    uintx NonNMethodCodeHeapSize                   = 7549744                                {pd product} {ergonomic}
    uintx NonProfiledCodeHeapSize                  = 244108496                              {pd product} {ergonomic}
    uintx ProfiledCodeHeapSize                     = 0                                      {pd product} {ergonomic}
    uintx ReservedCodeCacheSize                    = 251658240                              {pd product} {ergonomic}
     bool SegmentedCodeCache                       = true                                      {product} {ergonomic}
     intx TieredStopAtLevel                        = 1                                         {product} {command line}
     bool UseCompressedClassPointers               = true                                 {lp64_product} {ergonomic}
     bool UseCompressedOops                        = true                                 {lp64_product} {ergonomic}
     bool UseG1GC                                  = true                                      {product} {ergonomic}
     bool UseLargePagesIndividualAllocation        = false                                  {pd product} {ergonomic}

Logging:
Log output configuration:
 #0: stdout all=warning uptime,level,tags
 #1: stderr all=off uptime,level,tags

Environment Variables:
JAVA_HOME=C:\Program Files\Java\jdk-11.0.7
PATH=C:/Program Files/Java/jdk-11.0.7/bin/server;C:/Program Files/Java/jdk-11.0.7/bin;C:\Windows\system32;C:\Windows;C:\Windows\System32\Wbem;C:\Windows\System32\WindowsPowerShell\v1.0\;C:\Windows\System32\OpenSSH\;C:\Program Files\Intel\WiFi\bin\;C:\Program Files\Common Files\Intel\WirelessCommon\;C:\Program Files (x86)\Intel\Intel(R) Management Engine Components\DAL;C:\Program Files\Intel\Intel(R) Management Engine Components\DAL;C:\Program Files (x86)\Microsoft SQL Server\100\Tools\Binn\;C:\Program Files\Microsoft SQL Server\100\Tools\Binn\;C:\Program Files\Microsoft SQL Server\100\DTS\Binn\;C:\Program Files (x86)\Microsoft SQL Server\100\Tools\Binn\VSShell\Common7\IDE\;C:\Program Files (x86)\Microsoft Visual Studio 9.0\Common7\IDE\PrivateAssemblies\;C:\Program Files (x86)\Microsoft SQL Server\100\DTS\Binn\;C:\Program Files\Java\jdk-11.0.7\bin;C:\Android\SDK\tools;C:\Android\SDK\platform-tools;C:\Program Files\nodejs\;C:\Program Files (x86)\gradle-6.2.2\bin;C:\apache-ant-1.10.7\bin;C:\Users\josea\AppData\Local\Microsoft\WindowsApps;C:\Users\josea\AppData\Roaming\npm;C:\Users\josea\AppData\Local\Programs\Microsoft VS Code\bin;C:\sts-4.6.1.RELEASE;
USERNAME=josea
OS=Windows_NT
PROCESSOR_IDENTIFIER=Intel64 Family 6 Model 142 Stepping 11, GenuineIntel



---------------  S Y S T E M  ---------------

OS: Windows 10 , 64 bit Build 18362 (10.0.18362.1110)

CPU:total 8 (initial active 8) (4 cores per cpu, 2 threads per core) family 6 model 142 stepping 11, cmov, cx8, fxsr, mmx, sse, sse2, sse3, ssse3, sse4.1, sse4.2, popcnt, avx, avx2, aes, clmul, erms, 3dnowpref, lzcnt, ht, tsc, tscinvbit, bmi1, bmi2, adx, fma

Memory: 4k page, system-wide physical 8068M (1362M free)
TotalPageFile size 13553M (AvailPageFile size 3247M)
current process WorkingSet (physical memory assigned to process): 91M, peak: 91M
current process commit charge ("private bytes"): 226M, peak: 226M

vm_info: Java HotSpot(TM) 64-Bit Server VM (11.0.7+8-LTS) for windows-amd64 JRE (11.0.7+8-LTS), built on Mar 12 2020 02:04:32 by "mach5one" with MS VC++ 15.5 (VS2017)

END.
