#
# A fatal error has been detected by the Java Runtime Environment:
#
#  EXCEPTION_ACCESS_VIOLATION (0xc0000005) at pc=0x00007ff9887a6cd0, pid=15796, tid=16368
#
# JRE version: Java(TM) SE Runtime Environment 18.9 (11.0.7+8) (build 11.0.7+8-LTS)
# Java VM: Java HotSpot(TM) 64-Bit Server VM 18.9 (11.0.7+8-LTS, mixed mode, tiered, compressed oops, g1 gc, windows-amd64)
# Problematic frame:
# V  [jvm.dll+0x2c6cd0]
#
# No core dump will be written. Minidumps are not enabled by default on client versions of Windows
#
# If you would like to submit a bug report, please visit:
#   https://bugreport.java.com/bugreport/crash.jsp
#

---------------  S U M M A R Y ------------

Command Line: -Dcom.sun.management.jmxremote -Dcom.sun.management.jmxremote.port=52765 -Dcom.sun.management.jmxremote.authenticate=false -Dcom.sun.management.jmxremote.ssl=false -Djava.rmi.server.hostname=localhost -Dspring.jmx.enabled=true -Dspring.application.admin.enabled=true -Xverify:none -XX:TieredStopAtLevel=1 -Dspring.boot.project.name=cursomc1 -Dfile.encoding=UTF-8 com.nelioalves.cursomc.CursomcApplication --spring.profiles.active=dev --spring.output.ansi.enabled=always

Host: Intel(R) Core(TM) i5-8265U CPU @ 1.60GHz, 8 cores, 7G,  Windows 10 , 64 bit Build 18362 (10.0.18362.1110)
Time: Sun Jan  3 21:45:26 2021 Hora oficial do Brasil elapsed time: 2 seconds (0d 0h 0m 2s)

---------------  T H R E A D  ---------------

Current thread (0x0000028531c1d800):  VMThread "VM Thread" [stack: 0x000000b0a0500000,0x000000b0a0600000] [id=16368]

Stack: [0x000000b0a0500000,0x000000b0a0600000],  sp=0x000000b0a05feb00,  free space=1018k
Native frames: (J=compiled Java code, j=interpreted, Vv=VM code, C=native code)
V  [jvm.dll+0x2c6cd0]
V  [jvm.dll+0x1e7174]
V  [jvm.dll+0x736fe0]
V  [jvm.dll+0x2ff999]
V  [jvm.dll+0x2fe5cc]
V  [jvm.dll+0x7aa5c8]
V  [jvm.dll+0x7a9d5c]
V  [jvm.dll+0x7a80e7]
V  [jvm.dll+0x7a8910]
V  [jvm.dll+0x7a8c17]
V  [jvm.dll+0x75e875]
V  [jvm.dll+0x660b26]
C  [ucrtbase.dll+0x210b2]
C  [KERNEL32.DLL+0x17c24]
C  [ntdll.dll+0x6d4d1]


siginfo: EXCEPTION_ACCESS_VIOLATION (0xc0000005), reading address 0x0000000c00000023


Register to memory mapping:

RIP=0x00007ff9887a6cd0 jvm.dll
RAX=0x00000285336e18f0 points into unknown readable memory: 0b 00 00 00 0c 00 00 00
RBX=0x0000028531ad64b0 points into unknown readable memory: 00 00 00 00 00 00 00 00
RCX=0x00000285336c5a70 points into unknown readable memory: 01 00 00 00 66 00 74 00
RDX=0x0 is NULL
RSP=0x000000b0a05feb00 points into unknown readable memory: 20 e6 f8 12 85 02 00 00
RBP=0x0000000000000008 is an unknown value
RSI=0x0000000c0000000b is an unknown value
RDI=0x0000028531c085f8 points into unknown readable memory: 30 bd d4 10 85 02 00 00
R8 =0x0 is NULL
R9 =0x0000000000000008 is an unknown value
R10=0x00000000546c6148 is an unknown value
R11=0x000000b0a05fec18 points into unknown readable memory: 74 71 6c 88 f9 7f 00 00
R12=0x0000028531bdcd01 points into unknown readable memory: 00 00 00 00 00 00 00
R13=0x00000000000003d8 is an unknown value
R14=0x0000000000000327 is an unknown value
R15=0x0000000000000001 is an unknown value


Registers:
RAX=0x00000285336e18f0, RBX=0x0000028531ad64b0, RCX=0x00000285336c5a70, RDX=0x0000000000000000
RSP=0x000000b0a05feb00, RBP=0x0000000000000008, RSI=0x0000000c0000000b, RDI=0x0000028531c085f8
R8 =0x0000000000000000, R9 =0x0000000000000008, R10=0x00000000546c6148, R11=0x000000b0a05fec18
R12=0x0000028531bdcd01, R13=0x00000000000003d8, R14=0x0000000000000327, R15=0x0000000000000001
RIP=0x00007ff9887a6cd0, EFLAGS=0x0000000000010202

Top of Stack: (sp=0x000000b0a05feb00)
0x000000b0a05feb00:   0000028512f8e620 00007ff988b13585
0x000000b0a05feb10:   0000028512f8e620 00007ff988b138c1
0x000000b0a05feb20:   000000b000000000 00000285336c5a70
0x000000b0a05feb30:   0000000000000000 0000028531c085f8
0x000000b0a05feb40:   0000028512f8e620 00007ff988b13585
0x000000b0a05feb50:   0000028512f8e620 0000000000000001
0x000000b0a05feb60:   0000028512fa5770 00007ff988ae94cb
0x000000b0a05feb70:   0000000000000000 00007ff988b13635
0x000000b0a05feb80:   0000000000000000 0000028531c1d800
0x000000b0a05feb90:   0000028531ad64b0 00007ff988737995
0x000000b0a05feba0:   0000028512fa5770 00007ff988ae94cb
0x000000b0a05febb0:   0000028512f8e620 0000000000000000
0x000000b0a05febc0:   0000000000000000 0000028531ad64b0
0x000000b0a05febd0:   0000028531ad64b0 0000000000000001
0x000000b0a05febe0:   00005ce325e6c5bf 0000028531bdcd01
0x000000b0a05febf0:   0000000000000001 0000000000000327 

Instructions: (pc=0x00007ff9887a6cd0)
0x00007ff9887a6cb0:   48 8b 41 08 48 8b 34 02 48 85 f6 0f 84 a4 01 00
0x00007ff9887a6cc0:   00 0f 1f 40 00 66 66 66 0f 1f 84 00 00 00 00 00
0x00007ff9887a6cd0:   48 8b 5e 18 45 33 f6 48 85 db 0f 84 68 01 00 00
0x00007ff9887a6ce0:   48 8b cb e8 98 ff 3c 00 48 85 c0 0f 85 48 01 00 


Stack slot to memory mapping:
stack at sp + 0 slots: 0x0000028512f8e620 points into unknown readable memory: 00 00 00 00 00 00 00 00
stack at sp + 1 slots: 0x00007ff988b13585 jvm.dll
stack at sp + 2 slots: 0x0000028512f8e620 points into unknown readable memory: 00 00 00 00 00 00 00 00
stack at sp + 3 slots: 0x00007ff988b138c1 jvm.dll
stack at sp + 4 slots: 0x000000b000000000 is an unknown value
stack at sp + 5 slots: 0x00000285336c5a70 points into unknown readable memory: 01 00 00 00 66 00 74 00
stack at sp + 6 slots: 0x0 is NULL
stack at sp + 7 slots: 0x0000028531c085f8 points into unknown readable memory: 30 bd d4 10 85 02 00 00

VM_Operation (0x000000b0a01ff850): CGC_Operation, mode: safepoint, requested by thread 0x0000028512fd7800


---------------  P R O C E S S  ---------------

Threads class SMR info:
_java_thread_list=0x0000028534040a20, length=18, elements={
0x0000028512f90000, 0x0000028531c20000, 0x0000028532459000, 0x0000028531c4e800,
0x00000285324a3800, 0x00000285324a5800, 0x00000285324ab000, 0x0000028531bdd800,
0x00000285326f6000, 0x0000028533702800, 0x000002853370c000, 0x0000028533709800,
0x000002853370d800, 0x0000028533710000, 0x000002853370a800, 0x000002853370f800,
0x000002853370b000, 0x000002853370d000
}

Java Threads: ( => current thread )
  0x0000028512f90000 JavaThread "main" [_thread_blocked, id=10748, stack(0x000000b09ff00000,0x000000b0a0000000)]
  0x0000028531c20000 JavaThread "Reference Handler" daemon [_thread_blocked, id=18468, stack(0x000000b0a0600000,0x000000b0a0700000)]
  0x0000028532459000 JavaThread "Finalizer" daemon [_thread_blocked, id=11780, stack(0x000000b0a0700000,0x000000b0a0800000)]
  0x0000028531c4e800 JavaThread "Signal Dispatcher" daemon [_thread_blocked, id=3604, stack(0x000000b0a0800000,0x000000b0a0900000)]
  0x00000285324a3800 JavaThread "Attach Listener" daemon [_thread_blocked, id=11968, stack(0x000000b0a0900000,0x000000b0a0a00000)]
  0x00000285324a5800 JavaThread "C1 CompilerThread0" daemon [_thread_blocked, id=19516, stack(0x000000b0a0a00000,0x000000b0a0b00000)]
  0x00000285324ab000 JavaThread "Sweeper thread" daemon [_thread_blocked, id=8672, stack(0x000000b0a0b00000,0x000000b0a0c00000)]
  0x0000028531bdd800 JavaThread "Common-Cleaner" daemon [_thread_blocked, id=7912, stack(0x000000b0a0c00000,0x000000b0a0d00000)]
  0x00000285326f6000 JavaThread "Service Thread" daemon [_thread_blocked, id=6200, stack(0x000000b0a0d00000,0x000000b0a0e00000)]
  0x0000028533702800 JavaThread "RMI TCP Accept-0" daemon [_thread_in_native, id=18716, stack(0x000000b0a1000000,0x000000b0a1100000)]
  0x000002853370c000 JavaThread "RMI TCP Accept-52765" daemon [_thread_in_native, id=20864, stack(0x000000b0a1100000,0x000000b0a1200000)]
  0x0000028533709800 JavaThread "RMI TCP Accept-0" daemon [_thread_in_native, id=16684, stack(0x000000b0a1200000,0x000000b0a1300000)]
  0x000002853370d800 JavaThread "RMI TCP Connection(1)-127.0.0.1" daemon [_thread_in_native, id=9400, stack(0x000000b0a1400000,0x000000b0a1500000)]
  0x0000028533710000 JavaThread "RMI TCP Connection(2)-127.0.0.1" daemon [_thread_in_native, id=22020, stack(0x000000b0a1500000,0x000000b0a1600000)]
  0x000002853370a800 JavaThread "RMI Scheduler(0)" daemon [_thread_blocked, id=20496, stack(0x000000b0a1600000,0x000000b0a1700000)]
  0x000002853370f800 JavaThread "JMX server connection timeout 20" daemon [_thread_blocked, id=8740, stack(0x000000b0a1700000,0x000000b0a1800000)]
  0x000002853370b000 JavaThread "Thread-0" [_thread_blocked, id=15460, stack(0x000000b0a1800000,0x000000b0a1900000)]
  0x000002853370d000 JavaThread "restartedMain" [_thread_blocked, id=10040, stack(0x000000b0a1900000,0x000000b0a1a00000)]

Other Threads:
=>0x0000028531c1d800 VMThread "VM Thread" [stack: 0x000000b0a0500000,0x000000b0a0600000] [id=16368]
  0x00000285336fc000 WatcherThread [stack: 0x000000b0a1300000,0x000000b0a1400000] [id=18504]
  0x0000028512fa7800 GCTaskThread "GC Thread#0" [stack: 0x000000b0a0000000,0x000000b0a0100000] [id=6160]
  0x0000028533699800 GCTaskThread "GC Thread#1" [stack: 0x000000b0a0e00000,0x000000b0a0f00000] [id=1040]
  0x000002853369e800 GCTaskThread "GC Thread#2" [stack: 0x000000b0a0f00000,0x000000b0a1000000] [id=21900]
  0x000002853369d800 GCTaskThread "GC Thread#3" [stack: 0x000000b0a1b00000,0x000000b0a1c00000] [id=21648]
  0x000002853369b800 GCTaskThread "GC Thread#4" [stack: 0x000000b0a1c00000,0x000000b0a1d00000] [id=15248]
  0x000002853369a000 GCTaskThread "GC Thread#5" [stack: 0x000000b0a1d00000,0x000000b0a1e00000] [id=12552]
  0x000002853369c800 GCTaskThread "GC Thread#6" [stack: 0x000000b0a1e00000,0x000000b0a1f00000] [id=6212]
  0x000002853369b000 GCTaskThread "GC Thread#7" [stack: 0x000000b0a1f00000,0x000000b0a2000000] [id=21000]
  0x0000028512fd7800 ConcurrentGCThread "G1 Main Marker" [stack: 0x000000b0a0100000,0x000000b0a0200000] [id=9288]
  0x0000028512fda000 ConcurrentGCThread "G1 Conc#0" [stack: 0x000000b0a0200000,0x000000b0a0300000] [id=8208]
  0x000002853369d000 ConcurrentGCThread "G1 Conc#1" [stack: 0x000000b0a2000000,0x000000b0a2100000] [id=1028]
  0x0000028531a8b800 ConcurrentGCThread "G1 Refine#0" [stack: 0x000000b0a0300000,0x000000b0a0400000] [id=22444]
  0x0000028531a8c800 ConcurrentGCThread "G1 Young RemSet Sampling" [stack: 0x000000b0a0400000,0x000000b0a0500000] [id=3012]

Threads with active compile tasks:

VM state:at safepoint (normal execution)

VM Mutex/Monitor currently owned by a thread:  ([mutex/lock_event])
[0x0000028512f8ad90] Threads_lock - owner thread: 0x0000028531c1d800
[0x0000028512f8abe0] Heap_lock - owner thread: 0x0000028512fd7800

Heap address: 0x0000000081e00000, size: 2018 MB, Compressed Oops mode: 32-bit
Narrow klass base: 0x0000000000000000, Narrow klass shift: 3
Compressed class space size: 1073741824 Address: 0x0000000100000000

Heap:
 garbage-first heap   total 157696K, used 35897K [0x0000000081e00000, 0x0000000100000000)
  region size 1024K, 7 young (7168K), 5 survivors (5120K)
 Metaspace       used 34951K, capacity 35997K, committed 36096K, reserved 1081344K
  class space    used 4410K, capacity 4836K, committed 4864K, reserved 1048576K
Heap Regions: E=young(eden), S=young(survivor), O=old, HS=humongous(starts), HC=humongous(continues), CS=collection set, F=free, A=archive, TAMS=top-at-mark-start (previous, next)
|   0|0x0000000081e00000, 0x0000000081f00000, 0x0000000081f00000|100%| O|  |TAMS 0x0000000081f00000, 0x0000000081f00000| Untracked 
|   1|0x0000000081f00000, 0x0000000082000000, 0x0000000082000000|100%| O|  |TAMS 0x0000000082000000, 0x0000000082000000| Untracked 
|   2|0x0000000082000000, 0x0000000082100000, 0x0000000082100000|100%| O|  |TAMS 0x0000000082100000, 0x0000000082100000| Untracked 
|   3|0x0000000082100000, 0x0000000082200000, 0x0000000082200000|100%| O|  |TAMS 0x0000000082200000, 0x0000000082200000| Untracked 
|   4|0x0000000082200000, 0x0000000082300000, 0x0000000082300000|100%| O|  |TAMS 0x0000000082300000, 0x0000000082300000| Untracked 
|   5|0x0000000082300000, 0x0000000082400000, 0x0000000082400000|100%| O|  |TAMS 0x0000000082400000, 0x0000000082400000| Untracked 
|   6|0x0000000082400000, 0x0000000082500000, 0x0000000082500000|100%| O|  |TAMS 0x0000000082500000, 0x0000000082500000| Untracked 
|   7|0x0000000082500000, 0x0000000082600000, 0x0000000082600000|100%| O|  |TAMS 0x0000000082600000, 0x0000000082600000| Untracked 
|   8|0x0000000082600000, 0x0000000082700000, 0x0000000082700000|100%| O|  |TAMS 0x0000000082700000, 0x0000000082700000| Untracked 
|   9|0x0000000082700000, 0x0000000082800000, 0x0000000082800000|100%| O|  |TAMS 0x0000000082800000, 0x0000000082800000| Untracked 
|  10|0x0000000082800000, 0x0000000082900000, 0x0000000082900000|100%| O|  |TAMS 0x0000000082900000, 0x0000000082900000| Untracked 
|  11|0x0000000082900000, 0x0000000082a00000, 0x0000000082a00000|100%| O|  |TAMS 0x0000000082a00000, 0x0000000082a00000| Untracked 
|  12|0x0000000082a00000, 0x0000000082b00000, 0x0000000082b00000|100%| O|  |TAMS 0x0000000082b00000, 0x0000000082b00000| Untracked 
|  13|0x0000000082b00000, 0x0000000082c00000, 0x0000000082c00000|100%| O|  |TAMS 0x0000000082c00000, 0x0000000082c00000| Untracked 
|  14|0x0000000082c00000, 0x0000000082d00000, 0x0000000082d00000|100%| O|  |TAMS 0x0000000082d00000, 0x0000000082d00000| Untracked 
|  15|0x0000000082d00000, 0x0000000082e00000, 0x0000000082e00000|100%| O|  |TAMS 0x0000000082e00000, 0x0000000082e00000| Untracked 
|  16|0x0000000082e00000, 0x0000000082f00000, 0x0000000082f00000|100%| O|  |TAMS 0x0000000082f00000, 0x0000000082f00000| Untracked 
|  17|0x0000000082f00000, 0x0000000083000000, 0x0000000083000000|100%| O|  |TAMS 0x0000000083000000, 0x0000000083000000| Untracked 
|  18|0x0000000083000000, 0x0000000083100000, 0x0000000083100000|100%| O|  |TAMS 0x00000000830f4800, 0x0000000083100000| Untracked 
|  19|0x0000000083100000, 0x0000000083200000, 0x0000000083200000|100%| O|  |TAMS 0x0000000083100000, 0x0000000083200000| Untracked 
|  20|0x0000000083200000, 0x0000000083300000, 0x0000000083300000|100%| O|  |TAMS 0x0000000083200000, 0x0000000083300000| Untracked 
|  21|0x0000000083300000, 0x0000000083400000, 0x0000000083400000|100%| O|  |TAMS 0x0000000083300000, 0x0000000083400000| Untracked 
|  22|0x0000000083400000, 0x0000000083500000, 0x0000000083500000|100%| O|  |TAMS 0x0000000083400000, 0x0000000083500000| Untracked 
|  23|0x0000000083500000, 0x0000000083600000, 0x0000000083600000|100%| O|  |TAMS 0x0000000083500000, 0x0000000083600000| Untracked 
|  24|0x0000000083600000, 0x0000000083700000, 0x0000000083700000|100%| O|  |TAMS 0x0000000083600000, 0x0000000083700000| Untracked 
|  25|0x0000000083700000, 0x0000000083800000, 0x0000000083800000|100%| O|  |TAMS 0x0000000083700000, 0x0000000083800000| Untracked 
|  26|0x0000000083800000, 0x0000000083900000, 0x0000000083900000|100%| O|  |TAMS 0x0000000083800000, 0x0000000083900000| Untracked 
|  27|0x0000000083900000, 0x0000000083a00000, 0x0000000083a00000|100%| O|  |TAMS 0x0000000083900000, 0x0000000083a00000| Untracked 
|  28|0x0000000083a00000, 0x0000000083b00000, 0x0000000083b00000|100%| O|  |TAMS 0x0000000083a00000, 0x0000000083b00000| Untracked 
|  29|0x0000000083b00000, 0x0000000083b4f400, 0x0000000083c00000| 30%| O|  |TAMS 0x0000000083b00000, 0x0000000083b4f400| Untracked 
|  30|0x0000000083c00000, 0x0000000083c00000, 0x0000000083d00000|  0%| F|  |TAMS 0x0000000083c00000, 0x0000000083c00000| Untracked 
|  31|0x0000000083d00000, 0x0000000083d00000, 0x0000000083e00000|  0%| F|  |TAMS 0x0000000083d00000, 0x0000000083d00000| Untracked 
|  32|0x0000000083e00000, 0x0000000083e00000, 0x0000000083f00000|  0%| F|  |TAMS 0x0000000083e00000, 0x0000000083e00000| Untracked 
|  33|0x0000000083f00000, 0x0000000083f00000, 0x0000000084000000|  0%| F|  |TAMS 0x0000000083f00000, 0x0000000083f00000| Untracked 
|  34|0x0000000084000000, 0x0000000084000000, 0x0000000084100000|  0%| F|  |TAMS 0x0000000084000000, 0x0000000084000000| Untracked 
|  35|0x0000000084100000, 0x0000000084100000, 0x0000000084200000|  0%| F|  |TAMS 0x0000000084100000, 0x0000000084100000| Untracked 
|  36|0x0000000084200000, 0x0000000084200000, 0x0000000084300000|  0%| F|  |TAMS 0x0000000084200000, 0x0000000084200000| Untracked 
|  37|0x0000000084300000, 0x0000000084300000, 0x0000000084400000|  0%| F|  |TAMS 0x0000000084300000, 0x0000000084300000| Untracked 
|  38|0x0000000084400000, 0x0000000084400000, 0x0000000084500000|  0%| F|  |TAMS 0x0000000084400000, 0x0000000084400000| Untracked 
|  39|0x0000000084500000, 0x0000000084500000, 0x0000000084600000|  0%| F|  |TAMS 0x0000000084500000, 0x0000000084500000| Untracked 
|  40|0x0000000084600000, 0x0000000084600000, 0x0000000084700000|  0%| F|  |TAMS 0x0000000084600000, 0x0000000084600000| Untracked 
|  41|0x0000000084700000, 0x0000000084700000, 0x0000000084800000|  0%| F|  |TAMS 0x0000000084700000, 0x0000000084700000| Untracked 
|  42|0x0000000084800000, 0x0000000084800000, 0x0000000084900000|  0%| F|  |TAMS 0x0000000084800000, 0x0000000084800000| Untracked 
|  43|0x0000000084900000, 0x0000000084900000, 0x0000000084a00000|  0%| F|  |TAMS 0x0000000084900000, 0x0000000084900000| Untracked 
|  44|0x0000000084a00000, 0x0000000084a00000, 0x0000000084b00000|  0%| F|  |TAMS 0x0000000084a00000, 0x0000000084a00000| Untracked 
|  45|0x0000000084b00000, 0x0000000084b00000, 0x0000000084c00000|  0%| F|  |TAMS 0x0000000084b00000, 0x0000000084b00000| Untracked 
|  46|0x0000000084c00000, 0x0000000084c00000, 0x0000000084d00000|  0%| F|  |TAMS 0x0000000084c00000, 0x0000000084c00000| Untracked 
|  47|0x0000000084d00000, 0x0000000084d00000, 0x0000000084e00000|  0%| F|  |TAMS 0x0000000084d00000, 0x0000000084d00000| Untracked 
|  48|0x0000000084e00000, 0x0000000084e00000, 0x0000000084f00000|  0%| F|  |TAMS 0x0000000084e00000, 0x0000000084e00000| Untracked 
|  49|0x0000000084f00000, 0x0000000084f00000, 0x0000000085000000|  0%| F|  |TAMS 0x0000000084f00000, 0x0000000084f00000| Untracked 
|  50|0x0000000085000000, 0x0000000085000000, 0x0000000085100000|  0%| F|  |TAMS 0x0000000085000000, 0x0000000085000000| Untracked 
|  51|0x0000000085100000, 0x0000000085100000, 0x0000000085200000|  0%| F|  |TAMS 0x0000000085100000, 0x0000000085100000| Untracked 
|  52|0x0000000085200000, 0x0000000085200000, 0x0000000085300000|  0%| F|  |TAMS 0x0000000085200000, 0x0000000085200000| Untracked 
|  53|0x0000000085300000, 0x0000000085300000, 0x0000000085400000|  0%| F|  |TAMS 0x0000000085300000, 0x0000000085300000| Untracked 
|  54|0x0000000085400000, 0x0000000085400000, 0x0000000085500000|  0%| F|  |TAMS 0x0000000085400000, 0x0000000085400000| Untracked 
|  55|0x0000000085500000, 0x0000000085500000, 0x0000000085600000|  0%| F|  |TAMS 0x0000000085500000, 0x0000000085500000| Untracked 
|  56|0x0000000085600000, 0x0000000085600000, 0x0000000085700000|  0%| F|  |TAMS 0x0000000085600000, 0x0000000085600000| Untracked 
|  57|0x0000000085700000, 0x0000000085700000, 0x0000000085800000|  0%| F|  |TAMS 0x0000000085700000, 0x0000000085700000| Untracked 
|  58|0x0000000085800000, 0x0000000085800000, 0x0000000085900000|  0%| F|  |TAMS 0x0000000085800000, 0x0000000085800000| Untracked 
|  59|0x0000000085900000, 0x0000000085900000, 0x0000000085a00000|  0%| F|  |TAMS 0x0000000085900000, 0x0000000085900000| Untracked 
|  60|0x0000000085a00000, 0x0000000085a00000, 0x0000000085b00000|  0%| F|  |TAMS 0x0000000085a00000, 0x0000000085a00000| Untracked 
|  61|0x0000000085b00000, 0x0000000085b00000, 0x0000000085c00000|  0%| F|  |TAMS 0x0000000085b00000, 0x0000000085b00000| Untracked 
|  62|0x0000000085c00000, 0x0000000085c00000, 0x0000000085d00000|  0%| F|  |TAMS 0x0000000085c00000, 0x0000000085c00000| Untracked 
|  63|0x0000000085d00000, 0x0000000085d00000, 0x0000000085e00000|  0%| F|  |TAMS 0x0000000085d00000, 0x0000000085d00000| Untracked 
|  64|0x0000000085e00000, 0x0000000085e00000, 0x0000000085f00000|  0%| F|  |TAMS 0x0000000085e00000, 0x0000000085e00000| Untracked 
|  65|0x0000000085f00000, 0x0000000085f00000, 0x0000000086000000|  0%| F|  |TAMS 0x0000000085f00000, 0x0000000085f00000| Untracked 
|  66|0x0000000086000000, 0x0000000086000000, 0x0000000086100000|  0%| F|  |TAMS 0x0000000086000000, 0x0000000086000000| Untracked 
|  67|0x0000000086100000, 0x0000000086100000, 0x0000000086200000|  0%| F|  |TAMS 0x0000000086100000, 0x0000000086100000| Untracked 
|  68|0x0000000086200000, 0x0000000086200000, 0x0000000086300000|  0%| F|  |TAMS 0x0000000086200000, 0x0000000086200000| Untracked 
|  69|0x0000000086300000, 0x0000000086300000, 0x0000000086400000|  0%| F|  |TAMS 0x0000000086300000, 0x0000000086300000| Untracked 
|  70|0x0000000086400000, 0x0000000086400000, 0x0000000086500000|  0%| F|  |TAMS 0x0000000086400000, 0x0000000086400000| Untracked 
|  71|0x0000000086500000, 0x0000000086500000, 0x0000000086600000|  0%| F|  |TAMS 0x0000000086500000, 0x0000000086500000| Untracked 
|  72|0x0000000086600000, 0x0000000086600000, 0x0000000086700000|  0%| F|  |TAMS 0x0000000086600000, 0x0000000086600000| Untracked 
|  73|0x0000000086700000, 0x0000000086700000, 0x0000000086800000|  0%| F|  |TAMS 0x0000000086700000, 0x0000000086700000| Untracked 
|  74|0x0000000086800000, 0x0000000086800000, 0x0000000086900000|  0%| F|  |TAMS 0x0000000086800000, 0x0000000086800000| Untracked 
|  75|0x0000000086900000, 0x0000000086900000, 0x0000000086a00000|  0%| F|  |TAMS 0x0000000086900000, 0x0000000086900000| Untracked 
|  76|0x0000000086a00000, 0x0000000086a00000, 0x0000000086b00000|  0%| F|  |TAMS 0x0000000086a00000, 0x0000000086a00000| Untracked 
|  77|0x0000000086b00000, 0x0000000086b00000, 0x0000000086c00000|  0%| F|  |TAMS 0x0000000086b00000, 0x0000000086b00000| Untracked 
|  78|0x0000000086c00000, 0x0000000086c00000, 0x0000000086d00000|  0%| F|  |TAMS 0x0000000086c00000, 0x0000000086c00000| Untracked 
|  79|0x0000000086d00000, 0x0000000086d00000, 0x0000000086e00000|  0%| F|  |TAMS 0x0000000086d00000, 0x0000000086d00000| Untracked 
|  80|0x0000000086e00000, 0x0000000086ebf108, 0x0000000086f00000| 74%| S|CS|TAMS 0x0000000086e00000, 0x0000000086e00000| Complete 
|  81|0x0000000086f00000, 0x0000000087000000, 0x0000000087000000|100%| S|CS|TAMS 0x0000000086f00000, 0x0000000086f00000| Complete 
|  82|0x0000000087000000, 0x0000000087100000, 0x0000000087100000|100%| S|CS|TAMS 0x0000000087000000, 0x0000000087000000| Complete 
|  83|0x0000000087100000, 0x0000000087100000, 0x0000000087200000|  0%| F|  |TAMS 0x0000000087100000, 0x0000000087100000| Untracked 
|  84|0x0000000087200000, 0x0000000087200000, 0x0000000087300000|  0%| F|  |TAMS 0x0000000087200000, 0x0000000087200000| Untracked 
|  85|0x0000000087300000, 0x0000000087300000, 0x0000000087400000|  0%| F|  |TAMS 0x0000000087300000, 0x0000000087300000| Untracked 
|  86|0x0000000087400000, 0x0000000087500000, 0x0000000087500000|100%| S|CS|TAMS 0x0000000087400000, 0x0000000087400000| Complete 
|  87|0x0000000087500000, 0x0000000087600000, 0x0000000087600000|100%| S|CS|TAMS 0x0000000087500000, 0x0000000087500000| Complete 
|  88|0x0000000087600000, 0x0000000087600000, 0x0000000087700000|  0%| F|  |TAMS 0x0000000087600000, 0x0000000087600000| Untracked 
|  89|0x0000000087700000, 0x0000000087700000, 0x0000000087800000|  0%| F|  |TAMS 0x0000000087700000, 0x0000000087700000| Untracked 
|  90|0x0000000087800000, 0x0000000087800000, 0x0000000087900000|  0%| F|  |TAMS 0x0000000087800000, 0x0000000087800000| Untracked 
|  91|0x0000000087900000, 0x0000000087900000, 0x0000000087a00000|  0%| F|  |TAMS 0x0000000087900000, 0x0000000087900000| Untracked 
|  92|0x0000000087a00000, 0x0000000087a00000, 0x0000000087b00000|  0%| F|  |TAMS 0x0000000087a00000, 0x0000000087a00000| Untracked 
|  93|0x0000000087b00000, 0x0000000087b00000, 0x0000000087c00000|  0%| F|  |TAMS 0x0000000087b00000, 0x0000000087b00000| Untracked 
|  94|0x0000000087c00000, 0x0000000087c00000, 0x0000000087d00000|  0%| F|  |TAMS 0x0000000087c00000, 0x0000000087c00000| Untracked 
|  95|0x0000000087d00000, 0x0000000087d00000, 0x0000000087e00000|  0%| F|  |TAMS 0x0000000087d00000, 0x0000000087d00000| Untracked 
|  96|0x0000000087e00000, 0x0000000087e00000, 0x0000000087f00000|  0%| F|  |TAMS 0x0000000087e00000, 0x0000000087e00000| Untracked 
|  97|0x0000000087f00000, 0x0000000087f00000, 0x0000000088000000|  0%| F|  |TAMS 0x0000000087f00000, 0x0000000087f00000| Untracked 
|  98|0x0000000088000000, 0x0000000088000000, 0x0000000088100000|  0%| F|  |TAMS 0x0000000088000000, 0x0000000088000000| Untracked 
|  99|0x0000000088100000, 0x0000000088100000, 0x0000000088200000|  0%| F|  |TAMS 0x0000000088100000, 0x0000000088100000| Untracked 
| 100|0x0000000088200000, 0x0000000088200000, 0x0000000088300000|  0%| F|  |TAMS 0x0000000088200000, 0x0000000088200000| Untracked 
| 101|0x0000000088300000, 0x0000000088300000, 0x0000000088400000|  0%| F|  |TAMS 0x0000000088300000, 0x0000000088300000| Untracked 
| 102|0x0000000088400000, 0x0000000088400000, 0x0000000088500000|  0%| F|  |TAMS 0x0000000088400000, 0x0000000088400000| Untracked 
| 103|0x0000000088500000, 0x0000000088500000, 0x0000000088600000|  0%| F|  |TAMS 0x0000000088500000, 0x0000000088500000| Untracked 
| 104|0x0000000088600000, 0x0000000088600000, 0x0000000088700000|  0%| F|  |TAMS 0x0000000088600000, 0x0000000088600000| Untracked 
| 105|0x0000000088700000, 0x0000000088700000, 0x0000000088800000|  0%| F|  |TAMS 0x0000000088700000, 0x0000000088700000| Untracked 
| 106|0x0000000088800000, 0x0000000088800000, 0x0000000088900000|  0%| F|  |TAMS 0x0000000088800000, 0x0000000088800000| Untracked 
| 107|0x0000000088900000, 0x0000000088900000, 0x0000000088a00000|  0%| F|  |TAMS 0x0000000088900000, 0x0000000088900000| Untracked 
| 108|0x0000000088a00000, 0x0000000088a00000, 0x0000000088b00000|  0%| F|  |TAMS 0x0000000088a00000, 0x0000000088a00000| Untracked 
| 109|0x0000000088b00000, 0x0000000088b00000, 0x0000000088c00000|  0%| F|  |TAMS 0x0000000088b00000, 0x0000000088b00000| Untracked 
| 110|0x0000000088c00000, 0x0000000088c00000, 0x0000000088d00000|  0%| F|  |TAMS 0x0000000088c00000, 0x0000000088c00000| Untracked 
| 111|0x0000000088d00000, 0x0000000088d00000, 0x0000000088e00000|  0%| F|  |TAMS 0x0000000088d00000, 0x0000000088d00000| Untracked 
| 112|0x0000000088e00000, 0x0000000088e00000, 0x0000000088f00000|  0%| F|  |TAMS 0x0000000088e00000, 0x0000000088e00000| Untracked 
| 113|0x0000000088f00000, 0x0000000088f00000, 0x0000000089000000|  0%| F|  |TAMS 0x0000000088f00000, 0x0000000088f00000| Untracked 
| 114|0x0000000089000000, 0x0000000089000000, 0x0000000089100000|  0%| F|  |TAMS 0x0000000089000000, 0x0000000089000000| Untracked 
| 115|0x0000000089100000, 0x0000000089100000, 0x0000000089200000|  0%| F|  |TAMS 0x0000000089100000, 0x0000000089100000| Untracked 
| 116|0x0000000089200000, 0x0000000089200000, 0x0000000089300000|  0%| F|  |TAMS 0x0000000089200000, 0x0000000089200000| Untracked 
| 117|0x0000000089300000, 0x0000000089300000, 0x0000000089400000|  0%| F|  |TAMS 0x0000000089300000, 0x0000000089300000| Untracked 
| 118|0x0000000089400000, 0x0000000089400000, 0x0000000089500000|  0%| F|  |TAMS 0x0000000089400000, 0x0000000089400000| Untracked 
| 119|0x0000000089500000, 0x0000000089500000, 0x0000000089600000|  0%| F|  |TAMS 0x0000000089500000, 0x0000000089500000| Untracked 
| 120|0x0000000089600000, 0x0000000089600000, 0x0000000089700000|  0%| F|  |TAMS 0x0000000089600000, 0x0000000089600000| Untracked 
| 121|0x0000000089700000, 0x0000000089700000, 0x0000000089800000|  0%| F|  |TAMS 0x0000000089700000, 0x0000000089700000| Untracked 
| 122|0x0000000089800000, 0x0000000089800000, 0x0000000089900000|  0%| F|  |TAMS 0x0000000089800000, 0x0000000089800000| Untracked 
| 123|0x0000000089900000, 0x0000000089900000, 0x0000000089a00000|  0%| F|  |TAMS 0x0000000089900000, 0x0000000089900000| Untracked 
| 124|0x0000000089a00000, 0x0000000089a00000, 0x0000000089b00000|  0%| F|  |TAMS 0x0000000089a00000, 0x0000000089a00000| Untracked 
| 125|0x0000000089b00000, 0x0000000089b00000, 0x0000000089c00000|  0%| F|  |TAMS 0x0000000089b00000, 0x0000000089b00000| Untracked 
| 126|0x0000000089c00000, 0x0000000089c00000, 0x0000000089d00000|  0%| F|  |TAMS 0x0000000089c00000, 0x0000000089c00000| Untracked 
| 127|0x0000000089d00000, 0x0000000089d00000, 0x0000000089e00000|  0%| F|  |TAMS 0x0000000089d00000, 0x0000000089d00000| Untracked 
| 128|0x0000000089e00000, 0x0000000089e00000, 0x0000000089f00000|  0%| F|  |TAMS 0x0000000089e00000, 0x0000000089e00000| Untracked 
| 129|0x0000000089f00000, 0x0000000089f00000, 0x000000008a000000|  0%| F|  |TAMS 0x0000000089f00000, 0x0000000089f00000| Untracked 
| 130|0x000000008a000000, 0x000000008a000000, 0x000000008a100000|  0%| F|  |TAMS 0x000000008a000000, 0x000000008a000000| Untracked 
| 131|0x000000008a100000, 0x000000008a100000, 0x000000008a200000|  0%| F|  |TAMS 0x000000008a100000, 0x000000008a100000| Untracked 
| 132|0x000000008a200000, 0x000000008a200000, 0x000000008a300000|  0%| F|  |TAMS 0x000000008a200000, 0x000000008a200000| Untracked 
| 133|0x000000008a300000, 0x000000008a300000, 0x000000008a400000|  0%| F|  |TAMS 0x000000008a300000, 0x000000008a300000| Untracked 
| 134|0x000000008a400000, 0x000000008a400000, 0x000000008a500000|  0%| F|  |TAMS 0x000000008a400000, 0x000000008a400000| Untracked 
| 135|0x000000008a500000, 0x000000008a500000, 0x000000008a600000|  0%| F|  |TAMS 0x000000008a500000, 0x000000008a500000| Untracked 
| 136|0x000000008a600000, 0x000000008a600000, 0x000000008a700000|  0%| F|  |TAMS 0x000000008a600000, 0x000000008a600000| Untracked 
| 137|0x000000008a700000, 0x000000008a700000, 0x000000008a800000|  0%| F|  |TAMS 0x000000008a700000, 0x000000008a700000| Untracked 
| 138|0x000000008a800000, 0x000000008a800000, 0x000000008a900000|  0%| F|  |TAMS 0x000000008a800000, 0x000000008a800000| Untracked 
| 139|0x000000008a900000, 0x000000008a900000, 0x000000008aa00000|  0%| F|  |TAMS 0x000000008a900000, 0x000000008a900000| Untracked 
| 140|0x000000008aa00000, 0x000000008aa00000, 0x000000008ab00000|  0%| F|  |TAMS 0x000000008aa00000, 0x000000008aa00000| Untracked 
| 141|0x000000008ab00000, 0x000000008ab00000, 0x000000008ac00000|  0%| F|  |TAMS 0x000000008ab00000, 0x000000008ab00000| Untracked 
| 142|0x000000008ac00000, 0x000000008ac00000, 0x000000008ad00000|  0%| F|  |TAMS 0x000000008ac00000, 0x000000008ac00000| Untracked 
| 143|0x000000008ad00000, 0x000000008ad00000, 0x000000008ae00000|  0%| F|  |TAMS 0x000000008ad00000, 0x000000008ad00000| Untracked 
| 144|0x000000008ae00000, 0x000000008ae00000, 0x000000008af00000|  0%| F|  |TAMS 0x000000008ae00000, 0x000000008ae00000| Untracked 
| 145|0x000000008af00000, 0x000000008af00000, 0x000000008b000000|  0%| F|  |TAMS 0x000000008af00000, 0x000000008af00000| Untracked 
| 146|0x000000008b000000, 0x000000008b000000, 0x000000008b100000|  0%| F|  |TAMS 0x000000008b000000, 0x000000008b000000| Untracked 
| 147|0x000000008b100000, 0x000000008b100000, 0x000000008b200000|  0%| F|  |TAMS 0x000000008b100000, 0x000000008b100000| Untracked 
| 148|0x000000008b200000, 0x000000008b200000, 0x000000008b300000|  0%| F|  |TAMS 0x000000008b200000, 0x000000008b200000| Untracked 
| 149|0x000000008b300000, 0x000000008b300000, 0x000000008b400000|  0%| F|  |TAMS 0x000000008b300000, 0x000000008b300000| Untracked 
| 150|0x000000008b400000, 0x000000008b400000, 0x000000008b500000|  0%| F|  |TAMS 0x000000008b400000, 0x000000008b400000| Untracked 
| 151|0x000000008b500000, 0x000000008b500000, 0x000000008b600000|  0%| F|  |TAMS 0x000000008b500000, 0x000000008b500000| Untracked 
| 152|0x000000008b600000, 0x000000008b700000, 0x000000008b700000|100%| E|  |TAMS 0x000000008b600000, 0x000000008b600000| Complete 
| 153|0x000000008b700000, 0x000000008b800000, 0x000000008b800000|100%| E|CS|TAMS 0x000000008b700000, 0x000000008b700000| Complete 

Card table byte_map: [0x000002852aab0000,0x000002852aeb0000] _byte_map_base: 0x000002852a6a1000

Marking Bits (Prev, Next): (CMBitMap*) 0x0000028512fceb30, (CMBitMap*) 0x0000028512fceaf8
 Prev Bits: [0x000002852d240000, 0x000002852f1c8000)
 Next Bits: [0x000002852b2b0000, 0x000002852d238000)

Polling page: 0x0000028510d00000

Metaspace:

Usage:
  Non-class:     30.43 MB capacity,    29.83 MB ( 98%) used,   502.58 KB (  2%) free+waste,   116.81 KB ( <1%) overhead. 
      Class:      4.72 MB capacity,     4.31 MB ( 91%) used,   367.53 KB (  8%) free+waste,    58.38 KB (  1%) overhead. 
       Both:     35.15 MB capacity,    34.13 MB ( 97%) used,   870.11 KB (  2%) free+waste,   175.19 KB ( <1%) overhead. 

Virtual space:
  Non-class space:       32.00 MB reserved,      30.50 MB ( 95%) committed 
      Class space:        1.00 GB reserved,       4.75 MB ( <1%) committed 
             Both:        1.03 GB reserved,      35.25 MB (  3%) committed 

Chunk freelists:
   Non-Class:  896 bytes
       Class:  0 bytes
        Both:  896 bytes

CodeHeap 'non-profiled nmethods': size=238336Kb used=6775Kb max_used=6775Kb free=231560Kb
 bounds [0x000002851bab0000, 0x000002851c150000, 0x000002852a370000]
CodeHeap 'non-nmethods': size=7424Kb used=1160Kb max_used=1160Kb free=6263Kb
 bounds [0x000002851b370000, 0x000002851b5e0000, 0x000002851bab0000]
 total_blobs=4476 nmethods=3941 adapters=418
 compilation: enabled
              stopped_count=0, restarted_count=0
 full_count=0

Compilation events (10 events):
Event: 2.511 Thread 0x00000285324a5800 3967       1       org.springframework.transaction.annotation.AnnotationTransactionAttributeSource::findTransactionAttribute (6 bytes)
Event: 2.511 Thread 0x00000285324a5800 nmethod 3967 0x000002851c146290 code [0x000002851c146440, 0x000002851c146570]
Event: 2.511 Thread 0x00000285324a5800 3968       1       org.springframework.transaction.annotation.AnnotationTransactionAttributeSource::findTransactionAttribute (6 bytes)
Event: 2.511 Thread 0x00000285324a5800 nmethod 3968 0x000002851c146610 code [0x000002851c1467c0, 0x000002851c1468f0]
Event: 2.515 Thread 0x00000285324a5800 3969       1       java.util.Properties::load0 (249 bytes)
Event: 2.515 Thread 0x00000285324a5800 nmethod 3969 0x000002851c146990 code [0x000002851c146b80, 0x000002851c146fb0]
Event: 2.530 Thread 0x00000285324a5800 3970 %     1       sun.nio.cs.UTF_8$Decoder::decodeArrayLoop @ 73 (691 bytes)
Event: 2.531 Thread 0x00000285324a5800 nmethod 3970% 0x000002851c147290 code [0x000002851c147940, 0x000002851c149810]
Event: 2.533 Thread 0x00000285324a5800 3971       1       sun.nio.cs.UTF_8$Decoder::decodeArrayLoop (691 bytes)
Event: 2.535 Thread 0x00000285324a5800 nmethod 3971 0x000002851c14aa10 code [0x000002851c14b060, 0x000002851c14cbf0]

GC Heap History (10 events):
Event: 1.086 GC heap before
{Heap before GC invocations=3 (full 0):
 garbage-first heap   total 131072K, used 55351K [0x0000000081e00000, 0x0000000100000000)
  region size 1024K, 37 young (37888K), 3 survivors (3072K)
 Metaspace       used 18416K, capacity 19021K, committed 19200K, reserved 1067008K
  class space    used 2052K, capacity 2253K, committed 2304K, reserved 1048576K
}
Event: 1.089 GC heap after
{Heap after GC invocations=4 (full 0):
 garbage-first heap   total 131072K, used 22620K [0x0000000081e00000, 0x0000000100000000)
  region size 1024K, 4 young (4096K), 4 survivors (4096K)
 Metaspace       used 18416K, capacity 19021K, committed 19200K, reserved 1067008K
  class space    used 2052K, capacity 2253K, committed 2304K, reserved 1048576K
}
Event: 1.177 GC heap before
{Heap before GC invocations=4 (full 0):
 garbage-first heap   total 131072K, used 42076K [0x0000000081e00000, 0x0000000100000000)
  region size 1024K, 24 young (24576K), 4 survivors (4096K)
 Metaspace       used 20472K, capacity 21101K, committed 21248K, reserved 1067008K
  class space    used 2475K, capacity 2716K, committed 2816K, reserved 1048576K
}
Event: 1.181 GC heap after
{Heap after GC invocations=5 (full 0):
 garbage-first heap   total 157696K, used 23158K [0x0000000081e00000, 0x0000000100000000)
  region size 1024K, 4 young (4096K), 4 survivors (4096K)
 Metaspace       used 20472K, capacity 21101K, committed 21248K, reserved 1067008K
  class space    used 2475K, capacity 2716K, committed 2816K, reserved 1048576K
}
Event: 1.679 GC heap before
{Heap before GC invocations=6 (full 0):
 garbage-first heap   total 157696K, used 112246K [0x0000000081e00000, 0x0000000100000000)
  region size 1024K, 92 young (94208K), 4 survivors (4096K)
 Metaspace       used 29347K, capacity 30250K, committed 30336K, reserved 1075200K
  class space    used 3593K, capacity 3961K, committed 3968K, reserved 1048576K
}
Event: 1.686 GC heap after
{Heap after GC invocations=7 (full 0):
 garbage-first heap   total 157696K, used 30403K [0x0000000081e00000, 0x0000000100000000)
  region size 1024K, 11 young (11264K), 11 survivors (11264K)
 Metaspace       used 29347K, capacity 30250K, committed 30336K, reserved 1075200K
  class space    used 3593K, capacity 3961K, committed 3968K, reserved 1048576K
}
Event: 2.140 GC heap before
{Heap before GC invocations=7 (full 0):
 garbage-first heap   total 157696K, used 99011K [0x0000000081e00000, 0x0000000100000000)
  region size 1024K, 79 young (80896K), 11 survivors (11264K)
 Metaspace       used 32403K, capacity 33394K, committed 33664K, reserved 1079296K
  class space    used 4057K, capacity 4448K, committed 4480K, reserved 1048576K
}
Event: 2.149 GC heap after
{Heap after GC invocations=8 (full 0):
 garbage-first heap   total 157696K, used 32571K [0x0000000081e00000, 0x0000000100000000)
  region size 1024K, 3 young (3072K), 3 survivors (3072K)
 Metaspace       used 32403K, capacity 33394K, committed 33664K, reserved 1079296K
  class space    used 4057K, capacity 4448K, committed 4480K, reserved 1048576K
}
Event: 2.522 GC heap before
{Heap before GC invocations=8 (full 0):
 garbage-first heap   total 157696K, used 99131K [0x0000000081e00000, 0x0000000100000000)
  region size 1024K, 69 young (70656K), 3 survivors (3072K)
 Metaspace       used 34745K, capacity 35805K, committed 35840K, reserved 1081344K
  class space    used 4392K, capacity 4836K, committed 4864K, reserved 1048576K
}
Event: 2.526 GC heap after
{Heap after GC invocations=9 (full 0):
 garbage-first heap   total 157696K, used 34873K [0x0000000081e00000, 0x0000000100000000)
  region size 1024K, 5 young (5120K), 5 survivors (5120K)
 Metaspace       used 34745K, capacity 35805K, committed 35840K, reserved 1081344K
  class space    used 4392K, capacity 4836K, committed 4864K, reserved 1048576K
}

Deoptimization events (0 events):
No events

Classes redefined (0 events):
No events

Internal exceptions (10 events):
Event: 2.500 Thread 0x000002853370d000 Exception <a 'java/lang/ClassNotFoundException'{0x0000000087ab5248}: org/springframework/core/OrderedCustomizer> (0x0000000087ab5248) thrown at [./open/src/hotspot/share/classfile/systemDictionary.cpp, line 228]
Event: 2.502 Thread 0x000002853370d000 Exception <a 'java/lang/NoSuchMethodError'{0x0000000087acbf18}: java.lang.invoke.DirectMethodHandle$Holder.invokeSpecial(Ljava/lang/Object;Ljava/lang/Object;Ljava/lang/Object;Ljava/lang/Object;Ljava/lang/Object;)I> (0x0000000087acbf18) thrown at [./open/s
Event: 2.502 Thread 0x000002853370d000 Exception <a 'java/lang/ClassNotFoundException'{0x0000000087adad98}: java/lang/ObjectCustomizer> (0x0000000087adad98) thrown at [./open/src/hotspot/share/classfile/systemDictionary.cpp, line 228]
Event: 2.503 Thread 0x000002853370d000 Exception <a 'java/lang/ClassNotFoundException'{0x000000008790e2e0}: org/springframework/boot/autoconfigure/web/servlet/error/ErrorMvcAutoConfigurationCustomizer> (0x000000008790e2e0) thrown at [./open/src/hotspot/share/classfile/systemDictionary.cpp, lin
Event: 2.503 Thread 0x000002853370d000 Exception <a 'java/lang/ClassNotFoundException'{0x000000008794b938}: org/springframework/boot/autoconfigure/web/servlet/error/ErrorMvcAutoConfiguration$$EnhancerBySpringCGLIB$$60ca5d39Customizer> (0x000000008794b938) thrown at [./open/src/hotspot/share/cl
Event: 2.504 Thread 0x000002853370d000 Exception <a 'java/lang/ClassNotFoundException'{0x0000000087983528}: org/springframework/context/annotation/ConfigurationClassEnhancer$EnhancedConfigurationCustomizer> (0x0000000087983528) thrown at [./open/src/hotspot/share/classfile/systemDictionary.cpp
Event: 2.508 Thread 0x000002853370d000 Exception <a 'java/lang/ClassNotFoundException'{0x000000008781cea0}: java/lang/ObjectCustomizer> (0x000000008781cea0) thrown at [./open/src/hotspot/share/classfile/systemDictionary.cpp, line 228]
Event: 2.508 Thread 0x000002853370d000 Exception <a 'java/lang/ClassNotFoundException'{0x0000000087855298}: org/springframework/boot/autoconfigure/web/servlet/error/ErrorMvcAutoConfiguration$ErrorPageCustomizerCustomizer> (0x0000000087855298) thrown at [./open/src/hotspot/share/classfile/syste
Event: 2.509 Thread 0x000002853370d000 Exception <a 'java/lang/ClassNotFoundException'{0x000000008787df58}: org/springframework/boot/web/server/ErrorPageRegistrarCustomizer> (0x000000008787df58) thrown at [./open/src/hotspot/share/classfile/systemDictionary.cpp, line 228]
Event: 2.509 Thread 0x000002853370d000 Exception <a 'java/lang/ClassNotFoundException'{0x000000008789c740}: org/springframework/core/OrderedCustomizer> (0x000000008789c740) thrown at [./open/src/hotspot/share/classfile/systemDictionary.cpp, line 228]

Events (10 events):
Event: 2.536 loading class org/apache/coyote/RequestGroupInfo done
Event: 2.536 loading class org/apache/coyote/AbstractProtocol$RecycledProcessors
Event: 2.536 loading class org/apache/coyote/AbstractProtocol$RecycledProcessors done
Event: 2.537 loading class org/apache/tomcat/util/collections/SynchronizedStack
Event: 2.537 loading class org/apache/tomcat/util/collections/SynchronizedStack done
Event: 2.537 loading class org/apache/catalina/Globals
Event: 2.537 loading class org/apache/catalina/Globals done
Event: 2.537 loading class org/apache/catalina/core/StandardServer
Event: 2.537 loading class org/apache/catalina/core/StandardServer done
Event: 2.537 Executing VM operation: CGC_Operation


Dynamic libraries:
0x00007ff619310000 - 0x00007ff619357000 	C:\Program Files\Java\jdk-11.0.7\bin\javaw.exe
0x00007ff9ccd60000 - 0x00007ff9ccf50000 	C:\Windows\SYSTEM32\ntdll.dll
0x00007ff9cbe00000 - 0x00007ff9cbeb2000 	C:\Windows\System32\KERNEL32.DLL
0x00007ff9ca7d0000 - 0x00007ff9caa75000 	C:\Windows\System32\KERNELBASE.dll
0x00007ff9c46c0000 - 0x00007ff9c474f000 	C:\Windows\SYSTEM32\apphelp.dll
0x00007ff9cb830000 - 0x00007ff9cb8d3000 	C:\Windows\System32\ADVAPI32.dll
0x00007ff9cbec0000 - 0x00007ff9cbf5e000 	C:\Windows\System32\msvcrt.dll
0x00007ff9ccc80000 - 0x00007ff9ccd17000 	C:\Windows\System32\sechost.dll
0x00007ff9cc350000 - 0x00007ff9cc470000 	C:\Windows\System32\RPCRT4.dll
0x00007ff9cc9b0000 - 0x00007ff9ccb44000 	C:\Windows\System32\USER32.dll
0x00007ff9c9e10000 - 0x00007ff9c9e31000 	C:\Windows\System32\win32u.dll
0x00007ff9cc2a0000 - 0x00007ff9cc2c6000 	C:\Windows\System32\GDI32.dll
0x00007ff9caa80000 - 0x00007ff9cac16000 	C:\Windows\System32\gdi32full.dll
0x00007ff9cad70000 - 0x00007ff9cae0e000 	C:\Windows\System32\msvcp_win.dll
0x00007ff9cac50000 - 0x00007ff9cad4a000 	C:\Windows\System32\ucrtbase.dll
0x00007ff9adf40000 - 0x00007ff9ae1c4000 	C:\Windows\WinSxS\amd64_microsoft.windows.common-controls_6595b64144ccf1df_6.0.18362.1198_none_9e820b57e45ad92f\COMCTL32.dll
0x00007ff9cc610000 - 0x00007ff9cc945000 	C:\Windows\System32\combase.dll
0x00007ff9c9d90000 - 0x00007ff9c9e10000 	C:\Windows\System32\bcryptPrimitives.dll
0x00007ff9c02e0000 - 0x00007ff9c02ea000 	C:\Windows\SYSTEM32\VERSION.dll
0x00007ff9caf50000 - 0x00007ff9caf7e000 	C:\Windows\System32\IMM32.DLL
0x00007ff9c1ce0000 - 0x00007ff9c1cf6000 	C:\Program Files\Java\jdk-11.0.7\bin\vcruntime140.dll
0x00007ff9ae790000 - 0x00007ff9ae83a000 	C:\Program Files\Java\jdk-11.0.7\bin\msvcp140.dll
0x00007ff9884e0000 - 0x00007ff989041000 	C:\Program Files\Java\jdk-11.0.7\bin\server\jvm.dll
0x00007ff9cc4e0000 - 0x00007ff9cc4e8000 	C:\Windows\System32\PSAPI.DLL
0x00007ff9c1fd0000 - 0x00007ff9c1fd9000 	C:\Windows\SYSTEM32\WSOCK32.dll
0x00007ff9c45a0000 - 0x00007ff9c45c4000 	C:\Windows\SYSTEM32\WINMM.dll
0x00007ff9cc470000 - 0x00007ff9cc4df000 	C:\Windows\System32\WS2_32.dll
0x00007ff9c44c0000 - 0x00007ff9c44ed000 	C:\Windows\SYSTEM32\winmmbase.dll
0x00007ff9c9ff0000 - 0x00007ff9ca03a000 	C:\Windows\System32\cfgmgr32.dll
0x00007ff9c9c20000 - 0x00007ff9c9c31000 	C:\Windows\System32\kernel.appcore.dll
0x00007ff98d5c0000 - 0x00007ff98d5d1000 	C:\Program Files\Java\jdk-11.0.7\bin\verify.dll
0x00007ff9c8550000 - 0x00007ff9c8744000 	C:\Windows\SYSTEM32\DBGHELP.DLL
0x00007ff9bf920000 - 0x00007ff9bf94a000 	C:\Windows\SYSTEM32\dbgcore.DLL
0x00007ff98d590000 - 0x00007ff98d5b9000 	C:\Program Files\Java\jdk-11.0.7\bin\java.dll
0x00007ff9af1e0000 - 0x00007ff9af1ea000 	C:\Program Files\Java\jdk-11.0.7\bin\jimage.dll
0x00007ff98d570000 - 0x00007ff98d586000 	C:\Program Files\Java\jdk-11.0.7\bin\zip.dll
0x00007ff9cb140000 - 0x00007ff9cb827000 	C:\Windows\System32\SHELL32.dll
0x00007ff9cc560000 - 0x00007ff9cc609000 	C:\Windows\System32\shcore.dll
0x00007ff9ca040000 - 0x00007ff9ca7c1000 	C:\Windows\System32\windows.storage.dll
0x00007ff9c9cb0000 - 0x00007ff9c9cd3000 	C:\Windows\System32\profapi.dll
0x00007ff9c9c40000 - 0x00007ff9c9c8a000 	C:\Windows\System32\powrprof.dll
0x00007ff9c9c10000 - 0x00007ff9c9c20000 	C:\Windows\System32\UMPDC.dll
0x00007ff9ccc20000 - 0x00007ff9ccc72000 	C:\Windows\System32\shlwapi.dll
0x00007ff9cad50000 - 0x00007ff9cad67000 	C:\Windows\System32\cryptsp.dll
0x00007ff98d550000 - 0x00007ff98d569000 	C:\Program Files\Java\jdk-11.0.7\bin\net.dll
0x00007ff9bda00000 - 0x00007ff9bdaf0000 	C:\Windows\SYSTEM32\WINHTTP.dll
0x00007ff9c9400000 - 0x00007ff9c9467000 	C:\Windows\system32\mswsock.dll
0x00007ff98d530000 - 0x00007ff98d543000 	C:\Program Files\Java\jdk-11.0.7\bin\nio.dll
0x00007ff9a43a0000 - 0x00007ff9a43a9000 	C:\Program Files\Java\jdk-11.0.7\bin\management.dll
0x00007ff9a0360000 - 0x00007ff9a036c000 	C:\Program Files\Java\jdk-11.0.7\bin\management_ext.dll
0x00007ff9a81a0000 - 0x00007ff9a81b6000 	C:\Windows\system32\napinsp.dll
0x00007ff9a80a0000 - 0x00007ff9a80ba000 	C:\Windows\system32\pnrpnsp.dll
0x00007ff9c9150000 - 0x00007ff9c921b000 	C:\Windows\SYSTEM32\DNSAPI.dll
0x00007ff9cc4f0000 - 0x00007ff9cc4f8000 	C:\Windows\System32\NSI.dll
0x00007ff9c9110000 - 0x00007ff9c914a000 	C:\Windows\SYSTEM32\IPHLPAPI.DLL
0x00007ff9a8090000 - 0x00007ff9a809e000 	C:\Windows\System32\winrnr.dll
0x00007ff9c0ae0000 - 0x00007ff9c0afc000 	C:\Windows\system32\NLAapi.dll
0x00007ff9a8070000 - 0x00007ff9a8085000 	C:\Windows\system32\wshbth.dll
0x00007ff9bd360000 - 0x00007ff9bd36a000 	C:\Windows\System32\rasadhlp.dll
0x00007ff9c0000000 - 0x00007ff9c0077000 	C:\Windows\System32\fwpuclnt.dll
0x00007ff9cac20000 - 0x00007ff9cac46000 	C:\Windows\System32\bcrypt.dll
0x00007ff9c8f70000 - 0x00007ff9c8fa3000 	C:\Windows\system32\rsaenh.dll
0x00007ff9c9af0000 - 0x00007ff9c9b15000 	C:\Windows\SYSTEM32\USERENV.dll
0x00007ff9c95d0000 - 0x00007ff9c95dc000 	C:\Windows\SYSTEM32\CRYPTBASE.dll
0x00007ff9c0910000 - 0x00007ff9c0926000 	C:\Windows\SYSTEM32\dhcpcsvc6.DLL
0x00007ff9c0f00000 - 0x00007ff9c0f1c000 	C:\Windows\SYSTEM32\dhcpcsvc.DLL

dbghelp: loaded successfully - version: 4.0.5 - missing functions: none
symbol engine: initialized successfully - sym options: 0x614 - pdb path: .;C:\Program Files\Java\jdk-11.0.7\bin;C:\Windows\SYSTEM32;C:\Windows\WinSxS\amd64_microsoft.windows.common-controls_6595b64144ccf1df_6.0.18362.1198_none_9e820b57e45ad92f;C:\Program Files\Java\jdk-11.0.7\bin\server

VM Arguments:
jvm_args: -Dcom.sun.management.jmxremote -Dcom.sun.management.jmxremote.port=52765 -Dcom.sun.management.jmxremote.authenticate=false -Dcom.sun.management.jmxremote.ssl=false -Djava.rmi.server.hostname=localhost -Dspring.jmx.enabled=true -Dspring.application.admin.enabled=true -Xverify:none -XX:TieredStopAtLevel=1 -Dspring.boot.project.name=cursomc1 -Dfile.encoding=UTF-8 
java_command: com.nelioalves.cursomc.CursomcApplication --spring.profiles.active=dev --spring.output.ansi.enabled=always
java_class_path (initial): C:\Users\josea\Documents\workspace-spring-tool-suite-4-4.6.1.RELEASE\cursomc1\target\classes;C:\Users\josea\.m2\repository\org\springframework\boot\spring-boot-starter-web\2.0.0.RELEASE\spring-boot-starter-web-2.0.0.RELEASE.jar;C:\Users\josea\.m2\repository\org\springframework\boot\spring-boot-starter\2.0.0.RELEASE\spring-boot-starter-2.0.0.RELEASE.jar;C:\Users\josea\.m2\repository\org\springframework\boot\spring-boot-starter-logging\2.0.0.RELEASE\spring-boot-starter-logging-2.0.0.RELEASE.jar;C:\Users\josea\.m2\repository\ch\qos\logback\logback-classic\1.2.3\logback-classic-1.2.3.jar;C:\Users\josea\.m2\repository\ch\qos\logback\logback-core\1.2.3\logback-core-1.2.3.jar;C:\Users\josea\.m2\repository\org\apache\logging\log4j\log4j-to-slf4j\2.10.0\log4j-to-slf4j-2.10.0.jar;C:\Users\josea\.m2\repository\org\apache\logging\log4j\log4j-api\2.10.0\log4j-api-2.10.0.jar;C:\Users\josea\.m2\repository\org\slf4j\jul-to-slf4j\1.7.25\jul-to-slf4j-1.7.25.jar;C:\Users\josea\.m2\repository\javax\annotation\javax.annotation-api\1.3.2\javax.annotation-api-1.3.2.jar;C:\Users\josea\.m2\repository\org\yaml\snakeyaml\1.19\snakeyaml-1.19.jar;C:\Users\josea\.m2\repository\org\springframework\boot\spring-boot-starter-json\2.0.0.RELEASE\spring-boot-starter-json-2.0.0.RELEASE.jar;C:\Users\josea\.m2\repository\com\fasterxml\jackson\datatype\jackson-datatype-jdk8\2.9.4\jackson-datatype-jdk8-2.9.4.jar;C:\Users\josea\.m2\repository\com\fasterxml\jackson\datatype\jackson-datatype-jsr310\2.9.4\jackson-datatype-jsr310-2.9.4.jar;C:\Users\josea\.m2\repository\com\fasterxml\jackson\module\jackson-module-parameter-names\2.9.4\jackson-module-parameter-names-2.9.4.jar;C:\Users\josea\.m2\repository\org\springframework\boot\spring-boot-starter-tomcat\2.0.0.RELEASE\spring-boot-starter-tomcat-2.0.0.RELEASE.jar;C:\Users\josea\.m2\repository\org\apache\tomcat\embed\tomcat-embed-core\8.5.28\tomcat-embed-core-8.5.28.jar;C:\Users\josea\.m2\repository\org\apache\tomcat\embed\tomcat-embed
Launcher Type: SUN_STANDARD

[Global flags]
     bool BytecodeVerificationLocal                = false                                     {product} {command line}
     bool BytecodeVerificationRemote               = false                                     {product} {command line}
     intx CICompilerCount                          = 4                                         {product} {ergonomic}
     uint ConcGCThreads                            = 2                                         {product} {ergonomic}
     uint G1ConcRefinementThreads                  = 8                                         {product} {ergonomic}
   size_t G1HeapRegionSize                         = 1048576                                   {product} {ergonomic}
    uintx GCDrainStackTargetSize                   = 64                                        {product} {ergonomic}
   size_t InitialHeapSize                          = 134217728                                 {product} {ergonomic}
     bool ManagementServer                         = true                                      {product} {command line}
   size_t MarkStackSize                            = 4194304                                   {product} {ergonomic}
   size_t MaxHeapSize                              = 2116026368                                {product} {ergonomic}
   size_t MaxNewSize                               = 1268776960                                {product} {ergonomic}
   size_t MinHeapDeltaBytes                        = 1048576                                   {product} {ergonomic}
    uintx NonNMethodCodeHeapSize                   = 7549744                                {pd product} {ergonomic}
    uintx NonProfiledCodeHeapSize                  = 244108496                              {pd product} {ergonomic}
    uintx ProfiledCodeHeapSize                     = 0                                      {pd product} {ergonomic}
    uintx ReservedCodeCacheSize                    = 251658240                              {pd product} {ergonomic}
     bool SegmentedCodeCache                       = true                                      {product} {ergonomic}
     intx TieredStopAtLevel                        = 1                                         {product} {command line}
     bool UseCompressedClassPointers               = true                                 {lp64_product} {ergonomic}
     bool UseCompressedOops                        = true                                 {lp64_product} {ergonomic}
     bool UseG1GC                                  = true                                      {product} {ergonomic}
     bool UseLargePagesIndividualAllocation        = false                                  {pd product} {ergonomic}

Logging:
Log output configuration:
 #0: stdout all=warning uptime,level,tags
 #1: stderr all=off uptime,level,tags

Environment Variables:
JAVA_HOME=C:\Program Files\Java\jdk-11.0.7
PATH=C:/Program Files/Java/jdk-11.0.7/bin/server;C:/Program Files/Java/jdk-11.0.7/bin;C:\Windows\system32;C:\Windows;C:\Windows\System32\Wbem;C:\Windows\System32\WindowsPowerShell\v1.0\;C:\Windows\System32\OpenSSH\;C:\Program Files\Intel\WiFi\bin\;C:\Program Files\Common Files\Intel\WirelessCommon\;C:\Program Files (x86)\Intel\Intel(R) Management Engine Components\DAL;C:\Program Files\Intel\Intel(R) Management Engine Components\DAL;C:\Program Files (x86)\Microsoft SQL Server\100\Tools\Binn\;C:\Program Files\Microsoft SQL Server\100\Tools\Binn\;C:\Program Files\Microsoft SQL Server\100\DTS\Binn\;C:\Program Files (x86)\Microsoft SQL Server\100\Tools\Binn\VSShell\Common7\IDE\;C:\Program Files (x86)\Microsoft Visual Studio 9.0\Common7\IDE\PrivateAssemblies\;C:\Program Files (x86)\Microsoft SQL Server\100\DTS\Binn\;C:\Program Files\Java\jdk-11.0.7\bin;C:\Android\SDK\tools;C:\Android\SDK\platform-tools;C:\Program Files\nodejs\;C:\Program Files (x86)\gradle-6.2.2\bin;C:\apache-ant-1.10.7\bin;C:\Users\josea\AppData\Local\Microsoft\WindowsApps;C:\Users\josea\AppData\Roaming\npm;C:\Users\josea\AppData\Local\Programs\Microsoft VS Code\bin;C:\sts-4.6.1.RELEASE;
USERNAME=josea
OS=Windows_NT
PROCESSOR_IDENTIFIER=Intel64 Family 6 Model 142 Stepping 11, GenuineIntel



---------------  S Y S T E M  ---------------

OS: Windows 10 , 64 bit Build 18362 (10.0.18362.1110)

CPU:total 8 (initial active 8) (4 cores per cpu, 2 threads per core) family 6 model 142 stepping 11, cmov, cx8, fxsr, mmx, sse, sse2, sse3, ssse3, sse4.1, sse4.2, popcnt, avx, avx2, aes, clmul, erms, 3dnowpref, lzcnt, ht, tsc, tscinvbit, bmi1, bmi2, adx, fma

Memory: 4k page, system-wide physical 8068M (1337M free)
TotalPageFile size 13553M (AvailPageFile size 3356M)
current process WorkingSet (physical memory assigned to process): 228M, peak: 228M
current process commit charge ("private bytes"): 297M, peak: 297M

vm_info: Java HotSpot(TM) 64-Bit Server VM (11.0.7+8-LTS) for windows-amd64 JRE (11.0.7+8-LTS), built on Mar 12 2020 02:04:32 by "mach5one" with MS VC++ 15.5 (VS2017)

END.
