#
# A fatal error has been detected by the Java Runtime Environment:
#
#  EXCEPTION_ACCESS_VIOLATION (0xc0000005) at pc=0x00007fff24036cd0, pid=20712, tid=15284
#
# JRE version: Java(TM) SE Runtime Environment 18.9 (11.0.7+8) (build 11.0.7+8-LTS)
# Java VM: Java HotSpot(TM) 64-Bit Server VM 18.9 (11.0.7+8-LTS, mixed mode, tiered, compressed oops, g1 gc, windows-amd64)
# Problematic frame:
# V  [jvm.dll+0x2c6cd0]
#
# No core dump will be written. Minidumps are not enabled by default on client versions of Windows
#
# If you would like to submit a bug report, please visit:
#   https://bugreport.java.com/bugreport/crash.jsp
#

---------------  S U M M A R Y ------------

Command Line: -Dcom.sun.management.jmxremote -Dcom.sun.management.jmxremote.port=55300 -Dcom.sun.management.jmxremote.authenticate=false -Dcom.sun.management.jmxremote.ssl=false -Djava.rmi.server.hostname=localhost -Dspring.jmx.enabled=true -Dspring.application.admin.enabled=true -Xverify:none -XX:TieredStopAtLevel=1 -Dspring.boot.project.name=cursomc1 -Dfile.encoding=UTF-8 com.nelioalves.cursomc.CursomcApplication --spring.profiles.active=test --spring.output.ansi.enabled=always

Host: Intel(R) Core(TM) i5-8265U CPU @ 1.60GHz, 8 cores, 7G,  Windows 10 , 64 bit Build 19041 (10.0.19041.928)
Time: Thu May 20 20:37:30 2021 Hora oficial do Brasil elapsed time: 4 seconds (0d 0h 0m 4s)

---------------  T H R E A D  ---------------

Current thread (0x000001e9151f2800):  VMThread "VM Thread" [stack: 0x000000a1c7700000,0x000000a1c7800000] [id=15284]

Stack: [0x000000a1c7700000,0x000000a1c7800000],  sp=0x000000a1c77fe270,  free space=1016k
Native frames: (J=compiled Java code, j=interpreted, Vv=VM code, C=native code)
V  [jvm.dll+0x2c6cd0]
V  [jvm.dll+0x1e7174]
V  [jvm.dll+0x736fe0]
V  [jvm.dll+0x2ff999]
V  [jvm.dll+0x2fe5cc]
V  [jvm.dll+0x7aa5c8]
V  [jvm.dll+0x7a9d5c]
V  [jvm.dll+0x7a80e7]
V  [jvm.dll+0x7a8910]
V  [jvm.dll+0x7a8c17]
V  [jvm.dll+0x75e875]
V  [jvm.dll+0x660b26]
C  [ucrtbase.dll+0x21bb2]
C  [KERNEL32.DLL+0x17034]
C  [ntdll.dll+0x52651]


siginfo: EXCEPTION_ACCESS_VIOLATION (0xc0000005), reading address 0x000000040000001b


Register to memory mapping:

RIP=0x00007fff24036cd0 jvm.dll
RAX=0x000001e916cf65e0 points into unknown readable memory: 03 00 00 00 04 00 00 00
RBX=0x000001e9150a3160 points into unknown readable memory: 00 00 00 00 00 00 00 00
RCX=0x000001e916cd3c70 points into unknown readable memory: 01 00 00 00 00 00 00 00
RDX=0x0 is NULL
RSP=0x000000a1c77fe270 points into unknown readable memory: 50 ad 50 76 e9 01 00 00
RBP=0x0000000000000008 is an unknown value
RSI=0x0000000400000003 is an unknown value
RDI=0x000001e9151d73a0 points into unknown readable memory: a0 b3 1d 15 e9 01 00 00
R8 =0x0 is NULL
R9 =0x0000000000000008 is an unknown value
R10=0x00000000546c6148 is an unknown value
R11=0x000000a1c77fe388 points into unknown readable memory: 74 71 f5 23 ff 7f 00 00
R12=0x000001e9151a9a01 points into unknown readable memory: 00 00 00 00 00 00 00
R13=0x00000000000003d8 is an unknown value
R14=0x00000000000003b5 is an unknown value
R15=0x0000000000000001 is an unknown value


Registers:
RAX=0x000001e916cf65e0, RBX=0x000001e9150a3160, RCX=0x000001e916cd3c70, RDX=0x0000000000000000
RSP=0x000000a1c77fe270, RBP=0x0000000000000008, RSI=0x0000000400000003, RDI=0x000001e9151d73a0
R8 =0x0000000000000000, R9 =0x0000000000000008, R10=0x00000000546c6148, R11=0x000000a1c77fe388
R12=0x000001e9151a9a01, R13=0x00000000000003d8, R14=0x00000000000003b5, R15=0x0000000000000001
RIP=0x00007fff24036cd0, EFLAGS=0x0000000000010206

Top of Stack: (sp=0x000000a1c77fe270)
0x000000a1c77fe270:   000001e97650ad50 00007fff243a3585
0x000000a1c77fe280:   000001e97650ad50 00007fff243a38c1
0x000000a1c77fe290:   000000a100000000 000001e916cd3c70
0x000000a1c77fe2a0:   0000000000000000 000001e9151d73a0
0x000000a1c77fe2b0:   000001e97650ad50 00007fff243a3585
0x000000a1c77fe2c0:   000001e97650ad50 0000000000000001
0x000000a1c77fe2d0:   000001e976520d10 00007fff243794cb
0x000000a1c77fe2e0:   0000000000000000 00007fff243a3635
0x000000a1c77fe2f0:   0000000000000000 000001e9151f2800
0x000000a1c77fe300:   000001e9150a3160 00007fff23fc7995
0x000000a1c77fe310:   000001e976520d10 00007fff243794cb
0x000000a1c77fe320:   000001e97650ad50 0000000000000000
0x000000a1c77fe330:   0000000000000000 000001e9150a3160
0x000000a1c77fe340:   000001e9150a3160 0000000000000001
0x000000a1c77fe350:   00001eff482cbbde 000001e9151a9a01
0x000000a1c77fe360:   0000000000000001 00000000000003b5 

Instructions: (pc=0x00007fff24036cd0)
0x00007fff24036cb0:   48 8b 41 08 48 8b 34 02 48 85 f6 0f 84 a4 01 00
0x00007fff24036cc0:   00 0f 1f 40 00 66 66 66 0f 1f 84 00 00 00 00 00
0x00007fff24036cd0:   48 8b 5e 18 45 33 f6 48 85 db 0f 84 68 01 00 00
0x00007fff24036ce0:   48 8b cb e8 98 ff 3c 00 48 85 c0 0f 85 48 01 00 


Stack slot to memory mapping:
stack at sp + 0 slots: 0x000001e97650ad50 points into unknown readable memory: 00 00 00 00 00 00 00 00
stack at sp + 1 slots: 0x00007fff243a3585 jvm.dll
stack at sp + 2 slots: 0x000001e97650ad50 points into unknown readable memory: 00 00 00 00 00 00 00 00
stack at sp + 3 slots: 0x00007fff243a38c1 jvm.dll
stack at sp + 4 slots: 0x000000a100000000 is an unknown value
stack at sp + 5 slots: 0x000001e916cd3c70 points into unknown readable memory: 01 00 00 00 00 00 00 00
stack at sp + 6 slots: 0x0 is NULL
stack at sp + 7 slots: 0x000001e9151d73a0 points into unknown readable memory: a0 b3 1d 15 e9 01 00 00

VM_Operation (0x000000a1c73ff630): CGC_Operation, mode: safepoint, requested by thread 0x000001e976554800


---------------  P R O C E S S  ---------------

Threads class SMR info:
_java_thread_list=0x000001e9176ae100, length=18, elements={
0x000001e97650b800, 0x000001e9151f4800, 0x000001e9151f6000, 0x000001e915b86800,
0x000001e915b89000, 0x000001e915b92000, 0x000001e915ba0000, 0x000001e9151ac800,
0x000001e915dd8800, 0x000001e916d28800, 0x000001e916d35000, 0x000001e916d1c000,
0x000001e9170ff800, 0x000001e91712f000, 0x000001e917130000, 0x000001e91714c000,
0x000001e91720b000, 0x000001e917200000
}

Java Threads: ( => current thread )
  0x000001e97650b800 JavaThread "main" [_thread_blocked, id=20348, stack(0x000000a1c7100000,0x000000a1c7200000)]
  0x000001e9151f4800 JavaThread "Reference Handler" daemon [_thread_blocked, id=17088, stack(0x000000a1c7800000,0x000000a1c7900000)]
  0x000001e9151f6000 JavaThread "Finalizer" daemon [_thread_blocked, id=2684, stack(0x000000a1c7900000,0x000000a1c7a00000)]
  0x000001e915b86800 JavaThread "Signal Dispatcher" daemon [_thread_blocked, id=22176, stack(0x000000a1c7a00000,0x000000a1c7b00000)]
  0x000001e915b89000 JavaThread "Attach Listener" daemon [_thread_blocked, id=20876, stack(0x000000a1c7b00000,0x000000a1c7c00000)]
  0x000001e915b92000 JavaThread "C1 CompilerThread0" daemon [_thread_blocked, id=16944, stack(0x000000a1c7c00000,0x000000a1c7d00000)]
  0x000001e915ba0000 JavaThread "Sweeper thread" daemon [_thread_blocked, id=14728, stack(0x000000a1c7d00000,0x000000a1c7e00000)]
  0x000001e9151ac800 JavaThread "Common-Cleaner" daemon [_thread_blocked, id=21540, stack(0x000000a1c7e00000,0x000000a1c7f00000)]
  0x000001e915dd8800 JavaThread "Service Thread" daemon [_thread_blocked, id=13228, stack(0x000000a1c7f00000,0x000000a1c8000000)]
  0x000001e916d28800 JavaThread "RMI TCP Accept-0" daemon [_thread_in_native, id=20836, stack(0x000000a1c8200000,0x000000a1c8300000)]
  0x000001e916d35000 JavaThread "RMI TCP Accept-55300" daemon [_thread_in_native, id=16044, stack(0x000000a1c8300000,0x000000a1c8400000)]
  0x000001e916d1c000 JavaThread "RMI TCP Accept-0" daemon [_thread_in_native, id=19436, stack(0x000000a1c8400000,0x000000a1c8500000)]
  0x000001e9170ff800 JavaThread "RMI TCP Connection(1)-127.0.0.1" daemon [_thread_in_native, id=21860, stack(0x000000a1c8600000,0x000000a1c8700000)]
  0x000001e91712f000 JavaThread "RMI Scheduler(0)" daemon [_thread_blocked, id=11276, stack(0x000000a1c8700000,0x000000a1c8800000)]
  0x000001e917130000 JavaThread "RMI TCP Connection(2)-127.0.0.1" daemon [_thread_in_native, id=7944, stack(0x000000a1c8800000,0x000000a1c8900000)]
  0x000001e91714c000 JavaThread "JMX server connection timeout 20" daemon [_thread_blocked, id=3068, stack(0x000000a1c8900000,0x000000a1c8a00000)]
  0x000001e91720b000 JavaThread "Thread-0" [_thread_blocked, id=11368, stack(0x000000a1c8a00000,0x000000a1c8b00000)]
  0x000001e917200000 JavaThread "restartedMain" [_thread_blocked, id=15892, stack(0x000000a1c8b00000,0x000000a1c8c00000)]

Other Threads:
=>0x000001e9151f2800 VMThread "VM Thread" [stack: 0x000000a1c7700000,0x000000a1c7800000] [id=15284]
  0x000001e916d26800 WatcherThread [stack: 0x000000a1c8500000,0x000000a1c8600000] [id=152]
  0x000001e976524800 GCTaskThread "GC Thread#0" [stack: 0x000000a1c7200000,0x000000a1c7300000] [id=21596]
  0x000001e916ccc000 GCTaskThread "GC Thread#1" [stack: 0x000000a1c8000000,0x000000a1c8100000] [id=17768]
  0x000001e916ccd000 GCTaskThread "GC Thread#2" [stack: 0x000000a1c8100000,0x000000a1c8200000] [id=8088]
  0x000001e9172cb800 GCTaskThread "GC Thread#3" [stack: 0x000000a1c8d00000,0x000000a1c8e00000] [id=11764]
  0x000001e9172ed000 GCTaskThread "GC Thread#4" [stack: 0x000000a1c8e00000,0x000000a1c8f00000] [id=15468]
  0x000001e91736b800 GCTaskThread "GC Thread#5" [stack: 0x000000a1c8f00000,0x000000a1c9000000] [id=12048]
  0x000001e9173b6800 GCTaskThread "GC Thread#6" [stack: 0x000000a1c9000000,0x000000a1c9100000] [id=19604]
  0x000001e917359800 GCTaskThread "GC Thread#7" [stack: 0x000000a1c9100000,0x000000a1c9200000] [id=18900]
  0x000001e976554800 ConcurrentGCThread "G1 Main Marker" [stack: 0x000000a1c7300000,0x000000a1c7400000] [id=956]
  0x000001e976555800 ConcurrentGCThread "G1 Conc#0" [stack: 0x000000a1c7400000,0x000000a1c7500000] [id=10428]
  0x000001e91745f800 ConcurrentGCThread "G1 Conc#1" [stack: 0x000000a1c9200000,0x000000a1c9300000] [id=20152]
  0x000001e9765ce000 ConcurrentGCThread "G1 Refine#0" [stack: 0x000000a1c7500000,0x000000a1c7600000] [id=17452]
  0x000001e91505a800 ConcurrentGCThread "G1 Young RemSet Sampling" [stack: 0x000000a1c7600000,0x000000a1c7700000] [id=16812]

Threads with active compile tasks:

VM state:at safepoint (normal execution)

VM Mutex/Monitor currently owned by a thread:  ([mutex/lock_event])
[0x000001e9765069f0] Threads_lock - owner thread: 0x000001e9151f2800
[0x000001e976506960] Heap_lock - owner thread: 0x000001e976554800

Heap address: 0x0000000081e00000, size: 2018 MB, Compressed Oops mode: 32-bit
Narrow klass base: 0x0000000000000000, Narrow klass shift: 3
Compressed class space size: 1073741824 Address: 0x0000000100000000

Heap:
 garbage-first heap   total 157696K, used 31120K [0x0000000081e00000, 0x0000000100000000)
  region size 1024K, 7 young (7168K), 6 survivors (6144K)
 Metaspace       used 34731K, capacity 35971K, committed 36176K, reserved 1081344K
  class space    used 4465K, capacity 4946K, committed 5068K, reserved 1048576K
Heap Regions: E=young(eden), S=young(survivor), O=old, HS=humongous(starts), HC=humongous(continues), CS=collection set, F=free, A=archive, TAMS=top-at-mark-start (previous, next)
|   0|0x0000000081e00000, 0x0000000081f00000, 0x0000000081f00000|100%|HS|  |TAMS 0x0000000081f00000, 0x0000000081f00000| Complete 
|   1|0x0000000081f00000, 0x0000000082000000, 0x0000000082000000|100%| O|  |TAMS 0x0000000082000000, 0x0000000082000000| Untracked 
|   2|0x0000000082000000, 0x0000000082100000, 0x0000000082100000|100%| O|  |TAMS 0x0000000082100000, 0x0000000082100000| Untracked 
|   3|0x0000000082100000, 0x0000000082200000, 0x0000000082200000|100%| O|  |TAMS 0x0000000082200000, 0x0000000082200000| Untracked 
|   4|0x0000000082200000, 0x0000000082300000, 0x0000000082300000|100%| O|  |TAMS 0x0000000082300000, 0x0000000082300000| Untracked 
|   5|0x0000000082300000, 0x0000000082400000, 0x0000000082400000|100%| O|  |TAMS 0x0000000082400000, 0x0000000082400000| Untracked 
|   6|0x0000000082400000, 0x0000000082500000, 0x0000000082500000|100%| O|  |TAMS 0x0000000082500000, 0x0000000082500000| Untracked 
|   7|0x0000000082500000, 0x0000000082600000, 0x0000000082600000|100%| O|  |TAMS 0x0000000082600000, 0x0000000082600000| Untracked 
|   8|0x0000000082600000, 0x0000000082700000, 0x0000000082700000|100%| O|  |TAMS 0x0000000082700000, 0x0000000082700000| Untracked 
|   9|0x0000000082700000, 0x0000000082800000, 0x0000000082800000|100%| O|  |TAMS 0x0000000082800000, 0x0000000082800000| Untracked 
|  10|0x0000000082800000, 0x0000000082900000, 0x0000000082900000|100%| O|  |TAMS 0x0000000082900000, 0x0000000082900000| Untracked 
|  11|0x0000000082900000, 0x0000000082a00000, 0x0000000082a00000|100%| O|  |TAMS 0x0000000082a00000, 0x0000000082a00000| Untracked 
|  12|0x0000000082a00000, 0x0000000082b00000, 0x0000000082b00000|100%| O|  |TAMS 0x0000000082b00000, 0x0000000082b00000| Untracked 
|  13|0x0000000082b00000, 0x0000000082c00000, 0x0000000082c00000|100%| O|  |TAMS 0x0000000082c00000, 0x0000000082c00000| Untracked 
|  14|0x0000000082c00000, 0x0000000082d00000, 0x0000000082d00000|100%| O|  |TAMS 0x0000000082d00000, 0x0000000082d00000| Untracked 
|  15|0x0000000082d00000, 0x0000000082e00000, 0x0000000082e00000|100%| O|  |TAMS 0x0000000082e00000, 0x0000000082e00000| Untracked 
|  16|0x0000000082e00000, 0x0000000082f00000, 0x0000000082f00000|100%| O|  |TAMS 0x0000000082f00000, 0x0000000082f00000| Untracked 
|  17|0x0000000082f00000, 0x0000000083000000, 0x0000000083000000|100%| O|  |TAMS 0x0000000083000000, 0x0000000083000000| Untracked 
|  18|0x0000000083000000, 0x0000000083100000, 0x0000000083100000|100%| O|  |TAMS 0x0000000083100000, 0x0000000083100000| Untracked 
|  19|0x0000000083100000, 0x0000000083200000, 0x0000000083200000|100%| O|  |TAMS 0x0000000083200000, 0x0000000083200000| Untracked 
|  20|0x0000000083200000, 0x0000000083300000, 0x0000000083300000|100%| O|  |TAMS 0x0000000083209800, 0x0000000083300000| Untracked 
|  21|0x0000000083300000, 0x0000000083400000, 0x0000000083400000|100%| O|  |TAMS 0x0000000083300000, 0x0000000083400000| Untracked 
|  22|0x0000000083400000, 0x0000000083500000, 0x0000000083500000|100%| O|  |TAMS 0x0000000083400000, 0x0000000083500000| Untracked 
|  23|0x0000000083500000, 0x0000000083600000, 0x0000000083600000|100%| O|  |TAMS 0x0000000083500000, 0x0000000083600000| Untracked 
|  24|0x0000000083600000, 0x0000000083700000, 0x0000000083700000|100%| O|  |TAMS 0x0000000083600000, 0x0000000083700000| Untracked 
|  25|0x0000000083700000, 0x0000000083735a00, 0x0000000083800000| 20%| O|  |TAMS 0x0000000083700000, 0x0000000083735a00| Untracked 
|  26|0x0000000083800000, 0x0000000083800000, 0x0000000083900000|  0%| F|  |TAMS 0x0000000083800000, 0x0000000083800000| Untracked 
|  27|0x0000000083900000, 0x0000000083900000, 0x0000000083a00000|  0%| F|  |TAMS 0x0000000083900000, 0x0000000083900000| Untracked 
|  28|0x0000000083a00000, 0x0000000083a00000, 0x0000000083b00000|  0%| F|  |TAMS 0x0000000083a00000, 0x0000000083a00000| Untracked 
|  29|0x0000000083b00000, 0x0000000083b00000, 0x0000000083c00000|  0%| F|  |TAMS 0x0000000083b00000, 0x0000000083b00000| Untracked 
|  30|0x0000000083c00000, 0x0000000083c00000, 0x0000000083d00000|  0%| F|  |TAMS 0x0000000083c00000, 0x0000000083c00000| Untracked 
|  31|0x0000000083d00000, 0x0000000083d00000, 0x0000000083e00000|  0%| F|  |TAMS 0x0000000083d00000, 0x0000000083d00000| Untracked 
|  32|0x0000000083e00000, 0x0000000083e00000, 0x0000000083f00000|  0%| F|  |TAMS 0x0000000083e00000, 0x0000000083e00000| Untracked 
|  33|0x0000000083f00000, 0x0000000083f00000, 0x0000000084000000|  0%| F|  |TAMS 0x0000000083f00000, 0x0000000083f00000| Untracked 
|  34|0x0000000084000000, 0x0000000084000000, 0x0000000084100000|  0%| F|  |TAMS 0x0000000084000000, 0x0000000084000000| Untracked 
|  35|0x0000000084100000, 0x0000000084100000, 0x0000000084200000|  0%| F|  |TAMS 0x0000000084100000, 0x0000000084100000| Untracked 
|  36|0x0000000084200000, 0x0000000084200000, 0x0000000084300000|  0%| F|  |TAMS 0x0000000084200000, 0x0000000084200000| Untracked 
|  37|0x0000000084300000, 0x0000000084300000, 0x0000000084400000|  0%| F|  |TAMS 0x0000000084300000, 0x0000000084300000| Untracked 
|  38|0x0000000084400000, 0x0000000084400000, 0x0000000084500000|  0%| F|  |TAMS 0x0000000084400000, 0x0000000084400000| Untracked 
|  39|0x0000000084500000, 0x0000000084500000, 0x0000000084600000|  0%| F|  |TAMS 0x0000000084500000, 0x0000000084500000| Untracked 
|  40|0x0000000084600000, 0x0000000084600000, 0x0000000084700000|  0%| F|  |TAMS 0x0000000084600000, 0x0000000084600000| Untracked 
|  41|0x0000000084700000, 0x0000000084700000, 0x0000000084800000|  0%| F|  |TAMS 0x0000000084700000, 0x0000000084700000| Untracked 
|  42|0x0000000084800000, 0x0000000084800000, 0x0000000084900000|  0%| F|  |TAMS 0x0000000084800000, 0x0000000084800000| Untracked 
|  43|0x0000000084900000, 0x0000000084900000, 0x0000000084a00000|  0%| F|  |TAMS 0x0000000084900000, 0x0000000084900000| Untracked 
|  44|0x0000000084a00000, 0x0000000084a00000, 0x0000000084b00000|  0%| F|  |TAMS 0x0000000084a00000, 0x0000000084a00000| Untracked 
|  45|0x0000000084b00000, 0x0000000084b00000, 0x0000000084c00000|  0%| F|  |TAMS 0x0000000084b00000, 0x0000000084b00000| Untracked 
|  46|0x0000000084c00000, 0x0000000084c00000, 0x0000000084d00000|  0%| F|  |TAMS 0x0000000084c00000, 0x0000000084c00000| Untracked 
|  47|0x0000000084d00000, 0x0000000084d00000, 0x0000000084e00000|  0%| F|  |TAMS 0x0000000084d00000, 0x0000000084d00000| Untracked 
|  48|0x0000000084e00000, 0x0000000084e00000, 0x0000000084f00000|  0%| F|  |TAMS 0x0000000084e00000, 0x0000000084e00000| Untracked 
|  49|0x0000000084f00000, 0x0000000084f00000, 0x0000000085000000|  0%| F|  |TAMS 0x0000000084f00000, 0x0000000084f00000| Untracked 
|  50|0x0000000085000000, 0x0000000085000000, 0x0000000085100000|  0%| F|  |TAMS 0x0000000085000000, 0x0000000085000000| Untracked 
|  51|0x0000000085100000, 0x0000000085100000, 0x0000000085200000|  0%| F|  |TAMS 0x0000000085100000, 0x0000000085100000| Untracked 
|  52|0x0000000085200000, 0x0000000085200000, 0x0000000085300000|  0%| F|  |TAMS 0x0000000085200000, 0x0000000085200000| Untracked 
|  53|0x0000000085300000, 0x0000000085300000, 0x0000000085400000|  0%| F|  |TAMS 0x0000000085300000, 0x0000000085300000| Untracked 
|  54|0x0000000085400000, 0x0000000085400000, 0x0000000085500000|  0%| F|  |TAMS 0x0000000085400000, 0x0000000085400000| Untracked 
|  55|0x0000000085500000, 0x0000000085500000, 0x0000000085600000|  0%| F|  |TAMS 0x0000000085500000, 0x0000000085500000| Untracked 
|  56|0x0000000085600000, 0x0000000085600000, 0x0000000085700000|  0%| F|  |TAMS 0x0000000085600000, 0x0000000085600000| Untracked 
|  57|0x0000000085700000, 0x0000000085700000, 0x0000000085800000|  0%| F|  |TAMS 0x0000000085700000, 0x0000000085700000| Untracked 
|  58|0x0000000085800000, 0x0000000085800000, 0x0000000085900000|  0%| F|  |TAMS 0x0000000085800000, 0x0000000085800000| Untracked 
|  59|0x0000000085900000, 0x0000000085900000, 0x0000000085a00000|  0%| F|  |TAMS 0x0000000085900000, 0x0000000085900000| Untracked 
|  60|0x0000000085a00000, 0x0000000085a00000, 0x0000000085b00000|  0%| F|  |TAMS 0x0000000085a00000, 0x0000000085a00000| Untracked 
|  61|0x0000000085b00000, 0x0000000085b00000, 0x0000000085c00000|  0%| F|  |TAMS 0x0000000085b00000, 0x0000000085b00000| Untracked 
|  62|0x0000000085c00000, 0x0000000085c00000, 0x0000000085d00000|  0%| F|  |TAMS 0x0000000085c00000, 0x0000000085c00000| Untracked 
|  63|0x0000000085d00000, 0x0000000085d00000, 0x0000000085e00000|  0%| F|  |TAMS 0x0000000085d00000, 0x0000000085d00000| Untracked 
|  64|0x0000000085e00000, 0x0000000085e00000, 0x0000000085f00000|  0%| F|  |TAMS 0x0000000085e00000, 0x0000000085e00000| Untracked 
|  65|0x0000000085f00000, 0x0000000085f00000, 0x0000000086000000|  0%| F|  |TAMS 0x0000000085f00000, 0x0000000085f00000| Untracked 
|  66|0x0000000086000000, 0x0000000086000000, 0x0000000086100000|  0%| F|  |TAMS 0x0000000086000000, 0x0000000086000000| Untracked 
|  67|0x0000000086100000, 0x0000000086100000, 0x0000000086200000|  0%| F|  |TAMS 0x0000000086100000, 0x0000000086100000| Untracked 
|  68|0x0000000086200000, 0x0000000086200000, 0x0000000086300000|  0%| F|  |TAMS 0x0000000086200000, 0x0000000086200000| Untracked 
|  69|0x0000000086300000, 0x0000000086300000, 0x0000000086400000|  0%| F|  |TAMS 0x0000000086300000, 0x0000000086300000| Untracked 
|  70|0x0000000086400000, 0x0000000086400000, 0x0000000086500000|  0%| F|  |TAMS 0x0000000086400000, 0x0000000086400000| Untracked 
|  71|0x0000000086500000, 0x0000000086500000, 0x0000000086600000|  0%| F|  |TAMS 0x0000000086500000, 0x0000000086500000| Untracked 
|  72|0x0000000086600000, 0x0000000086600000, 0x0000000086700000|  0%| F|  |TAMS 0x0000000086600000, 0x0000000086600000| Untracked 
|  73|0x0000000086700000, 0x0000000086700000, 0x0000000086800000|  0%| F|  |TAMS 0x0000000086700000, 0x0000000086700000| Untracked 
|  74|0x0000000086800000, 0x0000000086800000, 0x0000000086900000|  0%| F|  |TAMS 0x0000000086800000, 0x0000000086800000| Untracked 
|  75|0x0000000086900000, 0x0000000086900000, 0x0000000086a00000|  0%| F|  |TAMS 0x0000000086900000, 0x0000000086900000| Untracked 
|  76|0x0000000086a00000, 0x0000000086a00000, 0x0000000086b00000|  0%| F|  |TAMS 0x0000000086a00000, 0x0000000086a00000| Untracked 
|  77|0x0000000086b00000, 0x0000000086b00000, 0x0000000086c00000|  0%| F|  |TAMS 0x0000000086b00000, 0x0000000086b00000| Untracked 
|  78|0x0000000086c00000, 0x0000000086c00000, 0x0000000086d00000|  0%| F|  |TAMS 0x0000000086c00000, 0x0000000086c00000| Untracked 
|  79|0x0000000086d00000, 0x0000000086d00000, 0x0000000086e00000|  0%| F|  |TAMS 0x0000000086d00000, 0x0000000086d00000| Untracked 
|  80|0x0000000086e00000, 0x0000000086e00000, 0x0000000086f00000|  0%| F|  |TAMS 0x0000000086e00000, 0x0000000086e00000| Untracked 
|  81|0x0000000086f00000, 0x0000000086f00000, 0x0000000087000000|  0%| F|  |TAMS 0x0000000086f00000, 0x0000000086f00000| Untracked 
|  82|0x0000000087000000, 0x0000000087000000, 0x0000000087100000|  0%| F|  |TAMS 0x0000000087000000, 0x0000000087000000| Untracked 
|  83|0x0000000087100000, 0x0000000087100000, 0x0000000087200000|  0%| F|  |TAMS 0x0000000087100000, 0x0000000087100000| Untracked 
|  84|0x0000000087200000, 0x0000000087200000, 0x0000000087300000|  0%| F|  |TAMS 0x0000000087200000, 0x0000000087200000| Untracked 
|  85|0x0000000087300000, 0x0000000087300000, 0x0000000087400000|  0%| F|  |TAMS 0x0000000087300000, 0x0000000087300000| Untracked 
|  86|0x0000000087400000, 0x0000000087400000, 0x0000000087500000|  0%| F|  |TAMS 0x0000000087400000, 0x0000000087400000| Untracked 
|  87|0x0000000087500000, 0x0000000087500000, 0x0000000087600000|  0%| F|  |TAMS 0x0000000087500000, 0x0000000087500000| Untracked 
|  88|0x0000000087600000, 0x0000000087600000, 0x0000000087700000|  0%| F|  |TAMS 0x0000000087600000, 0x0000000087600000| Untracked 
|  89|0x0000000087700000, 0x0000000087700000, 0x0000000087800000|  0%| F|  |TAMS 0x0000000087700000, 0x0000000087700000| Untracked 
|  90|0x0000000087800000, 0x0000000087800000, 0x0000000087900000|  0%| F|  |TAMS 0x0000000087800000, 0x0000000087800000| Untracked 
|  91|0x0000000087900000, 0x0000000087900000, 0x0000000087a00000|  0%| F|  |TAMS 0x0000000087900000, 0x0000000087900000| Untracked 
|  92|0x0000000087a00000, 0x0000000087a00000, 0x0000000087b00000|  0%| F|  |TAMS 0x0000000087a00000, 0x0000000087a00000| Untracked 
|  93|0x0000000087b00000, 0x0000000087b00000, 0x0000000087c00000|  0%| F|  |TAMS 0x0000000087b00000, 0x0000000087b00000| Untracked 
|  94|0x0000000087c00000, 0x0000000087c00000, 0x0000000087d00000|  0%| F|  |TAMS 0x0000000087c00000, 0x0000000087c00000| Untracked 
|  95|0x0000000087d00000, 0x0000000087d00000, 0x0000000087e00000|  0%| F|  |TAMS 0x0000000087d00000, 0x0000000087d00000| Untracked 
|  96|0x0000000087e00000, 0x0000000087e00000, 0x0000000087f00000|  0%| F|  |TAMS 0x0000000087e00000, 0x0000000087e00000| Untracked 
|  97|0x0000000087f00000, 0x0000000087f00000, 0x0000000088000000|  0%| F|  |TAMS 0x0000000087f00000, 0x0000000087f00000| Untracked 
|  98|0x0000000088000000, 0x0000000088000000, 0x0000000088100000|  0%| F|  |TAMS 0x0000000088000000, 0x0000000088000000| Untracked 
|  99|0x0000000088100000, 0x0000000088100000, 0x0000000088200000|  0%| F|  |TAMS 0x0000000088100000, 0x0000000088100000| Untracked 
| 100|0x0000000088200000, 0x0000000088200000, 0x0000000088300000|  0%| F|  |TAMS 0x0000000088200000, 0x0000000088200000| Untracked 
| 101|0x0000000088300000, 0x0000000088300000, 0x0000000088400000|  0%| F|  |TAMS 0x0000000088300000, 0x0000000088300000| Untracked 
| 102|0x0000000088400000, 0x0000000088400000, 0x0000000088500000|  0%| F|  |TAMS 0x0000000088400000, 0x0000000088400000| Untracked 
| 103|0x0000000088500000, 0x000000008852e900, 0x0000000088600000| 18%| S|CS|TAMS 0x0000000088500000, 0x0000000088500000| Complete 
| 104|0x0000000088600000, 0x0000000088700000, 0x0000000088700000|100%| S|CS|TAMS 0x0000000088600000, 0x0000000088600000| Complete 
| 105|0x0000000088700000, 0x0000000088800000, 0x0000000088800000|100%| S|CS|TAMS 0x0000000088700000, 0x0000000088700000| Complete 
| 106|0x0000000088800000, 0x0000000088900000, 0x0000000088900000|100%| S|CS|TAMS 0x0000000088800000, 0x0000000088800000| Complete 
| 107|0x0000000088900000, 0x0000000088a00000, 0x0000000088a00000|100%| S|CS|TAMS 0x0000000088900000, 0x0000000088900000| Complete 
| 108|0x0000000088a00000, 0x0000000088b00000, 0x0000000088b00000|100%| S|CS|TAMS 0x0000000088a00000, 0x0000000088a00000| Complete 
| 109|0x0000000088b00000, 0x0000000088b00000, 0x0000000088c00000|  0%| F|  |TAMS 0x0000000088b00000, 0x0000000088b00000| Untracked 
| 110|0x0000000088c00000, 0x0000000088c00000, 0x0000000088d00000|  0%| F|  |TAMS 0x0000000088c00000, 0x0000000088c00000| Untracked 
| 111|0x0000000088d00000, 0x0000000088d00000, 0x0000000088e00000|  0%| F|  |TAMS 0x0000000088d00000, 0x0000000088d00000| Untracked 
| 112|0x0000000088e00000, 0x0000000088e00000, 0x0000000088f00000|  0%| F|  |TAMS 0x0000000088e00000, 0x0000000088e00000| Untracked 
| 113|0x0000000088f00000, 0x0000000088f00000, 0x0000000089000000|  0%| F|  |TAMS 0x0000000088f00000, 0x0000000088f00000| Untracked 
| 114|0x0000000089000000, 0x0000000089000000, 0x0000000089100000|  0%| F|  |TAMS 0x0000000089000000, 0x0000000089000000| Untracked 
| 115|0x0000000089100000, 0x0000000089100000, 0x0000000089200000|  0%| F|  |TAMS 0x0000000089100000, 0x0000000089100000| Untracked 
| 116|0x0000000089200000, 0x0000000089200000, 0x0000000089300000|  0%| F|  |TAMS 0x0000000089200000, 0x0000000089200000| Untracked 
| 117|0x0000000089300000, 0x0000000089300000, 0x0000000089400000|  0%| F|  |TAMS 0x0000000089300000, 0x0000000089300000| Untracked 
| 118|0x0000000089400000, 0x0000000089400000, 0x0000000089500000|  0%| F|  |TAMS 0x0000000089400000, 0x0000000089400000| Untracked 
| 119|0x0000000089500000, 0x0000000089500000, 0x0000000089600000|  0%| F|  |TAMS 0x0000000089500000, 0x0000000089500000| Untracked 
| 120|0x0000000089600000, 0x0000000089600000, 0x0000000089700000|  0%| F|  |TAMS 0x0000000089600000, 0x0000000089600000| Untracked 
| 121|0x0000000089700000, 0x0000000089700000, 0x0000000089800000|  0%| F|  |TAMS 0x0000000089700000, 0x0000000089700000| Untracked 
| 122|0x0000000089800000, 0x0000000089800000, 0x0000000089900000|  0%| F|  |TAMS 0x0000000089800000, 0x0000000089800000| Untracked 
| 123|0x0000000089900000, 0x0000000089900000, 0x0000000089a00000|  0%| F|  |TAMS 0x0000000089900000, 0x0000000089900000| Untracked 
| 124|0x0000000089a00000, 0x0000000089a00000, 0x0000000089b00000|  0%| F|  |TAMS 0x0000000089a00000, 0x0000000089a00000| Untracked 
| 125|0x0000000089b00000, 0x0000000089b00000, 0x0000000089c00000|  0%| F|  |TAMS 0x0000000089b00000, 0x0000000089b00000| Untracked 
| 126|0x0000000089c00000, 0x0000000089c00000, 0x0000000089d00000|  0%| F|  |TAMS 0x0000000089c00000, 0x0000000089c00000| Untracked 
| 127|0x0000000089d00000, 0x0000000089d00000, 0x0000000089e00000|  0%| F|  |TAMS 0x0000000089d00000, 0x0000000089d00000| Untracked 
| 128|0x0000000089e00000, 0x0000000089e00000, 0x0000000089f00000|  0%| F|  |TAMS 0x0000000089e00000, 0x0000000089e00000| Untracked 
| 129|0x0000000089f00000, 0x0000000089f00000, 0x000000008a000000|  0%| F|  |TAMS 0x0000000089f00000, 0x0000000089f00000| Untracked 
| 130|0x000000008a000000, 0x000000008a000000, 0x000000008a100000|  0%| F|  |TAMS 0x000000008a000000, 0x000000008a000000| Untracked 
| 131|0x000000008a100000, 0x000000008a100000, 0x000000008a200000|  0%| F|  |TAMS 0x000000008a100000, 0x000000008a100000| Untracked 
| 132|0x000000008a200000, 0x000000008a200000, 0x000000008a300000|  0%| F|  |TAMS 0x000000008a200000, 0x000000008a200000| Untracked 
| 133|0x000000008a300000, 0x000000008a300000, 0x000000008a400000|  0%| F|  |TAMS 0x000000008a300000, 0x000000008a300000| Untracked 
| 134|0x000000008a400000, 0x000000008a400000, 0x000000008a500000|  0%| F|  |TAMS 0x000000008a400000, 0x000000008a400000| Untracked 
| 135|0x000000008a500000, 0x000000008a500000, 0x000000008a600000|  0%| F|  |TAMS 0x000000008a500000, 0x000000008a500000| Untracked 
| 136|0x000000008a600000, 0x000000008a600000, 0x000000008a700000|  0%| F|  |TAMS 0x000000008a600000, 0x000000008a600000| Untracked 
| 137|0x000000008a700000, 0x000000008a700000, 0x000000008a800000|  0%| F|  |TAMS 0x000000008a700000, 0x000000008a700000| Untracked 
| 138|0x000000008a800000, 0x000000008a800000, 0x000000008a900000|  0%| F|  |TAMS 0x000000008a800000, 0x000000008a800000| Untracked 
| 139|0x000000008a900000, 0x000000008a900000, 0x000000008aa00000|  0%| F|  |TAMS 0x000000008a900000, 0x000000008a900000| Untracked 
| 140|0x000000008aa00000, 0x000000008aa00000, 0x000000008ab00000|  0%| F|  |TAMS 0x000000008aa00000, 0x000000008aa00000| Untracked 
| 141|0x000000008ab00000, 0x000000008ab00000, 0x000000008ac00000|  0%| F|  |TAMS 0x000000008ab00000, 0x000000008ab00000| Untracked 
| 142|0x000000008ac00000, 0x000000008ac00000, 0x000000008ad00000|  0%| F|  |TAMS 0x000000008ac00000, 0x000000008ac00000| Untracked 
| 143|0x000000008ad00000, 0x000000008ad00000, 0x000000008ae00000|  0%| F|  |TAMS 0x000000008ad00000, 0x000000008ad00000| Untracked 
| 144|0x000000008ae00000, 0x000000008ae00000, 0x000000008af00000|  0%| F|  |TAMS 0x000000008ae00000, 0x000000008ae00000| Untracked 
| 145|0x000000008af00000, 0x000000008af00000, 0x000000008b000000|  0%| F|  |TAMS 0x000000008af00000, 0x000000008af00000| Untracked 
| 146|0x000000008b000000, 0x000000008b000000, 0x000000008b100000|  0%| F|  |TAMS 0x000000008b000000, 0x000000008b000000| Untracked 
| 147|0x000000008b100000, 0x000000008b100000, 0x000000008b200000|  0%| F|  |TAMS 0x000000008b100000, 0x000000008b100000| Untracked 
| 148|0x000000008b200000, 0x000000008b200000, 0x000000008b300000|  0%| F|  |TAMS 0x000000008b200000, 0x000000008b200000| Untracked 
| 149|0x000000008b300000, 0x000000008b300000, 0x000000008b400000|  0%| F|  |TAMS 0x000000008b300000, 0x000000008b300000| Untracked 
| 150|0x000000008b400000, 0x000000008b400000, 0x000000008b500000|  0%| F|  |TAMS 0x000000008b400000, 0x000000008b400000| Untracked 
| 151|0x000000008b500000, 0x000000008b500000, 0x000000008b600000|  0%| F|  |TAMS 0x000000008b500000, 0x000000008b500000| Untracked 
| 152|0x000000008b600000, 0x000000008b600000, 0x000000008b700000|  0%| F|  |TAMS 0x000000008b600000, 0x000000008b600000| Untracked 
| 153|0x000000008b700000, 0x000000008b800000, 0x000000008b800000|100%| E|  |TAMS 0x000000008b700000, 0x000000008b700000| Complete 

Card table byte_map: [0x000001e97f030000,0x000001e97f430000] _byte_map_base: 0x000001e97ec21000

Marking Bits (Prev, Next): (CMBitMap*) 0x000001e97654b9f0, (CMBitMap*) 0x000001e97654b9b8
 Prev Bits: [0x000001e910f90000, 0x000001e912f18000)
 Next Bits: [0x000001e90f000000, 0x000001e910f88000)

Polling page: 0x000001e974690000

Metaspace:

Usage:
  Non-class:     30.30 MB capacity,    29.56 MB ( 98%) used,   625.03 KB (  2%) free+waste,   133.25 KB ( <1%) overhead. 
      Class:      4.83 MB capacity,     4.36 MB ( 90%) used,   413.74 KB (  8%) free+waste,    67.19 KB (  1%) overhead. 
       Both:     35.13 MB capacity,    33.92 MB ( 97%) used,     1.01 MB (  3%) free+waste,   200.44 KB ( <1%) overhead. 

Virtual space:
  Non-class space:       32.00 MB reserved,      30.38 MB ( 95%) committed 
      Class space:        1.00 GB reserved,       4.95 MB ( <1%) committed 
             Both:        1.03 GB reserved,      35.33 MB (  3%) committed 

Chunk freelists:
   Non-Class:  0 bytes
       Class:  1.75 KB
        Both:  1.75 KB

CodeHeap 'non-profiled nmethods': size=238336Kb used=6235Kb max_used=6235Kb free=232100Kb
 bounds [0x000001e900740000, 0x000001e900d60000, 0x000001e90f000000]
CodeHeap 'non-nmethods': size=7424Kb used=1162Kb max_used=1162Kb free=6261Kb
 bounds [0x000001e900000000, 0x000001e900270000, 0x000001e900740000]
 total_blobs=4350 nmethods=3839 adapters=421
 compilation: enabled
              stopped_count=0, restarted_count=0
 full_count=0

Compilation events (10 events):
Event: 4.372 Thread 0x000001e915b92000 3835   !   1       java.util.concurrent.ConcurrentHashMap::clear (176 bytes)
Event: 4.373 Thread 0x000001e915b92000 nmethod 3835 0x000001e900d54290 code [0x000001e900d54480, 0x000001e900d54b80]
Event: 4.373 Thread 0x000001e915b92000 3836       1       java.util.regex.Matcher::end (67 bytes)
Event: 4.373 Thread 0x000001e915b92000 nmethod 3836 0x000001e900d54f10 code [0x000001e900d55120, 0x000001e900d555f0]
Event: 4.374 Thread 0x000001e915b92000 3837       1       org.springframework.boot.autoconfigure.condition.ConditionEvaluationReport$$Lambda$602/0x00000001004ce440::accept (20 bytes)
Event: 4.374 Thread 0x000001e915b92000 nmethod 3837 0x000001e900d55890 code [0x000001e900d55a40, 0x000001e900d55bf0]
Event: 4.374 Thread 0x000001e915b92000 3838       1       org.springframework.boot.autoconfigure.condition.ConditionEvaluationReport::lambda$addNoMatchOutcomeToAncestors$1 (54 bytes)
Event: 4.374 Thread 0x000001e915b92000 nmethod 3838 0x000001e900d55d10 code [0x000001e900d55f60, 0x000001e900d566e0]
Event: 4.377 Thread 0x000001e915b92000 3839       1       org.springframework.boot.autoconfigure.condition.ConditionEvaluationReport$ConditionAndOutcome::getOutcome (5 bytes)
Event: 4.377 Thread 0x000001e915b92000 nmethod 3839 0x000001e900d56a90 code [0x000001e900d56c20, 0x000001e900d56d38]

GC Heap History (10 events):
Event: 2.559 GC heap before
{Heap before GC invocations=6 (full 0):
 garbage-first heap   total 131072K, used 82698K [0x0000000081e00000, 0x0000000100000000)
  region size 1024K, 62 young (63488K), 4 survivors (4096K)
 Metaspace       used 26464K, capacity 27350K, committed 27644K, reserved 1073152K
  class space    used 3247K, capacity 3588K, committed 3660K, reserved 1048576K
}
Event: 2.563 GC heap after
{Heap after GC invocations=7 (full 0):
 garbage-first heap   total 131072K, used 26399K [0x0000000081e00000, 0x0000000100000000)
  region size 1024K, 6 young (6144K), 6 survivors (6144K)
 Metaspace       used 26464K, capacity 27350K, committed 27644K, reserved 1073152K
  class space    used 3247K, capacity 3588K, committed 3660K, reserved 1048576K
}
Event: 3.127 GC heap before
{Heap before GC invocations=7 (full 0):
 garbage-first heap   total 131072K, used 85791K [0x0000000081e00000, 0x0000000100000000)
  region size 1024K, 65 young (66560K), 6 survivors (6144K)
 Metaspace       used 28077K, capacity 29062K, committed 29180K, reserved 1075200K
  class space    used 3470K, capacity 3826K, committed 3916K, reserved 1048576K
}
Event: 3.131 GC heap after
{Heap after GC invocations=8 (full 0):
 garbage-first heap   total 131072K, used 27269K [0x0000000081e00000, 0x0000000100000000)
  region size 1024K, 5 young (5120K), 5 survivors (5120K)
 Metaspace       used 28077K, capacity 29062K, committed 29180K, reserved 1075200K
  class space    used 3470K, capacity 3826K, committed 3916K, reserved 1048576K
}
Event: 3.477 GC heap before
{Heap before GC invocations=8 (full 0):
 garbage-first heap   total 131072K, used 89733K [0x0000000081e00000, 0x0000000100000000)
  region size 1024K, 66 young (67584K), 5 survivors (5120K)
 Metaspace       used 28586K, capacity 29618K, committed 29820K, reserved 1075200K
  class space    used 3549K, capacity 3945K, committed 4044K, reserved 1048576K
}
Event: 3.480 GC heap after
{Heap after GC invocations=9 (full 0):
 garbage-first heap   total 131072K, used 27877K [0x0000000081e00000, 0x0000000100000000)
  region size 1024K, 6 young (6144K), 6 survivors (6144K)
 Metaspace       used 28586K, capacity 29618K, committed 29820K, reserved 1075200K
  class space    used 3549K, capacity 3945K, committed 4044K, reserved 1048576K
}
Event: 4.138 GC heap before
{Heap before GC invocations=9 (full 0):
 garbage-first heap   total 131072K, used 93413K [0x0000000081e00000, 0x0000000100000000)
  region size 1024K, 70 young (71680K), 6 survivors (6144K)
 Metaspace       used 33279K, capacity 34336K, committed 34556K, reserved 1079296K
  class space    used 4214K, capacity 4654K, committed 4684K, reserved 1048576K
}
Event: 4.143 GC heap after
{Heap after GC invocations=10 (full 0):
 garbage-first heap   total 131072K, used 30000K [0x0000000081e00000, 0x0000000100000000)
  region size 1024K, 7 young (7168K), 7 survivors (7168K)
 Metaspace       used 33279K, capacity 34336K, committed 34556K, reserved 1079296K
  class space    used 4214K, capacity 4654K, committed 4684K, reserved 1048576K
}
Event: 4.361 GC heap before
{Heap before GC invocations=10 (full 0):
 garbage-first heap   total 131072K, used 48432K [0x0000000081e00000, 0x0000000100000000)
  region size 1024K, 26 young (26624K), 7 survivors (7168K)
 Metaspace       used 34670K, capacity 35851K, committed 36048K, reserved 1081344K
  class space    used 4450K, capacity 4906K, committed 4940K, reserved 1048576K
}
Event: 4.367 GC heap after
{Heap after GC invocations=11 (full 0):
 garbage-first heap   total 157696K, used 31120K [0x0000000081e00000, 0x0000000100000000)
  region size 1024K, 6 young (6144K), 6 survivors (6144K)
 Metaspace       used 34670K, capacity 35851K, committed 36048K, reserved 1081344K
  class space    used 4450K, capacity 4906K, committed 4940K, reserved 1048576K
}

Deoptimization events (0 events):
No events

Classes redefined (0 events):
No events

Internal exceptions (10 events):
Event: 4.186 Thread 0x000001e917200000 Exception <a 'java/lang/ClassNotFoundException'{0x00000000897c5010}: org/springframework/beans/factory/AwareCustomizer> (0x00000000897c5010) thrown at [./open/src/hotspot/share/classfile/systemDictionary.cpp, line 228]
Event: 4.186 Thread 0x000001e917200000 Exception <a 'java/lang/ClassNotFoundException'{0x00000000897ea078}: org/springframework/aop/PointcutAdvisorCustomizer> (0x00000000897ea078) thrown at [./open/src/hotspot/share/classfile/systemDictionary.cpp, line 228]
Event: 4.187 Thread 0x000001e917200000 Exception <a 'java/lang/ClassNotFoundException'{0x000000008960d5f8}: org/springframework/aop/AdvisorCustomizer> (0x000000008960d5f8) thrown at [./open/src/hotspot/share/classfile/systemDictionary.cpp, line 228]
Event: 4.188 Thread 0x000001e917200000 Exception <a 'java/lang/ClassNotFoundException'{0x0000000089632470}: org/springframework/core/OrderedCustomizer> (0x0000000089632470) thrown at [./open/src/hotspot/share/classfile/systemDictionary.cpp, line 228]
Event: 4.245 Thread 0x000001e917200000 Exception <a 'java/lang/NoSuchMethodError'{0x00000000894a7d48}: java.lang.invoke.DirectMethodHandle$Holder.invokeSpecial(Ljava/lang/Object;Ljava/lang/Object;Ljava/lang/Object;Ljava/lang/Object;Ljava/lang/Object;)I> (0x00000000894a7d48) thrown at [./open/s
Event: 4.328 Thread 0x000001e917200000 Exception <a 'java/lang/NoSuchMethodError'{0x0000000088f84d88}: java.lang.invoke.DirectMethodHandle$Holder.invokeInterface(Ljava/lang/Object;Ljava/lang/Object;I)V> (0x0000000088f84d88) thrown at [./open/src/hotspot/share/interpreter/linkResolver.cpp, line
Event: 4.330 Thread 0x000001e917200000 Exception <a 'java/lang/IncompatibleClassChangeError'{0x0000000088fd0110}: Found class java.lang.Object, but interface was expected> (0x0000000088fd0110) thrown at [./open/src/hotspot/share/interpreter/linkResolver.cpp, line 838]
Event: 4.330 Thread 0x000001e917200000 Exception <a 'java/lang/NoSuchMethodError'{0x0000000088fd4f90}: java.lang.invoke.DirectMethodHandle$Holder.invokeStatic(Ljava/lang/Object;ILjava/lang/Object;)V> (0x0000000088fd4f90) thrown at [./open/src/hotspot/share/interpreter/linkResolver.cpp, line 77
Event: 4.369 Thread 0x000001e917200000 Exception <a 'java/lang/reflect/InvocationTargetException'{0x000000008b70bef8}> (0x000000008b70bef8) thrown at [./open/src/hotspot/share/runtime/reflection.cpp, line 1242]
Event: 4.370 Thread 0x000001e917200000 Exception <a 'java/lang/NoSuchMethodError'{0x000000008b7307a8}: java.lang.invoke.DirectMethodHandle$Holder.invokeInterface(Ljava/lang/Object;Ljava/lang/Object;)V> (0x000000008b7307a8) thrown at [./open/src/hotspot/share/interpreter/linkResolver.cpp, line 

Events (10 events):
Event: 4.372 loading class org/springframework/boot/rsocket/context/RSocketServerInitializedEvent done
Event: 4.373 loading class org/springframework/boot/autoconfigure/condition/ConditionEvaluationReport$ConditionAndOutcomes
Event: 4.373 loading class org/springframework/boot/autoconfigure/condition/ConditionEvaluationReport$ConditionAndOutcomes done
Event: 4.373 loading class org/springframework/boot/autoconfigure/condition/ConditionEvaluationReport$ConditionAndOutcomes
Event: 4.373 loading class org/springframework/boot/autoconfigure/condition/ConditionEvaluationReport$ConditionAndOutcomes done
Event: 4.373 loading class org/springframework/boot/autoconfigure/condition/ConditionEvaluationReport
Event: 4.373 loading class org/springframework/boot/autoconfigure/condition/ConditionEvaluationReport done
Event: 4.373 loading class org/springframework/boot/autoconfigure/condition/ConditionEvaluationReport$ConditionAndOutcomes
Event: 4.373 loading class org/springframework/boot/autoconfigure/condition/ConditionEvaluationReport$ConditionAndOutcomes done
Event: 4.378 Executing VM operation: CGC_Operation


Dynamic libraries:
0x00007ff654d20000 - 0x00007ff654d67000 	C:\Program Files\Java\jdk-11.0.7\bin\javaw.exe
0x00007fff7cc70000 - 0x00007fff7ce65000 	C:\WINDOWS\SYSTEM32\ntdll.dll
0x00007fff7bc80000 - 0x00007fff7bd3d000 	C:\WINDOWS\System32\KERNEL32.DLL
0x00007fff7a3b0000 - 0x00007fff7a678000 	C:\WINDOWS\System32\KERNELBASE.dll
0x00007fff73f20000 - 0x00007fff73fb0000 	C:\WINDOWS\SYSTEM32\apphelp.dll
0x00007fff7cb80000 - 0x00007fff7cc2c000 	C:\WINDOWS\System32\ADVAPI32.dll
0x00007fff7af80000 - 0x00007fff7b01e000 	C:\WINDOWS\System32\msvcrt.dll
0x00007fff7c840000 - 0x00007fff7c8db000 	C:\WINDOWS\System32\sechost.dll
0x00007fff7bb50000 - 0x00007fff7bc7b000 	C:\WINDOWS\System32\RPCRT4.dll
0x00007fff7bd40000 - 0x00007fff7bee0000 	C:\WINDOWS\System32\USER32.dll
0x00007fff7ab40000 - 0x00007fff7ab62000 	C:\WINDOWS\System32\win32u.dll
0x00007fff7ada0000 - 0x00007fff7adca000 	C:\WINDOWS\System32\GDI32.dll
0x00007fff7a9d0000 - 0x00007fff7aadb000 	C:\WINDOWS\System32\gdi32full.dll
0x00007fff7a8e0000 - 0x00007fff7a97d000 	C:\WINDOWS\System32\msvcp_win.dll
0x00007fff7a7e0000 - 0x00007fff7a8e0000 	C:\WINDOWS\System32\ucrtbase.dll
0x00007fff5aee0000 - 0x00007fff5b17a000 	C:\WINDOWS\WinSxS\amd64_microsoft.windows.common-controls_6595b64144ccf1df_6.0.19041.844_none_ca00b6081b84eb1d\COMCTL32.dll
0x00007fff682e0000 - 0x00007fff682ea000 	C:\WINDOWS\SYSTEM32\VERSION.dll
0x00007fff7ca30000 - 0x00007fff7ca60000 	C:\WINDOWS\System32\IMM32.DLL
0x00007fff5ad10000 - 0x00007fff5ad26000 	C:\Program Files\Java\jdk-11.0.7\bin\vcruntime140.dll
0x00007fff4e7e0000 - 0x00007fff4e88a000 	C:\Program Files\Java\jdk-11.0.7\bin\msvcp140.dll
0x00007fff23d70000 - 0x00007fff248d1000 	C:\Program Files\Java\jdk-11.0.7\bin\server\jvm.dll
0x00007fff7c8e0000 - 0x00007fff7c8e8000 	C:\WINDOWS\System32\PSAPI.DLL
0x00007fff5b8a0000 - 0x00007fff5b8a9000 	C:\WINDOWS\SYSTEM32\WSOCK32.dll
0x00007fff5cfd0000 - 0x00007fff5cff7000 	C:\WINDOWS\SYSTEM32\WINMM.dll
0x00007fff7c7d0000 - 0x00007fff7c83b000 	C:\WINDOWS\System32\WS2_32.dll
0x00007fff78fd0000 - 0x00007fff78fe2000 	C:\WINDOWS\SYSTEM32\kernel.appcore.dll
0x00007fff70dc0000 - 0x00007fff70dd1000 	C:\Program Files\Java\jdk-11.0.7\bin\verify.dll
0x00007fff78d00000 - 0x00007fff78ee4000 	C:\WINDOWS\SYSTEM32\DBGHELP.DLL
0x00007fff67b30000 - 0x00007fff67b5c000 	C:\WINDOWS\SYSTEM32\dbgcore.DLL
0x00007fff7a760000 - 0x00007fff7a7e0000 	C:\WINDOWS\System32\bcryptPrimitives.dll
0x00007fff6a450000 - 0x00007fff6a479000 	C:\Program Files\Java\jdk-11.0.7\bin\java.dll
0x00007fff70f60000 - 0x00007fff70f6a000 	C:\Program Files\Java\jdk-11.0.7\bin\jimage.dll
0x00007fff69130000 - 0x00007fff69146000 	C:\Program Files\Java\jdk-11.0.7\bin\zip.dll
0x00007fff7bff0000 - 0x00007fff7c732000 	C:\WINDOWS\System32\SHELL32.dll
0x00007fff78210000 - 0x00007fff789a0000 	C:\WINDOWS\SYSTEM32\windows.storage.dll
0x00007fff7b020000 - 0x00007fff7b375000 	C:\WINDOWS\System32\combase.dll
0x00007fff79d50000 - 0x00007fff79d7c000 	C:\WINDOWS\SYSTEM32\Wldp.dll
0x00007fff7acf0000 - 0x00007fff7ad9e000 	C:\WINDOWS\System32\SHCORE.dll
0x00007fff7b380000 - 0x00007fff7b3d5000 	C:\WINDOWS\System32\shlwapi.dll
0x00007fff7a2f0000 - 0x00007fff7a30f000 	C:\WINDOWS\SYSTEM32\profapi.dll
0x00007fff66530000 - 0x00007fff66549000 	C:\Program Files\Java\jdk-11.0.7\bin\net.dll
0x00007fff65d50000 - 0x00007fff65e5b000 	C:\WINDOWS\SYSTEM32\WINHTTP.dll
0x00007fff79ac0000 - 0x00007fff79b2a000 	C:\WINDOWS\system32\mswsock.dll
0x00007fff633f0000 - 0x00007fff63403000 	C:\Program Files\Java\jdk-11.0.7\bin\nio.dll
0x00007fff70e50000 - 0x00007fff70e59000 	C:\Program Files\Java\jdk-11.0.7\bin\management.dll
0x00007fff70e20000 - 0x00007fff70e2c000 	C:\Program Files\Java\jdk-11.0.7\bin\management_ext.dll
0x00007fff5b1c0000 - 0x00007fff5b1d7000 	C:\WINDOWS\system32\napinsp.dll
0x00007fff5aec0000 - 0x00007fff5aedb000 	C:\WINDOWS\system32\pnrpnsp.dll
0x00007fff5ade0000 - 0x00007fff5adf5000 	C:\WINDOWS\system32\wshbth.dll
0x00007fff70b60000 - 0x00007fff70b7d000 	C:\WINDOWS\system32\NLAapi.dll
0x00007fff797b0000 - 0x00007fff797eb000 	C:\WINDOWS\SYSTEM32\IPHLPAPI.DLL
0x00007fff797f0000 - 0x00007fff798bc000 	C:\WINDOWS\SYSTEM32\DNSAPI.dll
0x00007fff7b3e0000 - 0x00007fff7b3e8000 	C:\WINDOWS\System32\NSI.dll
0x00007fff5a8b0000 - 0x00007fff5a8c2000 	C:\WINDOWS\System32\winrnr.dll
0x00007fff66160000 - 0x00007fff6616a000 	C:\Windows\System32\rasadhlp.dll
0x00007fff661c0000 - 0x00007fff6623f000 	C:\WINDOWS\System32\fwpuclnt.dll
0x00007fff7a680000 - 0x00007fff7a6a7000 	C:\WINDOWS\System32\bcrypt.dll
0x00007fff79c90000 - 0x00007fff79ca8000 	C:\WINDOWS\SYSTEM32\CRYPTSP.dll
0x00007fff79460000 - 0x00007fff79494000 	C:\WINDOWS\system32\rsaenh.dll
0x00007fff7a2b0000 - 0x00007fff7a2de000 	C:\WINDOWS\SYSTEM32\USERENV.dll
0x00007fff79cb0000 - 0x00007fff79cbc000 	C:\WINDOWS\SYSTEM32\CRYPTBASE.dll
0x00007fff6a050000 - 0x00007fff6a067000 	C:\WINDOWS\SYSTEM32\dhcpcsvc6.DLL
0x00007fff6b840000 - 0x00007fff6b85d000 	C:\WINDOWS\SYSTEM32\dhcpcsvc.DLL

dbghelp: loaded successfully - version: 4.0.5 - missing functions: none
symbol engine: initialized successfully - sym options: 0x614 - pdb path: .;C:\Program Files\Java\jdk-11.0.7\bin;C:\WINDOWS\SYSTEM32;C:\WINDOWS\WinSxS\amd64_microsoft.windows.common-controls_6595b64144ccf1df_6.0.19041.844_none_ca00b6081b84eb1d;C:\Program Files\Java\jdk-11.0.7\bin\server

VM Arguments:
jvm_args: -Dcom.sun.management.jmxremote -Dcom.sun.management.jmxremote.port=55300 -Dcom.sun.management.jmxremote.authenticate=false -Dcom.sun.management.jmxremote.ssl=false -Djava.rmi.server.hostname=localhost -Dspring.jmx.enabled=true -Dspring.application.admin.enabled=true -Xverify:none -XX:TieredStopAtLevel=1 -Dspring.boot.project.name=cursomc1 -Dfile.encoding=UTF-8 
java_command: com.nelioalves.cursomc.CursomcApplication --spring.profiles.active=test --spring.output.ansi.enabled=always
java_class_path (initial): C:\Users\josea\Documents\workspace-spring-tool-suite-4-4.6.1.RELEASE\cursomc1\target\classes;C:\Users\josea\.m2\repository\org\springframework\boot\spring-boot-starter-web\2.3.0.RELEASE\spring-boot-starter-web-2.3.0.RELEASE.jar;C:\Users\josea\.m2\repository\org\springframework\boot\spring-boot-starter\2.3.0.RELEASE\spring-boot-starter-2.3.0.RELEASE.jar;C:\Users\josea\.m2\repository\org\springframework\boot\spring-boot-starter-logging\2.3.0.RELEASE\spring-boot-starter-logging-2.3.0.RELEASE.jar;C:\Users\josea\.m2\repository\ch\qos\logback\logback-classic\1.2.3\logback-classic-1.2.3.jar;C:\Users\josea\.m2\repository\ch\qos\logback\logback-core\1.2.3\logback-core-1.2.3.jar;C:\Users\josea\.m2\repository\org\apache\logging\log4j\log4j-to-slf4j\2.13.2\log4j-to-slf4j-2.13.2.jar;C:\Users\josea\.m2\repository\org\apache\logging\log4j\log4j-api\2.13.2\log4j-api-2.13.2.jar;C:\Users\josea\.m2\repository\org\slf4j\jul-to-slf4j\1.7.30\jul-to-slf4j-1.7.30.jar;C:\Users\josea\.m2\repository\jakarta\annotation\jakarta.annotation-api\1.3.5\jakarta.annotation-api-1.3.5.jar;C:\Users\josea\.m2\repository\org\yaml\snakeyaml\1.26\snakeyaml-1.26.jar;C:\Users\josea\.m2\repository\org\springframework\boot\spring-boot-starter-json\2.3.0.RELEASE\spring-boot-starter-json-2.3.0.RELEASE.jar;C:\Users\josea\.m2\repository\com\fasterxml\jackson\datatype\jackson-datatype-jdk8\2.11.0\jackson-datatype-jdk8-2.11.0.jar;C:\Users\josea\.m2\repository\com\fasterxml\jackson\datatype\jackson-datatype-jsr310\2.11.0\jackson-datatype-jsr310-2.11.0.jar;C:\Users\josea\.m2\repository\com\fasterxml\jackson\module\jackson-module-parameter-names\2.11.0\jackson-module-parameter-names-2.11.0.jar;C:\Users\josea\.m2\repository\org\springframework\boot\spring-boot-starter-tomcat\2.3.0.RELEASE\spring-boot-starter-tomcat-2.3.0.RELEASE.jar;C:\Users\josea\.m2\repository\org\apache\tomcat\embed\tomcat-embed-core\9.0.35\tomcat-embed-core-9.0.35.jar;C:\Users\josea\.m2\repository\org\glassfish\jakarta.el
Launcher Type: SUN_STANDARD

[Global flags]
     bool BytecodeVerificationLocal                = false                                     {product} {command line}
     bool BytecodeVerificationRemote               = false                                     {product} {command line}
     intx CICompilerCount                          = 4                                         {product} {ergonomic}
     uint ConcGCThreads                            = 2                                         {product} {ergonomic}
     uint G1ConcRefinementThreads                  = 8                                         {product} {ergonomic}
   size_t G1HeapRegionSize                         = 1048576                                   {product} {ergonomic}
    uintx GCDrainStackTargetSize                   = 64                                        {product} {ergonomic}
   size_t InitialHeapSize                          = 134217728                                 {product} {ergonomic}
     bool ManagementServer                         = true                                      {product} {command line}
   size_t MarkStackSize                            = 4194304                                   {product} {ergonomic}
   size_t MaxHeapSize                              = 2116026368                                {product} {ergonomic}
   size_t MaxNewSize                               = 1268776960                                {product} {ergonomic}
   size_t MinHeapDeltaBytes                        = 1048576                                   {product} {ergonomic}
    uintx NonNMethodCodeHeapSize                   = 7549744                                {pd product} {ergonomic}
    uintx NonProfiledCodeHeapSize                  = 244108496                              {pd product} {ergonomic}
    uintx ProfiledCodeHeapSize                     = 0                                      {pd product} {ergonomic}
    uintx ReservedCodeCacheSize                    = 251658240                              {pd product} {ergonomic}
     bool SegmentedCodeCache                       = true                                      {product} {ergonomic}
     intx TieredStopAtLevel                        = 1                                         {product} {command line}
     bool UseCompressedClassPointers               = true                                 {lp64_product} {ergonomic}
     bool UseCompressedOops                        = true                                 {lp64_product} {ergonomic}
     bool UseG1GC                                  = true                                      {product} {ergonomic}
     bool UseLargePagesIndividualAllocation        = false                                  {pd product} {ergonomic}

Logging:
Log output configuration:
 #0: stdout all=warning uptime,level,tags
 #1: stderr all=off uptime,level,tags

Environment Variables:
JAVA_HOME=C:\Program Files\Java\jdk-11.0.7
PATH=C:/Program Files/Java/jdk-11.0.7/bin/server;C:/Program Files/Java/jdk-11.0.7/bin;C:\WINDOWS\system32;C:\WINDOWS;C:\WINDOWS\System32\Wbem;C:\WINDOWS\System32\WindowsPowerShell\v1.0\;C:\WINDOWS\System32\OpenSSH\;C:\Program Files\Intel\WiFi\bin\;C:\Program Files\Common Files\Intel\WirelessCommon\;C:\Program Files (x86)\Intel\Intel(R) Management Engine Components\DAL;C:\Program Files\Intel\Intel(R) Management Engine Components\DAL;C:\Program Files (x86)\Microsoft SQL Server\100\Tools\Binn\;C:\Program Files\Microsoft SQL Server\100\Tools\Binn\;C:\Program Files\Microsoft SQL Server\100\DTS\Binn\;C:\Program Files (x86)\Microsoft SQL Server\100\Tools\Binn\VSShell\Common7\IDE\;C:\Program Files (x86)\Microsoft Visual Studio 9.0\Common7\IDE\PrivateAssemblies\;C:\Program Files (x86)\Microsoft SQL Server\100\DTS\Binn\;C:\Program Files\Java\jdk-11.0.7\bin;C:\Android\SDK\tools;C:\Android\SDK\platform-tools;C:\Program Files (x86)\gradle-6.2.2\bin;C:\apache-ant-1.10.7\bin;C:\xampp\mysql\bin;C:\maven\bin;C:\Program Files\nodejs\;C:\Users\josea\AppData\Local\Microsoft\WindowsApps;C:\Users\josea\AppData\Local\Programs\Microsoft VS Code\bin;C:\Program Files\heroku\bin;C:\Users\josea\AppData\Roaming\npm;C:\sts-4.6.1.RELEASE;
USERNAME=josea
OS=Windows_NT
PROCESSOR_IDENTIFIER=Intel64 Family 6 Model 142 Stepping 11, GenuineIntel



---------------  S Y S T E M  ---------------

OS: Windows 10 , 64 bit Build 19041 (10.0.19041.928)

CPU:total 8 (initial active 8) (4 cores per cpu, 2 threads per core) family 6 model 142 stepping 11, cmov, cx8, fxsr, mmx, sse, sse2, sse3, ssse3, sse4.1, sse4.2, popcnt, avx, avx2, aes, clmul, erms, 3dnowpref, lzcnt, ht, tsc, tscinvbit, bmi1, bmi2, adx, fma

Memory: 4k page, system-wide physical 8068M (1209M free)
TotalPageFile size 11140M (AvailPageFile size 1887M)
current process WorkingSet (physical memory assigned to process): 193M, peak: 193M
current process commit charge ("private bytes"): 295M, peak: 295M

vm_info: Java HotSpot(TM) 64-Bit Server VM (11.0.7+8-LTS) for windows-amd64 JRE (11.0.7+8-LTS), built on Mar 12 2020 02:04:32 by "mach5one" with MS VC++ 15.5 (VS2017)

END.
