#
# A fatal error has been detected by the Java Runtime Environment:
#
#  EXCEPTION_ACCESS_VIOLATION (0xc0000005) at pc=0x00007ff988bd3936, pid=16580, tid=17416
#
# JRE version: Java(TM) SE Runtime Environment 18.9 (11.0.7+8) (build 11.0.7+8-LTS)
# Java VM: Java HotSpot(TM) 64-Bit Server VM 18.9 (11.0.7+8-LTS, mixed mode, tiered, compressed oops, g1 gc, windows-amd64)
# Problematic frame:
# V  [jvm.dll+0x6f3936]
#
# No core dump will be written. Minidumps are not enabled by default on client versions of Windows
#
# If you would like to submit a bug report, please visit:
#   https://bugreport.java.com/bugreport/crash.jsp
#

---------------  S U M M A R Y ------------

Command Line: -Dcom.sun.management.jmxremote -Dcom.sun.management.jmxremote.port=52736 -Dcom.sun.management.jmxremote.authenticate=false -Dcom.sun.management.jmxremote.ssl=false -Djava.rmi.server.hostname=localhost -Dspring.jmx.enabled=true -Dspring.application.admin.enabled=true -Xverify:none -XX:TieredStopAtLevel=1 -Dspring.boot.project.name=cursomc1 -Dfile.encoding=UTF-8 com.nelioalves.cursomc.CursomcApplication --spring.profiles.active=dev --spring.output.ansi.enabled=always

Host: Intel(R) Core(TM) i5-8265U CPU @ 1.60GHz, 8 cores, 7G,  Windows 10 , 64 bit Build 18362 (10.0.18362.1110)
Time: Sun Jan  3 21:43:48 2021 Hora oficial do Brasil elapsed time: 0 seconds (0d 0h 0m 0s)

---------------  T H R E A D  ---------------

Current thread (0x0000011681215000):  WatcherThread [stack: 0x0000000d33800000,0x0000000d33900000] [id=17416]

Stack: [0x0000000d33800000,0x0000000d33900000],  sp=0x0000000d338ff860,  free space=1022k
Native frames: (J=compiled Java code, j=interpreted, Vv=VM code, C=native code)
V  [jvm.dll+0x6f3936]
V  [jvm.dll+0x73fc7d]
V  [jvm.dll+0x765fe9]
V  [jvm.dll+0x75e875]
V  [jvm.dll+0x660b26]
C  [ucrtbase.dll+0x210b2]
C  [KERNEL32.DLL+0x17c24]
C  [ntdll.dll+0x6d4d1]


siginfo: EXCEPTION_ACCESS_VIOLATION (0xc0000005), reading address 0x000000100000000f


Register to memory mapping:

RIP=0x00007ff988bd3936 jvm.dll
RAX=0x000000100000000f is an unknown value
RBX=0x0 is NULL
RCX=0x00000116812014f0 points into unknown readable memory: e8 4a de 88 f9 7f 00 00
RDX=0x0000000000000032 is an unknown value
RSP=0x0000000d338ff860 points into unknown readable memory: 00 50 21 81 16 01 00 00
RBP=0x0000000000000002 is an unknown value
RSI=0x00000116811648b0 points into unknown readable memory: 0f 00 00 00 10 00 00 00
RDI=0x0000000000000001 is an unknown value
R8 =0x0 is NULL
R9 =0x00000116e8630b80 is at begin+0 in a stub
StubRoutines::atomic_cmpxchg_long [0x00000116e8630b80, 0x00000116e8630b89[ (9 bytes)
R10=0x00000000546c6148 is an unknown value
R11=0x000008ab48347c01 is an unknown value
R12=0x0 is NULL
R13=0x0000011681215000 points into unknown readable memory: 18 92 de 88 f9 7f 00 00
R14=0x0000000000000032 is an unknown value
R15=0x0000011681003210 points into unknown readable memory: 00 00 00 00 00 00 00 00


Registers:
RAX=0x000000100000000f, RBX=0x0000000000000000, RCX=0x00000116812014f0, RDX=0x0000000000000032
RSP=0x0000000d338ff860, RBP=0x0000000000000002, RSI=0x00000116811648b0, RDI=0x0000000000000001
R8 =0x0000000000000000, R9 =0x00000116e8630b80, R10=0x00000000546c6148, R11=0x000008ab48347c01
R12=0x0000000000000000, R13=0x0000011681215000, R14=0x0000000000000032, R15=0x0000011681003210
RIP=0x00007ff988bd3936, EFLAGS=0x0000000000010246

Top of Stack: (sp=0x0000000d338ff860)
0x0000000d338ff860:   0000011681215000 0000011681215000
0x0000000d338ff870:   0003b6b096b0f2d8 00007ff988b142d9
0x0000000d338ff880:   00007ff988f8abc8 00007ff988c1fc7d
0x0000000d338ff890:   00000116dea1a060 00000116dea1a060
0x0000000d338ff8a0:   00000116dea1a060 431bde82d7b634db
0x0000000d338ff8b0:   0000011681003210 0003b6b096b0f2d8
0x0000000d338ff8c0:   00000116dea1a060 00007ff988c45fe9
0x0000000d338ff8d0:   0000000000000001 0000000000000032
0x0000000d338ff8e0:   0000000000000032 0000000000000002
0x0000000d338ff8f0:   0000000d338ff990 0000000000000000
0x0000000d338ff900:   00007ff9ccd60000 00007ff9ccdd1e53
0x0000000d338ff910:   0000000000000000 00007ff9ccd60000
0x0000000d338ff920:   0000000000000000 0000000d31fb1000
0x0000000d338ff930:   0000011681215000 0000000000000000
0x0000000d338ff940:   0000000000100000 0000000d338ffd90
0x0000000d338ff950:   0000000d33800000 00007ff988c3e875 

Instructions: (pc=0x00007ff988bd3936)
0x00007ff988bd3916:   cc cc cc cc cc cc cc cc cc cc 48 89 5c 24 10 56
0x00007ff988bd3926:   48 83 ec 20 48 8b 35 67 23 3b 00 33 db 48 8b 06
0x00007ff988bd3936:   39 18 7e 27 48 89 7c 24 30 8b fb 48 8b 40 18 48
0x00007ff988bd3946:   8b 0c 07 48 8b 01 ff 50 08 48 8b 06 48 8d 7f 08 


Stack slot to memory mapping:
stack at sp + 0 slots: 0x0000011681215000 points into unknown readable memory: 18 92 de 88 f9 7f 00 00
stack at sp + 1 slots: 0x0000011681215000 points into unknown readable memory: 18 92 de 88 f9 7f 00 00
stack at sp + 2 slots: 0x0003b6b096b0f2d8 is an unknown value
stack at sp + 3 slots: 0x00007ff988b142d9 jvm.dll
stack at sp + 4 slots: 0x00007ff988f8abc8 jvm.dll
stack at sp + 5 slots: 0x00007ff988c1fc7d jvm.dll
stack at sp + 6 slots: 0x00000116dea1a060 points into unknown readable memory: 01 00 00 00 00 00 00 00
stack at sp + 7 slots: 0x00000116dea1a060 points into unknown readable memory: 01 00 00 00 00 00 00 00


---------------  P R O C E S S  ---------------

Threads class SMR info:
_java_thread_list=0x000001168115d920, length=12, elements={
0x00000116dea1e800, 0x00000116ff6a2800, 0x00000116ff6a5800, 0x0000011680052800,
0x0000011680053800, 0x0000011680054800, 0x0000011680065000, 0x00000116ff660800,
0x00000116802b4800, 0x0000011681183000, 0x0000011681188000, 0x0000011681192800
}

Java Threads: ( => current thread )
  0x00000116dea1e800 JavaThread "main" [_thread_in_vm, id=9280, stack(0x0000000d32400000,0x0000000d32500000)]
  0x00000116ff6a2800 JavaThread "Reference Handler" daemon [_thread_blocked, id=22476, stack(0x0000000d32b00000,0x0000000d32c00000)]
  0x00000116ff6a5800 JavaThread "Finalizer" daemon [_thread_blocked, id=16148, stack(0x0000000d32c00000,0x0000000d32d00000)]
  0x0000011680052800 JavaThread "Signal Dispatcher" daemon [_thread_blocked, id=9000, stack(0x0000000d32d00000,0x0000000d32e00000)]
  0x0000011680053800 JavaThread "Attach Listener" daemon [_thread_blocked, id=15100, stack(0x0000000d32e00000,0x0000000d32f00000)]
  0x0000011680054800 JavaThread "C1 CompilerThread0" daemon [_thread_in_native, id=21960, stack(0x0000000d32f00000,0x0000000d33000000)]
  0x0000011680065000 JavaThread "Sweeper thread" daemon [_thread_blocked, id=13416, stack(0x0000000d33000000,0x0000000d33100000)]
  0x00000116ff660800 JavaThread "Common-Cleaner" daemon [_thread_blocked, id=1520, stack(0x0000000d33100000,0x0000000d33200000)]
  0x00000116802b4800 JavaThread "Service Thread" daemon [_thread_blocked, id=17952, stack(0x0000000d33200000,0x0000000d33300000)]
  0x0000011681183000 JavaThread "RMI TCP Accept-0" daemon [_thread_in_native, id=17564, stack(0x0000000d33500000,0x0000000d33600000)]
  0x0000011681188000 JavaThread "RMI TCP Accept-52736" daemon [_thread_in_native, id=16612, stack(0x0000000d33600000,0x0000000d33700000)]
  0x0000011681192800 JavaThread "RMI TCP Accept-0" daemon [_thread_in_native, id=10544, stack(0x0000000d33700000,0x0000000d33800000)]

Other Threads:
  0x00000116ff6cc800 VMThread "VM Thread" [stack: 0x0000000d32a00000,0x0000000d32b00000] [id=21664]
=>0x0000011681215000 WatcherThread [stack: 0x0000000d33800000,0x0000000d33900000] [id=17416]
  0x00000116dea36800 GCTaskThread "GC Thread#0" [stack: 0x0000000d32500000,0x0000000d32600000] [id=11652]
  0x000001168113e800 GCTaskThread "GC Thread#1" [stack: 0x0000000d33300000,0x0000000d33400000] [id=21132]
  0x000001168113f000 GCTaskThread "GC Thread#2" [stack: 0x0000000d33400000,0x0000000d33500000] [id=19560]
  0x00000116dea66000 ConcurrentGCThread "G1 Main Marker" [stack: 0x0000000d32600000,0x0000000d32700000] [id=20832]
  0x00000116dea68800 ConcurrentGCThread "G1 Conc#0" [stack: 0x0000000d32700000,0x0000000d32800000] [id=18648]
  0x00000116ff50f800 ConcurrentGCThread "G1 Refine#0" [stack: 0x0000000d32800000,0x0000000d32900000] [id=12780]
  0x00000116ff510000 ConcurrentGCThread "G1 Young RemSet Sampling" [stack: 0x0000000d32900000,0x0000000d32a00000] [id=21064]

Threads with active compile tasks:
C1 CompilerThread01259       1       sun.util.locale.LanguageTag::parseRegion (55 bytes)

VM state:not at safepoint (normal execution)

VM Mutex/Monitor currently owned by a thread:  ([mutex/lock_event])
[0x00000116dea18ef0] SymbolTable_lock - owner thread: 0x0000000000000000
[0x00000116dea1a060] PeriodicTask_lock - owner thread: 0x0000011681215000

Heap address: 0x0000000081e00000, size: 2018 MB, Compressed Oops mode: 32-bit
Narrow klass base: 0x0000000000000000, Narrow klass shift: 3
Compressed class space size: 1073741824 Address: 0x0000000100000000

Heap:
 garbage-first heap   total 131072K, used 27581K [0x0000000081e00000, 0x0000000100000000)
  region size 1024K, 12 young (12288K), 3 survivors (3072K)
 Metaspace       used 13620K, capacity 14048K, committed 14208K, reserved 1062912K
  class space    used 1445K, capacity 1601K, committed 1664K, reserved 1048576K
Heap Regions: E=young(eden), S=young(survivor), O=old, HS=humongous(starts), HC=humongous(continues), CS=collection set, F=free, A=archive, TAMS=top-at-mark-start (previous, next)
|   0|0x0000000081e00000, 0x0000000081f00000, 0x0000000081f00000|100%| O|  |TAMS 0x0000000081e00000, 0x0000000081e00000| Untracked 
|   1|0x0000000081f00000, 0x0000000082000000, 0x0000000082000000|100%| O|  |TAMS 0x0000000081f00000, 0x0000000081f00000| Untracked 
|   2|0x0000000082000000, 0x0000000082100000, 0x0000000082100000|100%| O|  |TAMS 0x0000000082000000, 0x0000000082000000| Untracked 
|   3|0x0000000082100000, 0x0000000082200000, 0x0000000082200000|100%| O|  |TAMS 0x0000000082100000, 0x0000000082100000| Untracked 
|   4|0x0000000082200000, 0x0000000082300000, 0x0000000082300000|100%| O|  |TAMS 0x0000000082200000, 0x0000000082200000| Untracked 
|   5|0x0000000082300000, 0x0000000082400000, 0x0000000082400000|100%| O|  |TAMS 0x0000000082300000, 0x0000000082300000| Untracked 
|   6|0x0000000082400000, 0x0000000082500000, 0x0000000082500000|100%| O|  |TAMS 0x0000000082400000, 0x0000000082400000| Untracked 
|   7|0x0000000082500000, 0x0000000082600000, 0x0000000082600000|100%| O|  |TAMS 0x0000000082500000, 0x0000000082500000| Untracked 
|   8|0x0000000082600000, 0x0000000082700000, 0x0000000082700000|100%| O|  |TAMS 0x0000000082600000, 0x0000000082600000| Untracked 
|   9|0x0000000082700000, 0x0000000082800000, 0x0000000082800000|100%| O|  |TAMS 0x0000000082700000, 0x0000000082700000| Untracked 
|  10|0x0000000082800000, 0x0000000082900000, 0x0000000082900000|100%| O|  |TAMS 0x0000000082800000, 0x0000000082800000| Untracked 
|  11|0x0000000082900000, 0x0000000082a00000, 0x0000000082a00000|100%| O|  |TAMS 0x0000000082900000, 0x0000000082900000| Untracked 
|  12|0x0000000082a00000, 0x0000000082b00000, 0x0000000082b00000|100%| O|  |TAMS 0x0000000082a00000, 0x0000000082a00000| Untracked 
|  13|0x0000000082b00000, 0x0000000082c00000, 0x0000000082c00000|100%| O|  |TAMS 0x0000000082b00000, 0x0000000082b00000| Untracked 
|  14|0x0000000082c00000, 0x0000000082d00000, 0x0000000082d00000|100%| O|  |TAMS 0x0000000082c00000, 0x0000000082c00000| Untracked 
|  15|0x0000000082d00000, 0x0000000082def400, 0x0000000082e00000| 93%| O|  |TAMS 0x0000000082d00000, 0x0000000082d00000| Untracked 
|  16|0x0000000082e00000, 0x0000000082e00000, 0x0000000082f00000|  0%| F|  |TAMS 0x0000000082e00000, 0x0000000082e00000| Untracked 
|  17|0x0000000082f00000, 0x0000000082f00000, 0x0000000083000000|  0%| F|  |TAMS 0x0000000082f00000, 0x0000000082f00000| Untracked 
|  18|0x0000000083000000, 0x0000000083000000, 0x0000000083100000|  0%| F|  |TAMS 0x0000000083000000, 0x0000000083000000| Untracked 
|  19|0x0000000083100000, 0x0000000083100000, 0x0000000083200000|  0%| F|  |TAMS 0x0000000083100000, 0x0000000083100000| Untracked 
|  20|0x0000000083200000, 0x0000000083200000, 0x0000000083300000|  0%| F|  |TAMS 0x0000000083200000, 0x0000000083200000| Untracked 
|  21|0x0000000083300000, 0x0000000083300000, 0x0000000083400000|  0%| F|  |TAMS 0x0000000083300000, 0x0000000083300000| Untracked 
|  22|0x0000000083400000, 0x0000000083400000, 0x0000000083500000|  0%| F|  |TAMS 0x0000000083400000, 0x0000000083400000| Untracked 
|  23|0x0000000083500000, 0x0000000083500000, 0x0000000083600000|  0%| F|  |TAMS 0x0000000083500000, 0x0000000083500000| Untracked 
|  24|0x0000000083600000, 0x0000000083600000, 0x0000000083700000|  0%| F|  |TAMS 0x0000000083600000, 0x0000000083600000| Untracked 
|  25|0x0000000083700000, 0x0000000083700000, 0x0000000083800000|  0%| F|  |TAMS 0x0000000083700000, 0x0000000083700000| Untracked 
|  26|0x0000000083800000, 0x0000000083800000, 0x0000000083900000|  0%| F|  |TAMS 0x0000000083800000, 0x0000000083800000| Untracked 
|  27|0x0000000083900000, 0x0000000083900000, 0x0000000083a00000|  0%| F|  |TAMS 0x0000000083900000, 0x0000000083900000| Untracked 
|  28|0x0000000083a00000, 0x0000000083a00000, 0x0000000083b00000|  0%| F|  |TAMS 0x0000000083a00000, 0x0000000083a00000| Untracked 
|  29|0x0000000083b00000, 0x0000000083b00000, 0x0000000083c00000|  0%| F|  |TAMS 0x0000000083b00000, 0x0000000083b00000| Untracked 
|  30|0x0000000083c00000, 0x0000000083c00000, 0x0000000083d00000|  0%| F|  |TAMS 0x0000000083c00000, 0x0000000083c00000| Untracked 
|  31|0x0000000083d00000, 0x0000000083d00000, 0x0000000083e00000|  0%| F|  |TAMS 0x0000000083d00000, 0x0000000083d00000| Untracked 
|  32|0x0000000083e00000, 0x0000000083e00000, 0x0000000083f00000|  0%| F|  |TAMS 0x0000000083e00000, 0x0000000083e00000| Untracked 
|  33|0x0000000083f00000, 0x0000000083f00000, 0x0000000084000000|  0%| F|  |TAMS 0x0000000083f00000, 0x0000000083f00000| Untracked 
|  34|0x0000000084000000, 0x0000000084000000, 0x0000000084100000|  0%| F|  |TAMS 0x0000000084000000, 0x0000000084000000| Untracked 
|  35|0x0000000084100000, 0x0000000084100000, 0x0000000084200000|  0%| F|  |TAMS 0x0000000084100000, 0x0000000084100000| Untracked 
|  36|0x0000000084200000, 0x0000000084200000, 0x0000000084300000|  0%| F|  |TAMS 0x0000000084200000, 0x0000000084200000| Untracked 
|  37|0x0000000084300000, 0x0000000084300000, 0x0000000084400000|  0%| F|  |TAMS 0x0000000084300000, 0x0000000084300000| Untracked 
|  38|0x0000000084400000, 0x0000000084400000, 0x0000000084500000|  0%| F|  |TAMS 0x0000000084400000, 0x0000000084400000| Untracked 
|  39|0x0000000084500000, 0x0000000084500000, 0x0000000084600000|  0%| F|  |TAMS 0x0000000084500000, 0x0000000084500000| Untracked 
|  40|0x0000000084600000, 0x0000000084600000, 0x0000000084700000|  0%| F|  |TAMS 0x0000000084600000, 0x0000000084600000| Untracked 
|  41|0x0000000084700000, 0x0000000084700000, 0x0000000084800000|  0%| F|  |TAMS 0x0000000084700000, 0x0000000084700000| Untracked 
|  42|0x0000000084800000, 0x0000000084800000, 0x0000000084900000|  0%| F|  |TAMS 0x0000000084800000, 0x0000000084800000| Untracked 
|  43|0x0000000084900000, 0x0000000084900000, 0x0000000084a00000|  0%| F|  |TAMS 0x0000000084900000, 0x0000000084900000| Untracked 
|  44|0x0000000084a00000, 0x0000000084a00000, 0x0000000084b00000|  0%| F|  |TAMS 0x0000000084a00000, 0x0000000084a00000| Untracked 
|  45|0x0000000084b00000, 0x0000000084b00000, 0x0000000084c00000|  0%| F|  |TAMS 0x0000000084b00000, 0x0000000084b00000| Untracked 
|  46|0x0000000084c00000, 0x0000000084c00000, 0x0000000084d00000|  0%| F|  |TAMS 0x0000000084c00000, 0x0000000084c00000| Untracked 
|  47|0x0000000084d00000, 0x0000000084d00000, 0x0000000084e00000|  0%| F|  |TAMS 0x0000000084d00000, 0x0000000084d00000| Untracked 
|  48|0x0000000084e00000, 0x0000000084e00000, 0x0000000084f00000|  0%| F|  |TAMS 0x0000000084e00000, 0x0000000084e00000| Untracked 
|  49|0x0000000084f00000, 0x0000000084f00000, 0x0000000085000000|  0%| F|  |TAMS 0x0000000084f00000, 0x0000000084f00000| Untracked 
|  50|0x0000000085000000, 0x0000000085000000, 0x0000000085100000|  0%| F|  |TAMS 0x0000000085000000, 0x0000000085000000| Untracked 
|  51|0x0000000085100000, 0x0000000085100000, 0x0000000085200000|  0%| F|  |TAMS 0x0000000085100000, 0x0000000085100000| Untracked 
|  52|0x0000000085200000, 0x0000000085200000, 0x0000000085300000|  0%| F|  |TAMS 0x0000000085200000, 0x0000000085200000| Untracked 
|  53|0x0000000085300000, 0x0000000085300000, 0x0000000085400000|  0%| F|  |TAMS 0x0000000085300000, 0x0000000085300000| Untracked 
|  54|0x0000000085400000, 0x0000000085400000, 0x0000000085500000|  0%| F|  |TAMS 0x0000000085400000, 0x0000000085400000| Untracked 
|  55|0x0000000085500000, 0x0000000085500000, 0x0000000085600000|  0%| F|  |TAMS 0x0000000085500000, 0x0000000085500000| Untracked 
|  56|0x0000000085600000, 0x0000000085600000, 0x0000000085700000|  0%| F|  |TAMS 0x0000000085600000, 0x0000000085600000| Untracked 
|  57|0x0000000085700000, 0x0000000085700000, 0x0000000085800000|  0%| F|  |TAMS 0x0000000085700000, 0x0000000085700000| Untracked 
|  58|0x0000000085800000, 0x0000000085800000, 0x0000000085900000|  0%| F|  |TAMS 0x0000000085800000, 0x0000000085800000| Untracked 
|  59|0x0000000085900000, 0x0000000085900000, 0x0000000085a00000|  0%| F|  |TAMS 0x0000000085900000, 0x0000000085900000| Untracked 
|  60|0x0000000085a00000, 0x0000000085a00000, 0x0000000085b00000|  0%| F|  |TAMS 0x0000000085a00000, 0x0000000085a00000| Untracked 
|  61|0x0000000085b00000, 0x0000000085b00000, 0x0000000085c00000|  0%| F|  |TAMS 0x0000000085b00000, 0x0000000085b00000| Untracked 
|  62|0x0000000085c00000, 0x0000000085c00000, 0x0000000085d00000|  0%| F|  |TAMS 0x0000000085c00000, 0x0000000085c00000| Untracked 
|  63|0x0000000085d00000, 0x0000000085d00000, 0x0000000085e00000|  0%| F|  |TAMS 0x0000000085d00000, 0x0000000085d00000| Untracked 
|  64|0x0000000085e00000, 0x0000000085e00000, 0x0000000085f00000|  0%| F|  |TAMS 0x0000000085e00000, 0x0000000085e00000| Untracked 
|  65|0x0000000085f00000, 0x0000000085f00000, 0x0000000086000000|  0%| F|  |TAMS 0x0000000085f00000, 0x0000000085f00000| Untracked 
|  66|0x0000000086000000, 0x0000000086000000, 0x0000000086100000|  0%| F|  |TAMS 0x0000000086000000, 0x0000000086000000| Untracked 
|  67|0x0000000086100000, 0x0000000086100000, 0x0000000086200000|  0%| F|  |TAMS 0x0000000086100000, 0x0000000086100000| Untracked 
|  68|0x0000000086200000, 0x0000000086200000, 0x0000000086300000|  0%| F|  |TAMS 0x0000000086200000, 0x0000000086200000| Untracked 
|  69|0x0000000086300000, 0x0000000086300000, 0x0000000086400000|  0%| F|  |TAMS 0x0000000086300000, 0x0000000086300000| Untracked 
|  70|0x0000000086400000, 0x0000000086400000, 0x0000000086500000|  0%| F|  |TAMS 0x0000000086400000, 0x0000000086400000| Untracked 
|  71|0x0000000086500000, 0x0000000086500000, 0x0000000086600000|  0%| F|  |TAMS 0x0000000086500000, 0x0000000086500000| Untracked 
|  72|0x0000000086600000, 0x0000000086600000, 0x0000000086700000|  0%| F|  |TAMS 0x0000000086600000, 0x0000000086600000| Untracked 
|  73|0x0000000086700000, 0x0000000086700000, 0x0000000086800000|  0%| F|  |TAMS 0x0000000086700000, 0x0000000086700000| Untracked 
|  74|0x0000000086800000, 0x0000000086800000, 0x0000000086900000|  0%| F|  |TAMS 0x0000000086800000, 0x0000000086800000| Untracked 
|  75|0x0000000086900000, 0x0000000086900000, 0x0000000086a00000|  0%| F|  |TAMS 0x0000000086900000, 0x0000000086900000| Untracked 
|  76|0x0000000086a00000, 0x0000000086a00000, 0x0000000086b00000|  0%| F|  |TAMS 0x0000000086a00000, 0x0000000086a00000| Untracked 
|  77|0x0000000086b00000, 0x0000000086b00000, 0x0000000086c00000|  0%| F|  |TAMS 0x0000000086b00000, 0x0000000086b00000| Untracked 
|  78|0x0000000086c00000, 0x0000000086c00000, 0x0000000086d00000|  0%| F|  |TAMS 0x0000000086c00000, 0x0000000086c00000| Untracked 
|  79|0x0000000086d00000, 0x0000000086d00000, 0x0000000086e00000|  0%| F|  |TAMS 0x0000000086d00000, 0x0000000086d00000| Untracked 
|  80|0x0000000086e00000, 0x0000000086e00000, 0x0000000086f00000|  0%| F|  |TAMS 0x0000000086e00000, 0x0000000086e00000| Untracked 
|  81|0x0000000086f00000, 0x0000000086f00000, 0x0000000087000000|  0%| F|  |TAMS 0x0000000086f00000, 0x0000000086f00000| Untracked 
|  82|0x0000000087000000, 0x0000000087000000, 0x0000000087100000|  0%| F|  |TAMS 0x0000000087000000, 0x0000000087000000| Untracked 
|  83|0x0000000087100000, 0x0000000087100000, 0x0000000087200000|  0%| F|  |TAMS 0x0000000087100000, 0x0000000087100000| Untracked 
|  84|0x0000000087200000, 0x0000000087200000, 0x0000000087300000|  0%| F|  |TAMS 0x0000000087200000, 0x0000000087200000| Untracked 
|  85|0x0000000087300000, 0x0000000087300000, 0x0000000087400000|  0%| F|  |TAMS 0x0000000087300000, 0x0000000087300000| Untracked 
|  86|0x0000000087400000, 0x0000000087400000, 0x0000000087500000|  0%| F|  |TAMS 0x0000000087400000, 0x0000000087400000| Untracked 
|  87|0x0000000087500000, 0x0000000087500000, 0x0000000087600000|  0%| F|  |TAMS 0x0000000087500000, 0x0000000087500000| Untracked 
|  88|0x0000000087600000, 0x0000000087600000, 0x0000000087700000|  0%| F|  |TAMS 0x0000000087600000, 0x0000000087600000| Untracked 
|  89|0x0000000087700000, 0x0000000087700000, 0x0000000087800000|  0%| F|  |TAMS 0x0000000087700000, 0x0000000087700000| Untracked 
|  90|0x0000000087800000, 0x0000000087800000, 0x0000000087900000|  0%| F|  |TAMS 0x0000000087800000, 0x0000000087800000| Untracked 
|  91|0x0000000087900000, 0x0000000087900000, 0x0000000087a00000|  0%| F|  |TAMS 0x0000000087900000, 0x0000000087900000| Untracked 
|  92|0x0000000087a00000, 0x0000000087a00000, 0x0000000087b00000|  0%| F|  |TAMS 0x0000000087a00000, 0x0000000087a00000| Untracked 
|  93|0x0000000087b00000, 0x0000000087b00000, 0x0000000087c00000|  0%| F|  |TAMS 0x0000000087b00000, 0x0000000087b00000| Untracked 
|  94|0x0000000087c00000, 0x0000000087c00000, 0x0000000087d00000|  0%| F|  |TAMS 0x0000000087c00000, 0x0000000087c00000| Untracked 
|  95|0x0000000087d00000, 0x0000000087d00000, 0x0000000087e00000|  0%| F|  |TAMS 0x0000000087d00000, 0x0000000087d00000| Untracked 
|  96|0x0000000087e00000, 0x0000000087e00000, 0x0000000087f00000|  0%| F|  |TAMS 0x0000000087e00000, 0x0000000087e00000| Untracked 
|  97|0x0000000087f00000, 0x0000000087f00000, 0x0000000088000000|  0%| F|  |TAMS 0x0000000087f00000, 0x0000000087f00000| Untracked 
|  98|0x0000000088000000, 0x0000000088000000, 0x0000000088100000|  0%| F|  |TAMS 0x0000000088000000, 0x0000000088000000| Untracked 
|  99|0x0000000088100000, 0x0000000088100000, 0x0000000088200000|  0%| F|  |TAMS 0x0000000088100000, 0x0000000088100000| Untracked 
| 100|0x0000000088200000, 0x0000000088200000, 0x0000000088300000|  0%| F|  |TAMS 0x0000000088200000, 0x0000000088200000| Untracked 
| 101|0x0000000088300000, 0x0000000088400000, 0x0000000088400000|100%| S|CS|TAMS 0x0000000088300000, 0x0000000088300000| Complete 
| 102|0x0000000088400000, 0x0000000088500000, 0x0000000088500000|100%| S|CS|TAMS 0x0000000088400000, 0x0000000088400000| Complete 
| 103|0x0000000088500000, 0x0000000088600000, 0x0000000088600000|100%| S|CS|TAMS 0x0000000088500000, 0x0000000088500000| Complete 
| 104|0x0000000088600000, 0x0000000088600000, 0x0000000088700000|  0%| F|  |TAMS 0x0000000088600000, 0x0000000088600000| Untracked 
| 105|0x0000000088700000, 0x0000000088700000, 0x0000000088800000|  0%| F|  |TAMS 0x0000000088700000, 0x0000000088700000| Untracked 
| 106|0x0000000088800000, 0x0000000088800000, 0x0000000088900000|  0%| F|  |TAMS 0x0000000088800000, 0x0000000088800000| Untracked 
| 107|0x0000000088900000, 0x0000000088900000, 0x0000000088a00000|  0%| F|  |TAMS 0x0000000088900000, 0x0000000088900000| Untracked 
| 108|0x0000000088a00000, 0x0000000088a00000, 0x0000000088b00000|  0%| F|  |TAMS 0x0000000088a00000, 0x0000000088a00000| Untracked 
| 109|0x0000000088b00000, 0x0000000088b00000, 0x0000000088c00000|  0%| F|  |TAMS 0x0000000088b00000, 0x0000000088b00000| Untracked 
| 110|0x0000000088c00000, 0x0000000088c00000, 0x0000000088d00000|  0%| F|  |TAMS 0x0000000088c00000, 0x0000000088c00000| Untracked 
| 111|0x0000000088d00000, 0x0000000088d00000, 0x0000000088e00000|  0%| F|  |TAMS 0x0000000088d00000, 0x0000000088d00000| Untracked 
| 112|0x0000000088e00000, 0x0000000088e00000, 0x0000000088f00000|  0%| F|  |TAMS 0x0000000088e00000, 0x0000000088e00000| Untracked 
| 113|0x0000000088f00000, 0x0000000088f00000, 0x0000000089000000|  0%| F|  |TAMS 0x0000000088f00000, 0x0000000088f00000| Untracked 
| 114|0x0000000089000000, 0x0000000089000000, 0x0000000089100000|  0%| F|  |TAMS 0x0000000089000000, 0x0000000089000000| Untracked 
| 115|0x0000000089100000, 0x0000000089100000, 0x0000000089200000|  0%| F|  |TAMS 0x0000000089100000, 0x0000000089100000| Untracked 
| 116|0x0000000089200000, 0x0000000089200000, 0x0000000089300000|  0%| F|  |TAMS 0x0000000089200000, 0x0000000089200000| Untracked 
| 117|0x0000000089300000, 0x0000000089300000, 0x0000000089400000|  0%| F|  |TAMS 0x0000000089300000, 0x0000000089300000| Untracked 
| 118|0x0000000089400000, 0x000000008944c0c8, 0x0000000089500000| 29%| E|  |TAMS 0x0000000089400000, 0x0000000089400000| Complete 
| 119|0x0000000089500000, 0x0000000089600000, 0x0000000089600000|100%| E|CS|TAMS 0x0000000089500000, 0x0000000089500000| Complete 
| 120|0x0000000089600000, 0x0000000089700000, 0x0000000089700000|100%| E|CS|TAMS 0x0000000089600000, 0x0000000089600000| Complete 
| 121|0x0000000089700000, 0x0000000089800000, 0x0000000089800000|100%| E|CS|TAMS 0x0000000089700000, 0x0000000089700000| Complete 
| 122|0x0000000089800000, 0x0000000089900000, 0x0000000089900000|100%| E|CS|TAMS 0x0000000089800000, 0x0000000089800000| Complete 
| 123|0x0000000089900000, 0x0000000089a00000, 0x0000000089a00000|100%| E|CS|TAMS 0x0000000089900000, 0x0000000089900000| Complete 
| 124|0x0000000089a00000, 0x0000000089b00000, 0x0000000089b00000|100%| E|CS|TAMS 0x0000000089a00000, 0x0000000089a00000| Complete 
| 125|0x0000000089b00000, 0x0000000089c00000, 0x0000000089c00000|100%| E|CS|TAMS 0x0000000089b00000, 0x0000000089b00000| Complete 
| 126|0x0000000089c00000, 0x0000000089d00000, 0x0000000089d00000|100%| E|CS|TAMS 0x0000000089c00000, 0x0000000089c00000| Complete 
| 127|0x0000000089d00000, 0x0000000089e00000, 0x0000000089e00000|100%| E|CS|TAMS 0x0000000089d00000, 0x0000000089d00000| Complete 

Card table byte_map: [0x00000116f8490000,0x00000116f8890000] _byte_map_base: 0x00000116f8081000

Marking Bits (Prev, Next): (CMBitMap*) 0x00000116dea5d7a8, (CMBitMap*) 0x00000116dea5d7e0
 Prev Bits: [0x00000116f8c90000, 0x00000116fac18000)
 Next Bits: [0x00000116fac20000, 0x00000116fcba8000)

Polling page: 0x00000116de770000

Metaspace:

Usage:
  Non-class:     12.22 MB capacity,    11.93 MB ( 98%) used,   261.27 KB (  2%) free+waste,    31.75 KB ( <1%) overhead. 
      Class:      1.56 MB capacity,     1.42 MB ( 91%) used,   132.70 KB (  8%) free+waste,    15.50 KB ( <1%) overhead. 
       Both:     13.78 MB capacity,    13.35 MB ( 97%) used,   393.96 KB (  3%) free+waste,    47.25 KB ( <1%) overhead. 

Virtual space:
  Non-class space:       14.00 MB reserved,      12.25 MB ( 88%) committed 
      Class space:        1.00 GB reserved,       1.63 MB ( <1%) committed 
             Both:        1.01 GB reserved,      13.88 MB (  1%) committed 

Chunk freelists:
   Non-Class:  4.13 KB
       Class:  0 bytes
        Both:  4.13 KB

CodeHeap 'non-profiled nmethods': size=238336Kb used=1789Kb max_used=1789Kb free=236546Kb
 bounds [0x00000116e8d70000, 0x00000116e8fe0000, 0x00000116f7630000]
CodeHeap 'non-nmethods': size=7424Kb used=1111Kb max_used=1111Kb free=6312Kb
 bounds [0x00000116e8630000, 0x00000116e88a0000, 0x00000116e8d70000]
 total_blobs=1681 nmethods=1251 adapters=340
 compilation: enabled
              stopped_count=0, restarted_count=0
 full_count=0

Compilation events (10 events):
Event: 0.761 Thread 0x0000011680054800 nmethod 1161 0x00000116e8f01310 code [0x00000116e8f01720, 0x00000116e8f02cf0]
Event: 0.761 Thread 0x0000011680054800 1162       1       sun.security.provider.PolicyParser::peek (177 bytes)
Event: 0.761 Thread 0x0000011680054800 nmethod 1162 0x00000116e8f03c90 code [0x00000116e8f03ea0, 0x00000116e8f04210]
Event: 0.761 Thread 0x0000011680054800 1163       1       sun.security.provider.PolicyParser::match (766 bytes)
Event: 0.762 Thread 0x0000011680054800 nmethod 1163 0x00000116e8f04410 code [0x00000116e8f04960, 0x00000116e8f060f0]
Event: 0.762 Thread 0x0000011680054800 1164       1       java.lang.String::copyValueOf (11 bytes)
Event: 0.762 Thread 0x0000011680054800 nmethod 1164 0x00000116e8f07090 code [0x00000116e8f07240, 0x00000116e8f07440]
Event: 0.762 Thread 0x0000011680054800 1168       1       java.net.URI::match (56 bytes)
Event: 0.762 Thread 0x0000011680054800 nmethod 1168 0x00000116e8f07590 code [0x00000116e8f07720, 0x00000116e8f078f8]
Event: 0.762 Thread 0x0000011680054800 1166       1       java.net.URLStreamHandler::parseURL (1201 bytes)

GC Heap History (2 events):
Event: 0.452 GC heap before
{Heap before GC invocations=0 (full 0):
 garbage-first heap   total 131072K, used 23552K [0x0000000081e00000, 0x0000000100000000)
  region size 1024K, 24 young (24576K), 0 survivors (0K)
 Metaspace       used 8332K, capacity 8475K, committed 8576K, reserved 1056768K
  class space    used 823K, capacity 872K, committed 896K, reserved 1048576K
}
Event: 0.459 GC heap after
{Heap after GC invocations=1 (full 0):
 garbage-first heap   total 131072K, used 19389K [0x0000000081e00000, 0x0000000100000000)
  region size 1024K, 3 young (3072K), 3 survivors (3072K)
 Metaspace       used 8332K, capacity 8475K, committed 8576K, reserved 1056768K
  class space    used 823K, capacity 872K, committed 896K, reserved 1048576K
}

Deoptimization events (0 events):
No events

Classes redefined (0 events):
No events

Internal exceptions (10 events):
Event: 0.521 Thread 0x00000116dea1e800 Exception <a 'java/lang/NoSuchMethodError'{0x0000000089b01a90}: java.lang.invoke.DirectMethodHandle$Holder.invokeStaticInit(Ljava/lang/Object;IIII)Ljava/lang/Object;> (0x0000000089b01a90) thrown at [./open/src/hotspot/share/interpreter/linkResolver.cpp, l
Event: 0.671 Thread 0x00000116dea1e800 Exception <a 'java/lang/NoSuchMethodError'{0x0000000089b3e898}: java.lang.invoke.DirectMethodHandle$Holder.invokeStatic(Ljava/lang/Object;Ljava/lang/Object;IIII)Ljava/lang/Object;> (0x0000000089b3e898) thrown at [./open/src/hotspot/share/interpreter/linkR
Event: 0.671 Thread 0x00000116dea1e800 Exception <a 'java/lang/NoSuchMethodError'{0x0000000089b41be0}: java.lang.invoke.DirectMethodHandle$Holder.invokeStaticInit(Ljava/lang/Object;Ljava/lang/Object;IIII)Ljava/lang/Object;> (0x0000000089b41be0) thrown at [./open/src/hotspot/share/interpreter/l
Event: 0.677 Thread 0x00000116dea1e800 Exception <a 'java/lang/ClassNotFoundException'{0x0000000089b5f3a8}: javax/management/remote/rmi/RMIServerImpl_Skel> (0x0000000089b5f3a8) thrown at [./open/src/hotspot/share/classfile/systemDictionary.cpp, line 228]
Event: 0.703 Thread 0x00000116dea1e800 Exception <a 'java/lang/ClassNotFoundException'{0x0000000089a0eaf8}: jdk/internal/agent/resources/spi/agentProvider> (0x0000000089a0eaf8) thrown at [./open/src/hotspot/share/classfile/systemDictionary.cpp, line 228]
Event: 0.709 Thread 0x00000116dea1e800 Exception <a 'java/lang/NoSuchMethodError'{0x0000000089a643b8}: java.lang.invoke.DirectMethodHandle$Holder.invokeStatic(Ljava/lang/Object;Ljava/lang/Object;Ljava/lang/Object;Ljava/lang/Object;Ljava/lang/Object;Ljava/lang/Object;Ljava/lang/Object;Ljava/lan
Event: 0.709 Thread 0x00000116dea1e800 Exception <a 'java/lang/NoSuchMethodError'{0x0000000089a70bd8}: java.lang.invoke.DirectMethodHandle$Holder.invokeStatic(Ljava/lang/Object;Ljava/lang/Object;Ljava/lang/Object;Ljava/lang/Object;Ljava/lang/Object;Ljava/lang/Object;Ljava/lang/Object;Ljava/lan
Event: 0.710 Thread 0x00000116dea1e800 Exception <a 'java/lang/NoSuchMethodError'{0x0000000089a8a6b0}: java.lang.invoke.DelegatingMethodHandle$Holder.reinvoke_L(Ljava/lang/Object;ILjava/lang/Object;)Ljava/lang/Object;> (0x0000000089a8a6b0) thrown at [./open/src/hotspot/share/interpreter/linkRe
Event: 0.761 Thread 0x00000116dea1e800 Exception <a 'java/lang/ClassNotFoundException'{0x0000000089682220}: javax/smartcardio/CardPermission> (0x0000000089682220) thrown at [./open/src/hotspot/share/classfile/systemDictionary.cpp, line 228]
Event: 0.762 Thread 0x00000116dea1e800 Exception <a 'java/io/FileNotFoundException'{0x00000000896905e8}> (0x00000000896905e8) thrown at [./open/src/hotspot/share/prims/jni.cpp, line 611]

Events (10 events):
Event: 0.764 loading class java/security/PermissionsEnumerator
Event: 0.764 loading class java/security/PermissionsEnumerator done
Event: 0.764 loading class java/security/AccessControlException
Event: 0.764 loading class java/security/AccessControlException done
Event: 0.764 loading class ch/qos/logback/core/status/InfoStatus
Event: 0.764 loading class ch/qos/logback/core/status/InfoStatus done
Event: 0.765 loading class ch/qos/logback/core/status/StatusBase
Event: 0.765 loading class ch/qos/logback/core/status/StatusBase done
Event: 0.765 loading class ch/qos/logback/core/status/Status
Event: 0.765 loading class ch/qos/logback/core/status/Status done


Dynamic libraries:
0x00007ff619310000 - 0x00007ff619357000 	C:\Program Files\Java\jdk-11.0.7\bin\javaw.exe
0x00007ff9ccd60000 - 0x00007ff9ccf50000 	C:\Windows\SYSTEM32\ntdll.dll
0x00007ff9cbe00000 - 0x00007ff9cbeb2000 	C:\Windows\System32\KERNEL32.DLL
0x00007ff9ca7d0000 - 0x00007ff9caa75000 	C:\Windows\System32\KERNELBASE.dll
0x00007ff9c46c0000 - 0x00007ff9c474f000 	C:\Windows\SYSTEM32\apphelp.dll
0x00007ff9cb830000 - 0x00007ff9cb8d3000 	C:\Windows\System32\ADVAPI32.dll
0x00007ff9cbec0000 - 0x00007ff9cbf5e000 	C:\Windows\System32\msvcrt.dll
0x00007ff9ccc80000 - 0x00007ff9ccd17000 	C:\Windows\System32\sechost.dll
0x00007ff9cc350000 - 0x00007ff9cc470000 	C:\Windows\System32\RPCRT4.dll
0x00007ff9cc9b0000 - 0x00007ff9ccb44000 	C:\Windows\System32\USER32.dll
0x00007ff9c9e10000 - 0x00007ff9c9e31000 	C:\Windows\System32\win32u.dll
0x00007ff9cc2a0000 - 0x00007ff9cc2c6000 	C:\Windows\System32\GDI32.dll
0x00007ff9caa80000 - 0x00007ff9cac16000 	C:\Windows\System32\gdi32full.dll
0x00007ff9cad70000 - 0x00007ff9cae0e000 	C:\Windows\System32\msvcp_win.dll
0x00007ff9cac50000 - 0x00007ff9cad4a000 	C:\Windows\System32\ucrtbase.dll
0x00007ff9adf40000 - 0x00007ff9ae1c4000 	C:\Windows\WinSxS\amd64_microsoft.windows.common-controls_6595b64144ccf1df_6.0.18362.1198_none_9e820b57e45ad92f\COMCTL32.dll
0x00007ff9c02e0000 - 0x00007ff9c02ea000 	C:\Windows\SYSTEM32\VERSION.dll
0x00007ff9cc610000 - 0x00007ff9cc945000 	C:\Windows\System32\combase.dll
0x00007ff9c9d90000 - 0x00007ff9c9e10000 	C:\Windows\System32\bcryptPrimitives.dll
0x00007ff9caf50000 - 0x00007ff9caf7e000 	C:\Windows\System32\IMM32.DLL
0x00007ff9c1ce0000 - 0x00007ff9c1cf6000 	C:\Program Files\Java\jdk-11.0.7\bin\vcruntime140.dll
0x00007ff9ae790000 - 0x00007ff9ae83a000 	C:\Program Files\Java\jdk-11.0.7\bin\msvcp140.dll
0x00007ff9884e0000 - 0x00007ff989041000 	C:\Program Files\Java\jdk-11.0.7\bin\server\jvm.dll
0x00007ff9cc4e0000 - 0x00007ff9cc4e8000 	C:\Windows\System32\PSAPI.DLL
0x00007ff9c45a0000 - 0x00007ff9c45c4000 	C:\Windows\SYSTEM32\WINMM.dll
0x00007ff9c1fd0000 - 0x00007ff9c1fd9000 	C:\Windows\SYSTEM32\WSOCK32.dll
0x00007ff9cc470000 - 0x00007ff9cc4df000 	C:\Windows\System32\WS2_32.dll
0x00007ff9c44c0000 - 0x00007ff9c44ed000 	C:\Windows\SYSTEM32\winmmbase.dll
0x00007ff9c9ff0000 - 0x00007ff9ca03a000 	C:\Windows\System32\cfgmgr32.dll
0x00007ff9c9c20000 - 0x00007ff9c9c31000 	C:\Windows\System32\kernel.appcore.dll
0x00007ff98d5c0000 - 0x00007ff98d5d1000 	C:\Program Files\Java\jdk-11.0.7\bin\verify.dll
0x00007ff9c8550000 - 0x00007ff9c8744000 	C:\Windows\SYSTEM32\DBGHELP.DLL
0x00007ff9bf920000 - 0x00007ff9bf94a000 	C:\Windows\SYSTEM32\dbgcore.DLL
0x00007ff98d590000 - 0x00007ff98d5b9000 	C:\Program Files\Java\jdk-11.0.7\bin\java.dll
0x00007ff9af1e0000 - 0x00007ff9af1ea000 	C:\Program Files\Java\jdk-11.0.7\bin\jimage.dll
0x00007ff98d570000 - 0x00007ff98d586000 	C:\Program Files\Java\jdk-11.0.7\bin\zip.dll
0x00007ff9cb140000 - 0x00007ff9cb827000 	C:\Windows\System32\SHELL32.dll
0x00007ff9cc560000 - 0x00007ff9cc609000 	C:\Windows\System32\shcore.dll
0x00007ff9ca040000 - 0x00007ff9ca7c1000 	C:\Windows\System32\windows.storage.dll
0x00007ff9c9cb0000 - 0x00007ff9c9cd3000 	C:\Windows\System32\profapi.dll
0x00007ff9c9c40000 - 0x00007ff9c9c8a000 	C:\Windows\System32\powrprof.dll
0x00007ff9c9c10000 - 0x00007ff9c9c20000 	C:\Windows\System32\UMPDC.dll
0x00007ff9ccc20000 - 0x00007ff9ccc72000 	C:\Windows\System32\shlwapi.dll
0x00007ff9cad50000 - 0x00007ff9cad67000 	C:\Windows\System32\cryptsp.dll
0x00007ff98d550000 - 0x00007ff98d569000 	C:\Program Files\Java\jdk-11.0.7\bin\net.dll
0x00007ff9bda00000 - 0x00007ff9bdaf0000 	C:\Windows\SYSTEM32\WINHTTP.dll
0x00007ff9c9400000 - 0x00007ff9c9467000 	C:\Windows\system32\mswsock.dll
0x00007ff98d530000 - 0x00007ff98d543000 	C:\Program Files\Java\jdk-11.0.7\bin\nio.dll
0x00007ff9a43a0000 - 0x00007ff9a43a9000 	C:\Program Files\Java\jdk-11.0.7\bin\management.dll
0x00007ff9a0360000 - 0x00007ff9a036c000 	C:\Program Files\Java\jdk-11.0.7\bin\management_ext.dll
0x00007ff9a81a0000 - 0x00007ff9a81b6000 	C:\Windows\system32\napinsp.dll
0x00007ff9a80a0000 - 0x00007ff9a80ba000 	C:\Windows\system32\pnrpnsp.dll
0x00007ff9c9150000 - 0x00007ff9c921b000 	C:\Windows\SYSTEM32\DNSAPI.dll
0x00007ff9cc4f0000 - 0x00007ff9cc4f8000 	C:\Windows\System32\NSI.dll
0x00007ff9c9110000 - 0x00007ff9c914a000 	C:\Windows\SYSTEM32\IPHLPAPI.DLL
0x00007ff9a8090000 - 0x00007ff9a809e000 	C:\Windows\System32\winrnr.dll
0x00007ff9c0ae0000 - 0x00007ff9c0afc000 	C:\Windows\system32\NLAapi.dll
0x00007ff9a8070000 - 0x00007ff9a8085000 	C:\Windows\system32\wshbth.dll
0x00007ff9bd360000 - 0x00007ff9bd36a000 	C:\Windows\System32\rasadhlp.dll
0x00007ff9c0000000 - 0x00007ff9c0077000 	C:\Windows\System32\fwpuclnt.dll
0x00007ff9cac20000 - 0x00007ff9cac46000 	C:\Windows\System32\bcrypt.dll
0x00007ff9c8f70000 - 0x00007ff9c8fa3000 	C:\Windows\system32\rsaenh.dll
0x00007ff9c9af0000 - 0x00007ff9c9b15000 	C:\Windows\SYSTEM32\USERENV.dll
0x00007ff9c95d0000 - 0x00007ff9c95dc000 	C:\Windows\SYSTEM32\CRYPTBASE.dll
0x00007ff9c0910000 - 0x00007ff9c0926000 	C:\Windows\SYSTEM32\dhcpcsvc6.DLL
0x00007ff9c0f00000 - 0x00007ff9c0f1c000 	C:\Windows\SYSTEM32\dhcpcsvc.DLL

dbghelp: loaded successfully - version: 4.0.5 - missing functions: none
symbol engine: initialized successfully - sym options: 0x614 - pdb path: .;C:\Program Files\Java\jdk-11.0.7\bin;C:\Windows\SYSTEM32;C:\Windows\WinSxS\amd64_microsoft.windows.common-controls_6595b64144ccf1df_6.0.18362.1198_none_9e820b57e45ad92f;C:\Program Files\Java\jdk-11.0.7\bin\server

VM Arguments:
jvm_args: -Dcom.sun.management.jmxremote -Dcom.sun.management.jmxremote.port=52736 -Dcom.sun.management.jmxremote.authenticate=false -Dcom.sun.management.jmxremote.ssl=false -Djava.rmi.server.hostname=localhost -Dspring.jmx.enabled=true -Dspring.application.admin.enabled=true -Xverify:none -XX:TieredStopAtLevel=1 -Dspring.boot.project.name=cursomc1 -Dfile.encoding=UTF-8 
java_command: com.nelioalves.cursomc.CursomcApplication --spring.profiles.active=dev --spring.output.ansi.enabled=always
java_class_path (initial): C:\Users\josea\Documents\workspace-spring-tool-suite-4-4.6.1.RELEASE\cursomc1\target\classes;C:\Users\josea\.m2\repository\org\springframework\boot\spring-boot-starter-web\2.0.0.RELEASE\spring-boot-starter-web-2.0.0.RELEASE.jar;C:\Users\josea\.m2\repository\org\springframework\boot\spring-boot-starter\2.0.0.RELEASE\spring-boot-starter-2.0.0.RELEASE.jar;C:\Users\josea\.m2\repository\org\springframework\boot\spring-boot-starter-logging\2.0.0.RELEASE\spring-boot-starter-logging-2.0.0.RELEASE.jar;C:\Users\josea\.m2\repository\ch\qos\logback\logback-classic\1.2.3\logback-classic-1.2.3.jar;C:\Users\josea\.m2\repository\ch\qos\logback\logback-core\1.2.3\logback-core-1.2.3.jar;C:\Users\josea\.m2\repository\org\apache\logging\log4j\log4j-to-slf4j\2.10.0\log4j-to-slf4j-2.10.0.jar;C:\Users\josea\.m2\repository\org\apache\logging\log4j\log4j-api\2.10.0\log4j-api-2.10.0.jar;C:\Users\josea\.m2\repository\org\slf4j\jul-to-slf4j\1.7.25\jul-to-slf4j-1.7.25.jar;C:\Users\josea\.m2\repository\javax\annotation\javax.annotation-api\1.3.2\javax.annotation-api-1.3.2.jar;C:\Users\josea\.m2\repository\org\yaml\snakeyaml\1.19\snakeyaml-1.19.jar;C:\Users\josea\.m2\repository\org\springframework\boot\spring-boot-starter-json\2.0.0.RELEASE\spring-boot-starter-json-2.0.0.RELEASE.jar;C:\Users\josea\.m2\repository\com\fasterxml\jackson\datatype\jackson-datatype-jdk8\2.9.4\jackson-datatype-jdk8-2.9.4.jar;C:\Users\josea\.m2\repository\com\fasterxml\jackson\datatype\jackson-datatype-jsr310\2.9.4\jackson-datatype-jsr310-2.9.4.jar;C:\Users\josea\.m2\repository\com\fasterxml\jackson\module\jackson-module-parameter-names\2.9.4\jackson-module-parameter-names-2.9.4.jar;C:\Users\josea\.m2\repository\org\springframework\boot\spring-boot-starter-tomcat\2.0.0.RELEASE\spring-boot-starter-tomcat-2.0.0.RELEASE.jar;C:\Users\josea\.m2\repository\org\apache\tomcat\embed\tomcat-embed-core\8.5.28\tomcat-embed-core-8.5.28.jar;C:\Users\josea\.m2\repository\org\apache\tomcat\embed\tomcat-embed
Launcher Type: SUN_STANDARD

[Global flags]
     bool BytecodeVerificationLocal                = false                                     {product} {command line}
     bool BytecodeVerificationRemote               = false                                     {product} {command line}
     intx CICompilerCount                          = 4                                         {product} {ergonomic}
     uint ConcGCThreads                            = 2                                         {product} {ergonomic}
     uint G1ConcRefinementThreads                  = 8                                         {product} {ergonomic}
   size_t G1HeapRegionSize                         = 1048576                                   {product} {ergonomic}
    uintx GCDrainStackTargetSize                   = 64                                        {product} {ergonomic}
   size_t InitialHeapSize                          = 134217728                                 {product} {ergonomic}
     bool ManagementServer                         = true                                      {product} {command line}
   size_t MarkStackSize                            = 4194304                                   {product} {ergonomic}
   size_t MaxHeapSize                              = 2116026368                                {product} {ergonomic}
   size_t MaxNewSize                               = 1268776960                                {product} {ergonomic}
   size_t MinHeapDeltaBytes                        = 1048576                                   {product} {ergonomic}
    uintx NonNMethodCodeHeapSize                   = 7549744                                {pd product} {ergonomic}
    uintx NonProfiledCodeHeapSize                  = 244108496                              {pd product} {ergonomic}
    uintx ProfiledCodeHeapSize                     = 0                                      {pd product} {ergonomic}
    uintx ReservedCodeCacheSize                    = 251658240                              {pd product} {ergonomic}
     bool SegmentedCodeCache                       = true                                      {product} {ergonomic}
     intx TieredStopAtLevel                        = 1                                         {product} {command line}
     bool UseCompressedClassPointers               = true                                 {lp64_product} {ergonomic}
     bool UseCompressedOops                        = true                                 {lp64_product} {ergonomic}
     bool UseG1GC                                  = true                                      {product} {ergonomic}
     bool UseLargePagesIndividualAllocation        = false                                  {pd product} {ergonomic}

Logging:
Log output configuration:
 #0: stdout all=warning uptime,level,tags
 #1: stderr all=off uptime,level,tags

Environment Variables:
JAVA_HOME=C:\Program Files\Java\jdk-11.0.7
PATH=C:/Program Files/Java/jdk-11.0.7/bin/server;C:/Program Files/Java/jdk-11.0.7/bin;C:\Windows\system32;C:\Windows;C:\Windows\System32\Wbem;C:\Windows\System32\WindowsPowerShell\v1.0\;C:\Windows\System32\OpenSSH\;C:\Program Files\Intel\WiFi\bin\;C:\Program Files\Common Files\Intel\WirelessCommon\;C:\Program Files (x86)\Intel\Intel(R) Management Engine Components\DAL;C:\Program Files\Intel\Intel(R) Management Engine Components\DAL;C:\Program Files (x86)\Microsoft SQL Server\100\Tools\Binn\;C:\Program Files\Microsoft SQL Server\100\Tools\Binn\;C:\Program Files\Microsoft SQL Server\100\DTS\Binn\;C:\Program Files (x86)\Microsoft SQL Server\100\Tools\Binn\VSShell\Common7\IDE\;C:\Program Files (x86)\Microsoft Visual Studio 9.0\Common7\IDE\PrivateAssemblies\;C:\Program Files (x86)\Microsoft SQL Server\100\DTS\Binn\;C:\Program Files\Java\jdk-11.0.7\bin;C:\Android\SDK\tools;C:\Android\SDK\platform-tools;C:\Program Files\nodejs\;C:\Program Files (x86)\gradle-6.2.2\bin;C:\apache-ant-1.10.7\bin;C:\Users\josea\AppData\Local\Microsoft\WindowsApps;C:\Users\josea\AppData\Roaming\npm;C:\Users\josea\AppData\Local\Programs\Microsoft VS Code\bin;C:\sts-4.6.1.RELEASE;
USERNAME=josea
OS=Windows_NT
PROCESSOR_IDENTIFIER=Intel64 Family 6 Model 142 Stepping 11, GenuineIntel



---------------  S Y S T E M  ---------------

OS: Windows 10 , 64 bit Build 18362 (10.0.18362.1110)

CPU:total 8 (initial active 8) (4 cores per cpu, 2 threads per core) family 6 model 142 stepping 11, cmov, cx8, fxsr, mmx, sse, sse2, sse3, ssse3, sse4.1, sse4.2, popcnt, avx, avx2, aes, clmul, erms, 3dnowpref, lzcnt, ht, tsc, tscinvbit, bmi1, bmi2, adx, fma

Memory: 4k page, system-wide physical 8068M (1500M free)
TotalPageFile size 13553M (AvailPageFile size 3461M)
current process WorkingSet (physical memory assigned to process): 95M, peak: 96M
current process commit charge ("private bytes"): 229M, peak: 229M

vm_info: Java HotSpot(TM) 64-Bit Server VM (11.0.7+8-LTS) for windows-amd64 JRE (11.0.7+8-LTS), built on Mar 12 2020 02:04:32 by "mach5one" with MS VC++ 15.5 (VS2017)

END.
