#
# A fatal error has been detected by the Java Runtime Environment:
#
#  EXCEPTION_ACCESS_VIOLATION (0xc0000005) at pc=0x00007ffa902b2508, pid=7436, tid=20712
#
# JRE version: Java(TM) SE Runtime Environment 18.9 (11.0.7+8) (build 11.0.7+8-LTS)
# Java VM: Java HotSpot(TM) 64-Bit Server VM 18.9 (11.0.7+8-LTS, mixed mode, tiered, compressed oops, g1 gc, windows-amd64)
# Problematic frame:
# C  [ntdll.dll+0x32508]
#
# No core dump will be written. Minidumps are not enabled by default on client versions of Windows
#
# If you would like to submit a bug report, please visit:
#   https://bugreport.java.com/bugreport/crash.jsp
# The crash happened outside the Java Virtual Machine in native code.
# See problematic frame for where to report the bug.
#

---------------  S U M M A R Y ------------

Command Line: -Dcom.sun.management.jmxremote -Dcom.sun.management.jmxremote.port=53525 -Dcom.sun.management.jmxremote.authenticate=false -Dcom.sun.management.jmxremote.ssl=false -Djava.rmi.server.hostname=localhost -Dspring.jmx.enabled=true -Dspring.application.admin.enabled=true -Xverify:none -XX:TieredStopAtLevel=1 -Dspring.boot.project.name=cursomc1 -Dfile.encoding=UTF-8 com.nelioalves.cursomc.CursomcApplication --spring.profiles.active=test --spring.output.ansi.enabled=always

Host: Intel(R) Core(TM) i5-8265U CPU @ 1.60GHz, 8 cores, 7G,  Windows 10 , 64 bit Build 18362 (10.0.18362.1350)
Time: Tue Apr 27 20:56:30 2021 Hora oficial do Brasil elapsed time: 7 seconds (0d 0h 0m 7s)

---------------  T H R E A D  ---------------

Current thread (0x0000011908291000):  JavaThread "RMI TCP Connection(6)-127.0.0.1" daemon [_thread_in_native, id=20712, stack(0x000000034db00000,0x000000034dc00000)]

Stack: [0x000000034db00000,0x000000034dc00000],  sp=0x000000034dbf8690,  free space=993k
Native frames: (J=compiled Java code, j=interpreted, Vv=VM code, C=native code)
C  [ntdll.dll+0x32508]
C  [ntdll.dll+0x323b4]
C  [RPCRT4.dll+0x3205a]
C  [RPCRT4.dll+0x317db]
C  [RPCRT4.dll+0x5e01e]
C  [RPCRT4.dll+0xbce9]
C  [dhcpcsvc6.DLL+0x1e14]

Java frames: (J=compiled Java code, j=interpreted, Vv=VM code)
j  java.net.NetworkInterface.getAll()[Ljava/net/NetworkInterface;+0 java.base@11.0.7
j  java.net.NetworkInterface.getNetworkInterfaces()Ljava/util/Enumeration;+0 java.base@11.0.7
j  org.apache.tomcat.util.net.AbstractEndpoint.getUnlockAddress(Ljava/net/InetSocketAddress;)Ljava/net/InetSocketAddress;+14
j  org.apache.tomcat.util.net.AbstractEndpoint.unlockAccept()V+97
j  org.apache.tomcat.util.net.AbstractEndpoint.pause()V+24
j  org.apache.coyote.AbstractProtocol.pause()V+48
j  org.apache.catalina.connector.Connector.pause()V+11
j  org.apache.catalina.core.StandardService.stopInternal()V+32
j  org.apache.catalina.util.LifecycleBase.stop()V+214
j  org.apache.catalina.core.StandardServer.stopInternal()V+82
j  org.apache.catalina.util.LifecycleBase.stop()V+214
j  org.apache.catalina.startup.Tomcat.stop()V+9
j  org.springframework.boot.web.embedded.tomcat.TomcatWebServer.stopTomcat()V+29
j  org.springframework.boot.web.embedded.tomcat.TomcatWebServer.stop()V+32
j  org.springframework.boot.web.servlet.context.WebServerStartStopLifecycle.stop()V+4
j  org.springframework.context.SmartLifecycle.stop(Ljava/lang/Runnable;)V+1
j  org.springframework.context.support.DefaultLifecycleProcessor.doStop(Ljava/util/Map;Ljava/lang/String;Ljava/util/concurrent/CountDownLatch;Ljava/util/Set;)V+174
j  org.springframework.context.support.DefaultLifecycleProcessor.access$300(Lorg/springframework/context/support/DefaultLifecycleProcessor;Ljava/util/Map;Ljava/lang/String;Ljava/util/concurrent/CountDownLatch;Ljava/util/Set;)V+6
j  org.springframework.context.support.DefaultLifecycleProcessor$LifecycleGroup.stop()V+176
j  org.springframework.context.support.DefaultLifecycleProcessor.stopBeans()V+100
j  org.springframework.context.support.DefaultLifecycleProcessor.onClose()V+1
j  org.springframework.context.support.AbstractApplicationContext.doClose()V+105
j  org.springframework.boot.web.servlet.context.ServletWebServerApplicationContext.doClose()V+8
j  org.springframework.context.support.AbstractApplicationContext.close()V+8
j  org.springframework.boot.admin.SpringApplicationAdminMXBeanRegistrar$SpringApplicationAdmin.shutdown()V+17
v  ~StubRoutines::call_stub
J 2925  jdk.internal.reflect.NativeMethodAccessorImpl.invoke0(Ljava/lang/reflect/Method;Ljava/lang/Object;[Ljava/lang/Object;)Ljava/lang/Object; java.base@11.0.7 (0 bytes) @ 0x000001196a60843f [0x000001196a6083c0+0x000000000000007f]
J 2924 c1 jdk.internal.reflect.NativeMethodAccessorImpl.invoke(Ljava/lang/Object;[Ljava/lang/Object;)Ljava/lang/Object; java.base@11.0.7 (104 bytes) @ 0x000001196a608c7c [0x000001196a608920+0x000000000000035c]
J 2685 c1 jdk.internal.reflect.DelegatingMethodAccessorImpl.invoke(Ljava/lang/Object;[Ljava/lang/Object;)Ljava/lang/Object; java.base@11.0.7 (10 bytes) @ 0x000001196a59ac04 [0x000001196a59abc0+0x0000000000000044]
J 2874 c1 java.lang.reflect.Method.invoke(Ljava/lang/Object;[Ljava/lang/Object;)Ljava/lang/Object; java.base@11.0.7 (65 bytes) @ 0x000001196a5f5e54 [0x000001196a5f5d60+0x00000000000000f4]
j  sun.reflect.misc.Trampoline.invoke(Ljava/lang/reflect/Method;Ljava/lang/Object;[Ljava/lang/Object;)Ljava/lang/Object;+7
j  jdk.internal.reflect.GeneratedMethodAccessor81.invoke(Ljava/lang/Object;[Ljava/lang/Object;)Ljava/lang/Object;+40
J 2685 c1 jdk.internal.reflect.DelegatingMethodAccessorImpl.invoke(Ljava/lang/Object;[Ljava/lang/Object;)Ljava/lang/Object; java.base@11.0.7 (10 bytes) @ 0x000001196a59ac04 [0x000001196a59abc0+0x0000000000000044]
J 2874 c1 java.lang.reflect.Method.invoke(Ljava/lang/Object;[Ljava/lang/Object;)Ljava/lang/Object; java.base@11.0.7 (65 bytes) @ 0x000001196a5f5e54 [0x000001196a5f5d60+0x00000000000000f4]
j  sun.reflect.misc.MethodUtil.invoke(Ljava/lang/reflect/Method;Ljava/lang/Object;[Ljava/lang/Object;)Ljava/lang/Object;+20 java.base@11.0.7
j  com.sun.jmx.mbeanserver.ConvertingMethod.invokeWithOpenReturn(Ljava/lang/Object;[Ljava/lang/Object;)Ljava/lang/Object;+42 java.management@11.0.7
j  com.sun.jmx.mbeanserver.ConvertingMethod.invokeWithOpenReturn(Lcom/sun/jmx/mbeanserver/MXBeanLookup;Ljava/lang/Object;[Ljava/lang/Object;)Ljava/lang/Object;+12 java.management@11.0.7
j  com.sun.jmx.mbeanserver.MXBeanIntrospector.invokeM2(Lcom/sun/jmx/mbeanserver/ConvertingMethod;Ljava/lang/Object;[Ljava/lang/Object;Ljava/lang/Object;)Ljava/lang/Object;+8 java.management@11.0.7
j  com.sun.jmx.mbeanserver.MXBeanIntrospector.invokeM2(Ljava/lang/Object;Ljava/lang/Object;[Ljava/lang/Object;Ljava/lang/Object;)Ljava/lang/Object;+9 java.management@11.0.7
j  com.sun.jmx.mbeanserver.MBeanIntrospector.invokeM(Ljava/lang/Object;Ljava/lang/Object;[Ljava/lang/Object;Ljava/lang/Object;)Ljava/lang/Object;+6 java.management@11.0.7
j  com.sun.jmx.mbeanserver.PerInterface.invoke(Ljava/lang/Object;Ljava/lang/String;[Ljava/lang/Object;[Ljava/lang/String;Ljava/lang/Object;)Ljava/lang/Object;+202 java.management@11.0.7
j  com.sun.jmx.mbeanserver.MBeanSupport.invoke(Ljava/lang/String;[Ljava/lang/Object;[Ljava/lang/String;)Ljava/lang/Object;+15 java.management@11.0.7
j  com.sun.jmx.interceptor.DefaultMBeanServerInterceptor.invoke(Ljavax/management/ObjectName;Ljava/lang/String;[Ljava/lang/Object;[Ljava/lang/String;)Ljava/lang/Object;+28 java.management@11.0.7
j  com.sun.jmx.mbeanserver.JmxMBeanServer.invoke(Ljavax/management/ObjectName;Ljava/lang/String;[Ljava/lang/Object;[Ljava/lang/String;)Ljava/lang/Object;+13 java.management@11.0.7
j  javax.management.remote.rmi.RMIConnectionImpl.doOperation(I[Ljava/lang/Object;)Ljava/lang/Object;+370 java.management.rmi@11.0.7
j  javax.management.remote.rmi.RMIConnectionImpl$PrivilegedOperation.run()Ljava/lang/Object;+12 java.management.rmi@11.0.7
j  javax.management.remote.rmi.RMIConnectionImpl.doPrivilegedOperation(I[Ljava/lang/Object;Ljavax/security/auth/Subject;)Ljava/lang/Object;+79 java.management.rmi@11.0.7
j  javax.management.remote.rmi.RMIConnectionImpl.invoke(Ljavax/management/ObjectName;Ljava/lang/String;Ljava/rmi/MarshalledObject;[Ljava/lang/String;Ljavax/security/auth/Subject;)Ljava/lang/Object;+131 java.management.rmi@11.0.7
j  jdk.internal.reflect.GeneratedMethodAccessor82.invoke(Ljava/lang/Object;[Ljava/lang/Object;)Ljava/lang/Object;+72 java.base@11.0.7
J 2685 c1 jdk.internal.reflect.DelegatingMethodAccessorImpl.invoke(Ljava/lang/Object;[Ljava/lang/Object;)Ljava/lang/Object; java.base@11.0.7 (10 bytes) @ 0x000001196a59ac04 [0x000001196a59abc0+0x0000000000000044]
J 2874 c1 java.lang.reflect.Method.invoke(Ljava/lang/Object;[Ljava/lang/Object;)Ljava/lang/Object; java.base@11.0.7 (65 bytes) @ 0x000001196a5f5e54 [0x000001196a5f5d60+0x00000000000000f4]
j  sun.rmi.server.UnicastServerRef.dispatch(Ljava/rmi/Remote;Ljava/rmi/server/RemoteCall;)V+264 java.rmi@11.0.7
j  sun.rmi.transport.Transport$1.run()Ljava/lang/Void;+23 java.rmi@11.0.7
j  sun.rmi.transport.Transport$1.run()Ljava/lang/Object;+1 java.rmi@11.0.7
v  ~StubRoutines::call_stub
J 416  java.security.AccessController.doPrivileged(Ljava/security/PrivilegedExceptionAction;Ljava/security/AccessControlContext;)Ljava/lang/Object; java.base@11.0.7 (0 bytes) @ 0x000001196a227f26 [0x000001196a227ec0+0x0000000000000066]
j  sun.rmi.transport.Transport.serviceCall(Ljava/rmi/server/RemoteCall;)Z+157 java.rmi@11.0.7
j  sun.rmi.transport.tcp.TCPTransport.handleMessages(Lsun/rmi/transport/Connection;Z)V+145 java.rmi@11.0.7
j  sun.rmi.transport.tcp.TCPTransport$ConnectionHandler.run0()V+490 java.rmi@11.0.7
j  sun.rmi.transport.tcp.TCPTransport$ConnectionHandler.lambda$run$0()Ljava/lang/Void;+1 java.rmi@11.0.7
j  sun.rmi.transport.tcp.TCPTransport$ConnectionHandler$$Lambda$158.run()Ljava/lang/Object;+4 java.rmi@11.0.7
v  ~StubRoutines::call_stub
J 2904  java.security.AccessController.doPrivileged(Ljava/security/PrivilegedAction;Ljava/security/AccessControlContext;)Ljava/lang/Object; java.base@11.0.7 (0 bytes) @ 0x000001196a600da6 [0x000001196a600d40+0x0000000000000066]
j  sun.rmi.transport.tcp.TCPTransport$ConnectionHandler.run()V+37 java.rmi@11.0.7
j  java.util.concurrent.ThreadPoolExecutor.runWorker(Ljava/util/concurrent/ThreadPoolExecutor$Worker;)V+92 java.base@11.0.7
j  java.util.concurrent.ThreadPoolExecutor$Worker.run()V+5 java.base@11.0.7
j  java.lang.Thread.run()V+11 java.base@11.0.7
v  ~StubRoutines::call_stub

siginfo: EXCEPTION_ACCESS_VIOLATION (0xc0000005), reading address 0x0000000c0000016c


Register to memory mapping:

RIP=0x00007ffa902b2508 ntdll.dll
RAX=0x0000000000007530 is an unknown value
RBX=0x0000000c0000000b is an unknown value
RCX=0x0000000c0000000b is an unknown value
RDX=0x0 is NULL
RSP=0x000000034dbf8690 is pointing into the stack for thread: 0x0000011908291000
RBP=0x0000000000000001 is an unknown value
RSI=0x0000000000007530 is an unknown value
RDI=0x0 is NULL
R8 =0x0000000000000001 is an unknown value
R9 =0x0 is NULL
R10=0x0000000000008000 is an unknown value
R11=0x000000034dbf8620 is pointing into the stack for thread: 0x0000011908291000
R12=0x000000034dbf89e0 is pointing into the stack for thread: 0x0000011908291000
R13=0x0 is NULL
R14=0x0 is NULL
R15=0x0 is NULL


Registers:
RAX=0x0000000000007530, RBX=0x0000000c0000000b, RCX=0x0000000c0000000b, RDX=0x0000000000000000
RSP=0x000000034dbf8690, RBP=0x0000000000000001, RSI=0x0000000000007530, RDI=0x0000000000000000
R8 =0x0000000000000001, R9 =0x0000000000000000, R10=0x0000000000008000, R11=0x000000034dbf8620
R12=0x000000034dbf89e0, R13=0x0000000000000000, R14=0x0000000000000000, R15=0x0000000000000000
RIP=0x00007ffa902b2508, EFLAGS=0x0000000000010202

Top of Stack: (sp=0x000000034dbf8690)
0x000000034dbf8690:   0000000000000001 0000000000000001
0x000000034dbf86a0:   0000000000000001 0000011901f5c6d0
0x000000034dbf86b0:   0000000000000000 00007ffa902b23b4
0x000000034dbf86c0:   0000011901f5c6d0 00007ffa8f55492c
0x000000034dbf86d0:   000000034dbf8901 0000000000007530
0x000000034dbf86e0:   0000011905da3020 00007ffa8f53205a
0x000000034dbf86f0:   0000011900000000 00007ffa8f531cd4
0x000000034dbf8700:   0000011905da3020 0000000000000001
0x000000034dbf8710:   00000000000000b0 000001195f3b0000
0x000000034dbf8720:   00007ffa8f5efcc4 0000000000000000
0x000000034dbf8730:   00000000000000b0 000001190421df10
0x000000034dbf8740:   000000034dbf89e0 000001190422fd88
0x000000034dbf8750:   0000000000000001 0000011905da3020
0x000000034dbf8760:   000001190422fcd0 00007ffa8f5317db
0x000000034dbf8770:   0000000000000001 000000034dbf89e0
0x000000034dbf8780:   0000011900000008 000001190422fd88 

Instructions: (pc=0x00007ffa902b2508)
0x00007ffa902b24e8:   cd e8 42 37 00 00 40 32 ff e9 78 ff ff ff cc cc
0x00007ffa902b24f8:   cc cc cc cc 48 83 ec 28 45 33 c9 48 85 c9 74 49
0x00007ffa902b2508:   44 38 89 61 01 00 00 75 40 8b 81 a8 00 00 00 0f
0x00007ffa902b2518:   ba e0 10 72 34 0f ba e0 11 0f 82 a5 fb 07 00 48 


Stack slot to memory mapping:
stack at sp + 0 slots: 0x0000000000000001 is an unknown value
stack at sp + 1 slots: 0x0000000000000001 is an unknown value
stack at sp + 2 slots: 0x0000000000000001 is an unknown value
stack at sp + 3 slots: 0x0000011901f5c6d0 points into unknown readable memory: c0 cb 17 08 19 01 00 00
stack at sp + 4 slots: 0x0 is NULL
stack at sp + 5 slots: 0x00007ffa902b23b4 ntdll.dll
stack at sp + 6 slots: 0x0000011901f5c6d0 points into unknown readable memory: c0 cb 17 08 19 01 00 00
stack at sp + 7 slots: 0x00007ffa8f55492c RPCRT4.dll


---------------  P R O C E S S  ---------------

Threads class SMR info:
_java_thread_list=0x00000119082184b0, length=47, elements={
0x00000119003f8800, 0x0000011900c28800, 0x0000011900c78800, 0x0000011900c79800,
0x0000011900c7a800, 0x0000011900c7f000, 0x0000011900e76800, 0x0000011900f0b800,
0x0000011901f5b800, 0x0000011901f63800, 0x0000011901f72000, 0x000001190251b800,
0x000001190251e000, 0x000001190251f000, 0x00000119025da800, 0x00000119025df800,
0x00000119025dc800, 0x00000119025de800, 0x00000119025e0800, 0x00000119025dd000,
0x00000119025de000, 0x00000119025db800, 0x00000119025e1000, 0x0000011906559800,
0x000001190655a000, 0x0000011906556000, 0x0000011906557800, 0x0000011906558800,
0x000001190655b000, 0x0000011906555800, 0x000001190655c000, 0x000001190655c800,
0x0000011906557000, 0x0000011906561800, 0x0000011906560000, 0x000001190655e800,
0x000001190655f000, 0x0000011906560800, 0x0000011906562800, 0x0000011906563000,
0x0000011906564000, 0x0000011908290800, 0x000001190828f800, 0x0000011908291000,
0x000001190828c800, 0x0000011908293000, 0x0000011908292000
}

Java Threads: ( => current thread )
  0x00000119003f8800 JavaThread "Reference Handler" daemon [_thread_blocked, id=21528, stack(0x000000034a700000,0x000000034a800000)]
  0x0000011900c28800 JavaThread "Finalizer" daemon [_thread_blocked, id=6444, stack(0x000000034a800000,0x000000034a900000)]
  0x0000011900c78800 JavaThread "Signal Dispatcher" daemon [_thread_blocked, id=19632, stack(0x000000034a900000,0x000000034aa00000)]
  0x0000011900c79800 JavaThread "Attach Listener" daemon [_thread_blocked, id=12032, stack(0x000000034aa00000,0x000000034ab00000)]
  0x0000011900c7a800 JavaThread "C1 CompilerThread0" daemon [_thread_blocked, id=17396, stack(0x000000034ab00000,0x000000034ac00000)]
  0x0000011900c7f000 JavaThread "Sweeper thread" daemon [_thread_blocked, id=13176, stack(0x000000034ac00000,0x000000034ad00000)]
  0x0000011900e76800 JavaThread "Common-Cleaner" daemon [_thread_blocked, id=17304, stack(0x000000034ad00000,0x000000034ae00000)]
  0x0000011900f0b800 JavaThread "Service Thread" daemon [_thread_blocked, id=13960, stack(0x000000034ae00000,0x000000034af00000)]
  0x0000011901f5b800 JavaThread "RMI TCP Accept-0" daemon [_thread_in_native, id=9704, stack(0x000000034b100000,0x000000034b200000)]
  0x0000011901f63800 JavaThread "RMI TCP Accept-53525" daemon [_thread_in_native, id=7320, stack(0x000000034b200000,0x000000034b300000)]
  0x0000011901f72000 JavaThread "RMI TCP Accept-0" daemon [_thread_in_native, id=11272, stack(0x000000034b300000,0x000000034b400000)]
  0x000001190251b800 JavaThread "RMI TCP Connection(1)-127.0.0.1" daemon [_thread_in_native, id=13972, stack(0x000000034bd00000,0x000000034be00000)]
  0x000001190251e000 JavaThread "RMI Scheduler(0)" daemon [_thread_blocked, id=6056, stack(0x000000034be00000,0x000000034bf00000)]
  0x000001190251f000 JavaThread "RMI TCP Connection(2)-127.0.0.1" daemon [_thread_in_native, id=23760, stack(0x000000034bf00000,0x000000034c000000)]
  0x00000119025da800 JavaThread "JMX server connection timeout 24" daemon [_thread_blocked, id=15568, stack(0x000000034c000000,0x000000034c100000)]
  0x00000119025df800 JavaThread "mysql-cj-abandoned-connection-cleanup" daemon [_thread_blocked, id=7640, stack(0x000000034b700000,0x000000034b800000)]
  0x00000119025dc800 JavaThread "HikariPool-1 housekeeper" daemon [_thread_blocked, id=10028, stack(0x000000034c200000,0x000000034c300000)]
  0x00000119025de800 JavaThread "Catalina-utility-1" [_thread_blocked, id=22512, stack(0x000000034c300000,0x000000034c400000)]
  0x00000119025e0800 JavaThread "Catalina-utility-2" [_thread_blocked, id=10916, stack(0x000000034c400000,0x000000034c500000)]
  0x00000119025dd000 JavaThread "container-0" [_thread_blocked, id=22164, stack(0x000000034c500000,0x000000034c600000)]
  0x00000119025de000 JavaThread "HikariPool-1 connection adder" daemon [_thread_blocked, id=3304, stack(0x000000034c600000,0x000000034c700000)]
  0x00000119025db800 JavaThread "task-1" [_thread_blocked, id=2260, stack(0x000000034c700000,0x000000034c800000)]
  0x00000119025e1000 JavaThread "java-sdk-http-connection-reaper" daemon [_thread_blocked, id=19052, stack(0x000000034c800000,0x000000034c900000)]
  0x0000011906559800 JavaThread "task-2" [_thread_blocked, id=21720, stack(0x000000034c900000,0x000000034ca00000)]
  0x000001190655a000 JavaThread "Live Reload Server" daemon [_thread_in_native, id=268, stack(0x000000034ca00000,0x000000034cb00000)]
  0x0000011906556000 JavaThread "File Watcher" daemon [_thread_blocked, id=24380, stack(0x000000034cb00000,0x000000034cc00000)]
  0x0000011906557800 JavaThread "http-nio-8080-BlockPoller" daemon [_thread_in_native, id=8456, stack(0x000000034cc00000,0x000000034cd00000)]
  0x0000011906558800 JavaThread "http-nio-8080-exec-1" daemon [_thread_blocked, id=2860, stack(0x000000034cd00000,0x000000034ce00000)]
  0x000001190655b000 JavaThread "http-nio-8080-exec-2" daemon [_thread_blocked, id=10852, stack(0x000000034ce00000,0x000000034cf00000)]
  0x0000011906555800 JavaThread "http-nio-8080-exec-3" daemon [_thread_blocked, id=20396, stack(0x000000034cf00000,0x000000034d000000)]
  0x000001190655c000 JavaThread "http-nio-8080-exec-4" daemon [_thread_blocked, id=23884, stack(0x000000034d000000,0x000000034d100000)]
  0x000001190655c800 JavaThread "http-nio-8080-exec-5" daemon [_thread_blocked, id=9568, stack(0x000000034d100000,0x000000034d200000)]
  0x0000011906557000 JavaThread "http-nio-8080-exec-6" daemon [_thread_blocked, id=22104, stack(0x000000034d200000,0x000000034d300000)]
  0x0000011906561800 JavaThread "http-nio-8080-exec-7" daemon [_thread_blocked, id=9660, stack(0x000000034d300000,0x000000034d400000)]
  0x0000011906560000 JavaThread "http-nio-8080-exec-8" daemon [_thread_blocked, id=23724, stack(0x000000034d400000,0x000000034d500000)]
  0x000001190655e800 JavaThread "http-nio-8080-exec-9" daemon [_thread_blocked, id=24388, stack(0x000000034d500000,0x000000034d600000)]
  0x000001190655f000 JavaThread "http-nio-8080-exec-10" daemon [_thread_blocked, id=24332, stack(0x000000034d600000,0x000000034d700000)]
  0x0000011906560800 JavaThread "http-nio-8080-ClientPoller" daemon [_thread_in_native, id=11376, stack(0x000000034d700000,0x000000034d800000)]
  0x0000011906562800 JavaThread "http-nio-8080-Acceptor" daemon [_thread_in_native, id=2072, stack(0x000000034d800000,0x000000034d900000)]
  0x0000011906563000 JavaThread "DestroyJavaVM" [_thread_blocked, id=22084, stack(0x000000034a000000,0x000000034a100000)]
  0x0000011906564000 JavaThread "RMI TCP Connection(3)-127.0.0.1" daemon [_thread_in_native, id=23848, stack(0x000000034b600000,0x000000034b700000)]
  0x0000011908290800 JavaThread "RMI TCP Connection(4)-127.0.0.1" daemon [_thread_in_native, id=12164, stack(0x000000034d900000,0x000000034da00000)]
  0x000001190828f800 JavaThread "RMI TCP Connection(5)-127.0.0.1" daemon [_thread_in_native, id=10136, stack(0x000000034da00000,0x000000034db00000)]
=>0x0000011908291000 JavaThread "RMI TCP Connection(6)-127.0.0.1" daemon [_thread_in_native, id=20712, stack(0x000000034db00000,0x000000034dc00000)]
  0x000001190828c800 JavaThread "RMI TCP Connection(7)-127.0.0.1" daemon [_thread_in_native, id=17876, stack(0x000000034dd00000,0x000000034de00000)]
  0x0000011908293000 JavaThread "RMI TCP Connection(8)-127.0.0.1" daemon [_thread_in_native, id=3296, stack(0x000000034de00000,0x000000034df00000)]
  0x0000011908292000 JavaThread "JMX server connection timeout 273" daemon [_thread_blocked, id=14168, stack(0x000000034b500000,0x000000034b600000)]

Other Threads:
  0x00000119003f4000 VMThread "VM Thread" [stack: 0x000000034a600000,0x000000034a700000] [id=19680]
  0x0000011901fec800 WatcherThread [stack: 0x000000034b400000,0x000000034b500000] [id=13468]
  0x0000011961696800 GCTaskThread "GC Thread#0" [stack: 0x000000034a100000,0x000000034a200000] [id=19824]
  0x0000011901f0a800 GCTaskThread "GC Thread#1" [stack: 0x000000034af00000,0x000000034b000000] [id=10952]
  0x0000011901f0b000 GCTaskThread "GC Thread#2" [stack: 0x000000034b000000,0x000000034b100000] [id=12520]
  0x00000119024ac000 GCTaskThread "GC Thread#3" [stack: 0x000000034b800000,0x000000034b900000] [id=11308]
  0x00000119024ae000 GCTaskThread "GC Thread#4" [stack: 0x000000034b900000,0x000000034ba00000] [id=10148]
  0x00000119024ae800 GCTaskThread "GC Thread#5" [stack: 0x000000034ba00000,0x000000034bb00000] [id=12592]
  0x00000119024b0000 GCTaskThread "GC Thread#6" [stack: 0x000000034bb00000,0x000000034bc00000] [id=13744]
  0x00000119024b0800 GCTaskThread "GC Thread#7" [stack: 0x000000034bc00000,0x000000034bd00000] [id=17944]
  0x00000119616c8800 ConcurrentGCThread "G1 Main Marker" [stack: 0x000000034a200000,0x000000034a300000] [id=2684]
  0x00000119616c9800 ConcurrentGCThread "G1 Conc#0" [stack: 0x000000034a300000,0x000000034a400000] [id=5608]
  0x00000119026a0800 ConcurrentGCThread "G1 Conc#1" [stack: 0x000000034c100000,0x000000034c200000] [id=3268]
  0x000001196172d800 ConcurrentGCThread "G1 Refine#0" [stack: 0x000000034a400000,0x000000034a500000] [id=22392]
  0x000001190025f800 ConcurrentGCThread "G1 Young RemSet Sampling" [stack: 0x000000034a500000,0x000000034a600000] [id=8724]

Threads with active compile tasks:

VM state:not at safepoint (normal execution)

VM Mutex/Monitor currently owned by a thread: None

Heap address: 0x0000000081e00000, size: 2018 MB, Compressed Oops mode: 32-bit
Narrow klass base: 0x0000000000000000, Narrow klass shift: 3
Compressed class space size: 1073741824 Address: 0x0000000100000000

Heap:
 garbage-first heap   total 227328K, used 120774K [0x0000000081e00000, 0x0000000100000000)
  region size 1024K, 84 young (86016K), 10 survivors (10240K)
 Metaspace       used 70937K, capacity 72916K, committed 73168K, reserved 1112064K
  class space    used 9296K, capacity 10039K, committed 10060K, reserved 1048576K
Heap Regions: E=young(eden), S=young(survivor), O=old, HS=humongous(starts), HC=humongous(continues), CS=collection set, F=free, A=archive, TAMS=top-at-mark-start (previous, next)
|   0|0x0000000081e00000, 0x0000000081f00000, 0x0000000081f00000|100%|HS|  |TAMS 0x0000000081f00000, 0x0000000081e00000| Complete 
|   1|0x0000000081f00000, 0x0000000082000000, 0x0000000082000000|100%| O|  |TAMS 0x0000000082000000, 0x0000000081f00000| Untracked 
|   2|0x0000000082000000, 0x0000000082100000, 0x0000000082100000|100%| O|  |TAMS 0x0000000082100000, 0x0000000082000000| Untracked 
|   3|0x0000000082100000, 0x0000000082200000, 0x0000000082200000|100%| O|  |TAMS 0x0000000082200000, 0x0000000082100000| Untracked 
|   4|0x0000000082200000, 0x0000000082300000, 0x0000000082300000|100%| O|  |TAMS 0x0000000082300000, 0x0000000082200000| Untracked 
|   5|0x0000000082300000, 0x0000000082400000, 0x0000000082400000|100%| O|  |TAMS 0x0000000082400000, 0x0000000082300000| Untracked 
|   6|0x0000000082400000, 0x0000000082500000, 0x0000000082500000|100%| O|  |TAMS 0x0000000082500000, 0x0000000082400000| Untracked 
|   7|0x0000000082500000, 0x0000000082600000, 0x0000000082600000|100%| O|  |TAMS 0x0000000082600000, 0x0000000082500000| Untracked 
|   8|0x0000000082600000, 0x0000000082700000, 0x0000000082700000|100%| O|  |TAMS 0x0000000082700000, 0x0000000082600000| Untracked 
|   9|0x0000000082700000, 0x0000000082800000, 0x0000000082800000|100%| O|  |TAMS 0x0000000082800000, 0x0000000082700000| Untracked 
|  10|0x0000000082800000, 0x0000000082900000, 0x0000000082900000|100%| O|  |TAMS 0x0000000082900000, 0x0000000082800000| Untracked 
|  11|0x0000000082900000, 0x0000000082a00000, 0x0000000082a00000|100%| O|  |TAMS 0x0000000082a00000, 0x0000000082900000| Untracked 
|  12|0x0000000082a00000, 0x0000000082b00000, 0x0000000082b00000|100%| O|  |TAMS 0x0000000082b00000, 0x0000000082a00000| Untracked 
|  13|0x0000000082b00000, 0x0000000082c00000, 0x0000000082c00000|100%| O|  |TAMS 0x0000000082c00000, 0x0000000082b00000| Untracked 
|  14|0x0000000082c00000, 0x0000000082d00000, 0x0000000082d00000|100%| O|  |TAMS 0x0000000082d00000, 0x0000000082c00000| Untracked 
|  15|0x0000000082d00000, 0x0000000082e00000, 0x0000000082e00000|100%| O|  |TAMS 0x0000000082e00000, 0x0000000082d00000| Untracked 
|  16|0x0000000082e00000, 0x0000000082f00000, 0x0000000082f00000|100%| O|  |TAMS 0x0000000082f00000, 0x0000000082e00000| Untracked 
|  17|0x0000000082f00000, 0x0000000083000000, 0x0000000083000000|100%| O|  |TAMS 0x0000000083000000, 0x0000000082f00000| Untracked 
|  18|0x0000000083000000, 0x0000000083100000, 0x0000000083100000|100%| O|  |TAMS 0x0000000083100000, 0x0000000083000000| Untracked 
|  19|0x0000000083100000, 0x0000000083200000, 0x0000000083200000|100%| O|  |TAMS 0x0000000083200000, 0x0000000083100000| Untracked 
|  20|0x0000000083200000, 0x0000000083300000, 0x0000000083300000|100%| O|  |TAMS 0x0000000083300000, 0x0000000083200000| Untracked 
|  21|0x0000000083300000, 0x0000000083400000, 0x0000000083400000|100%| O|  |TAMS 0x0000000083400000, 0x0000000083300000| Untracked 
|  22|0x0000000083400000, 0x0000000083500000, 0x0000000083500000|100%| O|  |TAMS 0x0000000083500000, 0x0000000083400000| Untracked 
|  23|0x0000000083500000, 0x0000000083600000, 0x0000000083600000|100%| O|  |TAMS 0x0000000083600000, 0x0000000083500000| Untracked 
|  24|0x0000000083600000, 0x0000000083700000, 0x0000000083700000|100%| O|  |TAMS 0x0000000083700000, 0x0000000083600000| Untracked 
|  25|0x0000000083700000, 0x0000000083800000, 0x0000000083800000|100%| O|  |TAMS 0x0000000083800000, 0x0000000083700000| Untracked 
|  26|0x0000000083800000, 0x0000000083900000, 0x0000000083900000|100%| O|  |TAMS 0x0000000083900000, 0x0000000083800000| Untracked 
|  27|0x0000000083900000, 0x0000000083a00000, 0x0000000083a00000|100%| O|  |TAMS 0x0000000083a00000, 0x0000000083900000| Untracked 
|  28|0x0000000083a00000, 0x0000000083b00000, 0x0000000083b00000|100%| O|  |TAMS 0x0000000083b00000, 0x0000000083a00000| Untracked 
|  29|0x0000000083b00000, 0x0000000083c00000, 0x0000000083c00000|100%| O|  |TAMS 0x0000000083c00000, 0x0000000083b00000| Untracked 
|  30|0x0000000083c00000, 0x0000000083d00000, 0x0000000083d00000|100%| O|  |TAMS 0x0000000083d00000, 0x0000000083c00000| Untracked 
|  31|0x0000000083d00000, 0x0000000083e00000, 0x0000000083e00000|100%| O|  |TAMS 0x0000000083e00000, 0x0000000083d00000| Untracked 
|  32|0x0000000083e00000, 0x0000000083f00000, 0x0000000083f00000|100%| O|  |TAMS 0x0000000083f00000, 0x0000000083e00000| Untracked 
|  33|0x0000000083f00000, 0x0000000084000000, 0x0000000084000000|100%| O|  |TAMS 0x0000000084000000, 0x0000000083f00000| Untracked 
|  34|0x0000000084000000, 0x00000000840fba00, 0x0000000084100000| 98%| O|  |TAMS 0x00000000840fba00, 0x0000000084000000| Untracked 
|  35|0x0000000084100000, 0x0000000084100000, 0x0000000084200000|  0%| F|  |TAMS 0x0000000084100000, 0x0000000084100000| Untracked 
|  36|0x0000000084200000, 0x0000000084200000, 0x0000000084300000|  0%| F|  |TAMS 0x0000000084200000, 0x0000000084200000| Untracked 
|  37|0x0000000084300000, 0x0000000084300000, 0x0000000084400000|  0%| F|  |TAMS 0x0000000084300000, 0x0000000084300000| Untracked 
|  38|0x0000000084400000, 0x0000000084400000, 0x0000000084500000|  0%| F|  |TAMS 0x0000000084400000, 0x0000000084400000| Untracked 
|  39|0x0000000084500000, 0x0000000084500000, 0x0000000084600000|  0%| F|  |TAMS 0x0000000084500000, 0x0000000084500000| Untracked 
|  40|0x0000000084600000, 0x0000000084600000, 0x0000000084700000|  0%| F|  |TAMS 0x0000000084600000, 0x0000000084600000| Untracked 
|  41|0x0000000084700000, 0x0000000084700000, 0x0000000084800000|  0%| F|  |TAMS 0x0000000084700000, 0x0000000084700000| Untracked 
|  42|0x0000000084800000, 0x0000000084800000, 0x0000000084900000|  0%| F|  |TAMS 0x0000000084800000, 0x0000000084800000| Untracked 
|  43|0x0000000084900000, 0x0000000084900000, 0x0000000084a00000|  0%| F|  |TAMS 0x0000000084900000, 0x0000000084900000| Untracked 
|  44|0x0000000084a00000, 0x0000000084a00000, 0x0000000084b00000|  0%| F|  |TAMS 0x0000000084a00000, 0x0000000084a00000| Untracked 
|  45|0x0000000084b00000, 0x0000000084b00000, 0x0000000084c00000|  0%| F|  |TAMS 0x0000000084b00000, 0x0000000084b00000| Untracked 
|  46|0x0000000084c00000, 0x0000000084c00000, 0x0000000084d00000|  0%| F|  |TAMS 0x0000000084c00000, 0x0000000084c00000| Untracked 
|  47|0x0000000084d00000, 0x0000000084d00000, 0x0000000084e00000|  0%| F|  |TAMS 0x0000000084d00000, 0x0000000084d00000| Untracked 
|  48|0x0000000084e00000, 0x0000000084e00000, 0x0000000084f00000|  0%| F|  |TAMS 0x0000000084e00000, 0x0000000084e00000| Untracked 
|  49|0x0000000084f00000, 0x0000000084f00000, 0x0000000085000000|  0%| F|  |TAMS 0x0000000084f00000, 0x0000000084f00000| Untracked 
|  50|0x0000000085000000, 0x0000000085000000, 0x0000000085100000|  0%| F|  |TAMS 0x0000000085000000, 0x0000000085000000| Untracked 
|  51|0x0000000085100000, 0x0000000085100000, 0x0000000085200000|  0%| F|  |TAMS 0x0000000085100000, 0x0000000085100000| Untracked 
|  52|0x0000000085200000, 0x0000000085200000, 0x0000000085300000|  0%| F|  |TAMS 0x0000000085200000, 0x0000000085200000| Untracked 
|  53|0x0000000085300000, 0x0000000085300000, 0x0000000085400000|  0%| F|  |TAMS 0x0000000085300000, 0x0000000085300000| Untracked 
|  54|0x0000000085400000, 0x0000000085400000, 0x0000000085500000|  0%| F|  |TAMS 0x0000000085400000, 0x0000000085400000| Untracked 
|  55|0x0000000085500000, 0x0000000085500000, 0x0000000085600000|  0%| F|  |TAMS 0x0000000085500000, 0x0000000085500000| Untracked 
|  56|0x0000000085600000, 0x0000000085600000, 0x0000000085700000|  0%| F|  |TAMS 0x0000000085600000, 0x0000000085600000| Untracked 
|  57|0x0000000085700000, 0x0000000085700000, 0x0000000085800000|  0%| F|  |TAMS 0x0000000085700000, 0x0000000085700000| Untracked 
|  58|0x0000000085800000, 0x0000000085800000, 0x0000000085900000|  0%| F|  |TAMS 0x0000000085800000, 0x0000000085800000| Untracked 
|  59|0x0000000085900000, 0x0000000085900000, 0x0000000085a00000|  0%| F|  |TAMS 0x0000000085900000, 0x0000000085900000| Untracked 
|  60|0x0000000085a00000, 0x0000000085a00000, 0x0000000085b00000|  0%| F|  |TAMS 0x0000000085a00000, 0x0000000085a00000| Untracked 
|  61|0x0000000085b00000, 0x0000000085b00000, 0x0000000085c00000|  0%| F|  |TAMS 0x0000000085b00000, 0x0000000085b00000| Untracked 
|  62|0x0000000085c00000, 0x0000000085c00000, 0x0000000085d00000|  0%| F|  |TAMS 0x0000000085c00000, 0x0000000085c00000| Untracked 
|  63|0x0000000085d00000, 0x0000000085d00000, 0x0000000085e00000|  0%| F|  |TAMS 0x0000000085d00000, 0x0000000085d00000| Untracked 
|  64|0x0000000085e00000, 0x0000000085e00000, 0x0000000085f00000|  0%| F|  |TAMS 0x0000000085e00000, 0x0000000085e00000| Untracked 
|  65|0x0000000085f00000, 0x0000000085f00000, 0x0000000086000000|  0%| F|  |TAMS 0x0000000085f00000, 0x0000000085f00000| Untracked 
|  66|0x0000000086000000, 0x0000000086000000, 0x0000000086100000|  0%| F|  |TAMS 0x0000000086000000, 0x0000000086000000| Untracked 
|  67|0x0000000086100000, 0x0000000086100000, 0x0000000086200000|  0%| F|  |TAMS 0x0000000086100000, 0x0000000086100000| Untracked 
|  68|0x0000000086200000, 0x0000000086200000, 0x0000000086300000|  0%| F|  |TAMS 0x0000000086200000, 0x0000000086200000| Untracked 
|  69|0x0000000086300000, 0x0000000086300000, 0x0000000086400000|  0%| F|  |TAMS 0x0000000086300000, 0x0000000086300000| Untracked 
|  70|0x0000000086400000, 0x0000000086400000, 0x0000000086500000|  0%| F|  |TAMS 0x0000000086400000, 0x0000000086400000| Untracked 
|  71|0x0000000086500000, 0x0000000086500000, 0x0000000086600000|  0%| F|  |TAMS 0x0000000086500000, 0x0000000086500000| Untracked 
|  72|0x0000000086600000, 0x0000000086600000, 0x0000000086700000|  0%| F|  |TAMS 0x0000000086600000, 0x0000000086600000| Untracked 
|  73|0x0000000086700000, 0x0000000086700000, 0x0000000086800000|  0%| F|  |TAMS 0x0000000086700000, 0x0000000086700000| Untracked 
|  74|0x0000000086800000, 0x0000000086800000, 0x0000000086900000|  0%| F|  |TAMS 0x0000000086800000, 0x0000000086800000| Untracked 
|  75|0x0000000086900000, 0x0000000086900000, 0x0000000086a00000|  0%| F|  |TAMS 0x0000000086900000, 0x0000000086900000| Untracked 
|  76|0x0000000086a00000, 0x0000000086a00000, 0x0000000086b00000|  0%| F|  |TAMS 0x0000000086a00000, 0x0000000086a00000| Untracked 
|  77|0x0000000086b00000, 0x0000000086b00000, 0x0000000086c00000|  0%| F|  |TAMS 0x0000000086b00000, 0x0000000086b00000| Untracked 
|  78|0x0000000086c00000, 0x0000000086c00000, 0x0000000086d00000|  0%| F|  |TAMS 0x0000000086c00000, 0x0000000086c00000| Untracked 
|  79|0x0000000086d00000, 0x0000000086d00000, 0x0000000086e00000|  0%| F|  |TAMS 0x0000000086d00000, 0x0000000086d00000| Untracked 
|  80|0x0000000086e00000, 0x0000000086e00000, 0x0000000086f00000|  0%| F|  |TAMS 0x0000000086e00000, 0x0000000086e00000| Untracked 
|  81|0x0000000086f00000, 0x0000000086f00000, 0x0000000087000000|  0%| F|  |TAMS 0x0000000086f00000, 0x0000000086f00000| Untracked 
|  82|0x0000000087000000, 0x0000000087000000, 0x0000000087100000|  0%| F|  |TAMS 0x0000000087000000, 0x0000000087000000| Untracked 
|  83|0x0000000087100000, 0x0000000087100000, 0x0000000087200000|  0%| F|  |TAMS 0x0000000087100000, 0x0000000087100000| Untracked 
|  84|0x0000000087200000, 0x0000000087200000, 0x0000000087300000|  0%| F|  |TAMS 0x0000000087200000, 0x0000000087200000| Untracked 
|  85|0x0000000087300000, 0x0000000087300000, 0x0000000087400000|  0%| F|  |TAMS 0x0000000087300000, 0x0000000087300000| Untracked 
|  86|0x0000000087400000, 0x0000000087400000, 0x0000000087500000|  0%| F|  |TAMS 0x0000000087400000, 0x0000000087400000| Untracked 
|  87|0x0000000087500000, 0x0000000087500000, 0x0000000087600000|  0%| F|  |TAMS 0x0000000087500000, 0x0000000087500000| Untracked 
|  88|0x0000000087600000, 0x0000000087600000, 0x0000000087700000|  0%| F|  |TAMS 0x0000000087600000, 0x0000000087600000| Untracked 
|  89|0x0000000087700000, 0x0000000087700000, 0x0000000087800000|  0%| F|  |TAMS 0x0000000087700000, 0x0000000087700000| Untracked 
|  90|0x0000000087800000, 0x00000000878f5e40, 0x0000000087900000| 96%| S|CS|TAMS 0x0000000087800000, 0x0000000087800000| Complete 
|  91|0x0000000087900000, 0x0000000087a00000, 0x0000000087a00000|100%| S|CS|TAMS 0x0000000087900000, 0x0000000087900000| Complete 
|  92|0x0000000087a00000, 0x0000000087b00000, 0x0000000087b00000|100%| S|CS|TAMS 0x0000000087a00000, 0x0000000087a00000| Complete 
|  93|0x0000000087b00000, 0x0000000087c00000, 0x0000000087c00000|100%| S|CS|TAMS 0x0000000087b00000, 0x0000000087b00000| Complete 
|  94|0x0000000087c00000, 0x0000000087d00000, 0x0000000087d00000|100%| S|CS|TAMS 0x0000000087c00000, 0x0000000087c00000| Complete 
|  95|0x0000000087d00000, 0x0000000087e00000, 0x0000000087e00000|100%| S|CS|TAMS 0x0000000087d00000, 0x0000000087d00000| Complete 
|  96|0x0000000087e00000, 0x0000000087f00000, 0x0000000087f00000|100%| S|CS|TAMS 0x0000000087e00000, 0x0000000087e00000| Complete 
|  97|0x0000000087f00000, 0x0000000088000000, 0x0000000088000000|100%| S|CS|TAMS 0x0000000087f00000, 0x0000000087f00000| Complete 
|  98|0x0000000088000000, 0x0000000088100000, 0x0000000088100000|100%| S|CS|TAMS 0x0000000088000000, 0x0000000088000000| Complete 
|  99|0x0000000088100000, 0x0000000088200000, 0x0000000088200000|100%| S|CS|TAMS 0x0000000088100000, 0x0000000088100000| Complete 
| 100|0x0000000088200000, 0x0000000088200000, 0x0000000088300000|  0%| F|  |TAMS 0x0000000088200000, 0x0000000088200000| Untracked 
| 101|0x0000000088300000, 0x0000000088300000, 0x0000000088400000|  0%| F|  |TAMS 0x0000000088300000, 0x0000000088300000| Untracked 
| 102|0x0000000088400000, 0x0000000088400000, 0x0000000088500000|  0%| F|  |TAMS 0x0000000088400000, 0x0000000088400000| Untracked 
| 103|0x0000000088500000, 0x0000000088500000, 0x0000000088600000|  0%| F|  |TAMS 0x0000000088500000, 0x0000000088500000| Untracked 
| 104|0x0000000088600000, 0x0000000088600000, 0x0000000088700000|  0%| F|  |TAMS 0x0000000088600000, 0x0000000088600000| Untracked 
| 105|0x0000000088700000, 0x0000000088700000, 0x0000000088800000|  0%| F|  |TAMS 0x0000000088700000, 0x0000000088700000| Untracked 
| 106|0x0000000088800000, 0x0000000088800000, 0x0000000088900000|  0%| F|  |TAMS 0x0000000088800000, 0x0000000088800000| Untracked 
| 107|0x0000000088900000, 0x0000000088900000, 0x0000000088a00000|  0%| F|  |TAMS 0x0000000088900000, 0x0000000088900000| Untracked 
| 108|0x0000000088a00000, 0x0000000088a00000, 0x0000000088b00000|  0%| F|  |TAMS 0x0000000088a00000, 0x0000000088a00000| Untracked 
| 109|0x0000000088b00000, 0x0000000088b00000, 0x0000000088c00000|  0%| F|  |TAMS 0x0000000088b00000, 0x0000000088b00000| Untracked 
| 110|0x0000000088c00000, 0x0000000088c00000, 0x0000000088d00000|  0%| F|  |TAMS 0x0000000088c00000, 0x0000000088c00000| Untracked 
| 111|0x0000000088d00000, 0x0000000088d00000, 0x0000000088e00000|  0%| F|  |TAMS 0x0000000088d00000, 0x0000000088d00000| Untracked 
| 112|0x0000000088e00000, 0x0000000088e00000, 0x0000000088f00000|  0%| F|  |TAMS 0x0000000088e00000, 0x0000000088e00000| Untracked 
| 113|0x0000000088f00000, 0x0000000088f00000, 0x0000000089000000|  0%| F|  |TAMS 0x0000000088f00000, 0x0000000088f00000| Untracked 
| 114|0x0000000089000000, 0x0000000089000000, 0x0000000089100000|  0%| F|  |TAMS 0x0000000089000000, 0x0000000089000000| Untracked 
| 115|0x0000000089100000, 0x0000000089100000, 0x0000000089200000|  0%| F|  |TAMS 0x0000000089100000, 0x0000000089100000| Untracked 
| 116|0x0000000089200000, 0x0000000089200000, 0x0000000089300000|  0%| F|  |TAMS 0x0000000089200000, 0x0000000089200000| Untracked 
| 117|0x0000000089300000, 0x0000000089300000, 0x0000000089400000|  0%| F|  |TAMS 0x0000000089300000, 0x0000000089300000| Untracked 
| 118|0x0000000089400000, 0x0000000089400000, 0x0000000089500000|  0%| F|  |TAMS 0x0000000089400000, 0x0000000089400000| Untracked 
| 119|0x0000000089500000, 0x0000000089500000, 0x0000000089600000|  0%| F|  |TAMS 0x0000000089500000, 0x0000000089500000| Untracked 
| 120|0x0000000089600000, 0x0000000089600000, 0x0000000089700000|  0%| F|  |TAMS 0x0000000089600000, 0x0000000089600000| Untracked 
| 121|0x0000000089700000, 0x0000000089700000, 0x0000000089800000|  0%| F|  |TAMS 0x0000000089700000, 0x0000000089700000| Untracked 
| 122|0x0000000089800000, 0x0000000089800000, 0x0000000089900000|  0%| F|  |TAMS 0x0000000089800000, 0x0000000089800000| Untracked 
| 123|0x0000000089900000, 0x0000000089900000, 0x0000000089a00000|  0%| F|  |TAMS 0x0000000089900000, 0x0000000089900000| Untracked 
| 124|0x0000000089a00000, 0x0000000089a00000, 0x0000000089b00000|  0%| F|  |TAMS 0x0000000089a00000, 0x0000000089a00000| Untracked 
| 125|0x0000000089b00000, 0x0000000089b00000, 0x0000000089c00000|  0%| F|  |TAMS 0x0000000089b00000, 0x0000000089b00000| Untracked 
| 126|0x0000000089c00000, 0x0000000089c00000, 0x0000000089d00000|  0%| F|  |TAMS 0x0000000089c00000, 0x0000000089c00000| Untracked 
| 127|0x0000000089d00000, 0x0000000089d00000, 0x0000000089e00000|  0%| F|  |TAMS 0x0000000089d00000, 0x0000000089d00000| Untracked 
| 128|0x0000000089e00000, 0x0000000089e00000, 0x0000000089f00000|  0%| F|  |TAMS 0x0000000089e00000, 0x0000000089e00000| Untracked 
| 129|0x0000000089f00000, 0x0000000089f00000, 0x000000008a000000|  0%| F|  |TAMS 0x0000000089f00000, 0x0000000089f00000| Untracked 
| 130|0x000000008a000000, 0x000000008a000000, 0x000000008a100000|  0%| F|  |TAMS 0x000000008a000000, 0x000000008a000000| Untracked 
| 131|0x000000008a100000, 0x000000008a100000, 0x000000008a200000|  0%| F|  |TAMS 0x000000008a100000, 0x000000008a100000| Untracked 
| 132|0x000000008a200000, 0x000000008a200000, 0x000000008a300000|  0%| F|  |TAMS 0x000000008a200000, 0x000000008a200000| Untracked 
| 133|0x000000008a300000, 0x000000008a300000, 0x000000008a400000|  0%| F|  |TAMS 0x000000008a300000, 0x000000008a300000| Untracked 
| 134|0x000000008a400000, 0x000000008a400000, 0x000000008a500000|  0%| F|  |TAMS 0x000000008a400000, 0x000000008a400000| Untracked 
| 135|0x000000008a500000, 0x000000008a500000, 0x000000008a600000|  0%| F|  |TAMS 0x000000008a500000, 0x000000008a500000| Untracked 
| 136|0x000000008a600000, 0x000000008a600000, 0x000000008a700000|  0%| F|  |TAMS 0x000000008a600000, 0x000000008a600000| Untracked 
| 137|0x000000008a700000, 0x000000008a700000, 0x000000008a800000|  0%| F|  |TAMS 0x000000008a700000, 0x000000008a700000| Untracked 
| 138|0x000000008a800000, 0x000000008a800000, 0x000000008a900000|  0%| F|  |TAMS 0x000000008a800000, 0x000000008a800000| Untracked 
| 139|0x000000008a900000, 0x000000008a900000, 0x000000008aa00000|  0%| F|  |TAMS 0x000000008a900000, 0x000000008a900000| Untracked 
| 140|0x000000008aa00000, 0x000000008aa00000, 0x000000008ab00000|  0%| F|  |TAMS 0x000000008aa00000, 0x000000008aa00000| Untracked 
| 141|0x000000008ab00000, 0x000000008ab00000, 0x000000008ac00000|  0%| F|  |TAMS 0x000000008ab00000, 0x000000008ab00000| Untracked 
| 142|0x000000008ac00000, 0x000000008ac00000, 0x000000008ad00000|  0%| F|  |TAMS 0x000000008ac00000, 0x000000008ac00000| Untracked 
| 143|0x000000008ad00000, 0x000000008ad00000, 0x000000008ae00000|  0%| F|  |TAMS 0x000000008ad00000, 0x000000008ad00000| Untracked 
| 144|0x000000008ae00000, 0x000000008ae00000, 0x000000008af00000|  0%| F|  |TAMS 0x000000008ae00000, 0x000000008ae00000| Untracked 
| 145|0x000000008af00000, 0x000000008af00000, 0x000000008b000000|  0%| F|  |TAMS 0x000000008af00000, 0x000000008af00000| Untracked 
| 146|0x000000008b000000, 0x000000008b000000, 0x000000008b100000|  0%| F|  |TAMS 0x000000008b000000, 0x000000008b000000| Untracked 
| 147|0x000000008b100000, 0x000000008b100000, 0x000000008b200000|  0%| F|  |TAMS 0x000000008b100000, 0x000000008b100000| Untracked 
| 148|0x000000008b200000, 0x000000008b200800, 0x000000008b300000|  0%| E|  |TAMS 0x000000008b200000, 0x000000008b200000| Complete 
| 149|0x000000008b300000, 0x000000008b400000, 0x000000008b400000|100%| E|CS|TAMS 0x000000008b300000, 0x000000008b300000| Complete 
| 150|0x000000008b400000, 0x000000008b500000, 0x000000008b500000|100%| E|CS|TAMS 0x000000008b400000, 0x000000008b400000| Complete 
| 151|0x000000008b500000, 0x000000008b600000, 0x000000008b600000|100%| E|CS|TAMS 0x000000008b500000, 0x000000008b500000| Complete 
| 152|0x000000008b600000, 0x000000008b700000, 0x000000008b700000|100%| E|CS|TAMS 0x000000008b600000, 0x000000008b600000| Complete 
| 153|0x000000008b700000, 0x000000008b800000, 0x000000008b800000|100%| E|CS|TAMS 0x000000008b700000, 0x000000008b700000| Complete 
| 154|0x000000008b800000, 0x000000008b900000, 0x000000008b900000|100%| E|CS|TAMS 0x000000008b800000, 0x000000008b800000| Complete 
| 155|0x000000008b900000, 0x000000008ba00000, 0x000000008ba00000|100%| E|CS|TAMS 0x000000008b900000, 0x000000008b900000| Complete 
| 156|0x000000008ba00000, 0x000000008bb00000, 0x000000008bb00000|100%| E|CS|TAMS 0x000000008ba00000, 0x000000008ba00000| Complete 
| 157|0x000000008bb00000, 0x000000008bc00000, 0x000000008bc00000|100%| E|CS|TAMS 0x000000008bb00000, 0x000000008bb00000| Complete 
| 158|0x000000008bc00000, 0x000000008bd00000, 0x000000008bd00000|100%| E|CS|TAMS 0x000000008bc00000, 0x000000008bc00000| Complete 
| 159|0x000000008bd00000, 0x000000008be00000, 0x000000008be00000|100%| E|CS|TAMS 0x000000008bd00000, 0x000000008bd00000| Complete 
| 160|0x000000008be00000, 0x000000008bf00000, 0x000000008bf00000|100%| E|CS|TAMS 0x000000008be00000, 0x000000008be00000| Complete 
| 161|0x000000008bf00000, 0x000000008c000000, 0x000000008c000000|100%| E|CS|TAMS 0x000000008bf00000, 0x000000008bf00000| Complete 
| 162|0x000000008c000000, 0x000000008c100000, 0x000000008c100000|100%| E|CS|TAMS 0x000000008c000000, 0x000000008c000000| Complete 
| 163|0x000000008c100000, 0x000000008c200000, 0x000000008c200000|100%| E|CS|TAMS 0x000000008c100000, 0x000000008c100000| Complete 
| 164|0x000000008c200000, 0x000000008c300000, 0x000000008c300000|100%| E|CS|TAMS 0x000000008c200000, 0x000000008c200000| Complete 
| 165|0x000000008c300000, 0x000000008c400000, 0x000000008c400000|100%| E|CS|TAMS 0x000000008c300000, 0x000000008c300000| Complete 
| 166|0x000000008c400000, 0x000000008c500000, 0x000000008c500000|100%| E|CS|TAMS 0x000000008c400000, 0x000000008c400000| Complete 
| 167|0x000000008c500000, 0x000000008c600000, 0x000000008c600000|100%| E|CS|TAMS 0x000000008c500000, 0x000000008c500000| Complete 
| 168|0x000000008c600000, 0x000000008c700000, 0x000000008c700000|100%| E|CS|TAMS 0x000000008c600000, 0x000000008c600000| Complete 
| 169|0x000000008c700000, 0x000000008c800000, 0x000000008c800000|100%| E|CS|TAMS 0x000000008c700000, 0x000000008c700000| Complete 
| 170|0x000000008c800000, 0x000000008c900000, 0x000000008c900000|100%| E|CS|TAMS 0x000000008c800000, 0x000000008c800000| Complete 
| 171|0x000000008c900000, 0x000000008ca00000, 0x000000008ca00000|100%| E|CS|TAMS 0x000000008c900000, 0x000000008c900000| Complete 
| 172|0x000000008ca00000, 0x000000008cb00000, 0x000000008cb00000|100%| E|CS|TAMS 0x000000008ca00000, 0x000000008ca00000| Complete 
| 173|0x000000008cb00000, 0x000000008cc00000, 0x000000008cc00000|100%| E|CS|TAMS 0x000000008cb00000, 0x000000008cb00000| Complete 
| 174|0x000000008cc00000, 0x000000008cd00000, 0x000000008cd00000|100%| E|CS|TAMS 0x000000008cc00000, 0x000000008cc00000| Complete 
| 175|0x000000008cd00000, 0x000000008ce00000, 0x000000008ce00000|100%| E|CS|TAMS 0x000000008cd00000, 0x000000008cd00000| Complete 
| 176|0x000000008ce00000, 0x000000008cf00000, 0x000000008cf00000|100%| E|CS|TAMS 0x000000008ce00000, 0x000000008ce00000| Complete 
| 177|0x000000008cf00000, 0x000000008d000000, 0x000000008d000000|100%| E|CS|TAMS 0x000000008cf00000, 0x000000008cf00000| Complete 
| 178|0x000000008d000000, 0x000000008d100000, 0x000000008d100000|100%| E|CS|TAMS 0x000000008d000000, 0x000000008d000000| Complete 
| 179|0x000000008d100000, 0x000000008d200000, 0x000000008d200000|100%| E|CS|TAMS 0x000000008d100000, 0x000000008d100000| Complete 
| 180|0x000000008d200000, 0x000000008d300000, 0x000000008d300000|100%| E|CS|TAMS 0x000000008d200000, 0x000000008d200000| Complete 
| 181|0x000000008d300000, 0x000000008d400000, 0x000000008d400000|100%| E|CS|TAMS 0x000000008d300000, 0x000000008d300000| Complete 
| 182|0x000000008d400000, 0x000000008d500000, 0x000000008d500000|100%| E|CS|TAMS 0x000000008d400000, 0x000000008d400000| Complete 
| 183|0x000000008d500000, 0x000000008d600000, 0x000000008d600000|100%| E|CS|TAMS 0x000000008d500000, 0x000000008d500000| Complete 
| 184|0x000000008d600000, 0x000000008d700000, 0x000000008d700000|100%| E|CS|TAMS 0x000000008d600000, 0x000000008d600000| Complete 
| 185|0x000000008d700000, 0x000000008d800000, 0x000000008d800000|100%| E|CS|TAMS 0x000000008d700000, 0x000000008d700000| Complete 
| 186|0x000000008d800000, 0x000000008d900000, 0x000000008d900000|100%| E|CS|TAMS 0x000000008d800000, 0x000000008d800000| Complete 
| 187|0x000000008d900000, 0x000000008da00000, 0x000000008da00000|100%| E|CS|TAMS 0x000000008d900000, 0x000000008d900000| Complete 
| 188|0x000000008da00000, 0x000000008db00000, 0x000000008db00000|100%| E|CS|TAMS 0x000000008da00000, 0x000000008da00000| Complete 
| 189|0x000000008db00000, 0x000000008dc00000, 0x000000008dc00000|100%| E|CS|TAMS 0x000000008db00000, 0x000000008db00000| Complete 
| 190|0x000000008dc00000, 0x000000008dd00000, 0x000000008dd00000|100%| E|CS|TAMS 0x000000008dc00000, 0x000000008dc00000| Complete 
| 191|0x000000008dd00000, 0x000000008de00000, 0x000000008de00000|100%| E|CS|TAMS 0x000000008dd00000, 0x000000008dd00000| Complete 
| 192|0x000000008de00000, 0x000000008df00000, 0x000000008df00000|100%| E|CS|TAMS 0x000000008de00000, 0x000000008de00000| Complete 
| 193|0x000000008df00000, 0x000000008e000000, 0x000000008e000000|100%| E|CS|TAMS 0x000000008df00000, 0x000000008df00000| Complete 
| 194|0x000000008e000000, 0x000000008e100000, 0x000000008e100000|100%| E|CS|TAMS 0x000000008e000000, 0x000000008e000000| Complete 
| 195|0x000000008e100000, 0x000000008e200000, 0x000000008e200000|100%| E|CS|TAMS 0x000000008e100000, 0x000000008e100000| Complete 
| 196|0x000000008e200000, 0x000000008e300000, 0x000000008e300000|100%| E|CS|TAMS 0x000000008e200000, 0x000000008e200000| Complete 
| 197|0x000000008e300000, 0x000000008e400000, 0x000000008e400000|100%| E|CS|TAMS 0x000000008e300000, 0x000000008e300000| Complete 
| 198|0x000000008e400000, 0x000000008e500000, 0x000000008e500000|100%| E|CS|TAMS 0x000000008e400000, 0x000000008e400000| Complete 
| 199|0x000000008e500000, 0x000000008e600000, 0x000000008e600000|100%| E|CS|TAMS 0x000000008e500000, 0x000000008e500000| Complete 
| 200|0x000000008e600000, 0x000000008e700000, 0x000000008e700000|100%| E|CS|TAMS 0x000000008e600000, 0x000000008e600000| Complete 
| 201|0x000000008e700000, 0x000000008e800000, 0x000000008e800000|100%| E|CS|TAMS 0x000000008e700000, 0x000000008e700000| Complete 
| 202|0x000000008e800000, 0x000000008e900000, 0x000000008e900000|100%| E|CS|TAMS 0x000000008e800000, 0x000000008e800000| Complete 
| 203|0x000000008e900000, 0x000000008ea00000, 0x000000008ea00000|100%| E|CS|TAMS 0x000000008e900000, 0x000000008e900000| Complete 
| 204|0x000000008ea00000, 0x000000008eb00000, 0x000000008eb00000|100%| E|CS|TAMS 0x000000008ea00000, 0x000000008ea00000| Complete 
| 205|0x000000008eb00000, 0x000000008ec00000, 0x000000008ec00000|100%| E|CS|TAMS 0x000000008eb00000, 0x000000008eb00000| Complete 
| 206|0x000000008ec00000, 0x000000008ed00000, 0x000000008ed00000|100%| E|CS|TAMS 0x000000008ec00000, 0x000000008ec00000| Complete 
| 207|0x000000008ed00000, 0x000000008ee00000, 0x000000008ee00000|100%| E|CS|TAMS 0x000000008ed00000, 0x000000008ed00000| Complete 
| 208|0x000000008ee00000, 0x000000008ef00000, 0x000000008ef00000|100%| E|CS|TAMS 0x000000008ee00000, 0x000000008ee00000| Complete 
| 209|0x000000008ef00000, 0x000000008f000000, 0x000000008f000000|100%| E|CS|TAMS 0x000000008ef00000, 0x000000008ef00000| Complete 
| 210|0x000000008f000000, 0x000000008f100000, 0x000000008f100000|100%| E|CS|TAMS 0x000000008f000000, 0x000000008f000000| Complete 
| 211|0x000000008f100000, 0x000000008f200000, 0x000000008f200000|100%| E|CS|TAMS 0x000000008f100000, 0x000000008f100000| Complete 
| 212|0x000000008f200000, 0x000000008f300000, 0x000000008f300000|100%| E|CS|TAMS 0x000000008f200000, 0x000000008f200000| Complete 
| 213|0x000000008f300000, 0x000000008f400000, 0x000000008f400000|100%| E|CS|TAMS 0x000000008f300000, 0x000000008f300000| Complete 
| 214|0x000000008f400000, 0x000000008f500000, 0x000000008f500000|100%| E|CS|TAMS 0x000000008f400000, 0x000000008f400000| Complete 
| 215|0x000000008f500000, 0x000000008f600000, 0x000000008f600000|100%| E|CS|TAMS 0x000000008f500000, 0x000000008f500000| Complete 
| 216|0x000000008f600000, 0x000000008f700000, 0x000000008f700000|100%| E|CS|TAMS 0x000000008f600000, 0x000000008f600000| Complete 
| 217|0x000000008f700000, 0x000000008f800000, 0x000000008f800000|100%| E|CS|TAMS 0x000000008f700000, 0x000000008f700000| Complete 
| 218|0x000000008f800000, 0x000000008f900000, 0x000000008f900000|100%| E|CS|TAMS 0x000000008f800000, 0x000000008f800000| Complete 
| 219|0x000000008f900000, 0x000000008fa00000, 0x000000008fa00000|100%| E|CS|TAMS 0x000000008f900000, 0x000000008f900000| Complete 
| 220|0x000000008fa00000, 0x000000008fb00000, 0x000000008fb00000|100%| E|CS|TAMS 0x000000008fa00000, 0x000000008fa00000| Complete 
| 221|0x000000008fb00000, 0x000000008fc00000, 0x000000008fc00000|100%| E|CS|TAMS 0x000000008fb00000, 0x000000008fb00000| Complete 

Card table byte_map: [0x0000011979190000,0x0000011979590000] _byte_map_base: 0x0000011978d81000

Marking Bits (Prev, Next): (CMBitMap*) 0x00000119616bfad8, (CMBitMap*) 0x00000119616bfb10
 Prev Bits: [0x0000011979990000, 0x000001197b918000)
 Next Bits: [0x000001197b920000, 0x000001197d8a8000)

Polling page: 0x000001195f600000

Metaspace:

Usage:
  Non-class:     61.40 MB capacity,    60.20 MB ( 98%) used,  1001.68 KB (  2%) free+waste,   233.63 KB ( <1%) overhead. 
      Class:      9.80 MB capacity,     9.08 MB ( 93%) used,   630.45 KB (  6%) free+waste,   112.25 KB (  1%) overhead. 
       Both:     71.21 MB capacity,    69.28 MB ( 97%) used,     1.59 MB (  2%) free+waste,   345.88 KB ( <1%) overhead. 

Virtual space:
  Non-class space:       62.00 MB reserved,      61.63 MB (>99%) committed 
      Class space:        1.00 GB reserved,       9.82 MB ( <1%) committed 
             Both:        1.06 GB reserved,      71.45 MB (  7%) committed 

Chunk freelists:
   Non-Class:  0 bytes
       Class:  0 bytes
        Both:  0 bytes

CodeHeap 'non-profiled nmethods': size=238336Kb used=11385Kb max_used=11385Kb free=226950Kb
 bounds [0x000001196a1a0000, 0x000001196acc0000, 0x0000011978a60000]
CodeHeap 'non-nmethods': size=7424Kb used=1270Kb max_used=1270Kb free=6153Kb
 bounds [0x0000011969a60000, 0x0000011969cd0000, 0x000001196a1a0000]
 total_blobs=7740 nmethods=7047 adapters=577
 compilation: enabled
              stopped_count=0, restarted_count=0
 full_count=0

Compilation events (10 events):
Event: 7.620 Thread 0x0000011900c7a800 7068   !   1       java.io.ObjectInputStream$BlockDataInputStream::refill (136 bytes)
Event: 7.621 Thread 0x0000011900c7a800 nmethod 7068 0x000001196acbb390 code [0x000001196acbb560, 0x000001196acbb870]
Event: 7.621 Thread 0x0000011900c7a800 7069   !   1       java.io.ObjectInputStream$BlockDataInputStream::readBlockHeader (249 bytes)
Event: 7.622 Thread 0x0000011900c7a800 nmethod 7069 0x000001196acbba90 code [0x000001196acbbdc0, 0x000001196acbcbb0]
Event: 7.622 Thread 0x0000011900c7a800 7071       1       java.text.DontCareFieldPosition$1::formatted (1 bytes)
Event: 7.622 Thread 0x0000011900c7a800 nmethod 7071 0x000001196acbd810 code [0x000001196acbd9a0, 0x000001196acbdab8]
Event: 7.622 Thread 0x0000011900c7a800 7070       1       java.lang.ClassLoader::checkCreateClassLoader (35 bytes)
Event: 7.622 Thread 0x0000011900c7a800 nmethod 7070 0x000001196acbdb10 code [0x000001196acbdce0, 0x000001196acbdf00]
Event: 7.622 Thread 0x0000011900c7a800 7072       1       java.lang.invoke.MethodHandles$Lookup::restrictReceiver (126 bytes)
Event: 7.622 Thread 0x0000011900c7a800 nmethod 7072 0x000001196acbe090 code [0x000001196acbe280, 0x000001196acbe4f0]

GC Heap History (10 events):
Event: 2.567 GC heap before
{Heap before GC invocations=11 (full 0):
 garbage-first heap   total 189440K, used 136666K [0x0000000081e00000, 0x0000000100000000)
  region size 1024K, 109 young (111616K), 5 survivors (5120K)
 Metaspace       used 36407K, capacity 37698K, committed 37840K, reserved 1081344K
  class space    used 4614K, capacity 5116K, committed 5196K, reserved 1048576K
}
Event: 2.572 GC heap after
{Heap after GC invocations=12 (full 0):
 garbage-first heap   total 189440K, used 32761K [0x0000000081e00000, 0x0000000100000000)
  region size 1024K, 7 young (7168K), 7 survivors (7168K)
 Metaspace       used 36407K, capacity 37698K, committed 37840K, reserved 1081344K
  class space    used 4614K, capacity 5116K, committed 5196K, reserved 1048576K
}
Event: 3.105 GC heap before
{Heap before GC invocations=12 (full 0):
 garbage-first heap   total 189440K, used 139257K [0x0000000081e00000, 0x0000000100000000)
  region size 1024K, 111 young (113664K), 7 survivors (7168K)
 Metaspace       used 46251K, capacity 47662K, committed 47824K, reserved 1091584K
  class space    used 5886K, capacity 6446K, committed 6476K, reserved 1048576K
}
Event: 3.111 GC heap after
{Heap after GC invocations=13 (full 0):
 garbage-first heap   total 189440K, used 36172K [0x0000000081e00000, 0x0000000100000000)
  region size 1024K, 10 young (10240K), 10 survivors (10240K)
 Metaspace       used 46251K, capacity 47662K, committed 47824K, reserved 1091584K
  class space    used 5886K, capacity 6446K, committed 6476K, reserved 1048576K
}
Event: 3.457 GC heap before
{Heap before GC invocations=13 (full 0):
 garbage-first heap   total 189440K, used 139596K [0x0000000081e00000, 0x0000000100000000)
  region size 1024K, 111 young (113664K), 10 survivors (10240K)
 Metaspace       used 56806K, capacity 58325K, committed 58448K, reserved 1099776K
  class space    used 7177K, capacity 7782K, committed 7884K, reserved 1048576K
}
Event: 3.465 GC heap after
{Heap after GC invocations=14 (full 0):
 garbage-first heap   total 189440K, used 41353K [0x0000000081e00000, 0x0000000100000000)
  region size 1024K, 11 young (11264K), 11 survivors (11264K)
 Metaspace       used 56806K, capacity 58325K, committed 58448K, reserved 1099776K
  class space    used 7177K, capacity 7782K, committed 7884K, reserved 1048576K
}
Event: 3.530 GC heap before
{Heap before GC invocations=14 (full 0):
 garbage-first heap   total 189440K, used 60809K [0x0000000081e00000, 0x0000000100000000)
  region size 1024K, 31 young (31744K), 11 survivors (11264K)
 Metaspace       used 58639K, capacity 60153K, committed 60240K, reserved 1101824K
  class space    used 7539K, capacity 8110K, committed 8140K, reserved 1048576K
}
Event: 3.537 GC heap after
{Heap after GC invocations=15 (full 0):
 garbage-first heap   total 227328K, used 41966K [0x0000000081e00000, 0x0000000100000000)
  region size 1024K, 6 young (6144K), 6 survivors (6144K)
 Metaspace       used 58639K, capacity 60153K, committed 60240K, reserved 1101824K
  class space    used 7539K, capacity 8110K, committed 8140K, reserved 1048576K
}
Event: 4.393 GC heap before
{Heap before GC invocations=16 (full 0):
 garbage-first heap   total 227328K, used 160750K [0x0000000081e00000, 0x0000000100000000)
  region size 1024K, 122 young (124928K), 6 survivors (6144K)
 Metaspace       used 67058K, capacity 68862K, committed 69072K, reserved 1110016K
  class space    used 8791K, capacity 9510K, committed 9548K, reserved 1048576K
}
Event: 4.401 GC heap after
{Heap after GC invocations=17 (full 0):
 garbage-first heap   total 227328K, used 46022K [0x0000000081e00000, 0x0000000100000000)
  region size 1024K, 10 young (10240K), 10 survivors (10240K)
 Metaspace       used 67058K, capacity 68862K, committed 69072K, reserved 1110016K
  class space    used 8791K, capacity 9510K, committed 9548K, reserved 1048576K
}

Deoptimization events (0 events):
No events

Classes redefined (0 events):
No events

Internal exceptions (10 events):
Event: 4.541 Thread 0x0000011902405000 Exception <a 'java/lang/reflect/InvocationTargetException'{0x000000008e5b31b0}> (0x000000008e5b31b0) thrown at [./open/src/hotspot/share/runtime/reflection.cpp, line 1242]
Event: 4.542 Thread 0x0000011902405000 Exception <a 'java/lang/NoSuchMethodError'{0x000000008e5c7cb0}: java.lang.invoke.Invokers$Holder.linkToTargetMethod(Ljava/lang/Object;ILjava/lang/Object;)Ljava/lang/Object;> (0x000000008e5c7cb0) thrown at [./open/src/hotspot/share/interpreter/linkResolver
Event: 4.601 Thread 0x0000011902405000 Exception <a 'java/lang/reflect/InvocationTargetException'{0x000000008da275a8}> (0x000000008da275a8) thrown at [./open/src/hotspot/share/runtime/reflection.cpp, line 1242]
Event: 4.630 Thread 0x0000011902405000 Exception <a 'java/lang/ClassNotFoundException'{0x000000008d6cdde0}: java/lang/ObjectCustomizer> (0x000000008d6cdde0) thrown at [./open/src/hotspot/share/classfile/systemDictionary.cpp, line 228]
Event: 4.631 Thread 0x0000011902405000 Exception <a 'java/lang/ClassNotFoundException'{0x000000008d6f8b08}: com/nelioalves/cursomc/domain/PagamentoCustomizer> (0x000000008d6f8b08) thrown at [./open/src/hotspot/share/classfile/systemDictionary.cpp, line 228]
Event: 4.632 Thread 0x0000011902405000 Exception <a 'java/lang/ClassNotFoundException'{0x000000008d529d28}: com/nelioalves/cursomc/domain/PagamentoComCartaoCustomizer> (0x000000008d529d28) thrown at [./open/src/hotspot/share/classfile/systemDictionary.cpp, line 228]
Event: 4.639 Thread 0x0000011902405000 Exception <a 'java/lang/ClassNotFoundException'{0x000000008d564820}: java/lang/ObjectCustomizer> (0x000000008d564820) thrown at [./open/src/hotspot/share/classfile/systemDictionary.cpp, line 228]
Event: 4.640 Thread 0x0000011902405000 Exception <a 'java/lang/ClassNotFoundException'{0x000000008d58f7b0}: com/nelioalves/cursomc/domain/PagamentoCustomizer> (0x000000008d58f7b0) thrown at [./open/src/hotspot/share/classfile/systemDictionary.cpp, line 228]
Event: 4.641 Thread 0x0000011902405000 Exception <a 'java/lang/ClassNotFoundException'{0x000000008d5c04d8}: com/nelioalves/cursomc/domain/PagamentoComBoletoCustomizer> (0x000000008d5c04d8) thrown at [./open/src/hotspot/share/classfile/systemDictionary.cpp, line 228]
Event: 4.663 Thread 0x0000011902405000 Exception <a 'java/lang/NoSuchMethodError'{0x000000008d1645f8}: java.lang.invoke.DirectMethodHandle$Holder.invokeInterface(Ljava/lang/Object;Ljava/lang/Object;Ljava/lang/Object;Ljava/lang/Object;)Ljava/lang/Object;> (0x000000008d1645f8) thrown at [./open/

Events (10 events):
Event: 7.623 loading class org/springframework/boot/web/server/GracefulShutdownResult
Event: 7.623 loading class org/springframework/boot/web/server/GracefulShutdownResult done
Event: 7.623 loading class org/springframework/boot/web/server/GracefulShutdownResult
Event: 7.623 loading class org/springframework/boot/web/server/GracefulShutdownResult done
Event: 7.623 loading class org/springframework/boot/web/server/GracefulShutdownCallback
Event: 7.623 loading class org/springframework/boot/web/server/GracefulShutdownCallback done
Event: 7.623 loading class org/springframework/boot/web/server/GracefulShutdownCallback
Event: 7.623 loading class org/springframework/boot/web/server/GracefulShutdownCallback done
Event: 7.623 Executing VM operation: RevokeBias
Event: 7.624 Executing VM operation: RevokeBias done


Dynamic libraries:
0x00007ff61cb00000 - 0x00007ff61cb47000 	C:\Program Files\Java\jdk-11.0.7\bin\javaw.exe
0x00007ffa90280000 - 0x00007ffa90470000 	C:\Windows\SYSTEM32\ntdll.dll
0x00007ffa8ea70000 - 0x00007ffa8eb22000 	C:\Windows\System32\KERNEL32.DLL
0x00007ffa8d200000 - 0x00007ffa8d4a5000 	C:\Windows\System32\KERNELBASE.dll
0x00007ffa8ab90000 - 0x00007ffa8ac1f000 	C:\Windows\SYSTEM32\apphelp.dll
0x00007ffa8f300000 - 0x00007ffa8f3a3000 	C:\Windows\System32\ADVAPI32.dll
0x00007ffa8e4e0000 - 0x00007ffa8e57e000 	C:\Windows\System32\msvcrt.dll
0x00007ffa8e600000 - 0x00007ffa8e697000 	C:\Windows\System32\sechost.dll
0x00007ffa8f500000 - 0x00007ffa8f61f000 	C:\Windows\System32\RPCRT4.dll
0x00007ffa8fe70000 - 0x00007ffa90004000 	C:\Windows\System32\USER32.dll
0x00007ffa8e260000 - 0x00007ffa8e281000 	C:\Windows\System32\win32u.dll
0x00007ffa90010000 - 0x00007ffa90036000 	C:\Windows\System32\GDI32.dll
0x00007ffa8d8f0000 - 0x00007ffa8da88000 	C:\Windows\System32\gdi32full.dll
0x00007ffa8e290000 - 0x00007ffa8e32e000 	C:\Windows\System32\msvcp_win.dll
0x00007ffa8d7f0000 - 0x00007ffa8d8ea000 	C:\Windows\System32\ucrtbase.dll
0x00007ffa6ecb0000 - 0x00007ffa6ef34000 	C:\Windows\WinSxS\amd64_microsoft.windows.common-controls_6595b64144ccf1df_6.0.18362.1379_none_9e7ff3b3e45cc0c4\COMCTL32.dll
0x00007ffa8e730000 - 0x00007ffa8ea67000 	C:\Windows\System32\combase.dll
0x00007ffa8d660000 - 0x00007ffa8d6e1000 	C:\Windows\System32\bcryptPrimitives.dll
0x00007ffa85690000 - 0x00007ffa8569a000 	C:\Windows\SYSTEM32\VERSION.dll
0x00007ffa8e700000 - 0x00007ffa8e72e000 	C:\Windows\System32\IMM32.DLL
0x00007ffa86370000 - 0x00007ffa86386000 	C:\Program Files\Java\jdk-11.0.7\bin\vcruntime140.dll
0x00007ffa79a10000 - 0x00007ffa79aba000 	C:\Program Files\Java\jdk-11.0.7\bin\msvcp140.dll
0x00007ffa4d840000 - 0x00007ffa4e3a1000 	C:\Program Files\Java\jdk-11.0.7\bin\server\jvm.dll
0x00007ffa8f4f0000 - 0x00007ffa8f4f8000 	C:\Windows\System32\PSAPI.DLL
0x00007ffa85e10000 - 0x00007ffa85e34000 	C:\Windows\SYSTEM32\WINMM.dll
0x00007ffa82c70000 - 0x00007ffa82c79000 	C:\Windows\SYSTEM32\WSOCK32.dll
0x00007ffa8eb90000 - 0x00007ffa8ebff000 	C:\Windows\System32\WS2_32.dll
0x00007ffa85de0000 - 0x00007ffa85e0d000 	C:\Windows\SYSTEM32\WINMMBASE.dll
0x00007ffa8d6f0000 - 0x00007ffa8d73a000 	C:\Windows\System32\cfgmgr32.dll
0x00007ffa8d160000 - 0x00007ffa8d171000 	C:\Windows\System32\kernel.appcore.dll
0x00007ffa78bd0000 - 0x00007ffa78be1000 	C:\Program Files\Java\jdk-11.0.7\bin\verify.dll
0x00007ffa8ba30000 - 0x00007ffa8bc24000 	C:\Windows\SYSTEM32\DBGHELP.DLL
0x00007ffa86000000 - 0x00007ffa8602a000 	C:\Windows\SYSTEM32\dbgcore.DLL
0x00007ffa65160000 - 0x00007ffa65189000 	C:\Program Files\Java\jdk-11.0.7\bin\java.dll
0x00007ffa7de40000 - 0x00007ffa7de4a000 	C:\Program Files\Java\jdk-11.0.7\bin\jimage.dll
0x00007ffa788f0000 - 0x00007ffa78906000 	C:\Program Files\Java\jdk-11.0.7\bin\zip.dll
0x00007ffa8f780000 - 0x00007ffa8fe68000 	C:\Windows\System32\SHELL32.dll
0x00007ffa90040000 - 0x00007ffa900e7000 	C:\Windows\System32\shcore.dll
0x00007ffa8dae0000 - 0x00007ffa8e25b000 	C:\Windows\System32\windows.storage.dll
0x00007ffa8d1d0000 - 0x00007ffa8d1f3000 	C:\Windows\System32\profapi.dll
0x00007ffa8d180000 - 0x00007ffa8d1ca000 	C:\Windows\System32\powrprof.dll
0x00007ffa8d130000 - 0x00007ffa8d140000 	C:\Windows\System32\UMPDC.dll
0x00007ffa8ec10000 - 0x00007ffa8ec62000 	C:\Windows\System32\shlwapi.dll
0x00007ffa8da90000 - 0x00007ffa8daa7000 	C:\Windows\System32\cryptsp.dll
0x00007ffa65110000 - 0x00007ffa65129000 	C:\Program Files\Java\jdk-11.0.7\bin\net.dll
0x00007ffa83410000 - 0x00007ffa83500000 	C:\Windows\SYSTEM32\WINHTTP.dll
0x00007ffa8c910000 - 0x00007ffa8c977000 	C:\Windows\system32\mswsock.dll
0x00007ffa650f0000 - 0x00007ffa65103000 	C:\Program Files\Java\jdk-11.0.7\bin\nio.dll
0x00007ffa89540000 - 0x00007ffa89549000 	C:\Program Files\Java\jdk-11.0.7\bin\management.dll
0x00007ffa7dfa0000 - 0x00007ffa7dfac000 	C:\Program Files\Java\jdk-11.0.7\bin\management_ext.dll
0x00007ffa7f8e0000 - 0x00007ffa7f8f6000 	C:\Windows\system32\napinsp.dll
0x00007ffa7f8c0000 - 0x00007ffa7f8da000 	C:\Windows\system32\pnrpnsp.dll
0x00007ffa8c660000 - 0x00007ffa8c72b000 	C:\Windows\SYSTEM32\DNSAPI.dll
0x00007ffa8ec00000 - 0x00007ffa8ec08000 	C:\Windows\System32\NSI.dll
0x00007ffa8c620000 - 0x00007ffa8c65a000 	C:\Windows\SYSTEM32\IPHLPAPI.DLL
0x00007ffa70010000 - 0x00007ffa7001e000 	C:\Windows\System32\winrnr.dll
0x00007ffa864c0000 - 0x00007ffa864dc000 	C:\Windows\system32\NLAapi.dll
0x00007ffa6ec90000 - 0x00007ffa6eca5000 	C:\Windows\system32\wshbth.dll
0x00007ffa81c30000 - 0x00007ffa81c3a000 	C:\Windows\System32\rasadhlp.dll
0x00007ffa80ff0000 - 0x00007ffa81067000 	C:\Windows\System32\fwpuclnt.dll
0x00007ffa8dab0000 - 0x00007ffa8dad6000 	C:\Windows\System32\bcrypt.dll
0x00007ffa8c490000 - 0x00007ffa8c4c3000 	C:\Windows\system32\rsaenh.dll
0x00007ffa8d010000 - 0x00007ffa8d035000 	C:\Windows\SYSTEM32\USERENV.dll
0x00007ffa8cae0000 - 0x00007ffa8caec000 	C:\Windows\SYSTEM32\CRYPTBASE.dll
0x00007ffa82030000 - 0x00007ffa82046000 	C:\Windows\SYSTEM32\dhcpcsvc6.DLL
0x00007ffa82d50000 - 0x00007ffa82d6c000 	C:\Windows\SYSTEM32\dhcpcsvc.DLL
0x00007ffa7e7f0000 - 0x00007ffa7e816000 	C:\Program Files\Java\jdk-11.0.7\bin\sunec.dll

dbghelp: loaded successfully - version: 4.0.5 - missing functions: none
symbol engine: initialized successfully - sym options: 0x614 - pdb path: .;C:\Program Files\Java\jdk-11.0.7\bin;C:\Windows\SYSTEM32;C:\Windows\WinSxS\amd64_microsoft.windows.common-controls_6595b64144ccf1df_6.0.18362.1379_none_9e7ff3b3e45cc0c4;C:\Program Files\Java\jdk-11.0.7\bin\server

VM Arguments:
jvm_args: -Dcom.sun.management.jmxremote -Dcom.sun.management.jmxremote.port=53525 -Dcom.sun.management.jmxremote.authenticate=false -Dcom.sun.management.jmxremote.ssl=false -Djava.rmi.server.hostname=localhost -Dspring.jmx.enabled=true -Dspring.application.admin.enabled=true -Xverify:none -XX:TieredStopAtLevel=1 -Dspring.boot.project.name=cursomc1 -Dfile.encoding=UTF-8 
java_command: com.nelioalves.cursomc.CursomcApplication --spring.profiles.active=test --spring.output.ansi.enabled=always
java_class_path (initial): C:\Users\josea\Documents\workspace-spring-tool-suite-4-4.6.1.RELEASE\cursomc1\target\classes;C:\Users\josea\.m2\repository\org\springframework\boot\spring-boot-starter-web\2.3.0.RELEASE\spring-boot-starter-web-2.3.0.RELEASE.jar;C:\Users\josea\.m2\repository\org\springframework\boot\spring-boot-starter\2.3.0.RELEASE\spring-boot-starter-2.3.0.RELEASE.jar;C:\Users\josea\.m2\repository\org\springframework\boot\spring-boot-starter-logging\2.3.0.RELEASE\spring-boot-starter-logging-2.3.0.RELEASE.jar;C:\Users\josea\.m2\repository\ch\qos\logback\logback-classic\1.2.3\logback-classic-1.2.3.jar;C:\Users\josea\.m2\repository\ch\qos\logback\logback-core\1.2.3\logback-core-1.2.3.jar;C:\Users\josea\.m2\repository\org\apache\logging\log4j\log4j-to-slf4j\2.13.2\log4j-to-slf4j-2.13.2.jar;C:\Users\josea\.m2\repository\org\apache\logging\log4j\log4j-api\2.13.2\log4j-api-2.13.2.jar;C:\Users\josea\.m2\repository\org\slf4j\jul-to-slf4j\1.7.30\jul-to-slf4j-1.7.30.jar;C:\Users\josea\.m2\repository\jakarta\annotation\jakarta.annotation-api\1.3.5\jakarta.annotation-api-1.3.5.jar;C:\Users\josea\.m2\repository\org\yaml\snakeyaml\1.26\snakeyaml-1.26.jar;C:\Users\josea\.m2\repository\org\springframework\boot\spring-boot-starter-json\2.3.0.RELEASE\spring-boot-starter-json-2.3.0.RELEASE.jar;C:\Users\josea\.m2\repository\com\fasterxml\jackson\datatype\jackson-datatype-jdk8\2.11.0\jackson-datatype-jdk8-2.11.0.jar;C:\Users\josea\.m2\repository\com\fasterxml\jackson\datatype\jackson-datatype-jsr310\2.11.0\jackson-datatype-jsr310-2.11.0.jar;C:\Users\josea\.m2\repository\com\fasterxml\jackson\module\jackson-module-parameter-names\2.11.0\jackson-module-parameter-names-2.11.0.jar;C:\Users\josea\.m2\repository\org\springframework\boot\spring-boot-starter-tomcat\2.3.0.RELEASE\spring-boot-starter-tomcat-2.3.0.RELEASE.jar;C:\Users\josea\.m2\repository\org\apache\tomcat\embed\tomcat-embed-core\9.0.35\tomcat-embed-core-9.0.35.jar;C:\Users\josea\.m2\repository\org\glassfish\jakarta.el
Launcher Type: SUN_STANDARD

[Global flags]
     bool BytecodeVerificationLocal                = false                                     {product} {command line}
     bool BytecodeVerificationRemote               = false                                     {product} {command line}
     intx CICompilerCount                          = 4                                         {product} {ergonomic}
     uint ConcGCThreads                            = 2                                         {product} {ergonomic}
     uint G1ConcRefinementThreads                  = 8                                         {product} {ergonomic}
   size_t G1HeapRegionSize                         = 1048576                                   {product} {ergonomic}
    uintx GCDrainStackTargetSize                   = 64                                        {product} {ergonomic}
   size_t InitialHeapSize                          = 134217728                                 {product} {ergonomic}
     bool ManagementServer                         = true                                      {product} {command line}
   size_t MarkStackSize                            = 4194304                                   {product} {ergonomic}
   size_t MaxHeapSize                              = 2116026368                                {product} {ergonomic}
   size_t MaxNewSize                               = 1268776960                                {product} {ergonomic}
   size_t MinHeapDeltaBytes                        = 1048576                                   {product} {ergonomic}
    uintx NonNMethodCodeHeapSize                   = 7549744                                {pd product} {ergonomic}
    uintx NonProfiledCodeHeapSize                  = 244108496                              {pd product} {ergonomic}
    uintx ProfiledCodeHeapSize                     = 0                                      {pd product} {ergonomic}
    uintx ReservedCodeCacheSize                    = 251658240                              {pd product} {ergonomic}
     bool SegmentedCodeCache                       = true                                      {product} {ergonomic}
     intx TieredStopAtLevel                        = 1                                         {product} {command line}
     bool UseCompressedClassPointers               = true                                 {lp64_product} {ergonomic}
     bool UseCompressedOops                        = true                                 {lp64_product} {ergonomic}
     bool UseG1GC                                  = true                                      {product} {ergonomic}
     bool UseLargePagesIndividualAllocation        = false                                  {pd product} {ergonomic}

Logging:
Log output configuration:
 #0: stdout all=warning uptime,level,tags
 #1: stderr all=off uptime,level,tags

Environment Variables:
JAVA_HOME=C:\Program Files\Java\jdk-11.0.7
PATH=C:/Program Files/Java/jdk-11.0.7/bin/server;C:/Program Files/Java/jdk-11.0.7/bin;C:\Windows\system32;C:\Windows;C:\Windows\System32\Wbem;C:\Windows\System32\WindowsPowerShell\v1.0\;C:\Windows\System32\OpenSSH\;C:\Program Files\Intel\WiFi\bin\;C:\Program Files\Common Files\Intel\WirelessCommon\;C:\Program Files (x86)\Intel\Intel(R) Management Engine Components\DAL;C:\Program Files\Intel\Intel(R) Management Engine Components\DAL;C:\Program Files (x86)\Microsoft SQL Server\100\Tools\Binn\;C:\Program Files\Microsoft SQL Server\100\Tools\Binn\;C:\Program Files\Microsoft SQL Server\100\DTS\Binn\;C:\Program Files (x86)\Microsoft SQL Server\100\Tools\Binn\VSShell\Common7\IDE\;C:\Program Files (x86)\Microsoft Visual Studio 9.0\Common7\IDE\PrivateAssemblies\;C:\Program Files (x86)\Microsoft SQL Server\100\DTS\Binn\;C:\Program Files\Java\jdk-11.0.7\bin;C:\Android\SDK\tools;C:\Android\SDK\platform-tools;C:\Program Files\nodejs\;C:\Program Files (x86)\gradle-6.2.2\bin;C:\apache-ant-1.10.7\bin;C:\xampp\mysql\bin;C:\maven\bin;C:\Users\josea\AppData\Local\Microsoft\WindowsApps;C:\Users\josea\AppData\Roaming\npm;C:\Users\josea\AppData\Local\Programs\Microsoft VS Code\bin;C:\Program Files\heroku\bin;C:\sts-4.6.1.RELEASE;
USERNAME=josea
OS=Windows_NT
PROCESSOR_IDENTIFIER=Intel64 Family 6 Model 142 Stepping 11, GenuineIntel



---------------  S Y S T E M  ---------------

OS: Windows 10 , 64 bit Build 18362 (10.0.18362.1350)

CPU:total 8 (initial active 8) (4 cores per cpu, 2 threads per core) family 6 model 142 stepping 11, cmov, cx8, fxsr, mmx, sse, sse2, sse3, ssse3, sse4.1, sse4.2, popcnt, avx, avx2, aes, clmul, erms, 3dnowpref, lzcnt, ht, tsc, tscinvbit, bmi1, bmi2, adx, fma

Memory: 4k page, system-wide physical 8068M (1850M free)
TotalPageFile size 11140M (AvailPageFile size 2887M)
current process WorkingSet (physical memory assigned to process): 358M, peak: 360M
current process commit charge ("private bytes"): 437M, peak: 440M

vm_info: Java HotSpot(TM) 64-Bit Server VM (11.0.7+8-LTS) for windows-amd64 JRE (11.0.7+8-LTS), built on Mar 12 2020 02:04:32 by "mach5one" with MS VC++ 15.5 (VS2017)

END.
