#
# A fatal error has been detected by the Java Runtime Environment:
#
#  EXCEPTION_ACCESS_VIOLATION (0xc0000005) at pc=0x00007ffd33f46cd0, pid=24212, tid=18028
#
# JRE version: Java(TM) SE Runtime Environment 18.9 (11.0.7+8) (build 11.0.7+8-LTS)
# Java VM: Java HotSpot(TM) 64-Bit Server VM 18.9 (11.0.7+8-LTS, mixed mode, tiered, compressed oops, g1 gc, windows-amd64)
# Problematic frame:
# V  [jvm.dll+0x2c6cd0]
#
# No core dump will be written. Minidumps are not enabled by default on client versions of Windows
#
# If you would like to submit a bug report, please visit:
#   https://bugreport.java.com/bugreport/crash.jsp
#

---------------  S U M M A R Y ------------

Command Line: -Dcom.sun.management.jmxremote -Dcom.sun.management.jmxremote.port=49778 -Dcom.sun.management.jmxremote.authenticate=false -Dcom.sun.management.jmxremote.ssl=false -Djava.rmi.server.hostname=localhost -Dspring.jmx.enabled=true -Dspring.application.admin.enabled=true -Xverify:none -XX:TieredStopAtLevel=1 -Dspring.boot.project.name=cursomc1 -Dfile.encoding=UTF-8 com.nelioalves.cursomc.CursomcApplication --spring.profiles.active=test --spring.output.ansi.enabled=always

Host: Intel(R) Core(TM) i5-8265U CPU @ 1.60GHz, 8 cores, 7G,  Windows 10 , 64 bit Build 19041 (10.0.19041.928)
Time: Mon Jun 14 20:36:59 2021 Hora oficial do Brasil elapsed time: 33 seconds (0d 0h 0m 33s)

---------------  T H R E A D  ---------------

Current thread (0x00000249c0b95000):  VMThread "VM Thread" [stack: 0x000000a861600000,0x000000a861700000] [id=18028]

Stack: [0x000000a861600000,0x000000a861700000],  sp=0x000000a8616fe8c0,  free space=1018k
Native frames: (J=compiled Java code, j=interpreted, Vv=VM code, C=native code)
V  [jvm.dll+0x2c6cd0]
V  [jvm.dll+0x1e7174]
V  [jvm.dll+0x736fe0]
V  [jvm.dll+0x2ff999]
V  [jvm.dll+0x2fe5cc]
V  [jvm.dll+0x7aa5c8]
V  [jvm.dll+0x7a9d5c]
V  [jvm.dll+0x7a80e7]
V  [jvm.dll+0x7a8910]
V  [jvm.dll+0x7a8c17]
V  [jvm.dll+0x75e875]
V  [jvm.dll+0x660b26]
C  [ucrtbase.dll+0x21bb2]
C  [KERNEL32.DLL+0x17034]
C  [ntdll.dll+0x52651]


siginfo: EXCEPTION_ACCESS_VIOLATION (0xc0000005), reading address 0x000000080000001f


Register to memory mapping:

RIP=0x00007ffd33f46cd0 jvm.dll
RAX=0x00000249c26d3060 points into unknown readable memory: 07 00 00 00 08 00 00 00
RBX=0x00000249c0a49660 points into unknown readable memory: 00 00 00 00 00 00 00 00
RCX=0x00000249c26eee00 points into unknown readable memory: 01 00 00 00 02 00 00 00
RDX=0x0 is NULL
RSP=0x000000a8616fe8c0 points into unknown readable memory: f0 c5 f0 a1 49 02 00 00
RBP=0x0000000000000008 is an unknown value
RSI=0x0000000800000007 is an unknown value
RDI=0x00000249a1fcec80 points into unknown readable memory: 00 26 b8 c0 49 02 00 00
R8 =0x0 is NULL
R9 =0x0000000000000008 is an unknown value
R10=0x00000000546c6148 is an unknown value
R11=0x000000a8616fe9d8 points into unknown readable memory: 74 71 e6 33 fd 7f 00 00
R12=0x00000249c0b4ff01 points into unknown readable memory: 00 00 00 00 00 00 00
R13=0x00000000000003d8 is an unknown value
R14=0x000000000000047d is an unknown value
R15=0x0000000000000001 is an unknown value


Registers:
RAX=0x00000249c26d3060, RBX=0x00000249c0a49660, RCX=0x00000249c26eee00, RDX=0x0000000000000000
RSP=0x000000a8616fe8c0, RBP=0x0000000000000008, RSI=0x0000000800000007, RDI=0x00000249a1fcec80
R8 =0x0000000000000000, R9 =0x0000000000000008, R10=0x00000000546c6148, R11=0x000000a8616fe9d8
R12=0x00000249c0b4ff01, R13=0x00000000000003d8, R14=0x000000000000047d, R15=0x0000000000000001
RIP=0x00007ffd33f46cd0, EFLAGS=0x0000000000010202

Top of Stack: (sp=0x000000a8616fe8c0)
0x000000a8616fe8c0:   00000249a1f0c5f0 00000249c0b95000
0x000000a8616fe8d0:   00000249a1f22070 00007ffd342b38c1
0x000000a8616fe8e0:   0000000000000000 00000249c26eee00
0x000000a8616fe8f0:   0000000000000000 00000249a1fcec80
0x000000a8616fe900:   00000249a1f0c5f0 00007ffd342b3585
0x000000a8616fe910:   00000249a1f0c5f0 00007ffd342894cb
0x000000a8616fe920:   00000249a1f0c5f0 0000000000000000
0x000000a8616fe930:   0000000000000001 00007ffd342b3635
0x000000a8616fe940:   00000249c0a49660 00000249c0b95000
0x000000a8616fe950:   0000000000000000 000000010073f220
0x000000a8616fe960:   00000249a1f22070 00007ffd342894cb
0x000000a8616fe970:   00000249a1f0c5f0 0000000000000001
0x000000a8616fe980:   0000000000000001 0000000000000001
0x000000a8616fe990:   00000249c0a49660 0000000000000001
0x000000a8616fe9a0:   0000d095518e093d 00000249c0b4ff01
0x000000a8616fe9b0:   0000000000000001 000000000000047d 

Instructions: (pc=0x00007ffd33f46cd0)
0x00007ffd33f46cb0:   48 8b 41 08 48 8b 34 02 48 85 f6 0f 84 a4 01 00
0x00007ffd33f46cc0:   00 0f 1f 40 00 66 66 66 0f 1f 84 00 00 00 00 00
0x00007ffd33f46cd0:   48 8b 5e 18 45 33 f6 48 85 db 0f 84 68 01 00 00
0x00007ffd33f46ce0:   48 8b cb e8 98 ff 3c 00 48 85 c0 0f 85 48 01 00 


Stack slot to memory mapping:
stack at sp + 0 slots: 0x00000249a1f0c5f0 points into unknown readable memory: 00 00 00 00 00 00 00 00
stack at sp + 1 slots: 0x00000249c0b95000 points into unknown readable memory: 98 76 5a 34 fd 7f 00 00
stack at sp + 2 slots: 0x00000249a1f22070 points into unknown readable memory: 01 00 00 00 00 00 00 00
stack at sp + 3 slots: 0x00007ffd342b38c1 jvm.dll
stack at sp + 4 slots: 0x0 is NULL
stack at sp + 5 slots: 0x00000249c26eee00 points into unknown readable memory: 01 00 00 00 02 00 00 00
stack at sp + 6 slots: 0x0 is NULL
stack at sp + 7 slots: 0x00000249a1fcec80 points into unknown readable memory: 00 26 b8 c0 49 02 00 00

VM_Operation (0x000000a8612ff830): CGC_Operation, mode: safepoint, requested by thread 0x00000249a1f56000


---------------  P R O C E S S  ---------------

Threads class SMR info:
_java_thread_list=0x00000249c6859a60, length=25, elements={
0x00000249a1f0d800, 0x00000249c0b97000, 0x00000249c0b99800, 0x00000249c1426800,
0x00000249c1429800, 0x00000249c142a800, 0x00000249c142e800, 0x00000249c15dc000,
0x00000249c1673800, 0x00000249c2713000, 0x00000249c270b000, 0x00000249c27a0800,
0x00000249c2b71800, 0x00000249c2b76000, 0x00000249c2b79000, 0x00000249c2a36000,
0x00000249c2613000, 0x00000249c2995800, 0x00000249c2994800, 0x00000249c2997000,
0x00000249c2998800, 0x00000249c2999800, 0x00000249c2998000, 0x00000249c299a800,
0x00000249c2996800
}

Java Threads: ( => current thread )
  0x00000249a1f0d800 JavaThread "main" [_thread_blocked, id=14604, stack(0x000000a861000000,0x000000a861100000)]
  0x00000249c0b97000 JavaThread "Reference Handler" daemon [_thread_blocked, id=24808, stack(0x000000a861700000,0x000000a861800000)]
  0x00000249c0b99800 JavaThread "Finalizer" daemon [_thread_blocked, id=23024, stack(0x000000a861800000,0x000000a861900000)]
  0x00000249c1426800 JavaThread "Signal Dispatcher" daemon [_thread_blocked, id=24272, stack(0x000000a861900000,0x000000a861a00000)]
  0x00000249c1429800 JavaThread "Attach Listener" daemon [_thread_blocked, id=23956, stack(0x000000a861a00000,0x000000a861b00000)]
  0x00000249c142a800 JavaThread "C1 CompilerThread0" daemon [_thread_blocked, id=24384, stack(0x000000a861b00000,0x000000a861c00000)]
  0x00000249c142e800 JavaThread "Sweeper thread" daemon [_thread_blocked, id=12564, stack(0x000000a861c00000,0x000000a861d00000)]
  0x00000249c15dc000 JavaThread "Common-Cleaner" daemon [_thread_blocked, id=24596, stack(0x000000a861d00000,0x000000a861e00000)]
  0x00000249c1673800 JavaThread "Service Thread" daemon [_thread_blocked, id=24412, stack(0x000000a861e00000,0x000000a861f00000)]
  0x00000249c2713000 JavaThread "RMI TCP Accept-0" daemon [_thread_in_native, id=24892, stack(0x000000a862100000,0x000000a862200000)]
  0x00000249c270b000 JavaThread "RMI TCP Accept-49778" daemon [_thread_in_native, id=25068, stack(0x000000a862200000,0x000000a862300000)]
  0x00000249c27a0800 JavaThread "RMI TCP Accept-0" daemon [_thread_in_native, id=15408, stack(0x000000a862300000,0x000000a862400000)]
  0x00000249c2b71800 JavaThread "RMI TCP Connection(1)-127.0.0.1" daemon [_thread_in_native, id=25524, stack(0x000000a862500000,0x000000a862600000)]
  0x00000249c2b76000 JavaThread "Thread-0" [_thread_blocked, id=14288, stack(0x000000a862600000,0x000000a862700000)]
  0x00000249c2b79000 JavaThread "restartedMain" [_thread_blocked, id=23044, stack(0x000000a862700000,0x000000a862800000)]
  0x00000249c2a36000 JavaThread "RMI Scheduler(0)" daemon [_thread_blocked, id=8516, stack(0x000000a862900000,0x000000a862a00000)]
  0x00000249c2613000 JavaThread "RMI TCP Connection(2)-127.0.0.1" daemon [_thread_in_native, id=24416, stack(0x000000a862a00000,0x000000a862b00000)]
  0x00000249c2995800 JavaThread "JMX server connection timeout 24" daemon [_thread_blocked, id=22924, stack(0x000000a863000000,0x000000a863100000)]
  0x00000249c2994800 JavaThread "mysql-cj-abandoned-connection-cleanup" daemon [_thread_blocked, id=21532, stack(0x000000a862800000,0x000000a862900000)]
  0x00000249c2997000 JavaThread "HikariPool-1 housekeeper" daemon [_thread_blocked, id=15264, stack(0x000000a863200000,0x000000a863300000)]
  0x00000249c2998800 JavaThread "Catalina-utility-1" [_thread_blocked, id=21784, stack(0x000000a863400000,0x000000a863500000)]
  0x00000249c2999800 JavaThread "Catalina-utility-2" [_thread_blocked, id=24988, stack(0x000000a863500000,0x000000a863600000)]
  0x00000249c2998000 JavaThread "container-0" [_thread_blocked, id=6180, stack(0x000000a863600000,0x000000a863700000)]
  0x00000249c299a800 JavaThread "task-1" [_thread_blocked, id=22992, stack(0x000000a863700000,0x000000a863800000)]
  0x00000249c2996800 JavaThread "java-sdk-http-connection-reaper" daemon [_thread_blocked, id=12268, stack(0x000000a863900000,0x000000a863a00000)]

Other Threads:
=>0x00000249c0b95000 VMThread "VM Thread" [stack: 0x000000a861600000,0x000000a861700000] [id=18028]
  0x00000249c27ac000 WatcherThread [stack: 0x000000a862400000,0x000000a862500000] [id=22616]
  0x00000249a1f25000 GCTaskThread "GC Thread#0" [stack: 0x000000a861100000,0x000000a861200000] [id=6552]
  0x00000249c26a1800 GCTaskThread "GC Thread#1" [stack: 0x000000a861f00000,0x000000a862000000] [id=25476]
  0x00000249c26a2000 GCTaskThread "GC Thread#2" [stack: 0x000000a862000000,0x000000a862100000] [id=25204]
  0x00000249c153e800 GCTaskThread "GC Thread#3" [stack: 0x000000a862b00000,0x000000a862c00000] [id=12024]
  0x00000249c29c9000 GCTaskThread "GC Thread#4" [stack: 0x000000a862c00000,0x000000a862d00000] [id=20696]
  0x00000249c29cd000 GCTaskThread "GC Thread#5" [stack: 0x000000a862d00000,0x000000a862e00000] [id=23048]
  0x00000249c29ce000 GCTaskThread "GC Thread#6" [stack: 0x000000a862e00000,0x000000a862f00000] [id=24792]
  0x00000249c267d000 GCTaskThread "GC Thread#7" [stack: 0x000000a862f00000,0x000000a863000000] [id=25472]
  0x00000249a1f56000 ConcurrentGCThread "G1 Main Marker" [stack: 0x000000a861200000,0x000000a861300000] [id=23392]
  0x00000249a1f57000 ConcurrentGCThread "G1 Conc#0" [stack: 0x000000a861300000,0x000000a861400000] [id=24264]
  0x00000249c2bea800 ConcurrentGCThread "G1 Conc#1" [stack: 0x000000a863100000,0x000000a863200000] [id=25156]
  0x00000249c09f8800 ConcurrentGCThread "G1 Refine#0" [stack: 0x000000a861400000,0x000000a861500000] [id=24056]
  0x00000249a1fcd800 ConcurrentGCThread "G1 Young RemSet Sampling" [stack: 0x000000a861500000,0x000000a861600000] [id=23072]

Threads with active compile tasks:

VM state:at safepoint (normal execution)

VM Mutex/Monitor currently owned by a thread:  ([mutex/lock_event])
[0x00000249a1f06b20] Threads_lock - owner thread: 0x00000249c0b95000
[0x00000249a1f076f0] Heap_lock - owner thread: 0x00000249a1f56000

Heap address: 0x0000000081e00000, size: 2018 MB, Compressed Oops mode: 32-bit
Narrow klass base: 0x0000000000000000, Narrow klass shift: 3
Compressed class space size: 1073741824 Address: 0x0000000100000000

Heap:
 garbage-first heap   total 131072K, used 44678K [0x0000000081e00000, 0x0000000100000000)
  region size 1024K, 7 young (7168K), 4 survivors (4096K)
 Metaspace       used 58892K, capacity 60423K, committed 60632K, reserved 1101824K
  class space    used 7580K, capacity 8152K, committed 8192K, reserved 1048576K
Heap Regions: E=young(eden), S=young(survivor), O=old, HS=humongous(starts), HC=humongous(continues), CS=collection set, F=free, A=archive, TAMS=top-at-mark-start (previous, next)
|   0|0x0000000081e00000, 0x0000000081f00000, 0x0000000081f00000|100%|HS|  |TAMS 0x0000000081f00000, 0x0000000081f00000| Complete 
|   1|0x0000000081f00000, 0x0000000082000000, 0x0000000082000000|100%| O|  |TAMS 0x0000000082000000, 0x0000000082000000| Untracked 
|   2|0x0000000082000000, 0x0000000082100000, 0x0000000082100000|100%| O|  |TAMS 0x0000000082100000, 0x0000000082100000| Untracked 
|   3|0x0000000082100000, 0x0000000082200000, 0x0000000082200000|100%| O|  |TAMS 0x0000000082200000, 0x0000000082200000| Untracked 
|   4|0x0000000082200000, 0x0000000082300000, 0x0000000082300000|100%| O|  |TAMS 0x0000000082300000, 0x0000000082300000| Untracked 
|   5|0x0000000082300000, 0x0000000082400000, 0x0000000082400000|100%| O|  |TAMS 0x0000000082400000, 0x0000000082400000| Untracked 
|   6|0x0000000082400000, 0x0000000082500000, 0x0000000082500000|100%| O|  |TAMS 0x0000000082500000, 0x0000000082500000| Untracked 
|   7|0x0000000082500000, 0x0000000082600000, 0x0000000082600000|100%| O|  |TAMS 0x0000000082600000, 0x0000000082600000| Untracked 
|   8|0x0000000082600000, 0x0000000082700000, 0x0000000082700000|100%| O|  |TAMS 0x0000000082700000, 0x0000000082700000| Untracked 
|   9|0x0000000082700000, 0x0000000082800000, 0x0000000082800000|100%| O|  |TAMS 0x0000000082800000, 0x0000000082800000| Untracked 
|  10|0x0000000082800000, 0x0000000082900000, 0x0000000082900000|100%| O|  |TAMS 0x0000000082900000, 0x0000000082900000| Untracked 
|  11|0x0000000082900000, 0x0000000082a00000, 0x0000000082a00000|100%| O|  |TAMS 0x0000000082a00000, 0x0000000082a00000| Untracked 
|  12|0x0000000082a00000, 0x0000000082b00000, 0x0000000082b00000|100%| O|  |TAMS 0x0000000082b00000, 0x0000000082b00000| Untracked 
|  13|0x0000000082b00000, 0x0000000082c00000, 0x0000000082c00000|100%| O|  |TAMS 0x0000000082c00000, 0x0000000082c00000| Untracked 
|  14|0x0000000082c00000, 0x0000000082d00000, 0x0000000082d00000|100%| O|  |TAMS 0x0000000082d00000, 0x0000000082d00000| Untracked 
|  15|0x0000000082d00000, 0x0000000082e00000, 0x0000000082e00000|100%| O|  |TAMS 0x0000000082e00000, 0x0000000082e00000| Untracked 
|  16|0x0000000082e00000, 0x0000000082f00000, 0x0000000082f00000|100%| O|  |TAMS 0x0000000082f00000, 0x0000000082f00000| Untracked 
|  17|0x0000000082f00000, 0x0000000083000000, 0x0000000083000000|100%| O|  |TAMS 0x0000000083000000, 0x0000000083000000| Untracked 
|  18|0x0000000083000000, 0x0000000083100000, 0x0000000083100000|100%| O|  |TAMS 0x0000000083100000, 0x0000000083100000| Untracked 
|  19|0x0000000083100000, 0x0000000083200000, 0x0000000083200000|100%| O|  |TAMS 0x0000000083200000, 0x0000000083200000| Untracked 
|  20|0x0000000083200000, 0x0000000083300000, 0x0000000083300000|100%| O|  |TAMS 0x0000000083300000, 0x0000000083300000| Untracked 
|  21|0x0000000083300000, 0x0000000083400000, 0x0000000083400000|100%| O|  |TAMS 0x0000000083400000, 0x0000000083400000| Untracked 
|  22|0x0000000083400000, 0x0000000083500000, 0x0000000083500000|100%| O|  |TAMS 0x0000000083500000, 0x0000000083500000| Untracked 
|  23|0x0000000083500000, 0x0000000083600000, 0x0000000083600000|100%| O|  |TAMS 0x0000000083600000, 0x0000000083600000| Untracked 
|  24|0x0000000083600000, 0x0000000083700000, 0x0000000083700000|100%| O|  |TAMS 0x0000000083700000, 0x0000000083700000| Untracked 
|  25|0x0000000083700000, 0x0000000083800000, 0x0000000083800000|100%| O|  |TAMS 0x0000000083743600, 0x0000000083800000| Untracked 
|  26|0x0000000083800000, 0x0000000083900000, 0x0000000083900000|100%| O|  |TAMS 0x0000000083800000, 0x0000000083900000| Untracked 
|  27|0x0000000083900000, 0x0000000083a00000, 0x0000000083a00000|100%| O|  |TAMS 0x0000000083900000, 0x0000000083a00000| Untracked 
|  28|0x0000000083a00000, 0x0000000083b00000, 0x0000000083b00000|100%| O|  |TAMS 0x0000000083a00000, 0x0000000083b00000| Untracked 
|  29|0x0000000083b00000, 0x0000000083c00000, 0x0000000083c00000|100%| O|  |TAMS 0x0000000083b00000, 0x0000000083c00000| Untracked 
|  30|0x0000000083c00000, 0x0000000083d00000, 0x0000000083d00000|100%| O|  |TAMS 0x0000000083c00000, 0x0000000083d00000| Untracked 
|  31|0x0000000083d00000, 0x0000000083e00000, 0x0000000083e00000|100%| O|  |TAMS 0x0000000083d00000, 0x0000000083e00000| Untracked 
|  32|0x0000000083e00000, 0x0000000083f00000, 0x0000000083f00000|100%| O|  |TAMS 0x0000000083e00000, 0x0000000083f00000| Untracked 
|  33|0x0000000083f00000, 0x0000000084000000, 0x0000000084000000|100%| O|  |TAMS 0x0000000083f00000, 0x0000000084000000| Untracked 
|  34|0x0000000084000000, 0x0000000084100000, 0x0000000084100000|100%| O|  |TAMS 0x0000000084000000, 0x0000000084100000| Untracked 
|  35|0x0000000084100000, 0x0000000084200000, 0x0000000084200000|100%| O|  |TAMS 0x0000000084100000, 0x0000000084200000| Untracked 
|  36|0x0000000084200000, 0x0000000084300000, 0x0000000084300000|100%| O|  |TAMS 0x0000000084200000, 0x0000000084300000| Untracked 
|  37|0x0000000084300000, 0x0000000084400000, 0x0000000084400000|100%| O|  |TAMS 0x0000000084300000, 0x0000000084400000| Untracked 
|  38|0x0000000084400000, 0x0000000084460e00, 0x0000000084500000| 37%| O|  |TAMS 0x0000000084400000, 0x0000000084460e00| Untracked 
|  39|0x0000000084500000, 0x0000000084500000, 0x0000000084600000|  0%| F|  |TAMS 0x0000000084500000, 0x0000000084500000| Untracked 
|  40|0x0000000084600000, 0x0000000084600000, 0x0000000084700000|  0%| F|  |TAMS 0x0000000084600000, 0x0000000084600000| Untracked 
|  41|0x0000000084700000, 0x0000000084700000, 0x0000000084800000|  0%| F|  |TAMS 0x0000000084700000, 0x0000000084700000| Untracked 
|  42|0x0000000084800000, 0x0000000084800000, 0x0000000084900000|  0%| F|  |TAMS 0x0000000084800000, 0x0000000084800000| Untracked 
|  43|0x0000000084900000, 0x0000000084900000, 0x0000000084a00000|  0%| F|  |TAMS 0x0000000084900000, 0x0000000084900000| Untracked 
|  44|0x0000000084a00000, 0x0000000084a00000, 0x0000000084b00000|  0%| F|  |TAMS 0x0000000084a00000, 0x0000000084a00000| Untracked 
|  45|0x0000000084b00000, 0x0000000084b00000, 0x0000000084c00000|  0%| F|  |TAMS 0x0000000084b00000, 0x0000000084b00000| Untracked 
|  46|0x0000000084c00000, 0x0000000084c00000, 0x0000000084d00000|  0%| F|  |TAMS 0x0000000084c00000, 0x0000000084c00000| Untracked 
|  47|0x0000000084d00000, 0x0000000084d00000, 0x0000000084e00000|  0%| F|  |TAMS 0x0000000084d00000, 0x0000000084d00000| Untracked 
|  48|0x0000000084e00000, 0x0000000084e00000, 0x0000000084f00000|  0%| F|  |TAMS 0x0000000084e00000, 0x0000000084e00000| Untracked 
|  49|0x0000000084f00000, 0x0000000084f00000, 0x0000000085000000|  0%| F|  |TAMS 0x0000000084f00000, 0x0000000084f00000| Untracked 
|  50|0x0000000085000000, 0x0000000085000000, 0x0000000085100000|  0%| F|  |TAMS 0x0000000085000000, 0x0000000085000000| Untracked 
|  51|0x0000000085100000, 0x0000000085100000, 0x0000000085200000|  0%| F|  |TAMS 0x0000000085100000, 0x0000000085100000| Untracked 
|  52|0x0000000085200000, 0x0000000085200000, 0x0000000085300000|  0%| F|  |TAMS 0x0000000085200000, 0x0000000085200000| Untracked 
|  53|0x0000000085300000, 0x0000000085300000, 0x0000000085400000|  0%| F|  |TAMS 0x0000000085300000, 0x0000000085300000| Untracked 
|  54|0x0000000085400000, 0x0000000085400000, 0x0000000085500000|  0%| F|  |TAMS 0x0000000085400000, 0x0000000085400000| Untracked 
|  55|0x0000000085500000, 0x0000000085500000, 0x0000000085600000|  0%| F|  |TAMS 0x0000000085500000, 0x0000000085500000| Untracked 
|  56|0x0000000085600000, 0x0000000085600000, 0x0000000085700000|  0%| F|  |TAMS 0x0000000085600000, 0x0000000085600000| Untracked 
|  57|0x0000000085700000, 0x0000000085700000, 0x0000000085800000|  0%| F|  |TAMS 0x0000000085700000, 0x0000000085700000| Untracked 
|  58|0x0000000085800000, 0x0000000085800000, 0x0000000085900000|  0%| F|  |TAMS 0x0000000085800000, 0x0000000085800000| Untracked 
|  59|0x0000000085900000, 0x0000000085900000, 0x0000000085a00000|  0%| F|  |TAMS 0x0000000085900000, 0x0000000085900000| Untracked 
|  60|0x0000000085a00000, 0x0000000085a00000, 0x0000000085b00000|  0%| F|  |TAMS 0x0000000085a00000, 0x0000000085a00000| Untracked 
|  61|0x0000000085b00000, 0x0000000085b00000, 0x0000000085c00000|  0%| F|  |TAMS 0x0000000085b00000, 0x0000000085b00000| Untracked 
|  62|0x0000000085c00000, 0x0000000085c00000, 0x0000000085d00000|  0%| F|  |TAMS 0x0000000085c00000, 0x0000000085c00000| Untracked 
|  63|0x0000000085d00000, 0x0000000085d00000, 0x0000000085e00000|  0%| F|  |TAMS 0x0000000085d00000, 0x0000000085d00000| Untracked 
|  64|0x0000000085e00000, 0x0000000085e00000, 0x0000000085f00000|  0%| F|  |TAMS 0x0000000085e00000, 0x0000000085e00000| Untracked 
|  65|0x0000000085f00000, 0x0000000085f00000, 0x0000000086000000|  0%| F|  |TAMS 0x0000000085f00000, 0x0000000085f00000| Untracked 
|  66|0x0000000086000000, 0x0000000086000000, 0x0000000086100000|  0%| F|  |TAMS 0x0000000086000000, 0x0000000086000000| Untracked 
|  67|0x0000000086100000, 0x0000000086100000, 0x0000000086200000|  0%| F|  |TAMS 0x0000000086100000, 0x0000000086100000| Untracked 
|  68|0x0000000086200000, 0x0000000086200000, 0x0000000086300000|  0%| F|  |TAMS 0x0000000086200000, 0x0000000086200000| Untracked 
|  69|0x0000000086300000, 0x0000000086300000, 0x0000000086400000|  0%| F|  |TAMS 0x0000000086300000, 0x0000000086300000| Untracked 
|  70|0x0000000086400000, 0x0000000086400000, 0x0000000086500000|  0%| F|  |TAMS 0x0000000086400000, 0x0000000086400000| Untracked 
|  71|0x0000000086500000, 0x0000000086500000, 0x0000000086600000|  0%| F|  |TAMS 0x0000000086500000, 0x0000000086500000| Untracked 
|  72|0x0000000086600000, 0x0000000086600000, 0x0000000086700000|  0%| F|  |TAMS 0x0000000086600000, 0x0000000086600000| Untracked 
|  73|0x0000000086700000, 0x0000000086700000, 0x0000000086800000|  0%| F|  |TAMS 0x0000000086700000, 0x0000000086700000| Untracked 
|  74|0x0000000086800000, 0x0000000086800000, 0x0000000086900000|  0%| F|  |TAMS 0x0000000086800000, 0x0000000086800000| Untracked 
|  75|0x0000000086900000, 0x0000000086900000, 0x0000000086a00000|  0%| F|  |TAMS 0x0000000086900000, 0x0000000086900000| Untracked 
|  76|0x0000000086a00000, 0x0000000086a00000, 0x0000000086b00000|  0%| F|  |TAMS 0x0000000086a00000, 0x0000000086a00000| Untracked 
|  77|0x0000000086b00000, 0x0000000086b00000, 0x0000000086c00000|  0%| F|  |TAMS 0x0000000086b00000, 0x0000000086b00000| Untracked 
|  78|0x0000000086c00000, 0x0000000086c00000, 0x0000000086d00000|  0%| F|  |TAMS 0x0000000086c00000, 0x0000000086c00000| Untracked 
|  79|0x0000000086d00000, 0x0000000086d00000, 0x0000000086e00000|  0%| F|  |TAMS 0x0000000086d00000, 0x0000000086d00000| Untracked 
|  80|0x0000000086e00000, 0x0000000086e00000, 0x0000000086f00000|  0%| F|  |TAMS 0x0000000086e00000, 0x0000000086e00000| Untracked 
|  81|0x0000000086f00000, 0x0000000086f00000, 0x0000000087000000|  0%| F|  |TAMS 0x0000000086f00000, 0x0000000086f00000| Untracked 
|  82|0x0000000087000000, 0x0000000087000000, 0x0000000087100000|  0%| F|  |TAMS 0x0000000087000000, 0x0000000087000000| Untracked 
|  83|0x0000000087100000, 0x0000000087100000, 0x0000000087200000|  0%| F|  |TAMS 0x0000000087100000, 0x0000000087100000| Untracked 
|  84|0x0000000087200000, 0x0000000087200000, 0x0000000087300000|  0%| F|  |TAMS 0x0000000087200000, 0x0000000087200000| Untracked 
|  85|0x0000000087300000, 0x0000000087300000, 0x0000000087400000|  0%| F|  |TAMS 0x0000000087300000, 0x0000000087300000| Untracked 
|  86|0x0000000087400000, 0x0000000087400000, 0x0000000087500000|  0%| F|  |TAMS 0x0000000087400000, 0x0000000087400000| Untracked 
|  87|0x0000000087500000, 0x0000000087500000, 0x0000000087600000|  0%| F|  |TAMS 0x0000000087500000, 0x0000000087500000| Untracked 
|  88|0x0000000087600000, 0x0000000087600000, 0x0000000087700000|  0%| F|  |TAMS 0x0000000087600000, 0x0000000087600000| Untracked 
|  89|0x0000000087700000, 0x0000000087700000, 0x0000000087800000|  0%| F|  |TAMS 0x0000000087700000, 0x0000000087700000| Untracked 
|  90|0x0000000087800000, 0x0000000087800000, 0x0000000087900000|  0%| F|  |TAMS 0x0000000087800000, 0x0000000087800000| Untracked 
|  91|0x0000000087900000, 0x0000000087900000, 0x0000000087a00000|  0%| F|  |TAMS 0x0000000087900000, 0x0000000087900000| Untracked 
|  92|0x0000000087a00000, 0x0000000087a00000, 0x0000000087b00000|  0%| F|  |TAMS 0x0000000087a00000, 0x0000000087a00000| Untracked 
|  93|0x0000000087b00000, 0x0000000087b00000, 0x0000000087c00000|  0%| F|  |TAMS 0x0000000087b00000, 0x0000000087b00000| Untracked 
|  94|0x0000000087c00000, 0x0000000087c00000, 0x0000000087d00000|  0%| F|  |TAMS 0x0000000087c00000, 0x0000000087c00000| Untracked 
|  95|0x0000000087d00000, 0x0000000087d00000, 0x0000000087e00000|  0%| F|  |TAMS 0x0000000087d00000, 0x0000000087d00000| Untracked 
|  96|0x0000000087e00000, 0x0000000087e00000, 0x0000000087f00000|  0%| F|  |TAMS 0x0000000087e00000, 0x0000000087e00000| Untracked 
|  97|0x0000000087f00000, 0x0000000087f00000, 0x0000000088000000|  0%| F|  |TAMS 0x0000000087f00000, 0x0000000087f00000| Untracked 
|  98|0x0000000088000000, 0x0000000088000000, 0x0000000088100000|  0%| F|  |TAMS 0x0000000088000000, 0x0000000088000000| Untracked 
|  99|0x0000000088100000, 0x0000000088100000, 0x0000000088200000|  0%| F|  |TAMS 0x0000000088100000, 0x0000000088100000| Untracked 
| 100|0x0000000088200000, 0x0000000088200000, 0x0000000088300000|  0%| F|  |TAMS 0x0000000088200000, 0x0000000088200000| Untracked 
| 101|0x0000000088300000, 0x0000000088300000, 0x0000000088400000|  0%| F|  |TAMS 0x0000000088300000, 0x0000000088300000| Untracked 
| 102|0x0000000088400000, 0x0000000088400000, 0x0000000088500000|  0%| F|  |TAMS 0x0000000088400000, 0x0000000088400000| Untracked 
| 103|0x0000000088500000, 0x0000000088500000, 0x0000000088600000|  0%| F|  |TAMS 0x0000000088500000, 0x0000000088500000| Untracked 
| 104|0x0000000088600000, 0x0000000088600000, 0x0000000088700000|  0%| F|  |TAMS 0x0000000088600000, 0x0000000088600000| Untracked 
| 105|0x0000000088700000, 0x0000000088700000, 0x0000000088800000|  0%| F|  |TAMS 0x0000000088700000, 0x0000000088700000| Untracked 
| 106|0x0000000088800000, 0x0000000088800000, 0x0000000088900000|  0%| F|  |TAMS 0x0000000088800000, 0x0000000088800000| Untracked 
| 107|0x0000000088900000, 0x0000000088900000, 0x0000000088a00000|  0%| F|  |TAMS 0x0000000088900000, 0x0000000088900000| Untracked 
| 108|0x0000000088a00000, 0x0000000088a00000, 0x0000000088b00000|  0%| F|  |TAMS 0x0000000088a00000, 0x0000000088a00000| Untracked 
| 109|0x0000000088b00000, 0x0000000088b00000, 0x0000000088c00000|  0%| F|  |TAMS 0x0000000088b00000, 0x0000000088b00000| Untracked 
| 110|0x0000000088c00000, 0x0000000088c00000, 0x0000000088d00000|  0%| F|  |TAMS 0x0000000088c00000, 0x0000000088c00000| Untracked 
| 111|0x0000000088d00000, 0x0000000088d00000, 0x0000000088e00000|  0%| F|  |TAMS 0x0000000088d00000, 0x0000000088d00000| Untracked 
| 112|0x0000000088e00000, 0x0000000088e00000, 0x0000000088f00000|  0%| F|  |TAMS 0x0000000088e00000, 0x0000000088e00000| Untracked 
| 113|0x0000000088f00000, 0x0000000088f00000, 0x0000000089000000|  0%| F|  |TAMS 0x0000000088f00000, 0x0000000088f00000| Untracked 
| 114|0x0000000089000000, 0x0000000089000000, 0x0000000089100000|  0%| F|  |TAMS 0x0000000089000000, 0x0000000089000000| Untracked 
| 115|0x0000000089100000, 0x0000000089100000, 0x0000000089200000|  0%| F|  |TAMS 0x0000000089100000, 0x0000000089100000| Untracked 
| 116|0x0000000089200000, 0x0000000089200000, 0x0000000089300000|  0%| F|  |TAMS 0x0000000089200000, 0x0000000089200000| Untracked 
| 117|0x0000000089300000, 0x0000000089340d40, 0x0000000089400000| 25%| S|CS|TAMS 0x0000000089300000, 0x0000000089300000| Complete 
| 118|0x0000000089400000, 0x0000000089500000, 0x0000000089500000|100%| S|CS|TAMS 0x0000000089400000, 0x0000000089400000| Complete 
| 119|0x0000000089500000, 0x0000000089600000, 0x0000000089600000|100%| S|CS|TAMS 0x0000000089500000, 0x0000000089500000| Complete 
| 120|0x0000000089600000, 0x0000000089700000, 0x0000000089700000|100%| S|CS|TAMS 0x0000000089600000, 0x0000000089600000| Complete 
| 121|0x0000000089700000, 0x0000000089700000, 0x0000000089800000|  0%| F|  |TAMS 0x0000000089700000, 0x0000000089700000| Untracked 
| 122|0x0000000089800000, 0x0000000089800000, 0x0000000089900000|  0%| F|  |TAMS 0x0000000089800000, 0x0000000089800000| Untracked 
| 123|0x0000000089900000, 0x0000000089900000, 0x0000000089a00000|  0%| F|  |TAMS 0x0000000089900000, 0x0000000089900000| Untracked 
| 124|0x0000000089a00000, 0x0000000089a00000, 0x0000000089b00000|  0%| F|  |TAMS 0x0000000089a00000, 0x0000000089a00000| Untracked 
| 125|0x0000000089b00000, 0x0000000089c00000, 0x0000000089c00000|100%| E|  |TAMS 0x0000000089b00000, 0x0000000089b00000| Complete 
| 126|0x0000000089c00000, 0x0000000089d00000, 0x0000000089d00000|100%| E|CS|TAMS 0x0000000089c00000, 0x0000000089c00000| Complete 
| 127|0x0000000089d00000, 0x0000000089e00000, 0x0000000089e00000|100%| E|CS|TAMS 0x0000000089d00000, 0x0000000089d00000| Complete 

Card table byte_map: [0x00000249b9a30000,0x00000249b9e30000] _byte_map_base: 0x00000249b9621000

Marking Bits (Prev, Next): (CMBitMap*) 0x00000249a1f4c2c8, (CMBitMap*) 0x00000249a1f4c300
 Prev Bits: [0x00000249ba230000, 0x00000249bc1b8000)
 Next Bits: [0x00000249bc1c0000, 0x00000249be148000)

Polling page: 0x000002499fe80000

Metaspace:

Usage:
  Non-class:     51.05 MB capacity,    50.11 MB ( 98%) used,   781.07 KB (  1%) free+waste,   177.69 KB ( <1%) overhead. 
      Class:      7.96 MB capacity,     7.40 MB ( 93%) used,   485.95 KB (  6%) free+waste,    85.44 KB (  1%) overhead. 
       Both:     59.01 MB capacity,    57.51 MB ( 97%) used,     1.24 MB (  2%) free+waste,   263.13 KB ( <1%) overhead. 

Virtual space:
  Non-class space:       52.00 MB reserved,      51.21 MB ( 98%) committed 
      Class space:        1.00 GB reserved,       8.00 MB ( <1%) committed 
             Both:        1.05 GB reserved,      59.21 MB (  6%) committed 

Chunk freelists:
   Non-Class:  2.13 KB
       Class:  1.00 KB
        Both:  3.13 KB

CodeHeap 'non-profiled nmethods': size=238336Kb used=8958Kb max_used=8958Kb free=229377Kb
 bounds [0x00000249aaa40000, 0x00000249ab300000, 0x00000249b9300000]
CodeHeap 'non-nmethods': size=7424Kb used=1243Kb max_used=1243Kb free=6181Kb
 bounds [0x00000249aa300000, 0x00000249aa570000, 0x00000249aaa40000]
 total_blobs=6197 nmethods=5543 adapters=544
 compilation: enabled
              stopped_count=0, restarted_count=0
 full_count=0

Compilation events (10 events):
Event: 33.137 Thread 0x00000249c142a800 5563       1       net.bytebuddy.description.method.MethodDescription$TypeSubstituting::asDefined (13 bytes)
Event: 33.137 Thread 0x00000249c142a800 nmethod 5563 0x00000249ab2fe810 code [0x00000249ab2fe9c0, 0x00000249ab2feb50]
Event: 33.137 Thread 0x00000249c142a800 5558       1       org.hibernate.type.AbstractStandardBasicType::getColumnSpan (2 bytes)
Event: 33.138 Thread 0x00000249c142a800 nmethod 5558 0x00000249ab2fec10 code [0x00000249ab2feda0, 0x00000249ab2feeb8]
Event: 33.138 Thread 0x00000249c142a800 5553       1       net.bytebuddy.description.method.ParameterDescription$Latent::<init> (44 bytes)
Event: 33.138 Thread 0x00000249c142a800 nmethod 5553 0x00000249ab2fef10 code [0x00000249ab2ff0c0, 0x00000249ab2ff3b8]
Event: 33.138 Thread 0x00000249c142a800 5559       1       org.hibernate.type.AbstractStandardBasicType::isAssociationType (2 bytes)
Event: 33.138 Thread 0x00000249c142a800 nmethod 5559 0x00000249ab2ff410 code [0x00000249ab2ff5a0, 0x00000249ab2ff6b8]
Event: 33.138 Thread 0x00000249c142a800 5560       1       net.bytebuddy.description.method.MethodDescription$ForLoadedConstructor::isConstructor (2 bytes)
Event: 33.138 Thread 0x00000249c142a800 nmethod 5560 0x00000249ab2ff710 code [0x00000249ab2ff8a0, 0x00000249ab2ff9b8]

GC Heap History (10 events):
Event: 23.442 GC heap before
{Heap before GC invocations=13 (full 0):
 garbage-first heap   total 131072K, used 96468K [0x0000000081e00000, 0x0000000100000000)
  region size 1024K, 69 young (70656K), 6 survivors (6144K)
 Metaspace       used 36999K, capacity 38276K, committed 38528K, reserved 1083392K
  class space    used 4692K, capacity 5200K, committed 5248K, reserved 1048576K
}
Event: 23.446 GC heap after
{Heap after GC invocations=14 (full 0):
 garbage-first heap   total 131072K, used 33746K [0x0000000081e00000, 0x0000000100000000)
  region size 1024K, 4 young (4096K), 4 survivors (4096K)
 Metaspace       used 36999K, capacity 38276K, committed 38528K, reserved 1083392K
  class space    used 4692K, capacity 5200K, committed 5248K, reserved 1048576K
}
Event: 30.011 GC heap before
{Heap before GC invocations=14 (full 0):
 garbage-first heap   total 131072K, used 100306K [0x0000000081e00000, 0x0000000100000000)
  region size 1024K, 69 young (70656K), 4 survivors (4096K)
 Metaspace       used 43906K, capacity 45285K, committed 45440K, reserved 1089536K
  class space    used 5473K, capacity 6015K, committed 6016K, reserved 1048576K
}
Event: 30.015 GC heap after
{Heap after GC invocations=15 (full 0):
 garbage-first heap   total 131072K, used 36411K [0x0000000081e00000, 0x0000000100000000)
  region size 1024K, 7 young (7168K), 7 survivors (7168K)
 Metaspace       used 43906K, capacity 45285K, committed 45440K, reserved 1089536K
  class space    used 5473K, capacity 6015K, committed 6016K, reserved 1048576K
}
Event: 31.767 GC heap before
{Heap before GC invocations=15 (full 0):
 garbage-first heap   total 131072K, used 101947K [0x0000000081e00000, 0x0000000100000000)
  region size 1024K, 71 young (72704K), 7 survivors (7168K)
 Metaspace       used 51436K, capacity 52946K, committed 53248K, reserved 1095680K
  class space    used 6504K, capacity 7079K, committed 7168K, reserved 1048576K
}
Event: 31.773 GC heap after
{Heap after GC invocations=16 (full 0):
 garbage-first heap   total 131072K, used 38995K [0x0000000081e00000, 0x0000000100000000)
  region size 1024K, 7 young (7168K), 7 survivors (7168K)
 Metaspace       used 51436K, capacity 52946K, committed 53248K, reserved 1095680K
  class space    used 6504K, capacity 7079K, committed 7168K, reserved 1048576K
}
Event: 33.058 GC heap before
{Heap before GC invocations=16 (full 0):
 garbage-first heap   total 131072K, used 102483K [0x0000000081e00000, 0x0000000100000000)
  region size 1024K, 70 young (71680K), 7 survivors (7168K)
 Metaspace       used 58541K, capacity 60058K, committed 60376K, reserved 1101824K
  class space    used 7513K, capacity 8079K, committed 8192K, reserved 1048576K
}
Event: 33.064 GC heap after
{Heap after GC invocations=17 (full 0):
 garbage-first heap   total 131072K, used 42135K [0x0000000081e00000, 0x0000000100000000)
  region size 1024K, 6 young (6144K), 6 survivors (6144K)
 Metaspace       used 58541K, capacity 60058K, committed 60376K, reserved 1101824K
  class space    used 7513K, capacity 8079K, committed 8192K, reserved 1048576K
}
Event: 33.111 GC heap before
{Heap before GC invocations=17 (full 0):
 garbage-first heap   total 131072K, used 48279K [0x0000000081e00000, 0x0000000100000000)
  region size 1024K, 13 young (13312K), 6 survivors (6144K)
 Metaspace       used 58800K, capacity 60292K, committed 60376K, reserved 1101824K
  class space    used 7559K, capacity 8151K, committed 8192K, reserved 1048576K
}
Event: 33.116 GC heap after
{Heap after GC invocations=18 (full 0):
 garbage-first heap   total 131072K, used 42630K [0x0000000081e00000, 0x0000000100000000)
  region size 1024K, 4 young (4096K), 4 survivors (4096K)
 Metaspace       used 58800K, capacity 60292K, committed 60376K, reserved 1101824K
  class space    used 7559K, capacity 8151K, committed 8192K, reserved 1048576K
}

Deoptimization events (0 events):
No events

Classes redefined (0 events):
No events

Internal exceptions (10 events):
Event: 28.075 Thread 0x00000249c2b79000 Exception <a 'java/lang/ClassNotFoundException'{0x0000000087a2cc48}: org/springframework/context/ApplicationContextAwareCustomizer> (0x0000000087a2cc48) thrown at [./open/src/hotspot/share/classfile/systemDictionary.cpp, line 228]
Event: 28.085 Thread 0x00000249c2b79000 Exception <a 'java/lang/ClassNotFoundException'{0x0000000087a53f20}: org/springframework/beans/factory/AwareCustomizer> (0x0000000087a53f20) thrown at [./open/src/hotspot/share/classfile/systemDictionary.cpp, line 228]
Event: 28.086 Thread 0x00000249c2b79000 Exception <a 'java/lang/ClassNotFoundException'{0x0000000087a7f8f0}: org/springframework/web/context/ServletContextAwareCustomizer> (0x0000000087a7f8f0) thrown at [./open/src/hotspot/share/classfile/systemDictionary.cpp, line 228]
Event: 28.098 Thread 0x00000249c2b79000 Exception <a 'java/lang/ClassNotFoundException'{0x0000000087926338}: org/springframework/beans/factory/AwareCustomizer> (0x0000000087926338) thrown at [./open/src/hotspot/share/classfile/systemDictionary.cpp, line 228]
Event: 28.256 Thread 0x00000249c2b79000 Exception <a 'java/lang/ClassNotFoundException'{0x000000008763d770}: java/lang/ObjectCustomizer> (0x000000008763d770) thrown at [./open/src/hotspot/share/classfile/systemDictionary.cpp, line 228]
Event: 28.257 Thread 0x00000249c2b79000 Exception <a 'java/lang/ClassNotFoundException'{0x000000008767ede8}: org/springframework/security/config/annotation/authentication/configuration/AuthenticationConfigurationCustomizer> (0x000000008767ede8) thrown at [./open/src/hotspot/share/classfile/syst
Event: 29.219 Thread 0x00000249c2b79000 Exception <a 'java/io/FileNotFoundException'{0x0000000086961bb0}> (0x0000000086961bb0) thrown at [./open/src/hotspot/share/prims/jni.cpp, line 611]
Event: 29.220 Thread 0x00000249c2b79000 Exception <a 'java/io/FileNotFoundException'{0x0000000086962968}> (0x0000000086962968) thrown at [./open/src/hotspot/share/prims/jni.cpp, line 611]
Event: 31.833 Thread 0x00000249c2b79000 Exception <a 'java/lang/NoSuchMethodError'{0x0000000089d0cc90}: java.lang.invoke.DirectMethodHandle$Holder.invokeStaticInit(Ljava/lang/Object;Ljava/lang/Object;Ljava/lang/Object;Ljava/lang/Object;)I> (0x0000000089d0cc90) thrown at [./open/src/hotspot/shar
Event: 31.869 Thread 0x00000249c2b79000 Exception <a 'sun/nio/fs/WindowsException'{0x0000000089d3f3c0}> (0x0000000089d3f3c0) thrown at [./open/src/hotspot/share/prims/jni.cpp, line 611]

Events (10 events):
Event: 33.124 loading class com/amazonaws/services/s3/model/GetObjectAclRequest done
Event: 33.124 loading class com/amazonaws/services/s3/model/Bucket
Event: 33.124 loading class com/amazonaws/services/s3/model/Bucket done
Event: 33.125 loading class com/amazonaws/services/s3/model/CreateBucketRequest
Event: 33.125 loading class com/amazonaws/services/s3/model/CreateBucketRequest done
Event: 33.125 loading class com/amazonaws/services/s3/model/GetBucketAclRequest
Event: 33.125 loading class com/amazonaws/services/s3/model/GetBucketAclRequest done
Event: 33.138 loading class com/amazonaws/services/s3/model/VersionListing
Event: 33.138 loading class com/amazonaws/services/s3/model/VersionListing done
Event: 33.139 Executing VM operation: CGC_Operation


Dynamic libraries:
0x00007ff63c8b0000 - 0x00007ff63c8f7000 	C:\Program Files\Java\jdk-11.0.7\bin\javaw.exe
0x00007ffda41f0000 - 0x00007ffda43e5000 	C:\WINDOWS\SYSTEM32\ntdll.dll
0x00007ffda23f0000 - 0x00007ffda24ad000 	C:\WINDOWS\System32\KERNEL32.DLL
0x00007ffda1e00000 - 0x00007ffda20c8000 	C:\WINDOWS\System32\KERNELBASE.dll
0x00007ffd9f400000 - 0x00007ffd9f490000 	C:\WINDOWS\SYSTEM32\apphelp.dll
0x00007ffda3320000 - 0x00007ffda33cc000 	C:\WINDOWS\System32\ADVAPI32.dll
0x00007ffda2cc0000 - 0x00007ffda2d5e000 	C:\WINDOWS\System32\msvcrt.dll
0x00007ffda3210000 - 0x00007ffda32ab000 	C:\WINDOWS\System32\sechost.dll
0x00007ffda2e90000 - 0x00007ffda2fbb000 	C:\WINDOWS\System32\RPCRT4.dll
0x00007ffda3070000 - 0x00007ffda3210000 	C:\WINDOWS\System32\USER32.dll
0x00007ffda1dd0000 - 0x00007ffda1df2000 	C:\WINDOWS\System32\win32u.dll
0x00007ffda2c90000 - 0x00007ffda2cba000 	C:\WINDOWS\System32\GDI32.dll
0x00007ffda1930000 - 0x00007ffda1a3b000 	C:\WINDOWS\System32\gdi32full.dll
0x00007ffda20d0000 - 0x00007ffda216d000 	C:\WINDOWS\System32\msvcp_win.dll
0x00007ffda1b70000 - 0x00007ffda1c70000 	C:\WINDOWS\System32\ucrtbase.dll
0x00007ffd82af0000 - 0x00007ffd82d8a000 	C:\WINDOWS\WinSxS\amd64_microsoft.windows.common-controls_6595b64144ccf1df_6.0.19041.844_none_ca00b6081b84eb1d\COMCTL32.dll
0x00007ffd972a0000 - 0x00007ffd972aa000 	C:\WINDOWS\SYSTEM32\VERSION.dll
0x00007ffda2e60000 - 0x00007ffda2e90000 	C:\WINDOWS\System32\IMM32.DLL
0x00007ffd96530000 - 0x00007ffd96546000 	C:\Program Files\Java\jdk-11.0.7\bin\vcruntime140.dll
0x00007ffd81f40000 - 0x00007ffd81fea000 	C:\Program Files\Java\jdk-11.0.7\bin\msvcp140.dll
0x00007ffd33c80000 - 0x00007ffd347e1000 	C:\Program Files\Java\jdk-11.0.7\bin\server\jvm.dll
0x00007ffda2360000 - 0x00007ffda2368000 	C:\WINDOWS\System32\PSAPI.DLL
0x00007ffd83f90000 - 0x00007ffd83f99000 	C:\WINDOWS\SYSTEM32\WSOCK32.dll
0x00007ffd86750000 - 0x00007ffd86777000 	C:\WINDOWS\SYSTEM32\WINMM.dll
0x00007ffda2df0000 - 0x00007ffda2e5b000 	C:\WINDOWS\System32\WS2_32.dll
0x00007ffd9fa60000 - 0x00007ffd9fa72000 	C:\WINDOWS\SYSTEM32\kernel.appcore.dll
0x00007ffd96620000 - 0x00007ffd96631000 	C:\Program Files\Java\jdk-11.0.7\bin\verify.dll
0x00007ffd9d3e0000 - 0x00007ffd9d5c4000 	C:\WINDOWS\SYSTEM32\DBGHELP.DLL
0x00007ffd85c50000 - 0x00007ffd85c7c000 	C:\WINDOWS\SYSTEM32\dbgcore.DLL
0x00007ffda1a40000 - 0x00007ffda1ac0000 	C:\WINDOWS\System32\bcryptPrimitives.dll
0x00007ffd965f0000 - 0x00007ffd96619000 	C:\Program Files\Java\jdk-11.0.7\bin\java.dll
0x00007ffd9d260000 - 0x00007ffd9d26a000 	C:\Program Files\Java\jdk-11.0.7\bin\jimage.dll
0x00007ffd965d0000 - 0x00007ffd965e6000 	C:\Program Files\Java\jdk-11.0.7\bin\zip.dll
0x00007ffda3930000 - 0x00007ffda4072000 	C:\WINDOWS\System32\SHELL32.dll
0x00007ffd9fa80000 - 0x00007ffda0210000 	C:\WINDOWS\SYSTEM32\windows.storage.dll
0x00007ffda2860000 - 0x00007ffda2bb5000 	C:\WINDOWS\System32\combase.dll
0x00007ffda12d0000 - 0x00007ffda12fc000 	C:\WINDOWS\SYSTEM32\Wldp.dll
0x00007ffda2250000 - 0x00007ffda22fe000 	C:\WINDOWS\System32\SHCORE.dll
0x00007ffda33d0000 - 0x00007ffda3425000 	C:\WINDOWS\System32\shlwapi.dll
0x00007ffda1870000 - 0x00007ffda188f000 	C:\WINDOWS\SYSTEM32\profapi.dll
0x00007ffd965b0000 - 0x00007ffd965c9000 	C:\Program Files\Java\jdk-11.0.7\bin\net.dll
0x00007ffd94fc0000 - 0x00007ffd950cb000 	C:\WINDOWS\SYSTEM32\WINHTTP.dll
0x00007ffda1040000 - 0x00007ffda10aa000 	C:\WINDOWS\system32\mswsock.dll
0x00007ffd939b0000 - 0x00007ffd939c3000 	C:\Program Files\Java\jdk-11.0.7\bin\nio.dll
0x00007ffd967c0000 - 0x00007ffd967c9000 	C:\Program Files\Java\jdk-11.0.7\bin\management.dll
0x00007ffd96550000 - 0x00007ffd9655c000 	C:\Program Files\Java\jdk-11.0.7\bin\management_ext.dll
0x00007ffd821b0000 - 0x00007ffd821c7000 	C:\WINDOWS\system32\napinsp.dll
0x00007ffd82190000 - 0x00007ffd821ab000 	C:\WINDOWS\system32\pnrpnsp.dll
0x00007ffd9ce10000 - 0x00007ffd9ce25000 	C:\WINDOWS\system32\wshbth.dll
0x00007ffd9d040000 - 0x00007ffd9d05d000 	C:\WINDOWS\system32\NLAapi.dll
0x00007ffda0d30000 - 0x00007ffda0d6b000 	C:\WINDOWS\SYSTEM32\IPHLPAPI.DLL
0x00007ffda0d70000 - 0x00007ffda0e3c000 	C:\WINDOWS\SYSTEM32\DNSAPI.dll
0x00007ffda3310000 - 0x00007ffda3318000 	C:\WINDOWS\System32\NSI.dll
0x00007ffd9cda0000 - 0x00007ffd9cdb2000 	C:\WINDOWS\System32\winrnr.dll
0x00007ffd94f40000 - 0x00007ffd94f4a000 	C:\Windows\System32\rasadhlp.dll
0x00007ffd950d0000 - 0x00007ffd9514f000 	C:\WINDOWS\System32\fwpuclnt.dll
0x00007ffda21d0000 - 0x00007ffda21f7000 	C:\WINDOWS\System32\bcrypt.dll
0x00007ffda1220000 - 0x00007ffda1238000 	C:\WINDOWS\SYSTEM32\CRYPTSP.dll
0x00007ffda09e0000 - 0x00007ffda0a14000 	C:\WINDOWS\system32\rsaenh.dll
0x00007ffda1830000 - 0x00007ffda185e000 	C:\WINDOWS\SYSTEM32\USERENV.dll
0x00007ffda1210000 - 0x00007ffda121c000 	C:\WINDOWS\SYSTEM32\CRYPTBASE.dll
0x00007ffd96ce0000 - 0x00007ffd96cf7000 	C:\WINDOWS\SYSTEM32\dhcpcsvc6.DLL
0x00007ffd97ff0000 - 0x00007ffd9800d000 	C:\WINDOWS\SYSTEM32\dhcpcsvc.DLL
0x00007ffd9d2a0000 - 0x00007ffd9d2ae000 	C:\Program Files\Java\jdk-11.0.7\bin\sunmscapi.dll
0x00007ffda1c70000 - 0x00007ffda1dcf000 	C:\WINDOWS\System32\CRYPT32.dll
0x00007ffda1340000 - 0x00007ffda1367000 	C:\WINDOWS\SYSTEM32\ncrypt.dll
0x00007ffda1300000 - 0x00007ffda133b000 	C:\WINDOWS\SYSTEM32\NTASN1.dll
0x00007ffd9d270000 - 0x00007ffd9d296000 	C:\Program Files\Java\jdk-11.0.7\bin\sunec.dll

dbghelp: loaded successfully - version: 4.0.5 - missing functions: none
symbol engine: initialized successfully - sym options: 0x614 - pdb path: .;C:\Program Files\Java\jdk-11.0.7\bin;C:\WINDOWS\SYSTEM32;C:\WINDOWS\WinSxS\amd64_microsoft.windows.common-controls_6595b64144ccf1df_6.0.19041.844_none_ca00b6081b84eb1d;C:\Program Files\Java\jdk-11.0.7\bin\server

VM Arguments:
jvm_args: -Dcom.sun.management.jmxremote -Dcom.sun.management.jmxremote.port=49778 -Dcom.sun.management.jmxremote.authenticate=false -Dcom.sun.management.jmxremote.ssl=false -Djava.rmi.server.hostname=localhost -Dspring.jmx.enabled=true -Dspring.application.admin.enabled=true -Xverify:none -XX:TieredStopAtLevel=1 -Dspring.boot.project.name=cursomc1 -Dfile.encoding=UTF-8 
java_command: com.nelioalves.cursomc.CursomcApplication --spring.profiles.active=test --spring.output.ansi.enabled=always
java_class_path (initial): C:\Users\josea\Documents\workspace-spring-tool-suite-4-4.6.1.RELEASE\cursomc1\target\classes;C:\Users\josea\.m2\repository\org\springframework\boot\spring-boot-starter-web\2.3.0.RELEASE\spring-boot-starter-web-2.3.0.RELEASE.jar;C:\Users\josea\.m2\repository\org\springframework\boot\spring-boot-starter\2.3.0.RELEASE\spring-boot-starter-2.3.0.RELEASE.jar;C:\Users\josea\.m2\repository\org\springframework\boot\spring-boot-starter-logging\2.3.0.RELEASE\spring-boot-starter-logging-2.3.0.RELEASE.jar;C:\Users\josea\.m2\repository\ch\qos\logback\logback-classic\1.2.3\logback-classic-1.2.3.jar;C:\Users\josea\.m2\repository\ch\qos\logback\logback-core\1.2.3\logback-core-1.2.3.jar;C:\Users\josea\.m2\repository\org\apache\logging\log4j\log4j-to-slf4j\2.13.2\log4j-to-slf4j-2.13.2.jar;C:\Users\josea\.m2\repository\org\apache\logging\log4j\log4j-api\2.13.2\log4j-api-2.13.2.jar;C:\Users\josea\.m2\repository\org\slf4j\jul-to-slf4j\1.7.30\jul-to-slf4j-1.7.30.jar;C:\Users\josea\.m2\repository\jakarta\annotation\jakarta.annotation-api\1.3.5\jakarta.annotation-api-1.3.5.jar;C:\Users\josea\.m2\repository\org\yaml\snakeyaml\1.26\snakeyaml-1.26.jar;C:\Users\josea\.m2\repository\org\springframework\boot\spring-boot-starter-json\2.3.0.RELEASE\spring-boot-starter-json-2.3.0.RELEASE.jar;C:\Users\josea\.m2\repository\com\fasterxml\jackson\datatype\jackson-datatype-jdk8\2.11.0\jackson-datatype-jdk8-2.11.0.jar;C:\Users\josea\.m2\repository\com\fasterxml\jackson\datatype\jackson-datatype-jsr310\2.11.0\jackson-datatype-jsr310-2.11.0.jar;C:\Users\josea\.m2\repository\com\fasterxml\jackson\module\jackson-module-parameter-names\2.11.0\jackson-module-parameter-names-2.11.0.jar;C:\Users\josea\.m2\repository\org\springframework\boot\spring-boot-starter-tomcat\2.3.0.RELEASE\spring-boot-starter-tomcat-2.3.0.RELEASE.jar;C:\Users\josea\.m2\repository\org\apache\tomcat\embed\tomcat-embed-core\9.0.35\tomcat-embed-core-9.0.35.jar;C:\Users\josea\.m2\repository\org\glassfish\jakarta.el
Launcher Type: SUN_STANDARD

[Global flags]
     bool BytecodeVerificationLocal                = false                                     {product} {command line}
     bool BytecodeVerificationRemote               = false                                     {product} {command line}
     intx CICompilerCount                          = 4                                         {product} {ergonomic}
     uint ConcGCThreads                            = 2                                         {product} {ergonomic}
     uint G1ConcRefinementThreads                  = 8                                         {product} {ergonomic}
   size_t G1HeapRegionSize                         = 1048576                                   {product} {ergonomic}
    uintx GCDrainStackTargetSize                   = 64                                        {product} {ergonomic}
   size_t InitialHeapSize                          = 134217728                                 {product} {ergonomic}
     bool ManagementServer                         = true                                      {product} {command line}
   size_t MarkStackSize                            = 4194304                                   {product} {ergonomic}
   size_t MaxHeapSize                              = 2116026368                                {product} {ergonomic}
   size_t MaxNewSize                               = 1268776960                                {product} {ergonomic}
   size_t MinHeapDeltaBytes                        = 1048576                                   {product} {ergonomic}
    uintx NonNMethodCodeHeapSize                   = 7549744                                {pd product} {ergonomic}
    uintx NonProfiledCodeHeapSize                  = 244108496                              {pd product} {ergonomic}
    uintx ProfiledCodeHeapSize                     = 0                                      {pd product} {ergonomic}
    uintx ReservedCodeCacheSize                    = 251658240                              {pd product} {ergonomic}
     bool SegmentedCodeCache                       = true                                      {product} {ergonomic}
     intx TieredStopAtLevel                        = 1                                         {product} {command line}
     bool UseCompressedClassPointers               = true                                 {lp64_product} {ergonomic}
     bool UseCompressedOops                        = true                                 {lp64_product} {ergonomic}
     bool UseG1GC                                  = true                                      {product} {ergonomic}
     bool UseLargePagesIndividualAllocation        = false                                  {pd product} {ergonomic}

Logging:
Log output configuration:
 #0: stdout all=warning uptime,level,tags
 #1: stderr all=off uptime,level,tags

Environment Variables:
JAVA_HOME=C:\Program Files\Java\jdk-11.0.7
PATH=C:/Program Files/Java/jdk-11.0.7/bin/server;C:/Program Files/Java/jdk-11.0.7/bin;C:\WINDOWS\system32;C:\WINDOWS;C:\WINDOWS\System32\Wbem;C:\WINDOWS\System32\WindowsPowerShell\v1.0\;C:\WINDOWS\System32\OpenSSH\;C:\Program Files\Intel\WiFi\bin\;C:\Program Files\Common Files\Intel\WirelessCommon\;C:\Program Files (x86)\Intel\Intel(R) Management Engine Components\DAL;C:\Program Files\Intel\Intel(R) Management Engine Components\DAL;C:\Program Files (x86)\Microsoft SQL Server\100\Tools\Binn\;C:\Program Files\Microsoft SQL Server\100\Tools\Binn\;C:\Program Files\Microsoft SQL Server\100\DTS\Binn\;C:\Program Files (x86)\Microsoft SQL Server\100\Tools\Binn\VSShell\Common7\IDE\;C:\Program Files (x86)\Microsoft Visual Studio 9.0\Common7\IDE\PrivateAssemblies\;C:\Program Files (x86)\Microsoft SQL Server\100\DTS\Binn\;C:\Program Files\Java\jdk-11.0.7\bin;C:\Android\SDK\tools;C:\Android\SDK\platform-tools;C:\Program Files (x86)\gradle-6.2.2\bin;C:\apache-ant-1.10.7\bin;C:\xampp\mysql\bin;C:\maven\bin;C:\Program Files\nodejs\;C:\Users\josea\AppData\Local\Microsoft\WindowsApps;C:\Users\josea\AppData\Local\Programs\Microsoft VS Code\bin;C:\Program Files\heroku\bin;C:\Users\josea\AppData\Roaming\npm;C:\sts-4.6.1.RELEASE;
USERNAME=josea
OS=Windows_NT
PROCESSOR_IDENTIFIER=Intel64 Family 6 Model 142 Stepping 11, GenuineIntel



---------------  S Y S T E M  ---------------

OS: Windows 10 , 64 bit Build 19041 (10.0.19041.928)

CPU:total 8 (initial active 8) (4 cores per cpu, 2 threads per core) family 6 model 142 stepping 11, cmov, cx8, fxsr, mmx, sse, sse2, sse3, ssse3, sse4.1, sse4.2, popcnt, avx, avx2, aes, clmul, erms, 3dnowpref, lzcnt, ht, tsc, tscinvbit, bmi1, bmi2, adx, fma

Memory: 4k page, system-wide physical 8068M (469M free)
TotalPageFile size 12838M (AvailPageFile size 1762M)
current process WorkingSet (physical memory assigned to process): 247M, peak: 247M
current process commit charge ("private bytes"): 316M, peak: 316M

vm_info: Java HotSpot(TM) 64-Bit Server VM (11.0.7+8-LTS) for windows-amd64 JRE (11.0.7+8-LTS), built on Mar 12 2020 02:04:32 by "mach5one" with MS VC++ 15.5 (VS2017)

END.
