#
# A fatal error has been detected by the Java Runtime Environment:
#
#  EXCEPTION_ACCESS_VIOLATION (0xc0000005) at pc=0x00007ff988bd3949, pid=15412, tid=10756
#
# JRE version: Java(TM) SE Runtime Environment 18.9 (11.0.7+8) (build 11.0.7+8-LTS)
# Java VM: Java HotSpot(TM) 64-Bit Server VM 18.9 (11.0.7+8-LTS, mixed mode, tiered, compressed oops, g1 gc, windows-amd64)
# Problematic frame:
# V  [jvm.dll+0x6f3949]
#
# No core dump will be written. Minidumps are not enabled by default on client versions of Windows
#
# If you would like to submit a bug report, please visit:
#   https://bugreport.java.com/bugreport/crash.jsp
#

---------------  S U M M A R Y ------------

Command Line: -Dcom.sun.management.jmxremote -Dcom.sun.management.jmxremote.port=52626 -Dcom.sun.management.jmxremote.authenticate=false -Dcom.sun.management.jmxremote.ssl=false -Djava.rmi.server.hostname=localhost -Dspring.jmx.enabled=true -Dspring.application.admin.enabled=true -Xverify:none -XX:TieredStopAtLevel=1 -Dspring.boot.project.name=cursomc1 -Dfile.encoding=UTF-8 com.nelioalves.cursomc.CursomcApplication --spring.profiles.active=prod --spring.output.ansi.enabled=always

Host: Intel(R) Core(TM) i5-8265U CPU @ 1.60GHz, 8 cores, 7G,  Windows 10 , 64 bit Build 18362 (10.0.18362.1110)
Time: Sun Jan  3 21:33:16 2021 Hora oficial do Brasil elapsed time: 0 seconds (0d 0h 0m 0s)

---------------  T H R E A D  ---------------

Current thread (0x000002435556b000):  WatcherThread [stack: 0x000000463f300000,0x000000463f400000] [id=10756]

Stack: [0x000000463f300000,0x000000463f400000],  sp=0x000000463f3ff230,  free space=1020k
Native frames: (J=compiled Java code, j=interpreted, Vv=VM code, C=native code)
V  [jvm.dll+0x6f3949]
V  [jvm.dll+0x73fc7d]
V  [jvm.dll+0x765fe9]
V  [jvm.dll+0x75e875]
V  [jvm.dll+0x660b26]
C  [ucrtbase.dll+0x210b2]
C  [KERNEL32.DLL+0x17c24]
C  [ntdll.dll+0x6d4d1]


siginfo: EXCEPTION_ACCESS_VIOLATION (0xc0000005), reading address 0x0000000800000007


Register to memory mapping:

RIP=0x00007ff988bd3949 jvm.dll
RAX=0x0000024354543c40 points into unknown readable memory: 07 00 00 00 08 00 00 00
RBX=0x0 is NULL
RCX=0x0000000800000007 is an unknown value
RDX=0x0000000000000032 is an unknown value
RSP=0x000000463f3ff230 points into unknown readable memory: 00 b0 56 55 43 02 00 00
RBP=0x0000000000000002 is an unknown value
RSI=0x0000024354543a60 points into unknown readable memory: 20 f6 52 55 43 02 00 00
RDI=0x0 is NULL
R8 =0x0 is NULL
R9 =0x000002433d1b0b80 is at begin+0 in a stub
StubRoutines::atomic_cmpxchg_long [0x000002433d1b0b80, 0x000002433d1b0b89[ (9 bytes)
R10=0x00000000546c6148 is an unknown value
R11=0x000008ab48347c01 is an unknown value
R12=0x0 is NULL
R13=0x000002435556b000 points into unknown readable memory: 18 92 de 88 f9 7f 00 00
R14=0x0000000000000032 is an unknown value
R15=0x000002435542d660 points into unknown readable memory: 00 00 00 00 00 00 00 00


Registers:
RAX=0x0000024354543c40, RBX=0x0000000000000000, RCX=0x0000000800000007, RDX=0x0000000000000032
RSP=0x000000463f3ff230, RBP=0x0000000000000002, RSI=0x0000024354543a60, RDI=0x0000000000000000
R8 =0x0000000000000000, R9 =0x000002433d1b0b80, R10=0x00000000546c6148, R11=0x000008ab48347c01
R12=0x0000000000000000, R13=0x000002435556b000, R14=0x0000000000000032, R15=0x000002435542d660
RIP=0x00007ff988bd3949, EFLAGS=0x0000000000010202

Top of Stack: (sp=0x000000463f3ff230)
0x000000463f3ff230:   000002435556b000 000002435556b000
0x000000463f3ff240:   0003b61d6472b038 00007ff988b142d9
0x000000463f3ff250:   00007ff988f8abc8 00007ff988c1fc7d
0x000000463f3ff260:   0000000000000001 0000024334dc9de0
0x000000463f3ff270:   0000024334dc9de0 431bde82d7b634db
0x000000463f3ff280:   000002435542d660 0003b61d6472b038
0x000000463f3ff290:   0000024334dc9de0 00007ff988c45fe9
0x000000463f3ff2a0:   0000000000000001 0000000000000032
0x000000463f3ff2b0:   0000000000000032 0000000000000002
0x000000463f3ff2c0:   000000463f3ff360 0000000000000000
0x000000463f3ff2d0:   00007ff9ccd60000 00007ff9ccdd1e53
0x000000463f3ff2e0:   0000000000000000 00007ff9ccd60000
0x000000463f3ff2f0:   0000000000000000 000000463db40000
0x000000463f3ff300:   000002435556b000 0000000000000000
0x000000463f3ff310:   0000000000100000 000000463f3ff760
0x000000463f3ff320:   000000463f300000 00007ff988c3e875 

Instructions: (pc=0x00007ff988bd3949)
0x00007ff988bd3929:   20 48 8b 35 67 23 3b 00 33 db 48 8b 06 39 18 7e
0x00007ff988bd3939:   27 48 89 7c 24 30 8b fb 48 8b 40 18 48 8b 0c 07
0x00007ff988bd3949:   48 8b 01 ff 50 08 48 8b 06 48 8d 7f 08 ff c3 3b
0x00007ff988bd3959:   18 7c e5 48 8b 7c 24 30 48 8b 5c 24 38 48 83 c4 


Stack slot to memory mapping:
stack at sp + 0 slots: 0x000002435556b000 points into unknown readable memory: 18 92 de 88 f9 7f 00 00
stack at sp + 1 slots: 0x000002435556b000 points into unknown readable memory: 18 92 de 88 f9 7f 00 00
stack at sp + 2 slots: 0x0003b61d6472b038 is an unknown value
stack at sp + 3 slots: 0x00007ff988b142d9 jvm.dll
stack at sp + 4 slots: 0x00007ff988f8abc8 jvm.dll
stack at sp + 5 slots: 0x00007ff988c1fc7d jvm.dll
stack at sp + 6 slots: 0x0000000000000001 is an unknown value
stack at sp + 7 slots: 0x0000024334dc9de0 points into unknown readable memory: 01 00 00 00 00 00 00 00


---------------  P R O C E S S  ---------------

Threads class SMR info:
_java_thread_list=0x000002435552f7d0, length=12, elements={
0x0000024334dce800, 0x0000024353a91800, 0x00000243542a9000, 0x00000243542f6800,
0x00000243542f7000, 0x00000243542f9800, 0x00000243542fe800, 0x0000024353a4d000,
0x0000024354544800, 0x0000024355544800, 0x000002435554d000, 0x000002435556a800
}

Java Threads: ( => current thread )
  0x0000024334dce800 JavaThread "main" [_thread_in_native, id=4296, stack(0x000000463df00000,0x000000463e000000)]
  0x0000024353a91800 JavaThread "Reference Handler" daemon [_thread_blocked, id=16424, stack(0x000000463e600000,0x000000463e700000)]
  0x00000243542a9000 JavaThread "Finalizer" daemon [_thread_blocked, id=20268, stack(0x000000463e700000,0x000000463e800000)]
  0x00000243542f6800 JavaThread "Signal Dispatcher" daemon [_thread_blocked, id=12636, stack(0x000000463e800000,0x000000463e900000)]
  0x00000243542f7000 JavaThread "Attach Listener" daemon [_thread_blocked, id=12796, stack(0x000000463e900000,0x000000463ea00000)]
  0x00000243542f9800 JavaThread "C1 CompilerThread0" daemon [_thread_in_native, id=16796, stack(0x000000463ea00000,0x000000463eb00000)]
  0x00000243542fe800 JavaThread "Sweeper thread" daemon [_thread_blocked, id=9156, stack(0x000000463eb00000,0x000000463ec00000)]
  0x0000024353a4d000 JavaThread "Common-Cleaner" daemon [_thread_blocked, id=7456, stack(0x000000463ec00000,0x000000463ed00000)]
  0x0000024354544800 JavaThread "Service Thread" daemon [_thread_blocked, id=18908, stack(0x000000463ed00000,0x000000463ee00000)]
  0x0000024355544800 JavaThread "RMI TCP Accept-0" daemon [_thread_in_native, id=22088, stack(0x000000463f000000,0x000000463f100000)]
  0x000002435554d000 JavaThread "RMI TCP Accept-52626" daemon [_thread_in_native, id=15344, stack(0x000000463f100000,0x000000463f200000)]
  0x000002435556a800 JavaThread "RMI TCP Accept-0" daemon [_thread_in_native, id=8816, stack(0x000000463f200000,0x000000463f300000)]

Other Threads:
  0x0000024353a8d000 VMThread "VM Thread" [stack: 0x000000463e500000,0x000000463e600000] [id=19768]
=>0x000002435556b000 WatcherThread [stack: 0x000000463f300000,0x000000463f400000] [id=10756]
  0x0000024334de6800 GCTaskThread "GC Thread#0" [stack: 0x000000463e000000,0x000000463e100000] [id=17444]
  0x00000243554de800 GCTaskThread "GC Thread#1" [stack: 0x000000463ee00000,0x000000463ef00000] [id=8360]
  0x00000243554df800 GCTaskThread "GC Thread#2" [stack: 0x000000463ef00000,0x000000463f000000] [id=13532]
  0x0000024334e16000 ConcurrentGCThread "G1 Main Marker" [stack: 0x000000463e100000,0x000000463e200000] [id=1960]
  0x0000024334e18800 ConcurrentGCThread "G1 Conc#0" [stack: 0x000000463e200000,0x000000463e300000] [id=9312]
  0x0000024334e7e000 ConcurrentGCThread "G1 Refine#0" [stack: 0x000000463e300000,0x000000463e400000] [id=9796]
  0x00000243538dd800 ConcurrentGCThread "G1 Young RemSet Sampling" [stack: 0x000000463e400000,0x000000463e500000] [id=6716]

Threads with active compile tasks:

VM state:not at safepoint (normal execution)

VM Mutex/Monitor currently owned by a thread:  ([mutex/lock_event])
[0x0000024334dc9de0] PeriodicTask_lock - owner thread: 0x000002435556b000

Heap address: 0x0000000081e00000, size: 2018 MB, Compressed Oops mode: 32-bit
Narrow klass base: 0x0000000000000000, Narrow klass shift: 3
Compressed class space size: 1073741824 Address: 0x0000000100000000

Heap:
 garbage-first heap   total 131072K, used 22201K [0x0000000081e00000, 0x0000000100000000)
  region size 1024K, 4 young (4096K), 2 survivors (2048K)
 Metaspace       used 14699K, capacity 15106K, committed 15360K, reserved 1062912K
  class space    used 1579K, capacity 1721K, committed 1792K, reserved 1048576K
Heap Regions: E=young(eden), S=young(survivor), O=old, HS=humongous(starts), HC=humongous(continues), CS=collection set, F=free, A=archive, TAMS=top-at-mark-start (previous, next)
|   0|0x0000000081e00000, 0x0000000081f00000, 0x0000000081f00000|100%| O|  |TAMS 0x0000000081e00000, 0x0000000081e00000| Untracked 
|   1|0x0000000081f00000, 0x0000000082000000, 0x0000000082000000|100%| O|  |TAMS 0x0000000081f00000, 0x0000000081f00000| Untracked 
|   2|0x0000000082000000, 0x0000000082100000, 0x0000000082100000|100%| O|  |TAMS 0x0000000082000000, 0x0000000082000000| Untracked 
|   3|0x0000000082100000, 0x0000000082200000, 0x0000000082200000|100%| O|  |TAMS 0x0000000082100000, 0x0000000082100000| Untracked 
|   4|0x0000000082200000, 0x0000000082300000, 0x0000000082300000|100%| O|  |TAMS 0x0000000082200000, 0x0000000082200000| Untracked 
|   5|0x0000000082300000, 0x0000000082400000, 0x0000000082400000|100%| O|  |TAMS 0x0000000082300000, 0x0000000082300000| Untracked 
|   6|0x0000000082400000, 0x0000000082500000, 0x0000000082500000|100%| O|  |TAMS 0x0000000082400000, 0x0000000082400000| Untracked 
|   7|0x0000000082500000, 0x0000000082600000, 0x0000000082600000|100%| O|  |TAMS 0x0000000082500000, 0x0000000082500000| Untracked 
|   8|0x0000000082600000, 0x0000000082700000, 0x0000000082700000|100%| O|  |TAMS 0x0000000082600000, 0x0000000082600000| Untracked 
|   9|0x0000000082700000, 0x0000000082800000, 0x0000000082800000|100%| O|  |TAMS 0x0000000082700000, 0x0000000082700000| Untracked 
|  10|0x0000000082800000, 0x0000000082900000, 0x0000000082900000|100%| O|  |TAMS 0x0000000082800000, 0x0000000082800000| Untracked 
|  11|0x0000000082900000, 0x0000000082a00000, 0x0000000082a00000|100%| O|  |TAMS 0x0000000082900000, 0x0000000082900000| Untracked 
|  12|0x0000000082a00000, 0x0000000082b00000, 0x0000000082b00000|100%| O|  |TAMS 0x0000000082a00000, 0x0000000082a00000| Untracked 
|  13|0x0000000082b00000, 0x0000000082c00000, 0x0000000082c00000|100%| O|  |TAMS 0x0000000082b00000, 0x0000000082b00000| Untracked 
|  14|0x0000000082c00000, 0x0000000082d00000, 0x0000000082d00000|100%| O|  |TAMS 0x0000000082c00000, 0x0000000082c00000| Untracked 
|  15|0x0000000082d00000, 0x0000000082e00000, 0x0000000082e00000|100%| O|  |TAMS 0x0000000082d00000, 0x0000000082d00000| Untracked 
|  16|0x0000000082e00000, 0x0000000082f00000, 0x0000000082f00000|100%| O|  |TAMS 0x0000000082e00000, 0x0000000082e00000| Untracked 
|  17|0x0000000082f00000, 0x0000000083000000, 0x0000000083000000|100%| O|  |TAMS 0x0000000082f00000, 0x0000000082f00000| Untracked 
|  18|0x0000000083000000, 0x00000000830d5000, 0x0000000083100000| 83%| O|  |TAMS 0x0000000083000000, 0x0000000083000000| Untracked 
|  19|0x0000000083100000, 0x0000000083100000, 0x0000000083200000|  0%| F|  |TAMS 0x0000000083100000, 0x0000000083100000| Untracked 
|  20|0x0000000083200000, 0x0000000083200000, 0x0000000083300000|  0%| F|  |TAMS 0x0000000083200000, 0x0000000083200000| Untracked 
|  21|0x0000000083300000, 0x0000000083300000, 0x0000000083400000|  0%| F|  |TAMS 0x0000000083300000, 0x0000000083300000| Untracked 
|  22|0x0000000083400000, 0x0000000083400000, 0x0000000083500000|  0%| F|  |TAMS 0x0000000083400000, 0x0000000083400000| Untracked 
|  23|0x0000000083500000, 0x0000000083500000, 0x0000000083600000|  0%| F|  |TAMS 0x0000000083500000, 0x0000000083500000| Untracked 
|  24|0x0000000083600000, 0x0000000083600000, 0x0000000083700000|  0%| F|  |TAMS 0x0000000083600000, 0x0000000083600000| Untracked 
|  25|0x0000000083700000, 0x0000000083700000, 0x0000000083800000|  0%| F|  |TAMS 0x0000000083700000, 0x0000000083700000| Untracked 
|  26|0x0000000083800000, 0x0000000083800000, 0x0000000083900000|  0%| F|  |TAMS 0x0000000083800000, 0x0000000083800000| Untracked 
|  27|0x0000000083900000, 0x0000000083900000, 0x0000000083a00000|  0%| F|  |TAMS 0x0000000083900000, 0x0000000083900000| Untracked 
|  28|0x0000000083a00000, 0x0000000083a00000, 0x0000000083b00000|  0%| F|  |TAMS 0x0000000083a00000, 0x0000000083a00000| Untracked 
|  29|0x0000000083b00000, 0x0000000083b00000, 0x0000000083c00000|  0%| F|  |TAMS 0x0000000083b00000, 0x0000000083b00000| Untracked 
|  30|0x0000000083c00000, 0x0000000083c00000, 0x0000000083d00000|  0%| F|  |TAMS 0x0000000083c00000, 0x0000000083c00000| Untracked 
|  31|0x0000000083d00000, 0x0000000083d00000, 0x0000000083e00000|  0%| F|  |TAMS 0x0000000083d00000, 0x0000000083d00000| Untracked 
|  32|0x0000000083e00000, 0x0000000083e00000, 0x0000000083f00000|  0%| F|  |TAMS 0x0000000083e00000, 0x0000000083e00000| Untracked 
|  33|0x0000000083f00000, 0x0000000083f00000, 0x0000000084000000|  0%| F|  |TAMS 0x0000000083f00000, 0x0000000083f00000| Untracked 
|  34|0x0000000084000000, 0x0000000084000000, 0x0000000084100000|  0%| F|  |TAMS 0x0000000084000000, 0x0000000084000000| Untracked 
|  35|0x0000000084100000, 0x0000000084100000, 0x0000000084200000|  0%| F|  |TAMS 0x0000000084100000, 0x0000000084100000| Untracked 
|  36|0x0000000084200000, 0x0000000084200000, 0x0000000084300000|  0%| F|  |TAMS 0x0000000084200000, 0x0000000084200000| Untracked 
|  37|0x0000000084300000, 0x0000000084300000, 0x0000000084400000|  0%| F|  |TAMS 0x0000000084300000, 0x0000000084300000| Untracked 
|  38|0x0000000084400000, 0x0000000084400000, 0x0000000084500000|  0%| F|  |TAMS 0x0000000084400000, 0x0000000084400000| Untracked 
|  39|0x0000000084500000, 0x0000000084500000, 0x0000000084600000|  0%| F|  |TAMS 0x0000000084500000, 0x0000000084500000| Untracked 
|  40|0x0000000084600000, 0x0000000084600000, 0x0000000084700000|  0%| F|  |TAMS 0x0000000084600000, 0x0000000084600000| Untracked 
|  41|0x0000000084700000, 0x0000000084700000, 0x0000000084800000|  0%| F|  |TAMS 0x0000000084700000, 0x0000000084700000| Untracked 
|  42|0x0000000084800000, 0x0000000084800000, 0x0000000084900000|  0%| F|  |TAMS 0x0000000084800000, 0x0000000084800000| Untracked 
|  43|0x0000000084900000, 0x0000000084900000, 0x0000000084a00000|  0%| F|  |TAMS 0x0000000084900000, 0x0000000084900000| Untracked 
|  44|0x0000000084a00000, 0x0000000084a00000, 0x0000000084b00000|  0%| F|  |TAMS 0x0000000084a00000, 0x0000000084a00000| Untracked 
|  45|0x0000000084b00000, 0x0000000084b00000, 0x0000000084c00000|  0%| F|  |TAMS 0x0000000084b00000, 0x0000000084b00000| Untracked 
|  46|0x0000000084c00000, 0x0000000084c00000, 0x0000000084d00000|  0%| F|  |TAMS 0x0000000084c00000, 0x0000000084c00000| Untracked 
|  47|0x0000000084d00000, 0x0000000084d00000, 0x0000000084e00000|  0%| F|  |TAMS 0x0000000084d00000, 0x0000000084d00000| Untracked 
|  48|0x0000000084e00000, 0x0000000084e00000, 0x0000000084f00000|  0%| F|  |TAMS 0x0000000084e00000, 0x0000000084e00000| Untracked 
|  49|0x0000000084f00000, 0x0000000084f00000, 0x0000000085000000|  0%| F|  |TAMS 0x0000000084f00000, 0x0000000084f00000| Untracked 
|  50|0x0000000085000000, 0x0000000085000000, 0x0000000085100000|  0%| F|  |TAMS 0x0000000085000000, 0x0000000085000000| Untracked 
|  51|0x0000000085100000, 0x0000000085100000, 0x0000000085200000|  0%| F|  |TAMS 0x0000000085100000, 0x0000000085100000| Untracked 
|  52|0x0000000085200000, 0x0000000085200000, 0x0000000085300000|  0%| F|  |TAMS 0x0000000085200000, 0x0000000085200000| Untracked 
|  53|0x0000000085300000, 0x0000000085300000, 0x0000000085400000|  0%| F|  |TAMS 0x0000000085300000, 0x0000000085300000| Untracked 
|  54|0x0000000085400000, 0x0000000085400000, 0x0000000085500000|  0%| F|  |TAMS 0x0000000085400000, 0x0000000085400000| Untracked 
|  55|0x0000000085500000, 0x0000000085500000, 0x0000000085600000|  0%| F|  |TAMS 0x0000000085500000, 0x0000000085500000| Untracked 
|  56|0x0000000085600000, 0x0000000085600000, 0x0000000085700000|  0%| F|  |TAMS 0x0000000085600000, 0x0000000085600000| Untracked 
|  57|0x0000000085700000, 0x0000000085700000, 0x0000000085800000|  0%| F|  |TAMS 0x0000000085700000, 0x0000000085700000| Untracked 
|  58|0x0000000085800000, 0x0000000085800000, 0x0000000085900000|  0%| F|  |TAMS 0x0000000085800000, 0x0000000085800000| Untracked 
|  59|0x0000000085900000, 0x0000000085900000, 0x0000000085a00000|  0%| F|  |TAMS 0x0000000085900000, 0x0000000085900000| Untracked 
|  60|0x0000000085a00000, 0x0000000085a00000, 0x0000000085b00000|  0%| F|  |TAMS 0x0000000085a00000, 0x0000000085a00000| Untracked 
|  61|0x0000000085b00000, 0x0000000085b00000, 0x0000000085c00000|  0%| F|  |TAMS 0x0000000085b00000, 0x0000000085b00000| Untracked 
|  62|0x0000000085c00000, 0x0000000085c00000, 0x0000000085d00000|  0%| F|  |TAMS 0x0000000085c00000, 0x0000000085c00000| Untracked 
|  63|0x0000000085d00000, 0x0000000085d00000, 0x0000000085e00000|  0%| F|  |TAMS 0x0000000085d00000, 0x0000000085d00000| Untracked 
|  64|0x0000000085e00000, 0x0000000085e00000, 0x0000000085f00000|  0%| F|  |TAMS 0x0000000085e00000, 0x0000000085e00000| Untracked 
|  65|0x0000000085f00000, 0x0000000085f00000, 0x0000000086000000|  0%| F|  |TAMS 0x0000000085f00000, 0x0000000085f00000| Untracked 
|  66|0x0000000086000000, 0x0000000086000000, 0x0000000086100000|  0%| F|  |TAMS 0x0000000086000000, 0x0000000086000000| Untracked 
|  67|0x0000000086100000, 0x0000000086100000, 0x0000000086200000|  0%| F|  |TAMS 0x0000000086100000, 0x0000000086100000| Untracked 
|  68|0x0000000086200000, 0x0000000086200000, 0x0000000086300000|  0%| F|  |TAMS 0x0000000086200000, 0x0000000086200000| Untracked 
|  69|0x0000000086300000, 0x0000000086300000, 0x0000000086400000|  0%| F|  |TAMS 0x0000000086300000, 0x0000000086300000| Untracked 
|  70|0x0000000086400000, 0x0000000086400000, 0x0000000086500000|  0%| F|  |TAMS 0x0000000086400000, 0x0000000086400000| Untracked 
|  71|0x0000000086500000, 0x0000000086500000, 0x0000000086600000|  0%| F|  |TAMS 0x0000000086500000, 0x0000000086500000| Untracked 
|  72|0x0000000086600000, 0x0000000086600000, 0x0000000086700000|  0%| F|  |TAMS 0x0000000086600000, 0x0000000086600000| Untracked 
|  73|0x0000000086700000, 0x0000000086700000, 0x0000000086800000|  0%| F|  |TAMS 0x0000000086700000, 0x0000000086700000| Untracked 
|  74|0x0000000086800000, 0x0000000086800000, 0x0000000086900000|  0%| F|  |TAMS 0x0000000086800000, 0x0000000086800000| Untracked 
|  75|0x0000000086900000, 0x0000000086900000, 0x0000000086a00000|  0%| F|  |TAMS 0x0000000086900000, 0x0000000086900000| Untracked 
|  76|0x0000000086a00000, 0x0000000086a00000, 0x0000000086b00000|  0%| F|  |TAMS 0x0000000086a00000, 0x0000000086a00000| Untracked 
|  77|0x0000000086b00000, 0x0000000086b00000, 0x0000000086c00000|  0%| F|  |TAMS 0x0000000086b00000, 0x0000000086b00000| Untracked 
|  78|0x0000000086c00000, 0x0000000086c00000, 0x0000000086d00000|  0%| F|  |TAMS 0x0000000086c00000, 0x0000000086c00000| Untracked 
|  79|0x0000000086d00000, 0x0000000086d00000, 0x0000000086e00000|  0%| F|  |TAMS 0x0000000086d00000, 0x0000000086d00000| Untracked 
|  80|0x0000000086e00000, 0x0000000086e00000, 0x0000000086f00000|  0%| F|  |TAMS 0x0000000086e00000, 0x0000000086e00000| Untracked 
|  81|0x0000000086f00000, 0x0000000086f00000, 0x0000000087000000|  0%| F|  |TAMS 0x0000000086f00000, 0x0000000086f00000| Untracked 
|  82|0x0000000087000000, 0x0000000087000000, 0x0000000087100000|  0%| F|  |TAMS 0x0000000087000000, 0x0000000087000000| Untracked 
|  83|0x0000000087100000, 0x0000000087100000, 0x0000000087200000|  0%| F|  |TAMS 0x0000000087100000, 0x0000000087100000| Untracked 
|  84|0x0000000087200000, 0x0000000087200000, 0x0000000087300000|  0%| F|  |TAMS 0x0000000087200000, 0x0000000087200000| Untracked 
|  85|0x0000000087300000, 0x0000000087300000, 0x0000000087400000|  0%| F|  |TAMS 0x0000000087300000, 0x0000000087300000| Untracked 
|  86|0x0000000087400000, 0x0000000087400000, 0x0000000087500000|  0%| F|  |TAMS 0x0000000087400000, 0x0000000087400000| Untracked 
|  87|0x0000000087500000, 0x0000000087500000, 0x0000000087600000|  0%| F|  |TAMS 0x0000000087500000, 0x0000000087500000| Untracked 
|  88|0x0000000087600000, 0x0000000087600000, 0x0000000087700000|  0%| F|  |TAMS 0x0000000087600000, 0x0000000087600000| Untracked 
|  89|0x0000000087700000, 0x0000000087700000, 0x0000000087800000|  0%| F|  |TAMS 0x0000000087700000, 0x0000000087700000| Untracked 
|  90|0x0000000087800000, 0x0000000087800000, 0x0000000087900000|  0%| F|  |TAMS 0x0000000087800000, 0x0000000087800000| Untracked 
|  91|0x0000000087900000, 0x0000000087900000, 0x0000000087a00000|  0%| F|  |TAMS 0x0000000087900000, 0x0000000087900000| Untracked 
|  92|0x0000000087a00000, 0x0000000087a00000, 0x0000000087b00000|  0%| F|  |TAMS 0x0000000087a00000, 0x0000000087a00000| Untracked 
|  93|0x0000000087b00000, 0x0000000087b00000, 0x0000000087c00000|  0%| F|  |TAMS 0x0000000087b00000, 0x0000000087b00000| Untracked 
|  94|0x0000000087c00000, 0x0000000087c00000, 0x0000000087d00000|  0%| F|  |TAMS 0x0000000087c00000, 0x0000000087c00000| Untracked 
|  95|0x0000000087d00000, 0x0000000087d00000, 0x0000000087e00000|  0%| F|  |TAMS 0x0000000087d00000, 0x0000000087d00000| Untracked 
|  96|0x0000000087e00000, 0x0000000087e00000, 0x0000000087f00000|  0%| F|  |TAMS 0x0000000087e00000, 0x0000000087e00000| Untracked 
|  97|0x0000000087f00000, 0x0000000087f00000, 0x0000000088000000|  0%| F|  |TAMS 0x0000000087f00000, 0x0000000087f00000| Untracked 
|  98|0x0000000088000000, 0x0000000088000000, 0x0000000088100000|  0%| F|  |TAMS 0x0000000088000000, 0x0000000088000000| Untracked 
|  99|0x0000000088100000, 0x0000000088100000, 0x0000000088200000|  0%| F|  |TAMS 0x0000000088100000, 0x0000000088100000| Untracked 
| 100|0x0000000088200000, 0x0000000088200000, 0x0000000088300000|  0%| F|  |TAMS 0x0000000088200000, 0x0000000088200000| Untracked 
| 101|0x0000000088300000, 0x0000000088300000, 0x0000000088400000|  0%| F|  |TAMS 0x0000000088300000, 0x0000000088300000| Untracked 
| 102|0x0000000088400000, 0x0000000088400000, 0x0000000088500000|  0%| F|  |TAMS 0x0000000088400000, 0x0000000088400000| Untracked 
| 103|0x0000000088500000, 0x0000000088500000, 0x0000000088600000|  0%| F|  |TAMS 0x0000000088500000, 0x0000000088500000| Untracked 
| 104|0x0000000088600000, 0x0000000088600000, 0x0000000088700000|  0%| F|  |TAMS 0x0000000088600000, 0x0000000088600000| Untracked 
| 105|0x0000000088700000, 0x0000000088700000, 0x0000000088800000|  0%| F|  |TAMS 0x0000000088700000, 0x0000000088700000| Untracked 
| 106|0x0000000088800000, 0x0000000088800000, 0x0000000088900000|  0%| F|  |TAMS 0x0000000088800000, 0x0000000088800000| Untracked 
| 107|0x0000000088900000, 0x0000000088900000, 0x0000000088a00000|  0%| F|  |TAMS 0x0000000088900000, 0x0000000088900000| Untracked 
| 108|0x0000000088a00000, 0x0000000088a00000, 0x0000000088b00000|  0%| F|  |TAMS 0x0000000088a00000, 0x0000000088a00000| Untracked 
| 109|0x0000000088b00000, 0x0000000088b00000, 0x0000000088c00000|  0%| F|  |TAMS 0x0000000088b00000, 0x0000000088b00000| Untracked 
| 110|0x0000000088c00000, 0x0000000088c00000, 0x0000000088d00000|  0%| F|  |TAMS 0x0000000088c00000, 0x0000000088c00000| Untracked 
| 111|0x0000000088d00000, 0x0000000088d00000, 0x0000000088e00000|  0%| F|  |TAMS 0x0000000088d00000, 0x0000000088d00000| Untracked 
| 112|0x0000000088e00000, 0x0000000088ed95c0, 0x0000000088f00000| 84%| S|CS|TAMS 0x0000000088e00000, 0x0000000088e00000| Complete 
| 113|0x0000000088f00000, 0x0000000089000000, 0x0000000089000000|100%| S|CS|TAMS 0x0000000088f00000, 0x0000000088f00000| Complete 
| 114|0x0000000089000000, 0x0000000089000000, 0x0000000089100000|  0%| F|  |TAMS 0x0000000089000000, 0x0000000089000000| Untracked 
| 115|0x0000000089100000, 0x0000000089100000, 0x0000000089200000|  0%| F|  |TAMS 0x0000000089100000, 0x0000000089100000| Untracked 
| 116|0x0000000089200000, 0x0000000089200000, 0x0000000089300000|  0%| F|  |TAMS 0x0000000089200000, 0x0000000089200000| Untracked 
| 117|0x0000000089300000, 0x0000000089300000, 0x0000000089400000|  0%| F|  |TAMS 0x0000000089300000, 0x0000000089300000| Untracked 
| 118|0x0000000089400000, 0x0000000089400000, 0x0000000089500000|  0%| F|  |TAMS 0x0000000089400000, 0x0000000089400000| Untracked 
| 119|0x0000000089500000, 0x0000000089500000, 0x0000000089600000|  0%| F|  |TAMS 0x0000000089500000, 0x0000000089500000| Untracked 
| 120|0x0000000089600000, 0x0000000089600000, 0x0000000089700000|  0%| F|  |TAMS 0x0000000089600000, 0x0000000089600000| Untracked 
| 121|0x0000000089700000, 0x0000000089700000, 0x0000000089800000|  0%| F|  |TAMS 0x0000000089700000, 0x0000000089700000| Untracked 
| 122|0x0000000089800000, 0x0000000089800000, 0x0000000089900000|  0%| F|  |TAMS 0x0000000089800000, 0x0000000089800000| Untracked 
| 123|0x0000000089900000, 0x0000000089900000, 0x0000000089a00000|  0%| F|  |TAMS 0x0000000089900000, 0x0000000089900000| Untracked 
| 124|0x0000000089a00000, 0x0000000089a00000, 0x0000000089b00000|  0%| F|  |TAMS 0x0000000089a00000, 0x0000000089a00000| Untracked 
| 125|0x0000000089b00000, 0x0000000089b00000, 0x0000000089c00000|  0%| F|  |TAMS 0x0000000089b00000, 0x0000000089b00000| Untracked 
| 126|0x0000000089c00000, 0x0000000089caf1c8, 0x0000000089d00000| 68%| E|  |TAMS 0x0000000089c00000, 0x0000000089c00000| Complete 
| 127|0x0000000089d00000, 0x0000000089e00000, 0x0000000089e00000|100%| E|CS|TAMS 0x0000000089d00000, 0x0000000089d00000| Complete 

Card table byte_map: [0x000002434c8f0000,0x000002434ccf0000] _byte_map_base: 0x000002434c4e1000

Marking Bits (Prev, Next): (CMBitMap*) 0x0000024334e0d6c8, (CMBitMap*) 0x0000024334e0d700
 Prev Bits: [0x000002434d0f0000, 0x000002434f078000)
 Next Bits: [0x000002434f080000, 0x0000024351008000)

Polling page: 0x0000024334580000

Metaspace:

Usage:
  Non-class:     13.07 MB capacity,    12.81 MB ( 98%) used,   229.95 KB (  2%) free+waste,    35.19 KB ( <1%) overhead. 
      Class:      1.68 MB capacity,     1.54 MB ( 92%) used,   124.45 KB (  7%) free+waste,    17.19 KB ( <1%) overhead. 
       Both:     14.75 MB capacity,    14.35 MB ( 97%) used,   354.39 KB (  2%) free+waste,    52.38 KB ( <1%) overhead. 

Virtual space:
  Non-class space:       14.00 MB reserved,      13.25 MB ( 95%) committed 
      Class space:        1.00 GB reserved,       1.75 MB ( <1%) committed 
             Both:        1.01 GB reserved,      15.00 MB (  1%) committed 

Chunk freelists:
   Non-Class:  6.88 KB
       Class:  896 bytes
        Both:  7.75 KB

CodeHeap 'non-profiled nmethods': size=238336Kb used=2084Kb max_used=2084Kb free=236251Kb
 bounds [0x000002433d8f0000, 0x000002433db60000, 0x000002434c1b0000]
CodeHeap 'non-nmethods': size=7424Kb used=1112Kb max_used=1112Kb free=6311Kb
 bounds [0x000002433d1b0000, 0x000002433d420000, 0x000002433d8f0000]
 total_blobs=1822 nmethods=1390 adapters=342
 compilation: enabled
              stopped_count=0, restarted_count=0
 full_count=0

Compilation events (10 events):
Event: 0.759 Thread 0x00000243542f9800 nmethod 1253 0x000002433daae890 code [0x000002433daaea40, 0x000002433daaed20]
Event: 0.759 Thread 0x00000243542f9800 1254       1       sun.util.locale.LanguageTag::parseExtlangs (114 bytes)
Event: 0.759 Thread 0x00000243542f9800 nmethod 1254 0x000002433daaee90 code [0x000002433daaf080, 0x000002433daaf4c0]
Event: 0.759 Thread 0x00000243542f9800 1255       1       sun.util.locale.LanguageTag::parseScript (55 bytes)
Event: 0.759 Thread 0x00000243542f9800 nmethod 1255 0x000002433daaf710 code [0x000002433daaf8c0, 0x000002433daafb80]
Event: 0.759 Thread 0x00000243542f9800 1257       1       sun.util.locale.LanguageTag::parseRegion (55 bytes)
Event: 0.759 Thread 0x00000243542f9800 nmethod 1257 0x000002433daafd10 code [0x000002433daafec0, 0x000002433dab0100]
Event: 0.759 Thread 0x00000243542f9800 1259       1       sun.util.locale.LanguageTag::parseExtensions (208 bytes)
Event: 0.760 Thread 0x00000243542f9800 nmethod 1259 0x000002433dab0210 code [0x000002433dab04e0, 0x000002433dab0f60]
Event: 0.760 Thread 0x00000243542f9800 1260       1       sun.util.locale.LanguageTag::parsePrivateuse (144 bytes)

GC Heap History (2 events):
Event: 0.431 GC heap before
{Heap before GC invocations=0 (full 0):
 garbage-first heap   total 131072K, used 23552K [0x0000000081e00000, 0x0000000100000000)
  region size 1024K, 24 young (24576K), 0 survivors (0K)
 Metaspace       used 8331K, capacity 8475K, committed 8576K, reserved 1056768K
  class space    used 823K, capacity 872K, committed 896K, reserved 1048576K
}
Event: 0.440 GC heap after
{Heap after GC invocations=1 (full 0):
 garbage-first heap   total 131072K, used 19338K [0x0000000081e00000, 0x0000000100000000)
  region size 1024K, 3 young (3072K), 3 survivors (3072K)
 Metaspace       used 8331K, capacity 8475K, committed 8576K, reserved 1056768K
  class space    used 823K, capacity 872K, committed 896K, reserved 1048576K
}

Deoptimization events (0 events):
No events

Classes redefined (0 events):
No events

Internal exceptions (10 events):
Event: 0.500 Thread 0x0000024334dce800 Exception <a 'java/lang/NoSuchMethodError'{0x0000000089cfe888}: java.lang.invoke.DirectMethodHandle$Holder.invokeStaticInit(Ljava/lang/Object;IIII)Ljava/lang/Object;> (0x0000000089cfe888) thrown at [./open/src/hotspot/share/interpreter/linkResolver.cpp, l
Event: 0.645 Thread 0x0000024334dce800 Exception <a 'java/lang/NoSuchMethodError'{0x0000000089b3a088}: java.lang.invoke.DirectMethodHandle$Holder.invokeStatic(Ljava/lang/Object;Ljava/lang/Object;IIII)Ljava/lang/Object;> (0x0000000089b3a088) thrown at [./open/src/hotspot/share/interpreter/linkR
Event: 0.645 Thread 0x0000024334dce800 Exception <a 'java/lang/NoSuchMethodError'{0x0000000089b3d3d0}: java.lang.invoke.DirectMethodHandle$Holder.invokeStaticInit(Ljava/lang/Object;Ljava/lang/Object;IIII)Ljava/lang/Object;> (0x0000000089b3d3d0) thrown at [./open/src/hotspot/share/interpreter/l
Event: 0.651 Thread 0x0000024334dce800 Exception <a 'java/lang/ClassNotFoundException'{0x0000000089b5ab80}: javax/management/remote/rmi/RMIServerImpl_Skel> (0x0000000089b5ab80) thrown at [./open/src/hotspot/share/classfile/systemDictionary.cpp, line 228]
Event: 0.673 Thread 0x0000024334dce800 Exception <a 'java/lang/ClassNotFoundException'{0x0000000089a10c70}: jdk/internal/agent/resources/spi/agentProvider> (0x0000000089a10c70) thrown at [./open/src/hotspot/share/classfile/systemDictionary.cpp, line 228]
Event: 0.677 Thread 0x0000024334dce800 Exception <a 'java/lang/NoSuchMethodError'{0x0000000089a66560}: java.lang.invoke.DirectMethodHandle$Holder.invokeStatic(Ljava/lang/Object;Ljava/lang/Object;Ljava/lang/Object;Ljava/lang/Object;Ljava/lang/Object;Ljava/lang/Object;Ljava/lang/Object;Ljava/lan
Event: 0.677 Thread 0x0000024334dce800 Exception <a 'java/lang/NoSuchMethodError'{0x0000000089a72d80}: java.lang.invoke.DirectMethodHandle$Holder.invokeStatic(Ljava/lang/Object;Ljava/lang/Object;Ljava/lang/Object;Ljava/lang/Object;Ljava/lang/Object;Ljava/lang/Object;Ljava/lang/Object;Ljava/lan
Event: 0.678 Thread 0x0000024334dce800 Exception <a 'java/lang/NoSuchMethodError'{0x0000000089a8c858}: java.lang.invoke.DelegatingMethodHandle$Holder.reinvoke_L(Ljava/lang/Object;ILjava/lang/Object;)Ljava/lang/Object;> (0x0000000089a8c858) thrown at [./open/src/hotspot/share/interpreter/linkRe
Event: 0.732 Thread 0x0000024334dce800 Exception <a 'java/lang/ClassNotFoundException'{0x00000000896886d8}: javax/smartcardio/CardPermission> (0x00000000896886d8) thrown at [./open/src/hotspot/share/classfile/systemDictionary.cpp, line 228]
Event: 0.733 Thread 0x0000024334dce800 Exception <a 'java/io/FileNotFoundException'{0x0000000089692a90}> (0x0000000089692a90) thrown at [./open/src/hotspot/share/prims/jni.cpp, line 611]

Events (10 events):
Event: 0.759 loading class ch/qos/logback/core/util/StatusPrinter
Event: 0.759 loading class ch/qos/logback/core/util/StatusPrinter done
Event: 0.760 loading class ch/qos/logback/classic/selector/DefaultContextSelector
Event: 0.760 loading class ch/qos/logback/classic/selector/DefaultContextSelector done
Event: 0.760 loading class ch/qos/logback/classic/selector/ContextSelector
Event: 0.760 loading class ch/qos/logback/classic/selector/ContextSelector done
Event: 0.760 loading class ch/qos/logback/classic/util/LoggerNameUtil
Event: 0.760 loading class ch/qos/logback/classic/util/LoggerNameUtil done
Event: 0.760 loading class org/springframework/boot/Banner$Mode
Event: 0.760 loading class org/springframework/boot/Banner$Mode done


Dynamic libraries:
0x00007ff619310000 - 0x00007ff619357000 	C:\Program Files\Java\jdk-11.0.7\bin\javaw.exe
0x00007ff9ccd60000 - 0x00007ff9ccf50000 	C:\Windows\SYSTEM32\ntdll.dll
0x00007ff9cbe00000 - 0x00007ff9cbeb2000 	C:\Windows\System32\KERNEL32.DLL
0x00007ff9ca7d0000 - 0x00007ff9caa75000 	C:\Windows\System32\KERNELBASE.dll
0x00007ff9c46c0000 - 0x00007ff9c474f000 	C:\Windows\SYSTEM32\apphelp.dll
0x00007ff9cb830000 - 0x00007ff9cb8d3000 	C:\Windows\System32\ADVAPI32.dll
0x00007ff9cbec0000 - 0x00007ff9cbf5e000 	C:\Windows\System32\msvcrt.dll
0x00007ff9ccc80000 - 0x00007ff9ccd17000 	C:\Windows\System32\sechost.dll
0x00007ff9cc350000 - 0x00007ff9cc470000 	C:\Windows\System32\RPCRT4.dll
0x00007ff9cc9b0000 - 0x00007ff9ccb44000 	C:\Windows\System32\USER32.dll
0x00007ff9c9e10000 - 0x00007ff9c9e31000 	C:\Windows\System32\win32u.dll
0x00007ff9cc2a0000 - 0x00007ff9cc2c6000 	C:\Windows\System32\GDI32.dll
0x00007ff9caa80000 - 0x00007ff9cac16000 	C:\Windows\System32\gdi32full.dll
0x00007ff9cad70000 - 0x00007ff9cae0e000 	C:\Windows\System32\msvcp_win.dll
0x00007ff9cac50000 - 0x00007ff9cad4a000 	C:\Windows\System32\ucrtbase.dll
0x00007ff9adf40000 - 0x00007ff9ae1c4000 	C:\Windows\WinSxS\amd64_microsoft.windows.common-controls_6595b64144ccf1df_6.0.18362.1198_none_9e820b57e45ad92f\COMCTL32.dll
0x00007ff9c02e0000 - 0x00007ff9c02ea000 	C:\Windows\SYSTEM32\VERSION.dll
0x00007ff9cc610000 - 0x00007ff9cc945000 	C:\Windows\System32\combase.dll
0x00007ff9c9d90000 - 0x00007ff9c9e10000 	C:\Windows\System32\bcryptPrimitives.dll
0x00007ff9caf50000 - 0x00007ff9caf7e000 	C:\Windows\System32\IMM32.DLL
0x00007ff9c2030000 - 0x00007ff9c2046000 	C:\Program Files\Java\jdk-11.0.7\bin\vcruntime140.dll
0x00007ff9ae790000 - 0x00007ff9ae83a000 	C:\Program Files\Java\jdk-11.0.7\bin\msvcp140.dll
0x00007ff9884e0000 - 0x00007ff989041000 	C:\Program Files\Java\jdk-11.0.7\bin\server\jvm.dll
0x00007ff9cc4e0000 - 0x00007ff9cc4e8000 	C:\Windows\System32\PSAPI.DLL
0x00007ff9c1fd0000 - 0x00007ff9c1fd9000 	C:\Windows\SYSTEM32\WSOCK32.dll
0x00007ff9c45a0000 - 0x00007ff9c45c4000 	C:\Windows\SYSTEM32\WINMM.dll
0x00007ff9cc470000 - 0x00007ff9cc4df000 	C:\Windows\System32\WS2_32.dll
0x00007ff9c44c0000 - 0x00007ff9c44ed000 	C:\Windows\SYSTEM32\WINMMBASE.dll
0x00007ff9c9ff0000 - 0x00007ff9ca03a000 	C:\Windows\System32\cfgmgr32.dll
0x00007ff9c9c20000 - 0x00007ff9c9c31000 	C:\Windows\System32\kernel.appcore.dll
0x00007ff98d5c0000 - 0x00007ff98d5d1000 	C:\Program Files\Java\jdk-11.0.7\bin\verify.dll
0x00007ff9c8550000 - 0x00007ff9c8744000 	C:\Windows\SYSTEM32\DBGHELP.DLL
0x00007ff9bf920000 - 0x00007ff9bf94a000 	C:\Windows\SYSTEM32\dbgcore.DLL
0x00007ff98d590000 - 0x00007ff98d5b9000 	C:\Program Files\Java\jdk-11.0.7\bin\java.dll
0x00007ff9af1e0000 - 0x00007ff9af1ea000 	C:\Program Files\Java\jdk-11.0.7\bin\jimage.dll
0x00007ff98d570000 - 0x00007ff98d586000 	C:\Program Files\Java\jdk-11.0.7\bin\zip.dll
0x00007ff9cb140000 - 0x00007ff9cb827000 	C:\Windows\System32\SHELL32.dll
0x00007ff9cc560000 - 0x00007ff9cc609000 	C:\Windows\System32\shcore.dll
0x00007ff9ca040000 - 0x00007ff9ca7c1000 	C:\Windows\System32\windows.storage.dll
0x00007ff9c9cb0000 - 0x00007ff9c9cd3000 	C:\Windows\System32\profapi.dll
0x00007ff9c9c40000 - 0x00007ff9c9c8a000 	C:\Windows\System32\powrprof.dll
0x00007ff9c9c10000 - 0x00007ff9c9c20000 	C:\Windows\System32\UMPDC.dll
0x00007ff9ccc20000 - 0x00007ff9ccc72000 	C:\Windows\System32\shlwapi.dll
0x00007ff9cad50000 - 0x00007ff9cad67000 	C:\Windows\System32\cryptsp.dll
0x00007ff98d550000 - 0x00007ff98d569000 	C:\Program Files\Java\jdk-11.0.7\bin\net.dll
0x00007ff9bda00000 - 0x00007ff9bdaf0000 	C:\Windows\SYSTEM32\WINHTTP.dll
0x00007ff9c9400000 - 0x00007ff9c9467000 	C:\Windows\system32\mswsock.dll
0x00007ff98d530000 - 0x00007ff98d543000 	C:\Program Files\Java\jdk-11.0.7\bin\nio.dll
0x00007ff9a43a0000 - 0x00007ff9a43a9000 	C:\Program Files\Java\jdk-11.0.7\bin\management.dll
0x00007ff9a0360000 - 0x00007ff9a036c000 	C:\Program Files\Java\jdk-11.0.7\bin\management_ext.dll
0x00007ff9a81a0000 - 0x00007ff9a81b6000 	C:\Windows\system32\napinsp.dll
0x00007ff9a80a0000 - 0x00007ff9a80ba000 	C:\Windows\system32\pnrpnsp.dll
0x00007ff9c9150000 - 0x00007ff9c921b000 	C:\Windows\SYSTEM32\DNSAPI.dll
0x00007ff9cc4f0000 - 0x00007ff9cc4f8000 	C:\Windows\System32\NSI.dll
0x00007ff9c9110000 - 0x00007ff9c914a000 	C:\Windows\SYSTEM32\IPHLPAPI.DLL
0x00007ff9a8090000 - 0x00007ff9a809e000 	C:\Windows\System32\winrnr.dll
0x00007ff9c0ae0000 - 0x00007ff9c0afc000 	C:\Windows\system32\NLAapi.dll
0x00007ff9a8070000 - 0x00007ff9a8085000 	C:\Windows\system32\wshbth.dll
0x00007ff9bd360000 - 0x00007ff9bd36a000 	C:\Windows\System32\rasadhlp.dll
0x00007ff9c0000000 - 0x00007ff9c0077000 	C:\Windows\System32\fwpuclnt.dll
0x00007ff9cac20000 - 0x00007ff9cac46000 	C:\Windows\System32\bcrypt.dll
0x00007ff9c8f70000 - 0x00007ff9c8fa3000 	C:\Windows\system32\rsaenh.dll
0x00007ff9c9af0000 - 0x00007ff9c9b15000 	C:\Windows\SYSTEM32\USERENV.dll
0x00007ff9c95d0000 - 0x00007ff9c95dc000 	C:\Windows\SYSTEM32\CRYPTBASE.dll
0x00007ff9c0910000 - 0x00007ff9c0926000 	C:\Windows\SYSTEM32\dhcpcsvc6.DLL
0x00007ff9c0f00000 - 0x00007ff9c0f1c000 	C:\Windows\SYSTEM32\dhcpcsvc.DLL

dbghelp: loaded successfully - version: 4.0.5 - missing functions: none
symbol engine: initialized successfully - sym options: 0x614 - pdb path: .;C:\Program Files\Java\jdk-11.0.7\bin;C:\Windows\SYSTEM32;C:\Windows\WinSxS\amd64_microsoft.windows.common-controls_6595b64144ccf1df_6.0.18362.1198_none_9e820b57e45ad92f;C:\Program Files\Java\jdk-11.0.7\bin\server

VM Arguments:
jvm_args: -Dcom.sun.management.jmxremote -Dcom.sun.management.jmxremote.port=52626 -Dcom.sun.management.jmxremote.authenticate=false -Dcom.sun.management.jmxremote.ssl=false -Djava.rmi.server.hostname=localhost -Dspring.jmx.enabled=true -Dspring.application.admin.enabled=true -Xverify:none -XX:TieredStopAtLevel=1 -Dspring.boot.project.name=cursomc1 -Dfile.encoding=UTF-8 
java_command: com.nelioalves.cursomc.CursomcApplication --spring.profiles.active=prod --spring.output.ansi.enabled=always
java_class_path (initial): C:\Users\josea\Documents\workspace-spring-tool-suite-4-4.6.1.RELEASE\cursomc1\target\classes;C:\Users\josea\.m2\repository\org\springframework\boot\spring-boot-starter-web\2.0.0.RELEASE\spring-boot-starter-web-2.0.0.RELEASE.jar;C:\Users\josea\.m2\repository\org\springframework\boot\spring-boot-starter\2.0.0.RELEASE\spring-boot-starter-2.0.0.RELEASE.jar;C:\Users\josea\.m2\repository\org\springframework\boot\spring-boot-starter-logging\2.0.0.RELEASE\spring-boot-starter-logging-2.0.0.RELEASE.jar;C:\Users\josea\.m2\repository\ch\qos\logback\logback-classic\1.2.3\logback-classic-1.2.3.jar;C:\Users\josea\.m2\repository\ch\qos\logback\logback-core\1.2.3\logback-core-1.2.3.jar;C:\Users\josea\.m2\repository\org\apache\logging\log4j\log4j-to-slf4j\2.10.0\log4j-to-slf4j-2.10.0.jar;C:\Users\josea\.m2\repository\org\apache\logging\log4j\log4j-api\2.10.0\log4j-api-2.10.0.jar;C:\Users\josea\.m2\repository\org\slf4j\jul-to-slf4j\1.7.25\jul-to-slf4j-1.7.25.jar;C:\Users\josea\.m2\repository\javax\annotation\javax.annotation-api\1.3.2\javax.annotation-api-1.3.2.jar;C:\Users\josea\.m2\repository\org\yaml\snakeyaml\1.19\snakeyaml-1.19.jar;C:\Users\josea\.m2\repository\org\springframework\boot\spring-boot-starter-json\2.0.0.RELEASE\spring-boot-starter-json-2.0.0.RELEASE.jar;C:\Users\josea\.m2\repository\com\fasterxml\jackson\datatype\jackson-datatype-jdk8\2.9.4\jackson-datatype-jdk8-2.9.4.jar;C:\Users\josea\.m2\repository\com\fasterxml\jackson\datatype\jackson-datatype-jsr310\2.9.4\jackson-datatype-jsr310-2.9.4.jar;C:\Users\josea\.m2\repository\com\fasterxml\jackson\module\jackson-module-parameter-names\2.9.4\jackson-module-parameter-names-2.9.4.jar;C:\Users\josea\.m2\repository\org\springframework\boot\spring-boot-starter-tomcat\2.0.0.RELEASE\spring-boot-starter-tomcat-2.0.0.RELEASE.jar;C:\Users\josea\.m2\repository\org\apache\tomcat\embed\tomcat-embed-core\8.5.28\tomcat-embed-core-8.5.28.jar;C:\Users\josea\.m2\repository\org\apache\tomcat\embed\tomcat-embed
Launcher Type: SUN_STANDARD

[Global flags]
     bool BytecodeVerificationLocal                = false                                     {product} {command line}
     bool BytecodeVerificationRemote               = false                                     {product} {command line}
     intx CICompilerCount                          = 4                                         {product} {ergonomic}
     uint ConcGCThreads                            = 2                                         {product} {ergonomic}
     uint G1ConcRefinementThreads                  = 8                                         {product} {ergonomic}
   size_t G1HeapRegionSize                         = 1048576                                   {product} {ergonomic}
    uintx GCDrainStackTargetSize                   = 64                                        {product} {ergonomic}
   size_t InitialHeapSize                          = 134217728                                 {product} {ergonomic}
     bool ManagementServer                         = true                                      {product} {command line}
   size_t MarkStackSize                            = 4194304                                   {product} {ergonomic}
   size_t MaxHeapSize                              = 2116026368                                {product} {ergonomic}
   size_t MaxNewSize                               = 1268776960                                {product} {ergonomic}
   size_t MinHeapDeltaBytes                        = 1048576                                   {product} {ergonomic}
    uintx NonNMethodCodeHeapSize                   = 7549744                                {pd product} {ergonomic}
    uintx NonProfiledCodeHeapSize                  = 244108496                              {pd product} {ergonomic}
    uintx ProfiledCodeHeapSize                     = 0                                      {pd product} {ergonomic}
    uintx ReservedCodeCacheSize                    = 251658240                              {pd product} {ergonomic}
     bool SegmentedCodeCache                       = true                                      {product} {ergonomic}
     intx TieredStopAtLevel                        = 1                                         {product} {command line}
     bool UseCompressedClassPointers               = true                                 {lp64_product} {ergonomic}
     bool UseCompressedOops                        = true                                 {lp64_product} {ergonomic}
     bool UseG1GC                                  = true                                      {product} {ergonomic}
     bool UseLargePagesIndividualAllocation        = false                                  {pd product} {ergonomic}

Logging:
Log output configuration:
 #0: stdout all=warning uptime,level,tags
 #1: stderr all=off uptime,level,tags

Environment Variables:
JAVA_HOME=C:\Program Files\Java\jdk-11.0.7
PATH=C:/Program Files/Java/jdk-11.0.7/bin/server;C:/Program Files/Java/jdk-11.0.7/bin;C:\Windows\system32;C:\Windows;C:\Windows\System32\Wbem;C:\Windows\System32\WindowsPowerShell\v1.0\;C:\Windows\System32\OpenSSH\;C:\Program Files\Intel\WiFi\bin\;C:\Program Files\Common Files\Intel\WirelessCommon\;C:\Program Files (x86)\Intel\Intel(R) Management Engine Components\DAL;C:\Program Files\Intel\Intel(R) Management Engine Components\DAL;C:\Program Files (x86)\Microsoft SQL Server\100\Tools\Binn\;C:\Program Files\Microsoft SQL Server\100\Tools\Binn\;C:\Program Files\Microsoft SQL Server\100\DTS\Binn\;C:\Program Files (x86)\Microsoft SQL Server\100\Tools\Binn\VSShell\Common7\IDE\;C:\Program Files (x86)\Microsoft Visual Studio 9.0\Common7\IDE\PrivateAssemblies\;C:\Program Files (x86)\Microsoft SQL Server\100\DTS\Binn\;C:\Program Files\Java\jdk-11.0.7\bin;C:\Android\SDK\tools;C:\Android\SDK\platform-tools;C:\Program Files\nodejs\;C:\Program Files (x86)\gradle-6.2.2\bin;C:\apache-ant-1.10.7\bin;C:\Users\josea\AppData\Local\Microsoft\WindowsApps;C:\Users\josea\AppData\Roaming\npm;C:\Users\josea\AppData\Local\Programs\Microsoft VS Code\bin;C:\sts-4.6.1.RELEASE;
USERNAME=josea
OS=Windows_NT
PROCESSOR_IDENTIFIER=Intel64 Family 6 Model 142 Stepping 11, GenuineIntel



---------------  S Y S T E M  ---------------

OS: Windows 10 , 64 bit Build 18362 (10.0.18362.1110)

CPU:total 8 (initial active 8) (4 cores per cpu, 2 threads per core) family 6 model 142 stepping 11, cmov, cx8, fxsr, mmx, sse, sse2, sse3, ssse3, sse4.1, sse4.2, popcnt, avx, avx2, aes, clmul, erms, 3dnowpref, lzcnt, ht, tsc, tscinvbit, bmi1, bmi2, adx, fma

Memory: 4k page, system-wide physical 8068M (1752M free)
TotalPageFile size 13553M (AvailPageFile size 3548M)
current process WorkingSet (physical memory assigned to process): 100M, peak: 100M
current process commit charge ("private bytes"): 231M, peak: 231M

vm_info: Java HotSpot(TM) 64-Bit Server VM (11.0.7+8-LTS) for windows-amd64 JRE (11.0.7+8-LTS), built on Mar 12 2020 02:04:32 by "mach5one" with MS VC++ 15.5 (VS2017)

END.
