#
# A fatal error has been detected by the Java Runtime Environment:
#
#  EXCEPTION_ACCESS_VIOLATION (0xc0000005) at pc=0x00007ffd799aa8c5, pid=19944, tid=13784
#
# JRE version: Java(TM) SE Runtime Environment 18.9 (11.0.7+8) (build 11.0.7+8-LTS)
# Java VM: Java HotSpot(TM) 64-Bit Server VM 18.9 (11.0.7+8-LTS, mixed mode, tiered, compressed oops, g1 gc, windows-amd64)
# Problematic frame:
# V  [jvm.dll+0x68a8c5]
#
# No core dump will be written. Minidumps are not enabled by default on client versions of Windows
#
# If you would like to submit a bug report, please visit:
#   https://bugreport.java.com/bugreport/crash.jsp
#

---------------  S U M M A R Y ------------

Command Line: -Dcom.sun.management.jmxremote -Dcom.sun.management.jmxremote.port=64225 -Dcom.sun.management.jmxremote.authenticate=false -Dcom.sun.management.jmxremote.ssl=false -Djava.rmi.server.hostname=localhost -Dspring.jmx.enabled=true -Dspring.application.admin.enabled=true -Xverify:none -XX:TieredStopAtLevel=1 -Dspring.boot.project.name=cursomc1 -Dfile.encoding=UTF-8 com.nelioalves.cursomc.CursomcApplication --spring.profiles.active=test --spring.output.ansi.enabled=always

Host: Intel(R) Core(TM) i5-8265U CPU @ 1.60GHz, 8 cores, 7G,  Windows 10 , 64 bit Build 19041 (10.0.19041.1023)
Time: Mon Jun 21 18:31:01 2021 Hora oficial do Brasil elapsed time: 1 seconds (0d 0h 0m 1s)

---------------  T H R E A D  ---------------

Current thread (0x0000018d6f216800):  WatcherThread [stack: 0x0000002e9eb00000,0x0000002e9ec00000] [id=13784]

Stack: [0x0000002e9eb00000,0x0000002e9ec00000],  sp=0x0000002e9ebff9b0,  free space=1022k
Native frames: (J=compiled Java code, j=interpreted, Vv=VM code, C=native code)
V  [jvm.dll+0x68a8c5]
V  [jvm.dll+0x6f394f]
V  [jvm.dll+0x73fc7d]
V  [jvm.dll+0x765fe9]
V  [jvm.dll+0x75e875]
V  [jvm.dll+0x660b26]
C  [ucrtbase.dll+0x21bb2]
C  [KERNEL32.DLL+0x17034]
C  [ntdll.dll+0x52651]


siginfo: EXCEPTION_ACCESS_VIOLATION (0xc0000005), reading address 0x000000100000000f


Register to memory mapping:

RIP=0x00007ffd799aa8c5 jvm.dll
RAX=0x000000100000000f is an unknown value
RBX=0x0000018d6f1bab80 points into unknown readable memory: 80 bb c1 79 fd 7f 00 00
RCX=0x0000018d6f1cc9a0 points into unknown readable memory: 0f 00 00 00 10 00 00 00
RDX=0x000000000000003a is an unknown value
RSP=0x0000002e9ebff9b0 points into unknown readable memory: 20 ad 92 4e 8d 01 00 00
RBP=0x0000000000000002 is an unknown value
RSI=0x0000018d6f1cc860 points into unknown readable memory: 60 6f 29 6f 8d 01 00 00
RDI=0x0 is NULL
R8 =0x0 is NULL
R9 =0x0000018d56d20b80 is at begin+0 in a stub
StubRoutines::atomic_cmpxchg_long [0x0000018d56d20b80, 0x0000018d56d20b89[ (9 bytes)
R10=0x00000000546c6148 is an unknown value
R11=0x000001e3e6891fde is an unknown value
R12=0x0 is NULL
R13=0x0000018d6f216800 points into unknown readable memory: 18 92 c2 79 fd 7f 00 00
R14=0x000000000000003a is an unknown value
R15=0x0000018d6e15cf20 points into unknown readable memory: 00 00 00 00 00 00 00 00


Registers:
RAX=0x000000100000000f, RBX=0x0000018d6f1bab80, RCX=0x0000018d6f1cc9a0, RDX=0x000000000000003a
RSP=0x0000002e9ebff9b0, RBP=0x0000000000000002, RSI=0x0000018d6f1cc860, RDI=0x0000000000000000
R8 =0x0000000000000000, R9 =0x0000018d56d20b80, R10=0x00000000546c6148, R11=0x000001e3e6891fde
R12=0x0000000000000000, R13=0x0000018d6f216800, R14=0x000000000000003a, R15=0x0000018d6e15cf20
RIP=0x00007ffd799aa8c5, EFLAGS=0x0000000000010206

Top of Stack: (sp=0x0000002e9ebff9b0)
0x0000002e9ebff9b0:   0000018d4e92ad20 0000000000000ba0
0x0000002e9ebff9c0:   0000000000000001 00007ffd79953850
0x0000002e9ebff9d0:   0000000000000000 00007ffd79a1394f
0x0000002e9ebff9e0:   0000018d6f216800 0000018d6f216800
0x0000002e9ebff9f0:   0000ddc05c774f5c 00007ffd799542d9
0x0000002e9ebffa00:   00007ffd79dcabc8 00007ffd79a5fc7d
0x0000002e9ebffa10:   0000000000000001 0000018d4e92ad20
0x0000002e9ebffa20:   0000018d4e92ad20 431bde82d7b634db
0x0000002e9ebffa30:   0000018d6e15cf20 0000ddc05c774f5c
0x0000002e9ebffa40:   0000018d4e92ad20 00007ffd79a85fe9
0x0000002e9ebffa50:   0000000000000001 000000000000003a
0x0000002e9ebffa60:   0000000000000032 0000000000000002
0x0000002e9ebffa70:   0000000000000000 0000000000000000
0x0000002e9ebffa80:   0000000000000000 0000000000000000
0x0000002e9ebffa90:   0000000000000000 0000000000000000
0x0000002e9ebffaa0:   0000000000000000 0000000000000000 

Instructions: (pc=0x00007ffd799aa8c5)
0x00007ffd799aa8a5:   70 48 83 c4 50 5f c3 cc cc cc cc 40 53 48 83 ec
0x00007ffd799aa8b5:   20 48 8b d9 48 8b 49 38 48 85 c9 74 0c 48 8b 01
0x00007ffd799aa8c5:   ff 10 48 8b 4b 28 48 89 01 48 83 c4 20 5b c3 cc
0x00007ffd799aa8d5:   cc cc cc cc cc cc cc cc cc cc cc 48 89 5c 24 08 


Stack slot to memory mapping:
stack at sp + 0 slots: 0x0000018d4e92ad20 points into unknown readable memory: 01 00 00 00 00 00 00 00
stack at sp + 1 slots: 0x0000000000000ba0 is an unknown value
stack at sp + 2 slots: 0x0000000000000001 is an unknown value
stack at sp + 3 slots: 0x00007ffd79953850 jvm.dll
stack at sp + 4 slots: 0x0 is NULL
stack at sp + 5 slots: 0x00007ffd79a1394f jvm.dll
stack at sp + 6 slots: 0x0000018d6f216800 points into unknown readable memory: 18 92 c2 79 fd 7f 00 00
stack at sp + 7 slots: 0x0000018d6f216800 points into unknown readable memory: 18 92 c2 79 fd 7f 00 00


---------------  P R O C E S S  ---------------

Threads class SMR info:
_java_thread_list=0x0000018d6f699dc0, length=15, elements={
0x0000018d4e930000, 0x0000018d6d609000, 0x0000018d6d613800, 0x0000018d6df88800,
0x0000018d6df8b000, 0x0000018d6df8c000, 0x0000018d6df98800, 0x0000018d6d5a2000,
0x0000018d6e1ff800, 0x0000018d6f21b000, 0x0000018d6f1fe000, 0x0000018d6f299800,
0x0000018d6f68e000, 0x0000018d6f697800, 0x0000018d6f699000
}

Java Threads: ( => current thread )
  0x0000018d4e930000 JavaThread "main" [_thread_in_native, id=16332, stack(0x0000002e9d700000,0x0000002e9d800000)]
  0x0000018d6d609000 JavaThread "Reference Handler" daemon [_thread_blocked, id=3088, stack(0x0000002e9de00000,0x0000002e9df00000)]
  0x0000018d6d613800 JavaThread "Finalizer" daemon [_thread_blocked, id=9124, stack(0x0000002e9df00000,0x0000002e9e000000)]
  0x0000018d6df88800 JavaThread "Signal Dispatcher" daemon [_thread_blocked, id=3032, stack(0x0000002e9e000000,0x0000002e9e100000)]
  0x0000018d6df8b000 JavaThread "Attach Listener" daemon [_thread_blocked, id=12036, stack(0x0000002e9e100000,0x0000002e9e200000)]
  0x0000018d6df8c000 JavaThread "C1 CompilerThread0" daemon [_thread_blocked, id=14680, stack(0x0000002e9e200000,0x0000002e9e300000)]
  0x0000018d6df98800 JavaThread "Sweeper thread" daemon [_thread_blocked, id=2192, stack(0x0000002e9e300000,0x0000002e9e400000)]
  0x0000018d6d5a2000 JavaThread "Common-Cleaner" daemon [_thread_blocked, id=10280, stack(0x0000002e9e400000,0x0000002e9e500000)]
  0x0000018d6e1ff800 JavaThread "Service Thread" daemon [_thread_blocked, id=8788, stack(0x0000002e9e500000,0x0000002e9e600000)]
  0x0000018d6f21b000 JavaThread "RMI TCP Accept-0" daemon [_thread_in_native, id=12648, stack(0x0000002e9e800000,0x0000002e9e900000)]
  0x0000018d6f1fe000 JavaThread "RMI TCP Accept-64225" daemon [_thread_in_native, id=14172, stack(0x0000002e9e900000,0x0000002e9ea00000)]
  0x0000018d6f299800 JavaThread "RMI TCP Accept-0" daemon [_thread_in_native, id=8076, stack(0x0000002e9ea00000,0x0000002e9eb00000)]
  0x0000018d6f68e000 JavaThread "RMI TCP Connection(1)-127.0.0.1" daemon [_thread_in_native, id=13996, stack(0x0000002e9ec00000,0x0000002e9ed00000)]
  0x0000018d6f697800 JavaThread "RMI Scheduler(0)" daemon [_thread_blocked, id=8084, stack(0x0000002e9ed00000,0x0000002e9ee00000)]
  0x0000018d6f699000 JavaThread "RMI TCP Connection(2)-127.0.0.1" daemon [_thread_in_Java, id=10464, stack(0x0000002e9ee00000,0x0000002e9ef00000)]

Other Threads:
  0x0000018d6d5e5800 VMThread "VM Thread" [stack: 0x0000002e9dd00000,0x0000002e9de00000] [id=20228]
=>0x0000018d6f216800 WatcherThread [stack: 0x0000002e9eb00000,0x0000002e9ec00000] [id=13784]
  0x0000018d4e946000 GCTaskThread "GC Thread#0" [stack: 0x0000002e9d800000,0x0000002e9d900000] [id=6408]
  0x0000018d6f0ee800 GCTaskThread "GC Thread#1" [stack: 0x0000002e9e600000,0x0000002e9e700000] [id=11568]
  0x0000018d6f0ef000 GCTaskThread "GC Thread#2" [stack: 0x0000002e9e700000,0x0000002e9e800000] [id=276]
  0x0000018d4e977000 ConcurrentGCThread "G1 Main Marker" [stack: 0x0000002e9d900000,0x0000002e9da00000] [id=10556]
  0x0000018d4e978800 ConcurrentGCThread "G1 Conc#0" [stack: 0x0000002e9da00000,0x0000002e9db00000] [id=16152]
  0x0000018d6d44e800 ConcurrentGCThread "G1 Refine#0" [stack: 0x0000002e9db00000,0x0000002e9dc00000] [id=16072]
  0x0000018d4e9ee000 ConcurrentGCThread "G1 Young RemSet Sampling" [stack: 0x0000002e9dc00000,0x0000002e9dd00000] [id=10084]

Threads with active compile tasks:

VM state:not at safepoint (normal execution)

VM Mutex/Monitor currently owned by a thread:  ([mutex/lock_event])
[0x0000018d4e92ad20] PeriodicTask_lock - owner thread: 0x0000018d6f216800

Heap address: 0x0000000081e00000, size: 2018 MB, Compressed Oops mode: 32-bit
Narrow klass base: 0x0000000000000000, Narrow klass shift: 3
Compressed class space size: 1073741824 Address: 0x0000000100000000

Heap:
 garbage-first heap   total 131072K, used 47954K [0x0000000081e00000, 0x0000000100000000)
  region size 1024K, 29 young (29696K), 3 survivors (3072K)
 Metaspace       used 15010K, capacity 15461K, committed 15616K, reserved 1062912K
  class space    used 1598K, capacity 1753K, committed 1792K, reserved 1048576K
Heap Regions: E=young(eden), S=young(survivor), O=old, HS=humongous(starts), HC=humongous(continues), CS=collection set, F=free, A=archive, TAMS=top-at-mark-start (previous, next)
|   0|0x0000000081e00000, 0x0000000081f00000, 0x0000000081f00000|100%|HS|  |TAMS 0x0000000081e00000, 0x0000000081e00000| Complete 
|   1|0x0000000081f00000, 0x0000000082000000, 0x0000000082000000|100%| O|  |TAMS 0x0000000081f00000, 0x0000000081f00000| Untracked 
|   2|0x0000000082000000, 0x0000000082100000, 0x0000000082100000|100%| O|  |TAMS 0x0000000082000000, 0x0000000082000000| Untracked 
|   3|0x0000000082100000, 0x0000000082200000, 0x0000000082200000|100%| O|  |TAMS 0x0000000082100000, 0x0000000082100000| Untracked 
|   4|0x0000000082200000, 0x0000000082300000, 0x0000000082300000|100%| O|  |TAMS 0x0000000082200000, 0x0000000082200000| Untracked 
|   5|0x0000000082300000, 0x0000000082400000, 0x0000000082400000|100%| O|  |TAMS 0x0000000082300000, 0x0000000082300000| Untracked 
|   6|0x0000000082400000, 0x0000000082500000, 0x0000000082500000|100%| O|  |TAMS 0x0000000082400000, 0x0000000082400000| Untracked 
|   7|0x0000000082500000, 0x0000000082600000, 0x0000000082600000|100%| O|  |TAMS 0x0000000082500000, 0x0000000082500000| Untracked 
|   8|0x0000000082600000, 0x0000000082700000, 0x0000000082700000|100%| O|  |TAMS 0x0000000082600000, 0x0000000082600000| Untracked 
|   9|0x0000000082700000, 0x0000000082800000, 0x0000000082800000|100%| O|  |TAMS 0x0000000082700000, 0x0000000082700000| Untracked 
|  10|0x0000000082800000, 0x0000000082900000, 0x0000000082900000|100%| O|  |TAMS 0x0000000082800000, 0x0000000082800000| Untracked 
|  11|0x0000000082900000, 0x0000000082a00000, 0x0000000082a00000|100%| O|  |TAMS 0x0000000082900000, 0x0000000082900000| Untracked 
|  12|0x0000000082a00000, 0x0000000082b00000, 0x0000000082b00000|100%| O|  |TAMS 0x0000000082a00000, 0x0000000082a00000| Untracked 
|  13|0x0000000082b00000, 0x0000000082c00000, 0x0000000082c00000|100%| O|  |TAMS 0x0000000082b00000, 0x0000000082b00000| Untracked 
|  14|0x0000000082c00000, 0x0000000082d00000, 0x0000000082d00000|100%| O|  |TAMS 0x0000000082c00000, 0x0000000082c00000| Untracked 
|  15|0x0000000082d00000, 0x0000000082e00000, 0x0000000082e00000|100%| O|  |TAMS 0x0000000082d00000, 0x0000000082d00000| Untracked 
|  16|0x0000000082e00000, 0x0000000082f00000, 0x0000000082f00000|100%| O|  |TAMS 0x0000000082e00000, 0x0000000082e00000| Untracked 
|  17|0x0000000082f00000, 0x0000000083000000, 0x0000000083000000|100%| O|  |TAMS 0x0000000082f00000, 0x0000000082f00000| Untracked 
|  18|0x0000000083000000, 0x0000000083100000, 0x0000000083100000|100%| O|  |TAMS 0x0000000083000000, 0x0000000083000000| Untracked 
|  19|0x0000000083100000, 0x0000000083200000, 0x0000000083200000|100%| O|  |TAMS 0x0000000083100000, 0x0000000083100000| Untracked 
|  20|0x0000000083200000, 0x0000000083289e00, 0x0000000083300000| 53%| O|  |TAMS 0x0000000083200000, 0x0000000083200000| Untracked 
|  21|0x0000000083300000, 0x0000000083300000, 0x0000000083400000|  0%| F|  |TAMS 0x0000000083300000, 0x0000000083300000| Untracked 
|  22|0x0000000083400000, 0x0000000083400000, 0x0000000083500000|  0%| F|  |TAMS 0x0000000083400000, 0x0000000083400000| Untracked 
|  23|0x0000000083500000, 0x0000000083500000, 0x0000000083600000|  0%| F|  |TAMS 0x0000000083500000, 0x0000000083500000| Untracked 
|  24|0x0000000083600000, 0x0000000083600000, 0x0000000083700000|  0%| F|  |TAMS 0x0000000083600000, 0x0000000083600000| Untracked 
|  25|0x0000000083700000, 0x0000000083700000, 0x0000000083800000|  0%| F|  |TAMS 0x0000000083700000, 0x0000000083700000| Untracked 
|  26|0x0000000083800000, 0x0000000083800000, 0x0000000083900000|  0%| F|  |TAMS 0x0000000083800000, 0x0000000083800000| Untracked 
|  27|0x0000000083900000, 0x0000000083900000, 0x0000000083a00000|  0%| F|  |TAMS 0x0000000083900000, 0x0000000083900000| Untracked 
|  28|0x0000000083a00000, 0x0000000083a00000, 0x0000000083b00000|  0%| F|  |TAMS 0x0000000083a00000, 0x0000000083a00000| Untracked 
|  29|0x0000000083b00000, 0x0000000083b00000, 0x0000000083c00000|  0%| F|  |TAMS 0x0000000083b00000, 0x0000000083b00000| Untracked 
|  30|0x0000000083c00000, 0x0000000083c00000, 0x0000000083d00000|  0%| F|  |TAMS 0x0000000083c00000, 0x0000000083c00000| Untracked 
|  31|0x0000000083d00000, 0x0000000083d00000, 0x0000000083e00000|  0%| F|  |TAMS 0x0000000083d00000, 0x0000000083d00000| Untracked 
|  32|0x0000000083e00000, 0x0000000083e00000, 0x0000000083f00000|  0%| F|  |TAMS 0x0000000083e00000, 0x0000000083e00000| Untracked 
|  33|0x0000000083f00000, 0x0000000083f00000, 0x0000000084000000|  0%| F|  |TAMS 0x0000000083f00000, 0x0000000083f00000| Untracked 
|  34|0x0000000084000000, 0x0000000084000000, 0x0000000084100000|  0%| F|  |TAMS 0x0000000084000000, 0x0000000084000000| Untracked 
|  35|0x0000000084100000, 0x0000000084100000, 0x0000000084200000|  0%| F|  |TAMS 0x0000000084100000, 0x0000000084100000| Untracked 
|  36|0x0000000084200000, 0x0000000084200000, 0x0000000084300000|  0%| F|  |TAMS 0x0000000084200000, 0x0000000084200000| Untracked 
|  37|0x0000000084300000, 0x0000000084300000, 0x0000000084400000|  0%| F|  |TAMS 0x0000000084300000, 0x0000000084300000| Untracked 
|  38|0x0000000084400000, 0x0000000084400000, 0x0000000084500000|  0%| F|  |TAMS 0x0000000084400000, 0x0000000084400000| Untracked 
|  39|0x0000000084500000, 0x0000000084500000, 0x0000000084600000|  0%| F|  |TAMS 0x0000000084500000, 0x0000000084500000| Untracked 
|  40|0x0000000084600000, 0x0000000084600000, 0x0000000084700000|  0%| F|  |TAMS 0x0000000084600000, 0x0000000084600000| Untracked 
|  41|0x0000000084700000, 0x0000000084700000, 0x0000000084800000|  0%| F|  |TAMS 0x0000000084700000, 0x0000000084700000| Untracked 
|  42|0x0000000084800000, 0x0000000084800000, 0x0000000084900000|  0%| F|  |TAMS 0x0000000084800000, 0x0000000084800000| Untracked 
|  43|0x0000000084900000, 0x0000000084900000, 0x0000000084a00000|  0%| F|  |TAMS 0x0000000084900000, 0x0000000084900000| Untracked 
|  44|0x0000000084a00000, 0x0000000084a00000, 0x0000000084b00000|  0%| F|  |TAMS 0x0000000084a00000, 0x0000000084a00000| Untracked 
|  45|0x0000000084b00000, 0x0000000084b00000, 0x0000000084c00000|  0%| F|  |TAMS 0x0000000084b00000, 0x0000000084b00000| Untracked 
|  46|0x0000000084c00000, 0x0000000084c00000, 0x0000000084d00000|  0%| F|  |TAMS 0x0000000084c00000, 0x0000000084c00000| Untracked 
|  47|0x0000000084d00000, 0x0000000084d00000, 0x0000000084e00000|  0%| F|  |TAMS 0x0000000084d00000, 0x0000000084d00000| Untracked 
|  48|0x0000000084e00000, 0x0000000084e00000, 0x0000000084f00000|  0%| F|  |TAMS 0x0000000084e00000, 0x0000000084e00000| Untracked 
|  49|0x0000000084f00000, 0x0000000084f00000, 0x0000000085000000|  0%| F|  |TAMS 0x0000000084f00000, 0x0000000084f00000| Untracked 
|  50|0x0000000085000000, 0x0000000085000000, 0x0000000085100000|  0%| F|  |TAMS 0x0000000085000000, 0x0000000085000000| Untracked 
|  51|0x0000000085100000, 0x0000000085100000, 0x0000000085200000|  0%| F|  |TAMS 0x0000000085100000, 0x0000000085100000| Untracked 
|  52|0x0000000085200000, 0x0000000085200000, 0x0000000085300000|  0%| F|  |TAMS 0x0000000085200000, 0x0000000085200000| Untracked 
|  53|0x0000000085300000, 0x0000000085300000, 0x0000000085400000|  0%| F|  |TAMS 0x0000000085300000, 0x0000000085300000| Untracked 
|  54|0x0000000085400000, 0x0000000085400000, 0x0000000085500000|  0%| F|  |TAMS 0x0000000085400000, 0x0000000085400000| Untracked 
|  55|0x0000000085500000, 0x0000000085500000, 0x0000000085600000|  0%| F|  |TAMS 0x0000000085500000, 0x0000000085500000| Untracked 
|  56|0x0000000085600000, 0x0000000085600000, 0x0000000085700000|  0%| F|  |TAMS 0x0000000085600000, 0x0000000085600000| Untracked 
|  57|0x0000000085700000, 0x0000000085700000, 0x0000000085800000|  0%| F|  |TAMS 0x0000000085700000, 0x0000000085700000| Untracked 
|  58|0x0000000085800000, 0x0000000085800000, 0x0000000085900000|  0%| F|  |TAMS 0x0000000085800000, 0x0000000085800000| Untracked 
|  59|0x0000000085900000, 0x0000000085900000, 0x0000000085a00000|  0%| F|  |TAMS 0x0000000085900000, 0x0000000085900000| Untracked 
|  60|0x0000000085a00000, 0x0000000085a00000, 0x0000000085b00000|  0%| F|  |TAMS 0x0000000085a00000, 0x0000000085a00000| Untracked 
|  61|0x0000000085b00000, 0x0000000085b00000, 0x0000000085c00000|  0%| F|  |TAMS 0x0000000085b00000, 0x0000000085b00000| Untracked 
|  62|0x0000000085c00000, 0x0000000085c00000, 0x0000000085d00000|  0%| F|  |TAMS 0x0000000085c00000, 0x0000000085c00000| Untracked 
|  63|0x0000000085d00000, 0x0000000085d00000, 0x0000000085e00000|  0%| F|  |TAMS 0x0000000085d00000, 0x0000000085d00000| Untracked 
|  64|0x0000000085e00000, 0x0000000085e00000, 0x0000000085f00000|  0%| F|  |TAMS 0x0000000085e00000, 0x0000000085e00000| Untracked 
|  65|0x0000000085f00000, 0x0000000085f00000, 0x0000000086000000|  0%| F|  |TAMS 0x0000000085f00000, 0x0000000085f00000| Untracked 
|  66|0x0000000086000000, 0x0000000086000000, 0x0000000086100000|  0%| F|  |TAMS 0x0000000086000000, 0x0000000086000000| Untracked 
|  67|0x0000000086100000, 0x0000000086100000, 0x0000000086200000|  0%| F|  |TAMS 0x0000000086100000, 0x0000000086100000| Untracked 
|  68|0x0000000086200000, 0x0000000086200000, 0x0000000086300000|  0%| F|  |TAMS 0x0000000086200000, 0x0000000086200000| Untracked 
|  69|0x0000000086300000, 0x0000000086300000, 0x0000000086400000|  0%| F|  |TAMS 0x0000000086300000, 0x0000000086300000| Untracked 
|  70|0x0000000086400000, 0x0000000086400000, 0x0000000086500000|  0%| F|  |TAMS 0x0000000086400000, 0x0000000086400000| Untracked 
|  71|0x0000000086500000, 0x0000000086500000, 0x0000000086600000|  0%| F|  |TAMS 0x0000000086500000, 0x0000000086500000| Untracked 
|  72|0x0000000086600000, 0x0000000086600000, 0x0000000086700000|  0%| F|  |TAMS 0x0000000086600000, 0x0000000086600000| Untracked 
|  73|0x0000000086700000, 0x0000000086700000, 0x0000000086800000|  0%| F|  |TAMS 0x0000000086700000, 0x0000000086700000| Untracked 
|  74|0x0000000086800000, 0x0000000086800000, 0x0000000086900000|  0%| F|  |TAMS 0x0000000086800000, 0x0000000086800000| Untracked 
|  75|0x0000000086900000, 0x0000000086900000, 0x0000000086a00000|  0%| F|  |TAMS 0x0000000086900000, 0x0000000086900000| Untracked 
|  76|0x0000000086a00000, 0x0000000086a00000, 0x0000000086b00000|  0%| F|  |TAMS 0x0000000086a00000, 0x0000000086a00000| Untracked 
|  77|0x0000000086b00000, 0x0000000086b00000, 0x0000000086c00000|  0%| F|  |TAMS 0x0000000086b00000, 0x0000000086b00000| Untracked 
|  78|0x0000000086c00000, 0x0000000086c00000, 0x0000000086d00000|  0%| F|  |TAMS 0x0000000086c00000, 0x0000000086c00000| Untracked 
|  79|0x0000000086d00000, 0x0000000086d00000, 0x0000000086e00000|  0%| F|  |TAMS 0x0000000086d00000, 0x0000000086d00000| Untracked 
|  80|0x0000000086e00000, 0x0000000086e00000, 0x0000000086f00000|  0%| F|  |TAMS 0x0000000086e00000, 0x0000000086e00000| Untracked 
|  81|0x0000000086f00000, 0x0000000086f00000, 0x0000000087000000|  0%| F|  |TAMS 0x0000000086f00000, 0x0000000086f00000| Untracked 
|  82|0x0000000087000000, 0x0000000087000000, 0x0000000087100000|  0%| F|  |TAMS 0x0000000087000000, 0x0000000087000000| Untracked 
|  83|0x0000000087100000, 0x0000000087100000, 0x0000000087200000|  0%| F|  |TAMS 0x0000000087100000, 0x0000000087100000| Untracked 
|  84|0x0000000087200000, 0x0000000087200000, 0x0000000087300000|  0%| F|  |TAMS 0x0000000087200000, 0x0000000087200000| Untracked 
|  85|0x0000000087300000, 0x0000000087300000, 0x0000000087400000|  0%| F|  |TAMS 0x0000000087300000, 0x0000000087300000| Untracked 
|  86|0x0000000087400000, 0x0000000087400000, 0x0000000087500000|  0%| F|  |TAMS 0x0000000087400000, 0x0000000087400000| Untracked 
|  87|0x0000000087500000, 0x0000000087500000, 0x0000000087600000|  0%| F|  |TAMS 0x0000000087500000, 0x0000000087500000| Untracked 
|  88|0x0000000087600000, 0x0000000087600000, 0x0000000087700000|  0%| F|  |TAMS 0x0000000087600000, 0x0000000087600000| Untracked 
|  89|0x0000000087700000, 0x0000000087700000, 0x0000000087800000|  0%| F|  |TAMS 0x0000000087700000, 0x0000000087700000| Untracked 
|  90|0x0000000087800000, 0x0000000087800000, 0x0000000087900000|  0%| F|  |TAMS 0x0000000087800000, 0x0000000087800000| Untracked 
|  91|0x0000000087900000, 0x0000000087900000, 0x0000000087a00000|  0%| F|  |TAMS 0x0000000087900000, 0x0000000087900000| Untracked 
|  92|0x0000000087a00000, 0x0000000087a00000, 0x0000000087b00000|  0%| F|  |TAMS 0x0000000087a00000, 0x0000000087a00000| Untracked 
|  93|0x0000000087b00000, 0x0000000087b00000, 0x0000000087c00000|  0%| F|  |TAMS 0x0000000087b00000, 0x0000000087b00000| Untracked 
|  94|0x0000000087c00000, 0x0000000087c00000, 0x0000000087d00000|  0%| F|  |TAMS 0x0000000087c00000, 0x0000000087c00000| Untracked 
|  95|0x0000000087d00000, 0x0000000087d00000, 0x0000000087e00000|  0%| F|  |TAMS 0x0000000087d00000, 0x0000000087d00000| Untracked 
|  96|0x0000000087e00000, 0x0000000087e00000, 0x0000000087f00000|  0%| F|  |TAMS 0x0000000087e00000, 0x0000000087e00000| Untracked 
|  97|0x0000000087f00000, 0x0000000087f4ab20, 0x0000000088000000| 29%| S|CS|TAMS 0x0000000087f00000, 0x0000000087f00000| Complete 
|  98|0x0000000088000000, 0x0000000088100000, 0x0000000088100000|100%| S|CS|TAMS 0x0000000088000000, 0x0000000088000000| Complete 
|  99|0x0000000088100000, 0x0000000088200000, 0x0000000088200000|100%| S|CS|TAMS 0x0000000088100000, 0x0000000088100000| Complete 
| 100|0x0000000088200000, 0x0000000088200000, 0x0000000088300000|  0%| F|  |TAMS 0x0000000088200000, 0x0000000088200000| Untracked 
| 101|0x0000000088300000, 0x0000000088300000, 0x0000000088400000|  0%| F|  |TAMS 0x0000000088300000, 0x0000000088300000| Untracked 
| 102|0x0000000088400000, 0x0000000088482010, 0x0000000088500000| 50%| E|  |TAMS 0x0000000088400000, 0x0000000088400000| Complete 
| 103|0x0000000088500000, 0x0000000088600000, 0x0000000088600000|100%| E|CS|TAMS 0x0000000088500000, 0x0000000088500000| Complete 
| 104|0x0000000088600000, 0x0000000088700000, 0x0000000088700000|100%| E|CS|TAMS 0x0000000088600000, 0x0000000088600000| Complete 
| 105|0x0000000088700000, 0x0000000088800000, 0x0000000088800000|100%| E|CS|TAMS 0x0000000088700000, 0x0000000088700000| Complete 
| 106|0x0000000088800000, 0x0000000088900000, 0x0000000088900000|100%| E|CS|TAMS 0x0000000088800000, 0x0000000088800000| Complete 
| 107|0x0000000088900000, 0x0000000088a00000, 0x0000000088a00000|100%| E|CS|TAMS 0x0000000088900000, 0x0000000088900000| Complete 
| 108|0x0000000088a00000, 0x0000000088b00000, 0x0000000088b00000|100%| E|CS|TAMS 0x0000000088a00000, 0x0000000088a00000| Complete 
| 109|0x0000000088b00000, 0x0000000088c00000, 0x0000000088c00000|100%| E|CS|TAMS 0x0000000088b00000, 0x0000000088b00000| Complete 
| 110|0x0000000088c00000, 0x0000000088d00000, 0x0000000088d00000|100%| E|CS|TAMS 0x0000000088c00000, 0x0000000088c00000| Complete 
| 111|0x0000000088d00000, 0x0000000088e00000, 0x0000000088e00000|100%| E|CS|TAMS 0x0000000088d00000, 0x0000000088d00000| Complete 
| 112|0x0000000088e00000, 0x0000000088f00000, 0x0000000088f00000|100%| E|  |TAMS 0x0000000088e00000, 0x0000000088e00000| Complete 
| 113|0x0000000088f00000, 0x0000000089000000, 0x0000000089000000|100%| E|CS|TAMS 0x0000000088f00000, 0x0000000088f00000| Complete 
| 114|0x0000000089000000, 0x0000000089100000, 0x0000000089100000|100%| E|CS|TAMS 0x0000000089000000, 0x0000000089000000| Complete 
| 115|0x0000000089100000, 0x0000000089200000, 0x0000000089200000|100%| E|CS|TAMS 0x0000000089100000, 0x0000000089100000| Complete 
| 116|0x0000000089200000, 0x0000000089300000, 0x0000000089300000|100%| E|CS|TAMS 0x0000000089200000, 0x0000000089200000| Complete 
| 117|0x0000000089300000, 0x0000000089400000, 0x0000000089400000|100%| E|CS|TAMS 0x0000000089300000, 0x0000000089300000| Complete 
| 118|0x0000000089400000, 0x0000000089500000, 0x0000000089500000|100%| E|CS|TAMS 0x0000000089400000, 0x0000000089400000| Complete 
| 119|0x0000000089500000, 0x0000000089600000, 0x0000000089600000|100%| E|CS|TAMS 0x0000000089500000, 0x0000000089500000| Complete 
| 120|0x0000000089600000, 0x0000000089700000, 0x0000000089700000|100%| E|CS|TAMS 0x0000000089600000, 0x0000000089600000| Complete 
| 121|0x0000000089700000, 0x0000000089800000, 0x0000000089800000|100%| E|CS|TAMS 0x0000000089700000, 0x0000000089700000| Complete 
| 122|0x0000000089800000, 0x0000000089900000, 0x0000000089900000|100%| E|CS|TAMS 0x0000000089800000, 0x0000000089800000| Complete 
| 123|0x0000000089900000, 0x0000000089a00000, 0x0000000089a00000|100%| E|CS|TAMS 0x0000000089900000, 0x0000000089900000| Complete 
| 124|0x0000000089a00000, 0x0000000089b00000, 0x0000000089b00000|100%| E|CS|TAMS 0x0000000089a00000, 0x0000000089a00000| Complete 
| 125|0x0000000089b00000, 0x0000000089c00000, 0x0000000089c00000|100%| E|CS|TAMS 0x0000000089b00000, 0x0000000089b00000| Complete 
| 126|0x0000000089c00000, 0x0000000089d00000, 0x0000000089d00000|100%| E|CS|TAMS 0x0000000089c00000, 0x0000000089c00000| Complete 
| 127|0x0000000089d00000, 0x0000000089e00000, 0x0000000089e00000|100%| E|CS|TAMS 0x0000000089d00000, 0x0000000089d00000| Complete 

Card table byte_map: [0x0000018d66450000,0x0000018d66850000] _byte_map_base: 0x0000018d66041000

Marking Bits (Prev, Next): (CMBitMap*) 0x0000018d4e96d878, (CMBitMap*) 0x0000018d4e96d8b0
 Prev Bits: [0x0000018d66c50000, 0x0000018d68bd8000)
 Next Bits: [0x0000018d68be0000, 0x0000018d6ab68000)

Polling page: 0x0000018d4cab0000

Metaspace:

Usage:
  Non-class:     13.39 MB capacity,    13.11 MB ( 98%) used,   242.66 KB (  2%) free+waste,    38.88 KB ( <1%) overhead. 
      Class:      1.71 MB capacity,     1.57 MB ( 91%) used,   130.17 KB (  7%) free+waste,    19.19 KB (  1%) overhead. 
       Both:     15.10 MB capacity,    14.68 MB ( 97%) used,   372.84 KB (  2%) free+waste,    58.06 KB ( <1%) overhead. 

Virtual space:
  Non-class space:       14.00 MB reserved,      13.50 MB ( 96%) committed 
      Class space:        1.00 GB reserved,       1.75 MB ( <1%) committed 
             Both:        1.01 GB reserved,      15.25 MB (  1%) committed 

Chunk freelists:
   Non-Class:  4.50 KB
       Class:  0 bytes
        Both:  4.50 KB

CodeHeap 'non-profiled nmethods': size=238336Kb used=2341Kb max_used=2341Kb free=235994Kb
 bounds [0x0000018d57460000, 0x0000018d576d0000, 0x0000018d65d20000]
CodeHeap 'non-nmethods': size=7424Kb used=1121Kb max_used=1121Kb free=6302Kb
 bounds [0x0000018d56d20000, 0x0000018d56f90000, 0x0000018d57460000]
 total_blobs=1977 nmethods=1530 adapters=357
 compilation: enabled
              stopped_count=0, restarted_count=0
 full_count=0

Compilation events (10 events):
Event: 0.909 Thread 0x0000018d6df8c000 1251       1       jdk.internal.loader.URLClassPath::getResource (74 bytes)
Event: 0.909 Thread 0x0000018d6df8c000 nmethod 1251 0x0000018d57622710 code [0x0000018d576228c0, 0x0000018d57622aa0]
Event: 0.909 Thread 0x0000018d6df8c000 1252       1       java.util.jar.JarFile::getVersionedEntry (85 bytes)
Event: 0.909 Thread 0x0000018d6df8c000 nmethod 1252 0x0000018d57622b90 code [0x0000018d57622dc0, 0x0000018d576233d0]
Event: 0.909 Thread 0x0000018d6df8c000 1250       1       sun.net.www.protocol.file.Handler::parseURL (18 bytes)
Event: 0.909 Thread 0x0000018d6df8c000 nmethod 1250 0x0000018d57623710 code [0x0000018d576238c0, 0x0000018d57623a60]
Event: 0.909 Thread 0x0000018d6df8c000 1249  s    1       java.util.Vector::addElement (24 bytes)
Event: 0.910 Thread 0x0000018d6df8c000 nmethod 1249 0x0000018d57623b90 code [0x0000018d57623d60, 0x0000018d57624200]
Event: 0.910 Thread 0x0000018d6df8c000 1253       1       java.util.concurrent.ConcurrentHashMap$Node::<init> (14 bytes)
Event: 0.910 Thread 0x0000018d6df8c000 nmethod 1253 0x0000018d57624410 code [0x0000018d576245c0, 0x0000018d576247f8]

GC Heap History (4 events):
Event: 0.447 GC heap before
{Heap before GC invocations=0 (full 0):
 garbage-first heap   total 131072K, used 24576K [0x0000000081e00000, 0x0000000100000000)
  region size 1024K, 24 young (24576K), 0 survivors (0K)
 Metaspace       used 7901K, capacity 7989K, committed 8320K, reserved 1056768K
  class space    used 749K, capacity 791K, committed 896K, reserved 1048576K
}
Event: 0.455 GC heap after
{Heap after GC invocations=1 (full 0):
 garbage-first heap   total 131072K, used 20882K [0x0000000081e00000, 0x0000000100000000)
  region size 1024K, 3 young (3072K), 3 survivors (3072K)
 Metaspace       used 7901K, capacity 7989K, committed 8320K, reserved 1056768K
  class space    used 749K, capacity 791K, committed 896K, reserved 1048576K
}
Event: 0.896 GC heap before
{Heap before GC invocations=1 (full 0):
 garbage-first heap   total 131072K, used 31122K [0x0000000081e00000, 0x0000000100000000)
  region size 1024K, 13 young (13312K), 3 survivors (3072K)
 Metaspace       used 13388K, capacity 13755K, committed 13824K, reserved 1060864K
  class space    used 1396K, capacity 1504K, committed 1536K, reserved 1048576K
}
Event: 0.900 GC heap after
{Heap after GC invocations=2 (full 0):
 garbage-first heap   total 131072K, used 22799K [0x0000000081e00000, 0x0000000100000000)
  region size 1024K, 2 young (2048K), 2 survivors (2048K)
 Metaspace       used 13388K, capacity 13755K, committed 13824K, reserved 1060864K
  class space    used 1396K, capacity 1504K, committed 1536K, reserved 1048576K
}

Deoptimization events (0 events):
No events

Classes redefined (0 events):
No events

Internal exceptions (10 events):
Event: 0.543 Thread 0x0000018d4e930000 Exception <a 'java/lang/NoSuchMethodError'{0x0000000089a669f0}: java.lang.invoke.DirectMethodHandle$Holder.invokeStaticInit(Ljava/lang/Object;IIII)Ljava/lang/Object;> (0x0000000089a669f0) thrown at [./open/src/hotspot/share/interpreter/linkResolver.cpp, l
Event: 0.794 Thread 0x0000018d4e930000 Exception <a 'java/lang/NoSuchMethodError'{0x0000000089a9fc68}: java.lang.invoke.DirectMethodHandle$Holder.invokeStatic(Ljava/lang/Object;Ljava/lang/Object;IIII)Ljava/lang/Object;> (0x0000000089a9fc68) thrown at [./open/src/hotspot/share/interpreter/linkR
Event: 0.795 Thread 0x0000018d4e930000 Exception <a 'java/lang/NoSuchMethodError'{0x0000000089aa2fb0}: java.lang.invoke.DirectMethodHandle$Holder.invokeStaticInit(Ljava/lang/Object;Ljava/lang/Object;IIII)Ljava/lang/Object;> (0x0000000089aa2fb0) thrown at [./open/src/hotspot/share/interpreter/l
Event: 0.800 Thread 0x0000018d4e930000 Exception <a 'java/lang/ClassNotFoundException'{0x0000000089ac0510}: javax/management/remote/rmi/RMIServerImpl_Skel> (0x0000000089ac0510) thrown at [./open/src/hotspot/share/classfile/systemDictionary.cpp, line 228]
Event: 0.823 Thread 0x0000018d4e930000 Exception <a 'java/lang/ClassNotFoundException'{0x00000000899626a0}: jdk/internal/agent/resources/spi/agentProvider> (0x00000000899626a0) thrown at [./open/src/hotspot/share/classfile/systemDictionary.cpp, line 228]
Event: 0.827 Thread 0x0000018d4e930000 Exception <a 'java/lang/NoSuchMethodError'{0x00000000899b8040}: java.lang.invoke.DirectMethodHandle$Holder.invokeStatic(Ljava/lang/Object;Ljava/lang/Object;Ljava/lang/Object;Ljava/lang/Object;Ljava/lang/Object;Ljava/lang/Object;Ljava/lang/Object;Ljava/lan
Event: 0.827 Thread 0x0000018d4e930000 Exception <a 'java/lang/NoSuchMethodError'{0x00000000899c4860}: java.lang.invoke.DirectMethodHandle$Holder.invokeStatic(Ljava/lang/Object;Ljava/lang/Object;Ljava/lang/Object;Ljava/lang/Object;Ljava/lang/Object;Ljava/lang/Object;Ljava/lang/Object;Ljava/lan
Event: 0.828 Thread 0x0000018d4e930000 Exception <a 'java/lang/NoSuchMethodError'{0x00000000899de338}: java.lang.invoke.DelegatingMethodHandle$Holder.reinvoke_L(Ljava/lang/Object;ILjava/lang/Object;)Ljava/lang/Object;> (0x00000000899de338) thrown at [./open/src/hotspot/share/interpreter/linkRe
Event: 0.858 Thread 0x0000018d4e930000 Exception <a 'java/lang/ClassNotFoundException'{0x00000000897f27a8}: javax/smartcardio/CardPermission> (0x00000000897f27a8) thrown at [./open/src/hotspot/share/classfile/systemDictionary.cpp, line 228]
Event: 0.860 Thread 0x0000018d4e930000 Exception <a 'java/io/FileNotFoundException'{0x0000000089600ff8}> (0x0000000089600ff8) thrown at [./open/src/hotspot/share/prims/jni.cpp, line 611]

Events (10 events):
Event: 0.911 loading class sun/net/www/protocol/jar/URLJarFile
Event: 0.911 loading class sun/net/www/protocol/jar/URLJarFile done
Event: 0.911 Executing VM operation: Deoptimize
Event: 0.911 Executing VM operation: Deoptimize done
Event: 0.911 loading class sun/net/www/protocol/jar/URLJarFileCallBack
Event: 0.911 loading class sun/net/www/protocol/jar/URLJarFileCallBack done
Event: 0.911 loading class java/util/zip/ZipFile$CleanableResource$FinalizableResource
Event: 0.911 loading class java/util/zip/ZipFile$CleanableResource$FinalizableResource done
Event: 0.911 Executing VM operation: Deoptimize
Event: 0.911 Executing VM operation: Deoptimize done


Dynamic libraries:
0x00007ff6531d0000 - 0x00007ff653217000 	C:\Program Files\Java\jdk-11.0.7\bin\javaw.exe
0x00007ffdc8d10000 - 0x00007ffdc8f05000 	C:\WINDOWS\SYSTEM32\ntdll.dll
0x00007ffdc7120000 - 0x00007ffdc71dd000 	C:\WINDOWS\System32\KERNEL32.DLL
0x00007ffdc6450000 - 0x00007ffdc6718000 	C:\WINDOWS\System32\KERNELBASE.dll
0x00007ffdc0470000 - 0x00007ffdc0500000 	C:\WINDOWS\SYSTEM32\apphelp.dll
0x00007ffdc81e0000 - 0x00007ffdc828c000 	C:\WINDOWS\System32\ADVAPI32.dll
0x00007ffdc82f0000 - 0x00007ffdc838e000 	C:\WINDOWS\System32\msvcrt.dll
0x00007ffdc8c30000 - 0x00007ffdc8ccb000 	C:\WINDOWS\System32\sechost.dll
0x00007ffdc8560000 - 0x00007ffdc868b000 	C:\WINDOWS\System32\RPCRT4.dll
0x00007ffdc6f80000 - 0x00007ffdc7120000 	C:\WINDOWS\System32\USER32.dll
0x00007ffdc6720000 - 0x00007ffdc6742000 	C:\WINDOWS\System32\win32u.dll
0x00007ffdc7450000 - 0x00007ffdc747a000 	C:\WINDOWS\System32\GDI32.dll
0x00007ffdc67f0000 - 0x00007ffdc68fb000 	C:\WINDOWS\System32\gdi32full.dll
0x00007ffdc6750000 - 0x00007ffdc67ed000 	C:\WINDOWS\System32\msvcp_win.dll
0x00007ffdc6b20000 - 0x00007ffdc6c20000 	C:\WINDOWS\System32\ucrtbase.dll
0x00007ffda7f30000 - 0x00007ffda81ca000 	C:\WINDOWS\WinSxS\amd64_microsoft.windows.common-controls_6595b64144ccf1df_6.0.19041.1052_none_60b8f8fd71f5e8cb\COMCTL32.dll
0x00007ffdbaa50000 - 0x00007ffdbaa5a000 	C:\WINDOWS\SYSTEM32\VERSION.dll
0x00007ffdc7e50000 - 0x00007ffdc7e80000 	C:\WINDOWS\System32\IMM32.DLL
0x00007ffdbcf60000 - 0x00007ffdbcf76000 	C:\Program Files\Java\jdk-11.0.7\bin\vcruntime140.dll
0x00007ffdb4a10000 - 0x00007ffdb4aba000 	C:\Program Files\Java\jdk-11.0.7\bin\msvcp140.dll
0x00007ffd79320000 - 0x00007ffd79e81000 	C:\Program Files\Java\jdk-11.0.7\bin\server\jvm.dll
0x00007ffdc6e30000 - 0x00007ffdc6e38000 	C:\WINDOWS\System32\PSAPI.DLL
0x00007ffda8640000 - 0x00007ffda8649000 	C:\WINDOWS\SYSTEM32\WSOCK32.dll
0x00007ffdbe550000 - 0x00007ffdbe577000 	C:\WINDOWS\SYSTEM32\WINMM.dll
0x00007ffdc7cb0000 - 0x00007ffdc7d1b000 	C:\WINDOWS\System32\WS2_32.dll
0x00007ffdc4d70000 - 0x00007ffdc4d82000 	C:\WINDOWS\SYSTEM32\kernel.appcore.dll
0x00007ffdbcf40000 - 0x00007ffdbcf51000 	C:\Program Files\Java\jdk-11.0.7\bin\verify.dll
0x00007ffdc42b0000 - 0x00007ffdc4494000 	C:\WINDOWS\SYSTEM32\DBGHELP.DLL
0x00007ffdba390000 - 0x00007ffdba3bc000 	C:\WINDOWS\SYSTEM32\dbgcore.DLL
0x00007ffdc6a90000 - 0x00007ffdc6b13000 	C:\WINDOWS\System32\bcryptPrimitives.dll
0x00007ffdbcf10000 - 0x00007ffdbcf39000 	C:\Program Files\Java\jdk-11.0.7\bin\java.dll
0x00007ffdbdba0000 - 0x00007ffdbdbaa000 	C:\Program Files\Java\jdk-11.0.7\bin\jimage.dll
0x00007ffdbcef0000 - 0x00007ffdbcf06000 	C:\Program Files\Java\jdk-11.0.7\bin\zip.dll
0x00007ffdc7480000 - 0x00007ffdc7bbf000 	C:\WINDOWS\System32\SHELL32.dll
0x00007ffdc4580000 - 0x00007ffdc4d10000 	C:\WINDOWS\SYSTEM32\windows.storage.dll
0x00007ffdc7e80000 - 0x00007ffdc81d5000 	C:\WINDOWS\System32\combase.dll
0x00007ffdc5df0000 - 0x00007ffdc5e1c000 	C:\WINDOWS\SYSTEM32\Wldp.dll
0x00007ffdc8b80000 - 0x00007ffdc8c2e000 	C:\WINDOWS\System32\SHCORE.dll
0x00007ffdc7c50000 - 0x00007ffdc7ca5000 	C:\WINDOWS\System32\shlwapi.dll
0x00007ffdc6390000 - 0x00007ffdc63af000 	C:\WINDOWS\SYSTEM32\profapi.dll
0x00007ffdb7c00000 - 0x00007ffdb7c19000 	C:\Program Files\Java\jdk-11.0.7\bin\net.dll
0x00007ffdb7270000 - 0x00007ffdb737b000 	C:\WINDOWS\SYSTEM32\WINHTTP.dll
0x00007ffdc5b60000 - 0x00007ffdc5bca000 	C:\WINDOWS\system32\mswsock.dll
0x00007ffdb6730000 - 0x00007ffdb6743000 	C:\Program Files\Java\jdk-11.0.7\bin\nio.dll
0x00007ffdb7d40000 - 0x00007ffdb7d49000 	C:\Program Files\Java\jdk-11.0.7\bin\management.dll
0x00007ffdb7c40000 - 0x00007ffdb7c4c000 	C:\Program Files\Java\jdk-11.0.7\bin\management_ext.dll
0x00007ffda4bf0000 - 0x00007ffda4c07000 	C:\WINDOWS\system32\napinsp.dll
0x00007ffda4b70000 - 0x00007ffda4b8b000 	C:\WINDOWS\system32\pnrpnsp.dll
0x00007ffda4aa0000 - 0x00007ffda4ab5000 	C:\WINDOWS\system32\wshbth.dll
0x00007ffdbce10000 - 0x00007ffdbce2d000 	C:\WINDOWS\system32\NLAapi.dll
0x00007ffdc5850000 - 0x00007ffdc588b000 	C:\WINDOWS\SYSTEM32\IPHLPAPI.DLL
0x00007ffdc5890000 - 0x00007ffdc595c000 	C:\WINDOWS\SYSTEM32\DNSAPI.dll
0x00007ffdc83a0000 - 0x00007ffdc83a8000 	C:\WINDOWS\System32\NSI.dll
0x00007ffda4930000 - 0x00007ffda4942000 	C:\WINDOWS\System32\winrnr.dll
0x00007ffdb9370000 - 0x00007ffdb937a000 	C:\Windows\System32\rasadhlp.dll
0x00007ffdb71f0000 - 0x00007ffdb726f000 	C:\WINDOWS\System32\fwpuclnt.dll
0x00007ffdc6a10000 - 0x00007ffdc6a37000 	C:\WINDOWS\System32\bcrypt.dll
0x00007ffdc5d40000 - 0x00007ffdc5d58000 	C:\WINDOWS\SYSTEM32\CRYPTSP.dll
0x00007ffdc5500000 - 0x00007ffdc5534000 	C:\WINDOWS\system32\rsaenh.dll
0x00007ffdc6310000 - 0x00007ffdc633e000 	C:\WINDOWS\SYSTEM32\USERENV.dll
0x00007ffdc5d30000 - 0x00007ffdc5d3c000 	C:\WINDOWS\SYSTEM32\CRYPTBASE.dll
0x00007ffdbbf70000 - 0x00007ffdbbf87000 	C:\WINDOWS\SYSTEM32\dhcpcsvc6.DLL
0x00007ffdbc3a0000 - 0x00007ffdbc3bd000 	C:\WINDOWS\SYSTEM32\dhcpcsvc.DLL

dbghelp: loaded successfully - version: 4.0.5 - missing functions: none
symbol engine: initialized successfully - sym options: 0x614 - pdb path: .;C:\Program Files\Java\jdk-11.0.7\bin;C:\WINDOWS\SYSTEM32;C:\WINDOWS\WinSxS\amd64_microsoft.windows.common-controls_6595b64144ccf1df_6.0.19041.1052_none_60b8f8fd71f5e8cb;C:\Program Files\Java\jdk-11.0.7\bin\server

VM Arguments:
jvm_args: -Dcom.sun.management.jmxremote -Dcom.sun.management.jmxremote.port=64225 -Dcom.sun.management.jmxremote.authenticate=false -Dcom.sun.management.jmxremote.ssl=false -Djava.rmi.server.hostname=localhost -Dspring.jmx.enabled=true -Dspring.application.admin.enabled=true -Xverify:none -XX:TieredStopAtLevel=1 -Dspring.boot.project.name=cursomc1 -Dfile.encoding=UTF-8 
java_command: com.nelioalves.cursomc.CursomcApplication --spring.profiles.active=test --spring.output.ansi.enabled=always
java_class_path (initial): C:\Users\josea\Documents\workspace-spring-tool-suite-4-4.6.1.RELEASE\cursomc1\target\classes;C:\Users\josea\.m2\repository\org\springframework\boot\spring-boot-starter-web\2.3.0.RELEASE\spring-boot-starter-web-2.3.0.RELEASE.jar;C:\Users\josea\.m2\repository\org\springframework\boot\spring-boot-starter\2.3.0.RELEASE\spring-boot-starter-2.3.0.RELEASE.jar;C:\Users\josea\.m2\repository\org\springframework\boot\spring-boot-starter-logging\2.3.0.RELEASE\spring-boot-starter-logging-2.3.0.RELEASE.jar;C:\Users\josea\.m2\repository\ch\qos\logback\logback-classic\1.2.3\logback-classic-1.2.3.jar;C:\Users\josea\.m2\repository\ch\qos\logback\logback-core\1.2.3\logback-core-1.2.3.jar;C:\Users\josea\.m2\repository\org\apache\logging\log4j\log4j-to-slf4j\2.13.2\log4j-to-slf4j-2.13.2.jar;C:\Users\josea\.m2\repository\org\apache\logging\log4j\log4j-api\2.13.2\log4j-api-2.13.2.jar;C:\Users\josea\.m2\repository\org\slf4j\jul-to-slf4j\1.7.30\jul-to-slf4j-1.7.30.jar;C:\Users\josea\.m2\repository\jakarta\annotation\jakarta.annotation-api\1.3.5\jakarta.annotation-api-1.3.5.jar;C:\Users\josea\.m2\repository\org\yaml\snakeyaml\1.26\snakeyaml-1.26.jar;C:\Users\josea\.m2\repository\org\springframework\boot\spring-boot-starter-json\2.3.0.RELEASE\spring-boot-starter-json-2.3.0.RELEASE.jar;C:\Users\josea\.m2\repository\com\fasterxml\jackson\datatype\jackson-datatype-jdk8\2.11.0\jackson-datatype-jdk8-2.11.0.jar;C:\Users\josea\.m2\repository\com\fasterxml\jackson\datatype\jackson-datatype-jsr310\2.11.0\jackson-datatype-jsr310-2.11.0.jar;C:\Users\josea\.m2\repository\com\fasterxml\jackson\module\jackson-module-parameter-names\2.11.0\jackson-module-parameter-names-2.11.0.jar;C:\Users\josea\.m2\repository\org\springframework\boot\spring-boot-starter-tomcat\2.3.0.RELEASE\spring-boot-starter-tomcat-2.3.0.RELEASE.jar;C:\Users\josea\.m2\repository\org\apache\tomcat\embed\tomcat-embed-core\9.0.35\tomcat-embed-core-9.0.35.jar;C:\Users\josea\.m2\repository\org\glassfish\jakarta.el
Launcher Type: SUN_STANDARD

[Global flags]
     bool BytecodeVerificationLocal                = false                                     {product} {command line}
     bool BytecodeVerificationRemote               = false                                     {product} {command line}
     intx CICompilerCount                          = 4                                         {product} {ergonomic}
     uint ConcGCThreads                            = 2                                         {product} {ergonomic}
     uint G1ConcRefinementThreads                  = 8                                         {product} {ergonomic}
   size_t G1HeapRegionSize                         = 1048576                                   {product} {ergonomic}
    uintx GCDrainStackTargetSize                   = 64                                        {product} {ergonomic}
   size_t InitialHeapSize                          = 134217728                                 {product} {ergonomic}
     bool ManagementServer                         = true                                      {product} {command line}
   size_t MarkStackSize                            = 4194304                                   {product} {ergonomic}
   size_t MaxHeapSize                              = 2116026368                                {product} {ergonomic}
   size_t MaxNewSize                               = 1268776960                                {product} {ergonomic}
   size_t MinHeapDeltaBytes                        = 1048576                                   {product} {ergonomic}
    uintx NonNMethodCodeHeapSize                   = 7549744                                {pd product} {ergonomic}
    uintx NonProfiledCodeHeapSize                  = 244108496                              {pd product} {ergonomic}
    uintx ProfiledCodeHeapSize                     = 0                                      {pd product} {ergonomic}
    uintx ReservedCodeCacheSize                    = 251658240                              {pd product} {ergonomic}
     bool SegmentedCodeCache                       = true                                      {product} {ergonomic}
     intx TieredStopAtLevel                        = 1                                         {product} {command line}
     bool UseCompressedClassPointers               = true                                 {lp64_product} {ergonomic}
     bool UseCompressedOops                        = true                                 {lp64_product} {ergonomic}
     bool UseG1GC                                  = true                                      {product} {ergonomic}
     bool UseLargePagesIndividualAllocation        = false                                  {pd product} {ergonomic}

Logging:
Log output configuration:
 #0: stdout all=warning uptime,level,tags
 #1: stderr all=off uptime,level,tags

Environment Variables:
JAVA_HOME=C:\Program Files\Java\jdk1.8.0_291
JRE_HOME=C:\Program Files\Java\jre1.8.0_291
PATH=C:/Program Files/Java/jre1.8.0_291/bin/server;C:/Program Files/Java/jre1.8.0_291/bin;C:/Program Files/Java/jre1.8.0_291/lib/amd64;C:\Program Files (x86)\Common Files\Oracle\Java\javapath;C:\WINDOWS\system32;C:\WINDOWS;C:\WINDOWS\System32\Wbem;C:\WINDOWS\System32\WindowsPowerShell\v1.0\;C:\WINDOWS\System32\OpenSSH\;C:\Program Files\Intel\WiFi\bin\;C:\Program Files\Common Files\Intel\WirelessCommon\;C:\Program Files (x86)\Intel\Intel(R) Management Engine Components\DAL;C:\Program Files\Intel\Intel(R) Management Engine Components\DAL;C:\Program Files (x86)\Microsoft SQL Server\100\Tools\Binn\;C:\Program Files\Microsoft SQL Server\100\Tools\Binn\;C:\Program Files\Microsoft SQL Server\100\DTS\Binn\;C:\Program Files (x86)\Microsoft SQL Server\100\Tools\Binn\VSShell\Common7\IDE\;C:\Program Files (x86)\Microsoft Visual Studio 9.0\Common7\IDE\PrivateAssemblies\;C:\Program Files (x86)\Microsoft SQL Server\100\DTS\Binn\;C:\Program Files\Java\jdk1.8.0_291\bin;C:\Android\SDK\tools;C:\Android\SDK\platform-tools;C:\Program Files (x86)\gradle-6.2.2\bin;C:\apache-ant-1.10.7\bin;C:\xampp\mysql\bin;C:\maven\bin;C:\Program Files\nodejs\;C:\Android\SDK\tools\bin;C:\Android\SDK\build-tools\29.0.2;C:\Program Files\Java\jre1.8.0_291\bin;C:\Program Files\MongoDB\Server\4.4\bin;C:\Users\josea\AppData\Local\Microsoft\WindowsApps;C:\Users\josea\AppData\Local\Programs\Microsoft VS Code\bin;C:\Program Files\heroku\bin;C:\Users\josea\AppData\Roaming\npm;C:\sts-4.6.1.RELEASE;
USERNAME=josea
OS=Windows_NT
PROCESSOR_IDENTIFIER=Intel64 Family 6 Model 142 Stepping 11, GenuineIntel



---------------  S Y S T E M  ---------------

OS: Windows 10 , 64 bit Build 19041 (10.0.19041.1023)

CPU:total 8 (initial active 8) (4 cores per cpu, 2 threads per core) family 6 model 142 stepping 11, cmov, cx8, fxsr, mmx, sse, sse2, sse3, ssse3, sse4.1, sse4.2, popcnt, avx, avx2, aes, clmul, erms, 3dnowpref, lzcnt, ht, tsc, tscinvbit, bmi1, bmi2, adx, fma

Memory: 4k page, system-wide physical 8068M (1844M free)
TotalPageFile size 12164M (AvailPageFile size 4360M)
current process WorkingSet (physical memory assigned to process): 107M, peak: 107M
current process commit charge ("private bytes"): 234M, peak: 234M

vm_info: Java HotSpot(TM) 64-Bit Server VM (11.0.7+8-LTS) for windows-amd64 JRE (11.0.7+8-LTS), built on Mar 12 2020 02:04:32 by "mach5one" with MS VC++ 15.5 (VS2017)

END.
