#
# A fatal error has been detected by the Java Runtime Environment:
#
#  EXCEPTION_ACCESS_VIOLATION (0xc0000005) at pc=0x00007ffa4deca8c5, pid=12708, tid=7504
#
# JRE version: Java(TM) SE Runtime Environment 18.9 (11.0.7+8) (build 11.0.7+8-LTS)
# Java VM: Java HotSpot(TM) 64-Bit Server VM 18.9 (11.0.7+8-LTS, mixed mode, tiered, compressed oops, g1 gc, windows-amd64)
# Problematic frame:
# V  [jvm.dll+0x68a8c5]
#
# No core dump will be written. Minidumps are not enabled by default on client versions of Windows
#
# If you would like to submit a bug report, please visit:
#   https://bugreport.java.com/bugreport/crash.jsp
#

---------------  S U M M A R Y ------------

Command Line: -Dcom.sun.management.jmxremote -Dcom.sun.management.jmxremote.port=53350 -Dcom.sun.management.jmxremote.authenticate=false -Dcom.sun.management.jmxremote.ssl=false -Djava.rmi.server.hostname=localhost -Dspring.jmx.enabled=true -Dspring.application.admin.enabled=true -Xverify:none -XX:TieredStopAtLevel=1 -Dspring.boot.project.name=cursomc1 -Dfile.encoding=UTF-8 com.nelioalves.cursomc.CursomcApplication --spring.profiles.active=test --spring.output.ansi.enabled=always

Host: Intel(R) Core(TM) i5-8265U CPU @ 1.60GHz, 8 cores, 7G,  Windows 10 , 64 bit Build 18362 (10.0.18362.1350)
Time: Tue Apr 27 20:50:29 2021 Hora oficial do Brasil elapsed time: 0 seconds (0d 0h 0m 0s)

---------------  T H R E A D  ---------------

Current thread (0x000002398062c800):  WatcherThread [stack: 0x000000e242100000,0x000000e242200000] [id=7504]

Stack: [0x000000e242100000,0x000000e242200000],  sp=0x000000e2421ff8d0,  free space=1022k
Native frames: (J=compiled Java code, j=interpreted, Vv=VM code, C=native code)
V  [jvm.dll+0x68a8c5]
V  [jvm.dll+0x6f394f]
V  [jvm.dll+0x73fc7d]
V  [jvm.dll+0x765fe9]
V  [jvm.dll+0x75e875]
V  [jvm.dll+0x660b26]
C  [ucrtbase.dll+0x210b2]
C  [KERNEL32.DLL+0x17c24]
C  [ntdll.dll+0x6d721]


siginfo: EXCEPTION_ACCESS_VIOLATION (0xc0000005), reading address 0x000000100000000f


Register to memory mapping:

RIP=0x00007ffa4deca8c5 jvm.dll
RAX=0x000000100000000f is an unknown value
RBX=0x00000239805d7f40 points into unknown readable memory: 80 bb 13 4e fa 7f 00 00
RCX=0x00000239805dddf0 points into unknown readable memory: 0f 00 00 00 10 00 00 00
RDX=0x0000000000000032 is an unknown value
RSP=0x000000e2421ff8d0 points into unknown readable memory: e0 b1 3b df 39 02 00 00
RBP=0x0000000000000002 is an unknown value
RSI=0x00000239805ddf50 points into unknown readable memory: 30 43 63 80 39 02 00 00
RDI=0x0 is NULL
R8 =0x0 is NULL
R9 =0x00000239e77a0b80 is at begin+0 in a stub
StubRoutines::atomic_cmpxchg_long [0x00000239e77a0b80, 0x00000239e77a0b89[ (9 bytes)
R10=0x00000000546c6148 is an unknown value
R11=0x0000088d0754c370 is an unknown value
R12=0x0 is NULL
R13=0x000002398062c800 points into unknown readable memory: 18 92 14 4e fa 7f 00 00
R14=0x0000000000000032 is an unknown value
R15=0x00000239804f8f90 points into unknown readable memory: 00 00 00 00 00 00 00 00


Registers:
RAX=0x000000100000000f, RBX=0x00000239805d7f40, RCX=0x00000239805dddf0, RDX=0x0000000000000032
RSP=0x000000e2421ff8d0, RBP=0x0000000000000002, RSI=0x00000239805ddf50, RDI=0x0000000000000000
R8 =0x0000000000000000, R9 =0x00000239e77a0b80, R10=0x00000000546c6148, R11=0x0000088d0754c370
R12=0x0000000000000000, R13=0x000002398062c800, R14=0x0000000000000032, R15=0x00000239804f8f90
RIP=0x00007ffa4deca8c5, EFLAGS=0x0000000000010206

Top of Stack: (sp=0x000000e2421ff8d0)
0x000000e2421ff8d0:   00000239df3bb1e0 0000000000000b48
0x000000e2421ff8e0:   0000000000000001 00007ffa4de73850
0x000000e2421ff8f0:   0000000000000000 00007ffa4df3394f
0x000000e2421ff900:   000002398062c800 000002398062c800
0x000000e2421ff910:   00035f02ba879334 00007ffa4de742d9
0x000000e2421ff920:   00007ffa4e2eabc8 00007ffa4df7fc7d
0x000000e2421ff930:   0000000000000001 00000239df3bb1e0
0x000000e2421ff940:   00000239df3bb1e0 431bde82d7b634db
0x000000e2421ff950:   00000239804f8f90 00035f02ba879334
0x000000e2421ff960:   00000239df3bb1e0 00007ffa4dfa5fe9
0x000000e2421ff970:   0000000000000001 0000000000000032
0x000000e2421ff980:   0000000000000032 0000000000000002
0x000000e2421ff990:   000000e2421ffa30 0000000000000000
0x000000e2421ff9a0:   00007ffa90280000 00007ffa902f20a3
0x000000e2421ff9b0:   0000000000000000 00007ffa90280000
0x000000e2421ff9c0:   0000000000000000 000000e2408ef000 

Instructions: (pc=0x00007ffa4deca8c5)
0x00007ffa4deca8a5:   70 48 83 c4 50 5f c3 cc cc cc cc 40 53 48 83 ec
0x00007ffa4deca8b5:   20 48 8b d9 48 8b 49 38 48 85 c9 74 0c 48 8b 01
0x00007ffa4deca8c5:   ff 10 48 8b 4b 28 48 89 01 48 83 c4 20 5b c3 cc
0x00007ffa4deca8d5:   cc cc cc cc cc cc cc cc cc cc cc 48 89 5c 24 08 


Stack slot to memory mapping:
stack at sp + 0 slots: 0x00000239df3bb1e0 points into unknown readable memory: 01 00 00 00 00 00 00 00
stack at sp + 1 slots: 0x0000000000000b48 is an unknown value
stack at sp + 2 slots: 0x0000000000000001 is an unknown value
stack at sp + 3 slots: 0x00007ffa4de73850 jvm.dll
stack at sp + 4 slots: 0x0 is NULL
stack at sp + 5 slots: 0x00007ffa4df3394f jvm.dll
stack at sp + 6 slots: 0x000002398062c800 points into unknown readable memory: 18 92 14 4e fa 7f 00 00
stack at sp + 7 slots: 0x000002398062c800 points into unknown readable memory: 18 92 14 4e fa 7f 00 00


---------------  P R O C E S S  ---------------

Threads class SMR info:
_java_thread_list=0x0000023980a1ef80, length=14, elements={
0x00000239df3c1000, }

Java Threads: ( => current thread )
  0x00000239df3c1000 JavaThread "main" [_thread_blocked, id=24168, stack(0x000000e240d00000,0x000000e240e00000)]
  0x00000239fe053800 JavaThread "Reference Handler" daemon [_thread_blocked, id=4612, stack(0x000000e241400000,0x000000e241500000)]
  0x00000239fe054800 JavaThread "Finalizer" daemon [_thread_blocked, id=24304, stack(0x000000e241500000,0x000000e241600000)]
  0x00000239fe8d4800 JavaThread "Signal Dispatcher" daemon [_thread_blocked, id=20676, stack(0x000000e241600000,0x000000e241700000)]
  0x00000239fe8d5800 JavaThread "Attach Listener" daemon [_thread_blocked, id=19132, stack(0x000000e241700000,0x000000e241800000)]
  0x00000239fe8e0000 JavaThread "C1 CompilerThread0" daemon [_thread_in_native, id=12456, stack(0x000000e241800000,0x000000e241900000)]
  0x00000239fe8e7000 JavaThread "Sweeper thread" daemon [_thread_blocked, id=14072, stack(0x000000e241900000,0x000000e241a00000)]
  0x00000239fe011000 JavaThread "Common-Cleaner" daemon [_thread_blocked, id=7440, stack(0x000000e241a00000,0x000000e241b00000)]
  0x00000239feb2a800 JavaThread "Service Thread" daemon [_thread_blocked, id=14016, stack(0x000000e241b00000,0x000000e241c00000)]
  0x00000239805ec800 JavaThread "RMI TCP Accept-0" daemon [_thread_in_native, id=8696, stack(0x000000e241e00000,0x000000e241f00000)]
  0x00000239805f7800 JavaThread "RMI TCP Accept-53350" daemon [_thread_in_native, id=24264, stack(0x000000e241f00000,0x000000e242000000)]
  0x0000023980648000 JavaThread "RMI TCP Accept-0" daemon [_thread_in_native, id=9396, stack(0x000000e242000000,0x000000e242100000)]
  0x0000023980a5a000 JavaThread "Thread-0" [_thread_blocked, id=23104, stack(0x000000e242200000,0x000000e242300000)]
  0x0000023980a66000 JavaThread "restartedMain" [_thread_in_vm, id=19608, stack(0x000000e242300000,0x000000e242400000)]
  0x0000023980a7f800 JavaThread "background-preinit" [_thread_in_Java, id=18980, stack(0x000000e242400000,0x000000e242500000)]

Other Threads:
  0x00000239fe07d000 VMThread "VM Thread" [stack: 0x000000e241300000,0x000000e241400000] [id=13932]
=>0x000002398062c800 WatcherThread [stack: 0x000000e242100000,0x000000e242200000] [id=7504]
  0x00000239df3d7000 GCTaskThread "GC Thread#0" [stack: 0x000000e240e00000,0x000000e240f00000] [id=22392]
  0x0000023980595000 GCTaskThread "GC Thread#1" [stack: 0x000000e241c00000,0x000000e241d00000] [id=7456]
  0x0000023980595800 GCTaskThread "GC Thread#2" [stack: 0x000000e241d00000,0x000000e241e00000] [id=9532]
  0x00000239df409000 ConcurrentGCThread "G1 Main Marker" [stack: 0x000000e240f00000,0x000000e241000000] [id=13204]
  0x00000239df40a800 ConcurrentGCThread "G1 Conc#0" [stack: 0x000000e241000000,0x000000e241100000] [id=4568]
  0x00000239fdebf800 ConcurrentGCThread "G1 Refine#0" [stack: 0x000000e241100000,0x000000e241200000] [id=21180]
  0x00000239fdec0800 ConcurrentGCThread "G1 Young RemSet Sampling" [stack: 0x000000e241200000,0x000000e241300000] [id=7908]

Threads with active compile tasks:
C1 CompilerThread01573       1       java.lang.invoke.ClassSpecializer$Factory$1Var::<init> (146 bytes)

VM state:not at safepoint (normal execution)

VM Mutex/Monitor currently owned by a thread:  ([mutex/lock_event])
[0x00000239df3bb1e0] PeriodicTask_lock - owner thread: 0x000002398062c800

Heap address: 0x0000000081e00000, size: 2018 MB, Compressed Oops mode: 32-bit
Narrow klass base: 0x0000000000000000, Narrow klass shift: 3
Compressed class space size: 1073741824 Address: 0x0000000100000000

Heap:
 garbage-first heap   total 131072K, used 50474K [0x0000000081e00000, 0x0000000100000000)
  region size 1024K, 32 young (32768K), 3 survivors (3072K)
 Metaspace       used 15223K, capacity 15676K, committed 16000K, reserved 1062912K
  class space    used 1649K, capacity 1812K, committed 1920K, reserved 1048576K
Heap Regions: E=young(eden), S=young(survivor), O=old, HS=humongous(starts), HC=humongous(continues), CS=collection set, F=free, A=archive, TAMS=top-at-mark-start (previous, next)
|   0|0x0000000081e00000, 0x0000000081f00000, 0x0000000081f00000|100%|HS|  |TAMS 0x0000000081e00000, 0x0000000081e00000| Complete 
|   1|0x0000000081f00000, 0x0000000082000000, 0x0000000082000000|100%| O|  |TAMS 0x0000000081f00000, 0x0000000081f00000| Untracked 
|   2|0x0000000082000000, 0x0000000082100000, 0x0000000082100000|100%| O|  |TAMS 0x0000000082000000, 0x0000000082000000| Untracked 
|   3|0x0000000082100000, 0x0000000082200000, 0x0000000082200000|100%| O|  |TAMS 0x0000000082100000, 0x0000000082100000| Untracked 
|   4|0x0000000082200000, 0x0000000082300000, 0x0000000082300000|100%| O|  |TAMS 0x0000000082200000, 0x0000000082200000| Untracked 
|   5|0x0000000082300000, 0x0000000082400000, 0x0000000082400000|100%| O|  |TAMS 0x0000000082300000, 0x0000000082300000| Untracked 
|   6|0x0000000082400000, 0x0000000082500000, 0x0000000082500000|100%| O|  |TAMS 0x0000000082400000, 0x0000000082400000| Untracked 
|   7|0x0000000082500000, 0x0000000082600000, 0x0000000082600000|100%| O|  |TAMS 0x0000000082500000, 0x0000000082500000| Untracked 
|   8|0x0000000082600000, 0x0000000082700000, 0x0000000082700000|100%| O|  |TAMS 0x0000000082600000, 0x0000000082600000| Untracked 
|   9|0x0000000082700000, 0x0000000082800000, 0x0000000082800000|100%| O|  |TAMS 0x0000000082700000, 0x0000000082700000| Untracked 
|  10|0x0000000082800000, 0x0000000082900000, 0x0000000082900000|100%| O|  |TAMS 0x0000000082800000, 0x0000000082800000| Untracked 
|  11|0x0000000082900000, 0x0000000082a00000, 0x0000000082a00000|100%| O|  |TAMS 0x0000000082900000, 0x0000000082900000| Untracked 
|  12|0x0000000082a00000, 0x0000000082b00000, 0x0000000082b00000|100%| O|  |TAMS 0x0000000082a00000, 0x0000000082a00000| Untracked 
|  13|0x0000000082b00000, 0x0000000082c00000, 0x0000000082c00000|100%| O|  |TAMS 0x0000000082b00000, 0x0000000082b00000| Untracked 
|  14|0x0000000082c00000, 0x0000000082d00000, 0x0000000082d00000|100%| O|  |TAMS 0x0000000082c00000, 0x0000000082c00000| Untracked 
|  15|0x0000000082d00000, 0x0000000082e00000, 0x0000000082e00000|100%| O|  |TAMS 0x0000000082d00000, 0x0000000082d00000| Untracked 
|  16|0x0000000082e00000, 0x0000000082f00000, 0x0000000082f00000|100%| O|  |TAMS 0x0000000082e00000, 0x0000000082e00000| Untracked 
|  17|0x0000000082f00000, 0x0000000083000000, 0x0000000083000000|100%| O|  |TAMS 0x0000000082f00000, 0x0000000082f00000| Untracked 
|  18|0x0000000083000000, 0x0000000083100000, 0x0000000083100000|100%| O|  |TAMS 0x0000000083000000, 0x0000000083000000| Untracked 
|  19|0x0000000083100000, 0x00000000831fd600, 0x0000000083200000| 98%| O|  |TAMS 0x0000000083100000, 0x0000000083100000| Untracked 
|  20|0x0000000083200000, 0x0000000083200000, 0x0000000083300000|  0%| F|  |TAMS 0x0000000083200000, 0x0000000083200000| Untracked 
|  21|0x0000000083300000, 0x0000000083300000, 0x0000000083400000|  0%| F|  |TAMS 0x0000000083300000, 0x0000000083300000| Untracked 
|  22|0x0000000083400000, 0x0000000083400000, 0x0000000083500000|  0%| F|  |TAMS 0x0000000083400000, 0x0000000083400000| Untracked 
|  23|0x0000000083500000, 0x0000000083500000, 0x0000000083600000|  0%| F|  |TAMS 0x0000000083500000, 0x0000000083500000| Untracked 
|  24|0x0000000083600000, 0x0000000083600000, 0x0000000083700000|  0%| F|  |TAMS 0x0000000083600000, 0x0000000083600000| Untracked 
|  25|0x0000000083700000, 0x0000000083700000, 0x0000000083800000|  0%| F|  |TAMS 0x0000000083700000, 0x0000000083700000| Untracked 
|  26|0x0000000083800000, 0x0000000083800000, 0x0000000083900000|  0%| F|  |TAMS 0x0000000083800000, 0x0000000083800000| Untracked 
|  27|0x0000000083900000, 0x0000000083900000, 0x0000000083a00000|  0%| F|  |TAMS 0x0000000083900000, 0x0000000083900000| Untracked 
|  28|0x0000000083a00000, 0x0000000083a00000, 0x0000000083b00000|  0%| F|  |TAMS 0x0000000083a00000, 0x0000000083a00000| Untracked 
|  29|0x0000000083b00000, 0x0000000083b00000, 0x0000000083c00000|  0%| F|  |TAMS 0x0000000083b00000, 0x0000000083b00000| Untracked 
|  30|0x0000000083c00000, 0x0000000083c00000, 0x0000000083d00000|  0%| F|  |TAMS 0x0000000083c00000, 0x0000000083c00000| Untracked 
|  31|0x0000000083d00000, 0x0000000083d00000, 0x0000000083e00000|  0%| F|  |TAMS 0x0000000083d00000, 0x0000000083d00000| Untracked 
|  32|0x0000000083e00000, 0x0000000083e00000, 0x0000000083f00000|  0%| F|  |TAMS 0x0000000083e00000, 0x0000000083e00000| Untracked 
|  33|0x0000000083f00000, 0x0000000083f00000, 0x0000000084000000|  0%| F|  |TAMS 0x0000000083f00000, 0x0000000083f00000| Untracked 
|  34|0x0000000084000000, 0x0000000084000000, 0x0000000084100000|  0%| F|  |TAMS 0x0000000084000000, 0x0000000084000000| Untracked 
|  35|0x0000000084100000, 0x0000000084100000, 0x0000000084200000|  0%| F|  |TAMS 0x0000000084100000, 0x0000000084100000| Untracked 
|  36|0x0000000084200000, 0x0000000084200000, 0x0000000084300000|  0%| F|  |TAMS 0x0000000084200000, 0x0000000084200000| Untracked 
|  37|0x0000000084300000, 0x0000000084300000, 0x0000000084400000|  0%| F|  |TAMS 0x0000000084300000, 0x0000000084300000| Untracked 
|  38|0x0000000084400000, 0x0000000084400000, 0x0000000084500000|  0%| F|  |TAMS 0x0000000084400000, 0x0000000084400000| Untracked 
|  39|0x0000000084500000, 0x0000000084500000, 0x0000000084600000|  0%| F|  |TAMS 0x0000000084500000, 0x0000000084500000| Untracked 
|  40|0x0000000084600000, 0x0000000084600000, 0x0000000084700000|  0%| F|  |TAMS 0x0000000084600000, 0x0000000084600000| Untracked 
|  41|0x0000000084700000, 0x0000000084700000, 0x0000000084800000|  0%| F|  |TAMS 0x0000000084700000, 0x0000000084700000| Untracked 
|  42|0x0000000084800000, 0x0000000084800000, 0x0000000084900000|  0%| F|  |TAMS 0x0000000084800000, 0x0000000084800000| Untracked 
|  43|0x0000000084900000, 0x0000000084900000, 0x0000000084a00000|  0%| F|  |TAMS 0x0000000084900000, 0x0000000084900000| Untracked 
|  44|0x0000000084a00000, 0x0000000084a00000, 0x0000000084b00000|  0%| F|  |TAMS 0x0000000084a00000, 0x0000000084a00000| Untracked 
|  45|0x0000000084b00000, 0x0000000084b00000, 0x0000000084c00000|  0%| F|  |TAMS 0x0000000084b00000, 0x0000000084b00000| Untracked 
|  46|0x0000000084c00000, 0x0000000084c00000, 0x0000000084d00000|  0%| F|  |TAMS 0x0000000084c00000, 0x0000000084c00000| Untracked 
|  47|0x0000000084d00000, 0x0000000084d00000, 0x0000000084e00000|  0%| F|  |TAMS 0x0000000084d00000, 0x0000000084d00000| Untracked 
|  48|0x0000000084e00000, 0x0000000084e00000, 0x0000000084f00000|  0%| F|  |TAMS 0x0000000084e00000, 0x0000000084e00000| Untracked 
|  49|0x0000000084f00000, 0x0000000084f00000, 0x0000000085000000|  0%| F|  |TAMS 0x0000000084f00000, 0x0000000084f00000| Untracked 
|  50|0x0000000085000000, 0x0000000085000000, 0x0000000085100000|  0%| F|  |TAMS 0x0000000085000000, 0x0000000085000000| Untracked 
|  51|0x0000000085100000, 0x0000000085100000, 0x0000000085200000|  0%| F|  |TAMS 0x0000000085100000, 0x0000000085100000| Untracked 
|  52|0x0000000085200000, 0x0000000085200000, 0x0000000085300000|  0%| F|  |TAMS 0x0000000085200000, 0x0000000085200000| Untracked 
|  53|0x0000000085300000, 0x0000000085300000, 0x0000000085400000|  0%| F|  |TAMS 0x0000000085300000, 0x0000000085300000| Untracked 
|  54|0x0000000085400000, 0x0000000085400000, 0x0000000085500000|  0%| F|  |TAMS 0x0000000085400000, 0x0000000085400000| Untracked 
|  55|0x0000000085500000, 0x0000000085500000, 0x0000000085600000|  0%| F|  |TAMS 0x0000000085500000, 0x0000000085500000| Untracked 
|  56|0x0000000085600000, 0x0000000085600000, 0x0000000085700000|  0%| F|  |TAMS 0x0000000085600000, 0x0000000085600000| Untracked 
|  57|0x0000000085700000, 0x0000000085700000, 0x0000000085800000|  0%| F|  |TAMS 0x0000000085700000, 0x0000000085700000| Untracked 
|  58|0x0000000085800000, 0x0000000085800000, 0x0000000085900000|  0%| F|  |TAMS 0x0000000085800000, 0x0000000085800000| Untracked 
|  59|0x0000000085900000, 0x0000000085900000, 0x0000000085a00000|  0%| F|  |TAMS 0x0000000085900000, 0x0000000085900000| Untracked 
|  60|0x0000000085a00000, 0x0000000085a00000, 0x0000000085b00000|  0%| F|  |TAMS 0x0000000085a00000, 0x0000000085a00000| Untracked 
|  61|0x0000000085b00000, 0x0000000085b00000, 0x0000000085c00000|  0%| F|  |TAMS 0x0000000085b00000, 0x0000000085b00000| Untracked 
|  62|0x0000000085c00000, 0x0000000085c00000, 0x0000000085d00000|  0%| F|  |TAMS 0x0000000085c00000, 0x0000000085c00000| Untracked 
|  63|0x0000000085d00000, 0x0000000085d00000, 0x0000000085e00000|  0%| F|  |TAMS 0x0000000085d00000, 0x0000000085d00000| Untracked 
|  64|0x0000000085e00000, 0x0000000085e00000, 0x0000000085f00000|  0%| F|  |TAMS 0x0000000085e00000, 0x0000000085e00000| Untracked 
|  65|0x0000000085f00000, 0x0000000085f00000, 0x0000000086000000|  0%| F|  |TAMS 0x0000000085f00000, 0x0000000085f00000| Untracked 
|  66|0x0000000086000000, 0x0000000086000000, 0x0000000086100000|  0%| F|  |TAMS 0x0000000086000000, 0x0000000086000000| Untracked 
|  67|0x0000000086100000, 0x0000000086100000, 0x0000000086200000|  0%| F|  |TAMS 0x0000000086100000, 0x0000000086100000| Untracked 
|  68|0x0000000086200000, 0x0000000086200000, 0x0000000086300000|  0%| F|  |TAMS 0x0000000086200000, 0x0000000086200000| Untracked 
|  69|0x0000000086300000, 0x0000000086300000, 0x0000000086400000|  0%| F|  |TAMS 0x0000000086300000, 0x0000000086300000| Untracked 
|  70|0x0000000086400000, 0x0000000086400000, 0x0000000086500000|  0%| F|  |TAMS 0x0000000086400000, 0x0000000086400000| Untracked 
|  71|0x0000000086500000, 0x0000000086500000, 0x0000000086600000|  0%| F|  |TAMS 0x0000000086500000, 0x0000000086500000| Untracked 
|  72|0x0000000086600000, 0x0000000086600000, 0x0000000086700000|  0%| F|  |TAMS 0x0000000086600000, 0x0000000086600000| Untracked 
|  73|0x0000000086700000, 0x0000000086700000, 0x0000000086800000|  0%| F|  |TAMS 0x0000000086700000, 0x0000000086700000| Untracked 
|  74|0x0000000086800000, 0x0000000086800000, 0x0000000086900000|  0%| F|  |TAMS 0x0000000086800000, 0x0000000086800000| Untracked 
|  75|0x0000000086900000, 0x0000000086900000, 0x0000000086a00000|  0%| F|  |TAMS 0x0000000086900000, 0x0000000086900000| Untracked 
|  76|0x0000000086a00000, 0x0000000086a00000, 0x0000000086b00000|  0%| F|  |TAMS 0x0000000086a00000, 0x0000000086a00000| Untracked 
|  77|0x0000000086b00000, 0x0000000086b00000, 0x0000000086c00000|  0%| F|  |TAMS 0x0000000086b00000, 0x0000000086b00000| Untracked 
|  78|0x0000000086c00000, 0x0000000086c00000, 0x0000000086d00000|  0%| F|  |TAMS 0x0000000086c00000, 0x0000000086c00000| Untracked 
|  79|0x0000000086d00000, 0x0000000086d00000, 0x0000000086e00000|  0%| F|  |TAMS 0x0000000086d00000, 0x0000000086d00000| Untracked 
|  80|0x0000000086e00000, 0x0000000086e00000, 0x0000000086f00000|  0%| F|  |TAMS 0x0000000086e00000, 0x0000000086e00000| Untracked 
|  81|0x0000000086f00000, 0x0000000086f00000, 0x0000000087000000|  0%| F|  |TAMS 0x0000000086f00000, 0x0000000086f00000| Untracked 
|  82|0x0000000087000000, 0x0000000087000000, 0x0000000087100000|  0%| F|  |TAMS 0x0000000087000000, 0x0000000087000000| Untracked 
|  83|0x0000000087100000, 0x0000000087100000, 0x0000000087200000|  0%| F|  |TAMS 0x0000000087100000, 0x0000000087100000| Untracked 
|  84|0x0000000087200000, 0x0000000087200000, 0x0000000087300000|  0%| F|  |TAMS 0x0000000087200000, 0x0000000087200000| Untracked 
|  85|0x0000000087300000, 0x0000000087300000, 0x0000000087400000|  0%| F|  |TAMS 0x0000000087300000, 0x0000000087300000| Untracked 
|  86|0x0000000087400000, 0x0000000087400000, 0x0000000087500000|  0%| F|  |TAMS 0x0000000087400000, 0x0000000087400000| Untracked 
|  87|0x0000000087500000, 0x0000000087500000, 0x0000000087600000|  0%| F|  |TAMS 0x0000000087500000, 0x0000000087500000| Untracked 
|  88|0x0000000087600000, 0x0000000087600000, 0x0000000087700000|  0%| F|  |TAMS 0x0000000087600000, 0x0000000087600000| Untracked 
|  89|0x0000000087700000, 0x0000000087700000, 0x0000000087800000|  0%| F|  |TAMS 0x0000000087700000, 0x0000000087700000| Untracked 
|  90|0x0000000087800000, 0x0000000087800000, 0x0000000087900000|  0%| F|  |TAMS 0x0000000087800000, 0x0000000087800000| Untracked 
|  91|0x0000000087900000, 0x0000000087900000, 0x0000000087a00000|  0%| F|  |TAMS 0x0000000087900000, 0x0000000087900000| Untracked 
|  92|0x0000000087a00000, 0x0000000087a00000, 0x0000000087b00000|  0%| F|  |TAMS 0x0000000087a00000, 0x0000000087a00000| Untracked 
|  93|0x0000000087b00000, 0x0000000087b00000, 0x0000000087c00000|  0%| F|  |TAMS 0x0000000087b00000, 0x0000000087b00000| Untracked 
|  94|0x0000000087c00000, 0x0000000087c00000, 0x0000000087d00000|  0%| F|  |TAMS 0x0000000087c00000, 0x0000000087c00000| Untracked 
|  95|0x0000000087d00000, 0x0000000087d4d200, 0x0000000087e00000| 30%| S|CS|TAMS 0x0000000087d00000, 0x0000000087d00000| Complete 
|  96|0x0000000087e00000, 0x0000000087f00000, 0x0000000087f00000|100%| S|CS|TAMS 0x0000000087e00000, 0x0000000087e00000| Complete 
|  97|0x0000000087f00000, 0x0000000088000000, 0x0000000088000000|100%| S|CS|TAMS 0x0000000087f00000, 0x0000000087f00000| Complete 
|  98|0x0000000088000000, 0x0000000088000000, 0x0000000088100000|  0%| F|  |TAMS 0x0000000088000000, 0x0000000088000000| Untracked 
|  99|0x0000000088100000, 0x0000000088177fa8, 0x0000000088200000| 46%| E|  |TAMS 0x0000000088100000, 0x0000000088100000| Complete 
| 100|0x0000000088200000, 0x0000000088300000, 0x0000000088300000|100%| E|CS|TAMS 0x0000000088200000, 0x0000000088200000| Complete 
| 101|0x0000000088300000, 0x0000000088400000, 0x0000000088400000|100%| E|CS|TAMS 0x0000000088300000, 0x0000000088300000| Complete 
| 102|0x0000000088400000, 0x0000000088500000, 0x0000000088500000|100%| E|CS|TAMS 0x0000000088400000, 0x0000000088400000| Complete 
| 103|0x0000000088500000, 0x0000000088600000, 0x0000000088600000|100%| E|CS|TAMS 0x0000000088500000, 0x0000000088500000| Complete 
| 104|0x0000000088600000, 0x0000000088700000, 0x0000000088700000|100%| E|CS|TAMS 0x0000000088600000, 0x0000000088600000| Complete 
| 105|0x0000000088700000, 0x0000000088800000, 0x0000000088800000|100%| E|CS|TAMS 0x0000000088700000, 0x0000000088700000| Complete 
| 106|0x0000000088800000, 0x0000000088900000, 0x0000000088900000|100%| E|CS|TAMS 0x0000000088800000, 0x0000000088800000| Complete 
| 107|0x0000000088900000, 0x0000000088a00000, 0x0000000088a00000|100%| E|CS|TAMS 0x0000000088900000, 0x0000000088900000| Complete 
| 108|0x0000000088a00000, 0x0000000088b00000, 0x0000000088b00000|100%| E|CS|TAMS 0x0000000088a00000, 0x0000000088a00000| Complete 
| 109|0x0000000088b00000, 0x0000000088c00000, 0x0000000088c00000|100%| E|CS|TAMS 0x0000000088b00000, 0x0000000088b00000| Complete 
| 110|0x0000000088c00000, 0x0000000088d00000, 0x0000000088d00000|100%| E|CS|TAMS 0x0000000088c00000, 0x0000000088c00000| Complete 
| 111|0x0000000088d00000, 0x0000000088e00000, 0x0000000088e00000|100%| E|CS|TAMS 0x0000000088d00000, 0x0000000088d00000| Complete 
| 112|0x0000000088e00000, 0x0000000088f00000, 0x0000000088f00000|100%| E|CS|TAMS 0x0000000088e00000, 0x0000000088e00000| Complete 
| 113|0x0000000088f00000, 0x0000000089000000, 0x0000000089000000|100%| E|CS|TAMS 0x0000000088f00000, 0x0000000088f00000| Complete 
| 114|0x0000000089000000, 0x0000000089100000, 0x0000000089100000|100%| E|CS|TAMS 0x0000000089000000, 0x0000000089000000| Complete 
| 115|0x0000000089100000, 0x0000000089200000, 0x0000000089200000|100%| E|CS|TAMS 0x0000000089100000, 0x0000000089100000| Complete 
| 116|0x0000000089200000, 0x0000000089300000, 0x0000000089300000|100%| E|CS|TAMS 0x0000000089200000, 0x0000000089200000| Complete 
| 117|0x0000000089300000, 0x0000000089400000, 0x0000000089400000|100%| E|CS|TAMS 0x0000000089300000, 0x0000000089300000| Complete 
| 118|0x0000000089400000, 0x0000000089500000, 0x0000000089500000|100%| E|CS|TAMS 0x0000000089400000, 0x0000000089400000| Complete 
| 119|0x0000000089500000, 0x0000000089600000, 0x0000000089600000|100%| E|  |TAMS 0x0000000089500000, 0x0000000089500000| Complete 
| 120|0x0000000089600000, 0x0000000089700000, 0x0000000089700000|100%| E|CS|TAMS 0x0000000089600000, 0x0000000089600000| Complete 
| 121|0x0000000089700000, 0x0000000089800000, 0x0000000089800000|100%| E|CS|TAMS 0x0000000089700000, 0x0000000089700000| Complete 
| 122|0x0000000089800000, 0x0000000089900000, 0x0000000089900000|100%| E|CS|TAMS 0x0000000089800000, 0x0000000089800000| Complete 
| 123|0x0000000089900000, 0x0000000089a00000, 0x0000000089a00000|100%| E|CS|TAMS 0x0000000089900000, 0x0000000089900000| Complete 
| 124|0x0000000089a00000, 0x0000000089b00000, 0x0000000089b00000|100%| E|CS|TAMS 0x0000000089a00000, 0x0000000089a00000| Complete 
| 125|0x0000000089b00000, 0x0000000089c00000, 0x0000000089c00000|100%| E|CS|TAMS 0x0000000089b00000, 0x0000000089b00000| Complete 
| 126|0x0000000089c00000, 0x0000000089d00000, 0x0000000089d00000|100%| E|CS|TAMS 0x0000000089c00000, 0x0000000089c00000| Complete 
| 127|0x0000000089d00000, 0x0000000089e00000, 0x0000000089e00000|100%| E|CS|TAMS 0x0000000089d00000, 0x0000000089d00000| Complete 

Card table byte_map: [0x00000239f6ed0000,0x00000239f72d0000] _byte_map_base: 0x00000239f6ac1000

Marking Bits (Prev, Next): (CMBitMap*) 0x00000239df4007d8, (CMBitMap*) 0x00000239df400810
 Prev Bits: [0x00000239f76d0000, 0x00000239f9658000)
 Next Bits: [0x00000239f9660000, 0x00000239fb5e8000)

Polling page: 0x00000239dd160000

Metaspace:

Usage:
  Non-class:     13.54 MB capacity,    13.28 MB ( 98%) used,   226.59 KB (  2%) free+waste,    41.50 KB ( <1%) overhead. 
      Class:      1.77 MB capacity,     1.62 MB ( 91%) used,   138.14 KB (  8%) free+waste,    21.00 KB (  1%) overhead. 
       Both:     15.31 MB capacity,    14.90 MB ( 97%) used,   364.73 KB (  2%) free+waste,    62.50 KB ( <1%) overhead. 

Virtual space:
  Non-class space:       14.00 MB reserved,      13.75 MB ( 98%) committed 
      Class space:        1.00 GB reserved,       1.88 MB ( <1%) committed 
             Both:        1.01 GB reserved,      15.63 MB (  2%) committed 

Chunk freelists:
   Non-Class:  2.63 KB
       Class:  0 bytes
        Both:  2.63 KB

CodeHeap 'non-profiled nmethods': size=238336Kb used=2413Kb max_used=2413Kb free=235922Kb
 bounds [0x00000239e7ee0000, 0x00000239e8150000, 0x00000239f67a0000]
CodeHeap 'non-nmethods': size=7424Kb used=1120Kb max_used=1120Kb free=6303Kb
 bounds [0x00000239e77a0000, 0x00000239e7a10000, 0x00000239e7ee0000]
 total_blobs=2030 nmethods=1586 adapters=354
 compilation: enabled
              stopped_count=0, restarted_count=0
 full_count=0

Compilation events (10 events):
Event: 0.773 Thread 0x00000239fe8e0000 1277       1       java.lang.Enum::<init> (15 bytes)
Event: 0.773 Thread 0x00000239fe8e0000 nmethod 1277 0x00000239e80af210 code [0x00000239e80af3a0, 0x00000239e80af518]
Event: 0.775 Thread 0x00000239fe8e0000 1278       1       java.lang.String::concat (116 bytes)
Event: 0.776 Thread 0x00000239fe8e0000 nmethod 1278 0x00000239e80af590 code [0x00000239e80af780, 0x00000239e80afd50]
Event: 0.776 Thread 0x00000239fe8e0000 1279       1       java.net.URLStreamHandler::toExternalForm (156 bytes)
Event: 0.776 Thread 0x00000239fe8e0000 nmethod 1279 0x00000239e80b0010 code [0x00000239e80b0300, 0x00000239e80b0e00]
Event: 0.776 Thread 0x00000239fe8e0000 1280       1       java.lang.ClassLoader::loadClass (7 bytes)
Event: 0.776 Thread 0x00000239fe8e0000 nmethod 1280 0x00000239e80b1310 code [0x00000239e80b14c0, 0x00000239e80b1610]
Event: 0.777 Thread 0x00000239fe8e0000 1281       1       jdk.internal.loader.BuiltinClassLoader::loadClass (22 bytes)
Event: 0.777 Thread 0x00000239fe8e0000 nmethod 1281 0x00000239e80b1690 code [0x00000239e80b1840, 0x00000239e80b1a20]

GC Heap History (2 events):
Event: 0.425 GC heap before
{Heap before GC invocations=0 (full 0):
 garbage-first heap   total 131072K, used 24576K [0x0000000081e00000, 0x0000000100000000)
  region size 1024K, 24 young (24576K), 0 survivors (0K)
 Metaspace       used 8151K, capacity 8263K, committed 8320K, reserved 1056768K
  class space    used 785K, capacity 841K, committed 896K, reserved 1048576K
}
Event: 0.434 GC heap after
{Heap after GC invocations=1 (full 0):
 garbage-first heap   total 131072K, used 20384K [0x0000000081e00000, 0x0000000100000000)
  region size 1024K, 3 young (3072K), 3 survivors (3072K)
 Metaspace       used 8151K, capacity 8263K, committed 8320K, reserved 1056768K
  class space    used 785K, capacity 841K, committed 896K, reserved 1048576K
}

Deoptimization events (0 events):
No events

Classes redefined (0 events):
No events

Internal exceptions (10 events):
Event: 0.651 Thread 0x00000239df3c1000 Exception <a 'java/lang/NoSuchMethodError'{0x0000000089a1db88}: java.lang.invoke.DirectMethodHandle$Holder.invokeStatic(Ljava/lang/Object;Ljava/lang/Object;IIII)Ljava/lang/Object;> (0x0000000089a1db88) thrown at [./open/src/hotspot/share/interpreter/linkR
Event: 0.651 Thread 0x00000239df3c1000 Exception <a 'java/lang/NoSuchMethodError'{0x0000000089a20ed0}: java.lang.invoke.DirectMethodHandle$Holder.invokeStaticInit(Ljava/lang/Object;Ljava/lang/Object;IIII)Ljava/lang/Object;> (0x0000000089a20ed0) thrown at [./open/src/hotspot/share/interpreter/l
Event: 0.657 Thread 0x00000239df3c1000 Exception <a 'java/lang/ClassNotFoundException'{0x0000000089a3e430}: javax/management/remote/rmi/RMIServerImpl_Skel> (0x0000000089a3e430) thrown at [./open/src/hotspot/share/classfile/systemDictionary.cpp, line 228]
Event: 0.682 Thread 0x00000239df3c1000 Exception <a 'java/lang/ClassNotFoundException'{0x000000008990e468}: jdk/internal/agent/resources/spi/agentProvider> (0x000000008990e468) thrown at [./open/src/hotspot/share/classfile/systemDictionary.cpp, line 228]
Event: 0.686 Thread 0x00000239df3c1000 Exception <a 'java/lang/NoSuchMethodError'{0x0000000089963d38}: java.lang.invoke.DirectMethodHandle$Holder.invokeStatic(Ljava/lang/Object;Ljava/lang/Object;Ljava/lang/Object;Ljava/lang/Object;Ljava/lang/Object;Ljava/lang/Object;Ljava/lang/Object;Ljava/lan
Event: 0.687 Thread 0x00000239df3c1000 Exception <a 'java/lang/NoSuchMethodError'{0x0000000089970558}: java.lang.invoke.DirectMethodHandle$Holder.invokeStatic(Ljava/lang/Object;Ljava/lang/Object;Ljava/lang/Object;Ljava/lang/Object;Ljava/lang/Object;Ljava/lang/Object;Ljava/lang/Object;Ljava/lan
Event: 0.688 Thread 0x00000239df3c1000 Exception <a 'java/lang/NoSuchMethodError'{0x000000008998a030}: java.lang.invoke.DelegatingMethodHandle$Holder.reinvoke_L(Ljava/lang/Object;ILjava/lang/Object;)Ljava/lang/Object;> (0x000000008998a030) thrown at [./open/src/hotspot/share/interpreter/linkRe
Event: 0.714 Thread 0x00000239df3c1000 Exception <a 'java/lang/ClassNotFoundException'{0x0000000089762040}: javax/smartcardio/CardPermission> (0x0000000089762040) thrown at [./open/src/hotspot/share/classfile/systemDictionary.cpp, line 228]
Event: 0.716 Thread 0x00000239df3c1000 Exception <a 'java/io/FileNotFoundException'{0x0000000089770408}> (0x0000000089770408) thrown at [./open/src/hotspot/share/prims/jni.cpp, line 611]
Event: 0.769 Thread 0x00000239df3c1000 Exception <a 'java/lang/NoSuchMethodError'{0x00000000893d64f0}: java.lang.invoke.DirectMethodHandle$Holder.invokeStaticInit(Ljava/lang/Object;Ljava/lang/Object;)I> (0x00000000893d64f0) thrown at [./open/src/hotspot/share/interpreter/linkResolver.cpp, line

Events (10 events):
Event: 0.776 loading class org/springframework/core/annotation/RepeatableContainers$NoRepeatableContainers
Event: 0.776 loading class org/springframework/core/annotation/RepeatableContainers$NoRepeatableContainers done
Event: 0.776 loading class org/springframework/core/annotation/AnnotationsScanner
Event: 0.776 loading class org/springframework/core/annotation/AnnotationsScanner done
Event: 0.777 loading class org/springframework/core/annotation/OrderUtils
Event: 0.777 loading class org/springframework/core/annotation/OrderUtils done
Event: 0.777 loading class org/springframework/core/annotation/Order
Event: 0.777 loading class org/springframework/core/annotation/Order done
Event: 0.777 loading class org/springframework/core/annotation/TypeMappedAnnotations$MergedAnnotationFinder
Event: 0.777 loading class org/springframework/core/annotation/TypeMappedAnnotations$MergedAnnotationFinder done


Dynamic libraries:
0x00007ff61cb00000 - 0x00007ff61cb47000 	C:\Program Files\Java\jdk-11.0.7\bin\javaw.exe
0x00007ffa90280000 - 0x00007ffa90470000 	C:\Windows\SYSTEM32\ntdll.dll
0x00007ffa8ea70000 - 0x00007ffa8eb22000 	C:\Windows\System32\KERNEL32.DLL
0x00007ffa8d200000 - 0x00007ffa8d4a5000 	C:\Windows\System32\KERNELBASE.dll
0x00007ffa8ab90000 - 0x00007ffa8ac1f000 	C:\Windows\SYSTEM32\apphelp.dll
0x00007ffa8f300000 - 0x00007ffa8f3a3000 	C:\Windows\System32\ADVAPI32.dll
0x00007ffa8e4e0000 - 0x00007ffa8e57e000 	C:\Windows\System32\msvcrt.dll
0x00007ffa8e600000 - 0x00007ffa8e697000 	C:\Windows\System32\sechost.dll
0x00007ffa8f500000 - 0x00007ffa8f61f000 	C:\Windows\System32\RPCRT4.dll
0x00007ffa8fe70000 - 0x00007ffa90004000 	C:\Windows\System32\USER32.dll
0x00007ffa8e260000 - 0x00007ffa8e281000 	C:\Windows\System32\win32u.dll
0x00007ffa90010000 - 0x00007ffa90036000 	C:\Windows\System32\GDI32.dll
0x00007ffa8d8f0000 - 0x00007ffa8da88000 	C:\Windows\System32\gdi32full.dll
0x00007ffa8e290000 - 0x00007ffa8e32e000 	C:\Windows\System32\msvcp_win.dll
0x00007ffa8d7f0000 - 0x00007ffa8d8ea000 	C:\Windows\System32\ucrtbase.dll
0x00007ffa6ecb0000 - 0x00007ffa6ef34000 	C:\Windows\WinSxS\amd64_microsoft.windows.common-controls_6595b64144ccf1df_6.0.18362.1379_none_9e7ff3b3e45cc0c4\COMCTL32.dll
0x00007ffa85690000 - 0x00007ffa8569a000 	C:\Windows\SYSTEM32\VERSION.dll
0x00007ffa8e730000 - 0x00007ffa8ea67000 	C:\Windows\System32\combase.dll
0x00007ffa8d660000 - 0x00007ffa8d6e1000 	C:\Windows\System32\bcryptPrimitives.dll
0x00007ffa8e700000 - 0x00007ffa8e72e000 	C:\Windows\System32\IMM32.DLL
0x00007ffa86370000 - 0x00007ffa86386000 	C:\Program Files\Java\jdk-11.0.7\bin\vcruntime140.dll
0x00007ffa79a10000 - 0x00007ffa79aba000 	C:\Program Files\Java\jdk-11.0.7\bin\msvcp140.dll
0x00007ffa4d840000 - 0x00007ffa4e3a1000 	C:\Program Files\Java\jdk-11.0.7\bin\server\jvm.dll
0x00007ffa8f4f0000 - 0x00007ffa8f4f8000 	C:\Windows\System32\PSAPI.DLL
0x00007ffa82c70000 - 0x00007ffa82c79000 	C:\Windows\SYSTEM32\WSOCK32.dll
0x00007ffa85e10000 - 0x00007ffa85e34000 	C:\Windows\SYSTEM32\WINMM.dll
0x00007ffa8eb90000 - 0x00007ffa8ebff000 	C:\Windows\System32\WS2_32.dll
0x00007ffa85de0000 - 0x00007ffa85e0d000 	C:\Windows\SYSTEM32\WINMMBASE.dll
0x00007ffa8d6f0000 - 0x00007ffa8d73a000 	C:\Windows\System32\cfgmgr32.dll
0x00007ffa8d160000 - 0x00007ffa8d171000 	C:\Windows\System32\kernel.appcore.dll
0x00007ffa78bd0000 - 0x00007ffa78be1000 	C:\Program Files\Java\jdk-11.0.7\bin\verify.dll
0x00007ffa8ba30000 - 0x00007ffa8bc24000 	C:\Windows\SYSTEM32\DBGHELP.DLL
0x00007ffa86000000 - 0x00007ffa8602a000 	C:\Windows\SYSTEM32\dbgcore.DLL
0x00007ffa65160000 - 0x00007ffa65189000 	C:\Program Files\Java\jdk-11.0.7\bin\java.dll
0x00007ffa7de40000 - 0x00007ffa7de4a000 	C:\Program Files\Java\jdk-11.0.7\bin\jimage.dll
0x00007ffa788f0000 - 0x00007ffa78906000 	C:\Program Files\Java\jdk-11.0.7\bin\zip.dll
0x00007ffa8f780000 - 0x00007ffa8fe68000 	C:\Windows\System32\SHELL32.dll
0x00007ffa90040000 - 0x00007ffa900e7000 	C:\Windows\System32\shcore.dll
0x00007ffa8dae0000 - 0x00007ffa8e25b000 	C:\Windows\System32\windows.storage.dll
0x00007ffa8d1d0000 - 0x00007ffa8d1f3000 	C:\Windows\System32\profapi.dll
0x00007ffa8d180000 - 0x00007ffa8d1ca000 	C:\Windows\System32\powrprof.dll
0x00007ffa8d130000 - 0x00007ffa8d140000 	C:\Windows\System32\UMPDC.dll
0x00007ffa8ec10000 - 0x00007ffa8ec62000 	C:\Windows\System32\shlwapi.dll
0x00007ffa8da90000 - 0x00007ffa8daa7000 	C:\Windows\System32\cryptsp.dll
0x00007ffa65110000 - 0x00007ffa65129000 	C:\Program Files\Java\jdk-11.0.7\bin\net.dll
0x00007ffa83410000 - 0x00007ffa83500000 	C:\Windows\SYSTEM32\WINHTTP.dll
0x00007ffa8c910000 - 0x00007ffa8c977000 	C:\Windows\system32\mswsock.dll
0x00007ffa650f0000 - 0x00007ffa65103000 	C:\Program Files\Java\jdk-11.0.7\bin\nio.dll
0x00007ffa89540000 - 0x00007ffa89549000 	C:\Program Files\Java\jdk-11.0.7\bin\management.dll
0x00007ffa7dfa0000 - 0x00007ffa7dfac000 	C:\Program Files\Java\jdk-11.0.7\bin\management_ext.dll
0x00007ffa7f8e0000 - 0x00007ffa7f8f6000 	C:\Windows\system32\napinsp.dll
0x00007ffa7f8c0000 - 0x00007ffa7f8da000 	C:\Windows\system32\pnrpnsp.dll
0x00007ffa8c660000 - 0x00007ffa8c72b000 	C:\Windows\SYSTEM32\DNSAPI.dll
0x00007ffa8ec00000 - 0x00007ffa8ec08000 	C:\Windows\System32\NSI.dll
0x00007ffa8c620000 - 0x00007ffa8c65a000 	C:\Windows\SYSTEM32\IPHLPAPI.DLL
0x00007ffa70010000 - 0x00007ffa7001e000 	C:\Windows\System32\winrnr.dll
0x00007ffa864c0000 - 0x00007ffa864dc000 	C:\Windows\system32\NLAapi.dll
0x00007ffa6ec90000 - 0x00007ffa6eca5000 	C:\Windows\system32\wshbth.dll
0x00007ffa81c30000 - 0x00007ffa81c3a000 	C:\Windows\System32\rasadhlp.dll
0x00007ffa80ff0000 - 0x00007ffa81067000 	C:\Windows\System32\fwpuclnt.dll
0x00007ffa8dab0000 - 0x00007ffa8dad6000 	C:\Windows\System32\bcrypt.dll
0x00007ffa8c490000 - 0x00007ffa8c4c3000 	C:\Windows\system32\rsaenh.dll
0x00007ffa8d010000 - 0x00007ffa8d035000 	C:\Windows\SYSTEM32\USERENV.dll
0x00007ffa8cae0000 - 0x00007ffa8caec000 	C:\Windows\SYSTEM32\CRYPTBASE.dll
0x00007ffa82030000 - 0x00007ffa82046000 	C:\Windows\SYSTEM32\dhcpcsvc6.DLL
0x00007ffa82d50000 - 0x00007ffa82d6c000 	C:\Windows\SYSTEM32\dhcpcsvc.DLL

dbghelp: loaded successfully - version: 4.0.5 - missing functions: none
symbol engine: initialized successfully - sym options: 0x614 - pdb path: .;C:\Program Files\Java\jdk-11.0.7\bin;C:\Windows\SYSTEM32;C:\Windows\WinSxS\amd64_microsoft.windows.common-controls_6595b64144ccf1df_6.0.18362.1379_none_9e7ff3b3e45cc0c4;C:\Program Files\Java\jdk-11.0.7\bin\server

VM Arguments:
jvm_args: -Dcom.sun.management.jmxremote -Dcom.sun.management.jmxremote.port=53350 -Dcom.sun.management.jmxremote.authenticate=false -Dcom.sun.management.jmxremote.ssl=false -Djava.rmi.server.hostname=localhost -Dspring.jmx.enabled=true -Dspring.application.admin.enabled=true -Xverify:none -XX:TieredStopAtLevel=1 -Dspring.boot.project.name=cursomc1 -Dfile.encoding=UTF-8 
java_command: com.nelioalves.cursomc.CursomcApplication --spring.profiles.active=test --spring.output.ansi.enabled=always
java_class_path (initial): C:\Users\josea\Documents\workspace-spring-tool-suite-4-4.6.1.RELEASE\cursomc1\target\classes;C:\Users\josea\.m2\repository\org\springframework\boot\spring-boot-starter-web\2.3.0.RELEASE\spring-boot-starter-web-2.3.0.RELEASE.jar;C:\Users\josea\.m2\repository\org\springframework\boot\spring-boot-starter\2.3.0.RELEASE\spring-boot-starter-2.3.0.RELEASE.jar;C:\Users\josea\.m2\repository\org\springframework\boot\spring-boot-starter-logging\2.3.0.RELEASE\spring-boot-starter-logging-2.3.0.RELEASE.jar;C:\Users\josea\.m2\repository\ch\qos\logback\logback-classic\1.2.3\logback-classic-1.2.3.jar;C:\Users\josea\.m2\repository\ch\qos\logback\logback-core\1.2.3\logback-core-1.2.3.jar;C:\Users\josea\.m2\repository\org\apache\logging\log4j\log4j-to-slf4j\2.13.2\log4j-to-slf4j-2.13.2.jar;C:\Users\josea\.m2\repository\org\apache\logging\log4j\log4j-api\2.13.2\log4j-api-2.13.2.jar;C:\Users\josea\.m2\repository\org\slf4j\jul-to-slf4j\1.7.30\jul-to-slf4j-1.7.30.jar;C:\Users\josea\.m2\repository\jakarta\annotation\jakarta.annotation-api\1.3.5\jakarta.annotation-api-1.3.5.jar;C:\Users\josea\.m2\repository\org\yaml\snakeyaml\1.26\snakeyaml-1.26.jar;C:\Users\josea\.m2\repository\org\springframework\boot\spring-boot-starter-json\2.3.0.RELEASE\spring-boot-starter-json-2.3.0.RELEASE.jar;C:\Users\josea\.m2\repository\com\fasterxml\jackson\datatype\jackson-datatype-jdk8\2.11.0\jackson-datatype-jdk8-2.11.0.jar;C:\Users\josea\.m2\repository\com\fasterxml\jackson\datatype\jackson-datatype-jsr310\2.11.0\jackson-datatype-jsr310-2.11.0.jar;C:\Users\josea\.m2\repository\com\fasterxml\jackson\module\jackson-module-parameter-names\2.11.0\jackson-module-parameter-names-2.11.0.jar;C:\Users\josea\.m2\repository\org\springframework\boot\spring-boot-starter-tomcat\2.3.0.RELEASE\spring-boot-starter-tomcat-2.3.0.RELEASE.jar;C:\Users\josea\.m2\repository\org\apache\tomcat\embed\tomcat-embed-core\9.0.35\tomcat-embed-core-9.0.35.jar;C:\Users\josea\.m2\repository\org\glassfish\jakarta.el
Launcher Type: SUN_STANDARD

[Global flags]
     bool BytecodeVerificationLocal                = false                                     {product} {command line}
     bool BytecodeVerificationRemote               = false                                     {product} {command line}
     intx CICompilerCount                          = 4                                         {product} {ergonomic}
     uint ConcGCThreads                            = 2                                         {product} {ergonomic}
     uint G1ConcRefinementThreads                  = 8                                         {product} {ergonomic}
   size_t G1HeapRegionSize                         = 1048576                                   {product} {ergonomic}
    uintx GCDrainStackTargetSize                   = 64                                        {product} {ergonomic}
   size_t InitialHeapSize                          = 134217728                                 {product} {ergonomic}
     bool ManagementServer                         = true                                      {product} {command line}
   size_t MarkStackSize                            = 4194304                                   {product} {ergonomic}
   size_t MaxHeapSize                              = 2116026368                                {product} {ergonomic}
   size_t MaxNewSize                               = 1268776960                                {product} {ergonomic}
   size_t MinHeapDeltaBytes                        = 1048576                                   {product} {ergonomic}
    uintx NonNMethodCodeHeapSize                   = 7549744                                {pd product} {ergonomic}
    uintx NonProfiledCodeHeapSize                  = 244108496                              {pd product} {ergonomic}
    uintx ProfiledCodeHeapSize                     = 0                                      {pd product} {ergonomic}
    uintx ReservedCodeCacheSize                    = 251658240                              {pd product} {ergonomic}
     bool SegmentedCodeCache                       = true                                      {product} {ergonomic}
     intx TieredStopAtLevel                        = 1                                         {product} {command line}
     bool UseCompressedClassPointers               = true                                 {lp64_product} {ergonomic}
     bool UseCompressedOops                        = true                                 {lp64_product} {ergonomic}
     bool UseG1GC                                  = true                                      {product} {ergonomic}
     bool UseLargePagesIndividualAllocation        = false                                  {pd product} {ergonomic}

Logging:
Log output configuration:
 #0: stdout all=warning uptime,level,tags
 #1: stderr all=off uptime,level,tags

Environment Variables:
JAVA_HOME=C:\Program Files\Java\jdk-11.0.7
PATH=C:/Program Files/Java/jdk-11.0.7/bin/server;C:/Program Files/Java/jdk-11.0.7/bin;C:\Windows\system32;C:\Windows;C:\Windows\System32\Wbem;C:\Windows\System32\WindowsPowerShell\v1.0\;C:\Windows\System32\OpenSSH\;C:\Program Files\Intel\WiFi\bin\;C:\Program Files\Common Files\Intel\WirelessCommon\;C:\Program Files (x86)\Intel\Intel(R) Management Engine Components\DAL;C:\Program Files\Intel\Intel(R) Management Engine Components\DAL;C:\Program Files (x86)\Microsoft SQL Server\100\Tools\Binn\;C:\Program Files\Microsoft SQL Server\100\Tools\Binn\;C:\Program Files\Microsoft SQL Server\100\DTS\Binn\;C:\Program Files (x86)\Microsoft SQL Server\100\Tools\Binn\VSShell\Common7\IDE\;C:\Program Files (x86)\Microsoft Visual Studio 9.0\Common7\IDE\PrivateAssemblies\;C:\Program Files (x86)\Microsoft SQL Server\100\DTS\Binn\;C:\Program Files\Java\jdk-11.0.7\bin;C:\Android\SDK\tools;C:\Android\SDK\platform-tools;C:\Program Files\nodejs\;C:\Program Files (x86)\gradle-6.2.2\bin;C:\apache-ant-1.10.7\bin;C:\xampp\mysql\bin;C:\maven\bin;C:\Users\josea\AppData\Local\Microsoft\WindowsApps;C:\Users\josea\AppData\Roaming\npm;C:\Users\josea\AppData\Local\Programs\Microsoft VS Code\bin;C:\Program Files\heroku\bin;C:\sts-4.6.1.RELEASE;
USERNAME=josea
OS=Windows_NT
PROCESSOR_IDENTIFIER=Intel64 Family 6 Model 142 Stepping 11, GenuineIntel



---------------  S Y S T E M  ---------------

OS: Windows 10 , 64 bit Build 18362 (10.0.18362.1350)

CPU:total 8 (initial active 8) (4 cores per cpu, 2 threads per core) family 6 model 142 stepping 11, cmov, cx8, fxsr, mmx, sse, sse2, sse3, ssse3, sse4.1, sse4.2, popcnt, avx, avx2, aes, clmul, erms, 3dnowpref, lzcnt, ht, tsc, tscinvbit, bmi1, bmi2, adx, fma

Memory: 4k page, system-wide physical 8068M (2175M free)
TotalPageFile size 11140M (AvailPageFile size 3212M)
current process WorkingSet (physical memory assigned to process): 108M, peak: 108M
current process commit charge ("private bytes"): 233M, peak: 233M

vm_info: Java HotSpot(TM) 64-Bit Server VM (11.0.7+8-LTS) for windows-amd64 JRE (11.0.7+8-LTS), built on Mar 12 2020 02:04:32 by "mach5one" with MS VC++ 15.5 (VS2017)

END.
